[0.064s] DEBUG:colcon:Command line arguments: ['/usr/bin/colcon', 'build', '--symlink-install', '--packages-up-to', 'crazyflie_examples', '--event-handlers', 'console_direct+']
[0.064s] DEBUG:colcon:Parsed command line arguments: Namespace(log_base=None, log_level=None, verb_name='build', build_base='build', install_base='install', merge_install=False, symlink_install=True, test_result_base=None, continue_on_error=False, executor='parallel', parallel_workers=24, event_handlers=['console_direct+'], ignore_user_meta=False, metas=['./colcon.meta'], base_paths=['.'], packages_ignore=None, packages_ignore_regex=None, paths=None, packages_up_to=['crazyflie_examples'], packages_up_to_regex=None, packages_above=None, packages_above_and_dependencies=None, packages_above_depth=None, packages_select_by_dep=None, packages_skip_by_dep=None, packages_skip_up_to=None, packages_select_build_failed=False, packages_skip_build_finished=False, packages_select_test_failures=False, packages_skip_test_passed=False, packages_select=None, packages_skip=None, packages_select_regex=None, packages_skip_regex=None, packages_start=None, packages_end=None, allow_overriding=[], cmake_args=None, cmake_target=None, cmake_target_skip_unavailable=False, cmake_clean_cache=False, cmake_clean_first=False, cmake_force_configure=False, ament_cmake_args=None, catkin_cmake_args=None, catkin_skip_building_tests=False, mixin_files=None, mixin=None, verb_parser=<colcon_mixin.mixin.mixin_argument.MixinArgumentDecorator object at 0x7b0f80eb2de0>, verb_extension=<colcon_core.verb.build.BuildVerb object at 0x7b0f80fff650>, main=<bound method BuildVerb.main of <colcon_core.verb.build.BuildVerb object at 0x7b0f80fff650>>, mixin_verb=('build',))
[0.088s] Level 1:colcon.colcon_core.package_discovery:discover_packages(colcon_meta) check parameters
[0.088s] Level 1:colcon.colcon_core.package_discovery:discover_packages(recursive) check parameters
[0.088s] Level 1:colcon.colcon_core.package_discovery:discover_packages(ignore) check parameters
[0.088s] Level 1:colcon.colcon_core.package_discovery:discover_packages(path) check parameters
[0.088s] Level 1:colcon.colcon_core.package_discovery:discover_packages(colcon_meta) discover
[0.088s] Level 1:colcon.colcon_core.package_discovery:discover_packages(recursive) discover
[0.088s] INFO:colcon.colcon_core.package_discovery:Crawling recursively for packages in '/home/flyingrobots/georg/ros2_ws/src/crazyswarm2'
[0.088s] Level 1:colcon.colcon_core.package_identification:_identify(.) by extensions ['ignore', 'ignore_ament_install']
[0.088s] Level 1:colcon.colcon_core.package_identification:_identify(.) by extension 'ignore'
[0.088s] Level 1:colcon.colcon_core.package_identification:_identify(.) by extension 'ignore_ament_install'
[0.088s] Level 1:colcon.colcon_core.package_identification:_identify(.) by extensions ['colcon_pkg']
[0.088s] Level 1:colcon.colcon_core.package_identification:_identify(.) by extension 'colcon_pkg'
[0.088s] Level 1:colcon.colcon_core.package_identification:_identify(.) by extensions ['colcon_meta']
[0.088s] Level 1:colcon.colcon_core.package_identification:_identify(.) by extension 'colcon_meta'
[0.088s] Level 1:colcon.colcon_core.package_identification:_identify(.) by extensions ['ros']
[0.088s] Level 1:colcon.colcon_core.package_identification:_identify(.) by extension 'ros'
[0.104s] Level 1:colcon.colcon_core.package_identification:_identify(.) by extensions ['cmake', 'python']
[0.104s] Level 1:colcon.colcon_core.package_identification:_identify(.) by extension 'cmake'
[0.105s] Level 1:colcon.colcon_core.package_identification:_identify(.) by extension 'python'
[0.105s] Level 1:colcon.colcon_core.package_identification:_identify(.) by extensions ['python_setup_py']
[0.105s] Level 1:colcon.colcon_core.package_identification:_identify(.) by extension 'python_setup_py'
[0.105s] Level 1:colcon.colcon_core.package_identification:_identify(build) by extensions ['ignore', 'ignore_ament_install']
[0.105s] Level 1:colcon.colcon_core.package_identification:_identify(build) by extension 'ignore'
[0.105s] Level 1:colcon.colcon_core.package_identification:_identify(build) ignored
[0.105s] Level 1:colcon.colcon_core.package_identification:_identify(crazyflie) by extensions ['ignore', 'ignore_ament_install']
[0.105s] Level 1:colcon.colcon_core.package_identification:_identify(crazyflie) by extension 'ignore'
[0.105s] Level 1:colcon.colcon_core.package_identification:_identify(crazyflie) by extension 'ignore_ament_install'
[0.105s] Level 1:colcon.colcon_core.package_identification:_identify(crazyflie) by extensions ['colcon_pkg']
[0.105s] Level 1:colcon.colcon_core.package_identification:_identify(crazyflie) by extension 'colcon_pkg'
[0.105s] Level 1:colcon.colcon_core.package_identification:_identify(crazyflie) by extensions ['colcon_meta']
[0.105s] Level 1:colcon.colcon_core.package_identification:_identify(crazyflie) by extension 'colcon_meta'
[0.105s] Level 1:colcon.colcon_core.package_identification:_identify(crazyflie) by extensions ['ros']
[0.105s] Level 1:colcon.colcon_core.package_identification:_identify(crazyflie) by extension 'ros'
[0.107s] DEBUG:colcon.colcon_core.package_identification:Package 'crazyflie' with type 'ros.ament_cmake' and name 'crazyflie'
[0.107s] Level 1:colcon.colcon_core.package_identification:_identify(crazyflie_examples) by extensions ['ignore', 'ignore_ament_install']
[0.107s] Level 1:colcon.colcon_core.package_identification:_identify(crazyflie_examples) by extension 'ignore'
[0.107s] Level 1:colcon.colcon_core.package_identification:_identify(crazyflie_examples) by extension 'ignore_ament_install'
[0.107s] Level 1:colcon.colcon_core.package_identification:_identify(crazyflie_examples) by extensions ['colcon_pkg']
[0.107s] Level 1:colcon.colcon_core.package_identification:_identify(crazyflie_examples) by extension 'colcon_pkg'
[0.107s] Level 1:colcon.colcon_core.package_identification:_identify(crazyflie_examples) by extensions ['colcon_meta']
[0.108s] Level 1:colcon.colcon_core.package_identification:_identify(crazyflie_examples) by extension 'colcon_meta'
[0.108s] Level 1:colcon.colcon_core.package_identification:_identify(crazyflie_examples) by extensions ['ros']
[0.108s] Level 1:colcon.colcon_core.package_identification:_identify(crazyflie_examples) by extension 'ros'
[0.108s] DEBUG:colcon.colcon_core.package_identification:Package 'crazyflie_examples' with type 'ros.ament_cmake' and name 'crazyflie_examples'
[0.108s] Level 1:colcon.colcon_core.package_identification:_identify(crazyflie_interfaces) by extensions ['ignore', 'ignore_ament_install']
[0.108s] Level 1:colcon.colcon_core.package_identification:_identify(crazyflie_interfaces) by extension 'ignore'
[0.108s] Level 1:colcon.colcon_core.package_identification:_identify(crazyflie_interfaces) by extension 'ignore_ament_install'
[0.108s] Level 1:colcon.colcon_core.package_identification:_identify(crazyflie_interfaces) by extensions ['colcon_pkg']
[0.108s] Level 1:colcon.colcon_core.package_identification:_identify(crazyflie_interfaces) by extension 'colcon_pkg'
[0.108s] Level 1:colcon.colcon_core.package_identification:_identify(crazyflie_interfaces) by extensions ['colcon_meta']
[0.108s] Level 1:colcon.colcon_core.package_identification:_identify(crazyflie_interfaces) by extension 'colcon_meta'
[0.108s] Level 1:colcon.colcon_core.package_identification:_identify(crazyflie_interfaces) by extensions ['ros']
[0.108s] Level 1:colcon.colcon_core.package_identification:_identify(crazyflie_interfaces) by extension 'ros'
[0.109s] DEBUG:colcon.colcon_core.package_identification:Package 'crazyflie_interfaces' with type 'ros.ament_cmake' and name 'crazyflie_interfaces'
[0.109s] Level 1:colcon.colcon_core.package_identification:_identify(crazyflie_py) by extensions ['ignore', 'ignore_ament_install']
[0.109s] Level 1:colcon.colcon_core.package_identification:_identify(crazyflie_py) by extension 'ignore'
[0.109s] Level 1:colcon.colcon_core.package_identification:_identify(crazyflie_py) by extension 'ignore_ament_install'
[0.109s] Level 1:colcon.colcon_core.package_identification:_identify(crazyflie_py) by extensions ['colcon_pkg']
[0.109s] Level 1:colcon.colcon_core.package_identification:_identify(crazyflie_py) by extension 'colcon_pkg'
[0.109s] Level 1:colcon.colcon_core.package_identification:_identify(crazyflie_py) by extensions ['colcon_meta']
[0.109s] Level 1:colcon.colcon_core.package_identification:_identify(crazyflie_py) by extension 'colcon_meta'
[0.109s] Level 1:colcon.colcon_core.package_identification:_identify(crazyflie_py) by extensions ['ros']
[0.109s] Level 1:colcon.colcon_core.package_identification:_identify(crazyflie_py) by extension 'ros'
[0.109s] DEBUG:colcon.colcon_core.package_identification:Package 'crazyflie_py' with type 'ros.ament_python' and name 'crazyflie_py'
[0.109s] Level 1:colcon.colcon_core.package_identification:_identify(crazyflie_sim) by extensions ['ignore', 'ignore_ament_install']
[0.109s] Level 1:colcon.colcon_core.package_identification:_identify(crazyflie_sim) by extension 'ignore'
[0.109s] Level 1:colcon.colcon_core.package_identification:_identify(crazyflie_sim) by extension 'ignore_ament_install'
[0.109s] Level 1:colcon.colcon_core.package_identification:_identify(crazyflie_sim) by extensions ['colcon_pkg']
[0.109s] Level 1:colcon.colcon_core.package_identification:_identify(crazyflie_sim) by extension 'colcon_pkg'
[0.109s] Level 1:colcon.colcon_core.package_identification:_identify(crazyflie_sim) by extensions ['colcon_meta']
[0.109s] Level 1:colcon.colcon_core.package_identification:_identify(crazyflie_sim) by extension 'colcon_meta'
[0.109s] Level 1:colcon.colcon_core.package_identification:_identify(crazyflie_sim) by extensions ['ros']
[0.109s] Level 1:colcon.colcon_core.package_identification:_identify(crazyflie_sim) by extension 'ros'
[0.110s] DEBUG:colcon.colcon_core.package_identification:Package 'crazyflie_sim' with type 'ros.ament_cmake' and name 'crazyflie_sim'
[0.110s] Level 1:colcon.colcon_core.package_identification:_identify(docs) by extensions ['ignore', 'ignore_ament_install']
[0.110s] Level 1:colcon.colcon_core.package_identification:_identify(docs) by extension 'ignore'
[0.110s] Level 1:colcon.colcon_core.package_identification:_identify(docs) by extension 'ignore_ament_install'
[0.110s] Level 1:colcon.colcon_core.package_identification:_identify(docs) by extensions ['colcon_pkg']
[0.110s] Level 1:colcon.colcon_core.package_identification:_identify(docs) by extension 'colcon_pkg'
[0.110s] Level 1:colcon.colcon_core.package_identification:_identify(docs) by extensions ['colcon_meta']
[0.110s] Level 1:colcon.colcon_core.package_identification:_identify(docs) by extension 'colcon_meta'
[0.110s] Level 1:colcon.colcon_core.package_identification:_identify(docs) by extensions ['ros']
[0.110s] Level 1:colcon.colcon_core.package_identification:_identify(docs) by extension 'ros'
[0.110s] Level 1:colcon.colcon_core.package_identification:_identify(docs) by extensions ['cmake', 'python']
[0.110s] Level 1:colcon.colcon_core.package_identification:_identify(docs) by extension 'cmake'
[0.110s] Level 1:colcon.colcon_core.package_identification:_identify(docs) by extension 'python'
[0.110s] Level 1:colcon.colcon_core.package_identification:_identify(docs) by extensions ['python_setup_py']
[0.110s] Level 1:colcon.colcon_core.package_identification:_identify(docs) by extension 'python_setup_py'
[0.110s] Level 1:colcon.colcon_core.package_identification:_identify(docs/generated) by extensions ['ignore', 'ignore_ament_install']
[0.110s] Level 1:colcon.colcon_core.package_identification:_identify(docs/generated) by extension 'ignore'
[0.110s] Level 1:colcon.colcon_core.package_identification:_identify(docs/generated) by extension 'ignore_ament_install'
[0.110s] Level 1:colcon.colcon_core.package_identification:_identify(docs/generated) by extensions ['colcon_pkg']
[0.110s] Level 1:colcon.colcon_core.package_identification:_identify(docs/generated) by extension 'colcon_pkg'
[0.110s] Level 1:colcon.colcon_core.package_identification:_identify(docs/generated) by extensions ['colcon_meta']
[0.110s] Level 1:colcon.colcon_core.package_identification:_identify(docs/generated) by extension 'colcon_meta'
[0.110s] Level 1:colcon.colcon_core.package_identification:_identify(docs/generated) by extensions ['ros']
[0.110s] Level 1:colcon.colcon_core.package_identification:_identify(docs/generated) by extension 'ros'
[0.110s] Level 1:colcon.colcon_core.package_identification:_identify(docs/generated) by extensions ['cmake', 'python']
[0.110s] Level 1:colcon.colcon_core.package_identification:_identify(docs/generated) by extension 'cmake'
[0.110s] Level 1:colcon.colcon_core.package_identification:_identify(docs/generated) by extension 'python'
[0.110s] Level 1:colcon.colcon_core.package_identification:_identify(docs/generated) by extensions ['python_setup_py']
[0.110s] Level 1:colcon.colcon_core.package_identification:_identify(docs/generated) by extension 'python_setup_py'
[0.111s] Level 1:colcon.colcon_core.package_identification:_identify(docs/howto) by extensions ['ignore', 'ignore_ament_install']
[0.111s] Level 1:colcon.colcon_core.package_identification:_identify(docs/howto) by extension 'ignore'
[0.111s] Level 1:colcon.colcon_core.package_identification:_identify(docs/howto) by extension 'ignore_ament_install'
[0.111s] Level 1:colcon.colcon_core.package_identification:_identify(docs/howto) by extensions ['colcon_pkg']
[0.111s] Level 1:colcon.colcon_core.package_identification:_identify(docs/howto) by extension 'colcon_pkg'
[0.111s] Level 1:colcon.colcon_core.package_identification:_identify(docs/howto) by extensions ['colcon_meta']
[0.111s] Level 1:colcon.colcon_core.package_identification:_identify(docs/howto) by extension 'colcon_meta'
[0.111s] Level 1:colcon.colcon_core.package_identification:_identify(docs/howto) by extensions ['ros']
[0.111s] Level 1:colcon.colcon_core.package_identification:_identify(docs/howto) by extension 'ros'
[0.111s] Level 1:colcon.colcon_core.package_identification:_identify(docs/howto) by extensions ['cmake', 'python']
[0.111s] Level 1:colcon.colcon_core.package_identification:_identify(docs/howto) by extension 'cmake'
[0.111s] Level 1:colcon.colcon_core.package_identification:_identify(docs/howto) by extension 'python'
[0.111s] Level 1:colcon.colcon_core.package_identification:_identify(docs/howto) by extensions ['python_setup_py']
[0.111s] Level 1:colcon.colcon_core.package_identification:_identify(docs/howto) by extension 'python_setup_py'
[0.111s] Level 1:colcon.colcon_core.package_identification:_identify(docs/images) by extensions ['ignore', 'ignore_ament_install']
[0.111s] Level 1:colcon.colcon_core.package_identification:_identify(docs/images) by extension 'ignore'
[0.111s] Level 1:colcon.colcon_core.package_identification:_identify(docs/images) by extension 'ignore_ament_install'
[0.111s] Level 1:colcon.colcon_core.package_identification:_identify(docs/images) by extensions ['colcon_pkg']
[0.111s] Level 1:colcon.colcon_core.package_identification:_identify(docs/images) by extension 'colcon_pkg'
[0.111s] Level 1:colcon.colcon_core.package_identification:_identify(docs/images) by extensions ['colcon_meta']
[0.111s] Level 1:colcon.colcon_core.package_identification:_identify(docs/images) by extension 'colcon_meta'
[0.111s] Level 1:colcon.colcon_core.package_identification:_identify(docs/images) by extensions ['ros']
[0.111s] Level 1:colcon.colcon_core.package_identification:_identify(docs/images) by extension 'ros'
[0.111s] Level 1:colcon.colcon_core.package_identification:_identify(docs/images) by extensions ['cmake', 'python']
[0.111s] Level 1:colcon.colcon_core.package_identification:_identify(docs/images) by extension 'cmake'
[0.111s] Level 1:colcon.colcon_core.package_identification:_identify(docs/images) by extension 'python'
[0.111s] Level 1:colcon.colcon_core.package_identification:_identify(docs/images) by extensions ['python_setup_py']
[0.111s] Level 1:colcon.colcon_core.package_identification:_identify(docs/images) by extension 'python_setup_py'
[0.111s] Level 1:colcon.colcon_core.package_identification:_identify(docs/tutorials) by extensions ['ignore', 'ignore_ament_install']
[0.111s] Level 1:colcon.colcon_core.package_identification:_identify(docs/tutorials) by extension 'ignore'
[0.111s] Level 1:colcon.colcon_core.package_identification:_identify(docs/tutorials) by extension 'ignore_ament_install'
[0.111s] Level 1:colcon.colcon_core.package_identification:_identify(docs/tutorials) by extensions ['colcon_pkg']
[0.111s] Level 1:colcon.colcon_core.package_identification:_identify(docs/tutorials) by extension 'colcon_pkg'
[0.111s] Level 1:colcon.colcon_core.package_identification:_identify(docs/tutorials) by extensions ['colcon_meta']
[0.111s] Level 1:colcon.colcon_core.package_identification:_identify(docs/tutorials) by extension 'colcon_meta'
[0.111s] Level 1:colcon.colcon_core.package_identification:_identify(docs/tutorials) by extensions ['ros']
[0.111s] Level 1:colcon.colcon_core.package_identification:_identify(docs/tutorials) by extension 'ros'
[0.111s] Level 1:colcon.colcon_core.package_identification:_identify(docs/tutorials) by extensions ['cmake', 'python']
[0.111s] Level 1:colcon.colcon_core.package_identification:_identify(docs/tutorials) by extension 'cmake'
[0.111s] Level 1:colcon.colcon_core.package_identification:_identify(docs/tutorials) by extension 'python'
[0.112s] Level 1:colcon.colcon_core.package_identification:_identify(docs/tutorials) by extensions ['python_setup_py']
[0.112s] Level 1:colcon.colcon_core.package_identification:_identify(docs/tutorials) by extension 'python_setup_py'
[0.112s] Level 1:colcon.colcon_core.package_identification:_identify(docs2) by extensions ['ignore', 'ignore_ament_install']
[0.112s] Level 1:colcon.colcon_core.package_identification:_identify(docs2) by extension 'ignore'
[0.112s] Level 1:colcon.colcon_core.package_identification:_identify(docs2) by extension 'ignore_ament_install'
[0.112s] Level 1:colcon.colcon_core.package_identification:_identify(docs2) by extensions ['colcon_pkg']
[0.112s] Level 1:colcon.colcon_core.package_identification:_identify(docs2) by extension 'colcon_pkg'
[0.112s] Level 1:colcon.colcon_core.package_identification:_identify(docs2) by extensions ['colcon_meta']
[0.112s] Level 1:colcon.colcon_core.package_identification:_identify(docs2) by extension 'colcon_meta'
[0.112s] Level 1:colcon.colcon_core.package_identification:_identify(docs2) by extensions ['ros']
[0.112s] Level 1:colcon.colcon_core.package_identification:_identify(docs2) by extension 'ros'
[0.112s] Level 1:colcon.colcon_core.package_identification:_identify(docs2) by extensions ['cmake', 'python']
[0.112s] Level 1:colcon.colcon_core.package_identification:_identify(docs2) by extension 'cmake'
[0.112s] Level 1:colcon.colcon_core.package_identification:_identify(docs2) by extension 'python'
[0.112s] Level 1:colcon.colcon_core.package_identification:_identify(docs2) by extensions ['python_setup_py']
[0.112s] Level 1:colcon.colcon_core.package_identification:_identify(docs2) by extension 'python_setup_py'
[0.112s] Level 1:colcon.colcon_core.package_identification:_identify(docs2/images) by extensions ['ignore', 'ignore_ament_install']
[0.112s] Level 1:colcon.colcon_core.package_identification:_identify(docs2/images) by extension 'ignore'
[0.112s] Level 1:colcon.colcon_core.package_identification:_identify(docs2/images) by extension 'ignore_ament_install'
[0.112s] Level 1:colcon.colcon_core.package_identification:_identify(docs2/images) by extensions ['colcon_pkg']
[0.112s] Level 1:colcon.colcon_core.package_identification:_identify(docs2/images) by extension 'colcon_pkg'
[0.112s] Level 1:colcon.colcon_core.package_identification:_identify(docs2/images) by extensions ['colcon_meta']
[0.112s] Level 1:colcon.colcon_core.package_identification:_identify(docs2/images) by extension 'colcon_meta'
[0.112s] Level 1:colcon.colcon_core.package_identification:_identify(docs2/images) by extensions ['ros']
[0.112s] Level 1:colcon.colcon_core.package_identification:_identify(docs2/images) by extension 'ros'
[0.112s] Level 1:colcon.colcon_core.package_identification:_identify(docs2/images) by extensions ['cmake', 'python']
[0.112s] Level 1:colcon.colcon_core.package_identification:_identify(docs2/images) by extension 'cmake'
[0.112s] Level 1:colcon.colcon_core.package_identification:_identify(docs2/images) by extension 'python'
[0.112s] Level 1:colcon.colcon_core.package_identification:_identify(docs2/images) by extensions ['python_setup_py']
[0.112s] Level 1:colcon.colcon_core.package_identification:_identify(docs2/images) by extension 'python_setup_py'
[0.112s] Level 1:colcon.colcon_core.package_identification:_identify(install) by extensions ['ignore', 'ignore_ament_install']
[0.112s] Level 1:colcon.colcon_core.package_identification:_identify(install) by extension 'ignore'
[0.112s] Level 1:colcon.colcon_core.package_identification:_identify(install) ignored
[0.112s] Level 1:colcon.colcon_core.package_identification:_identify(log) by extensions ['ignore', 'ignore_ament_install']
[0.112s] Level 1:colcon.colcon_core.package_identification:_identify(log) by extension 'ignore'
[0.112s] Level 1:colcon.colcon_core.package_identification:_identify(log) ignored
[0.112s] Level 1:colcon.colcon_core.package_identification:_identify(prebuilt) by extensions ['ignore', 'ignore_ament_install']
[0.112s] Level 1:colcon.colcon_core.package_identification:_identify(prebuilt) by extension 'ignore'
[0.113s] Level 1:colcon.colcon_core.package_identification:_identify(prebuilt) by extension 'ignore_ament_install'
[0.113s] Level 1:colcon.colcon_core.package_identification:_identify(prebuilt) by extensions ['colcon_pkg']
[0.113s] Level 1:colcon.colcon_core.package_identification:_identify(prebuilt) by extension 'colcon_pkg'
[0.113s] Level 1:colcon.colcon_core.package_identification:_identify(prebuilt) by extensions ['colcon_meta']
[0.113s] Level 1:colcon.colcon_core.package_identification:_identify(prebuilt) by extension 'colcon_meta'
[0.113s] Level 1:colcon.colcon_core.package_identification:_identify(prebuilt) by extensions ['ros']
[0.113s] Level 1:colcon.colcon_core.package_identification:_identify(prebuilt) by extension 'ros'
[0.113s] Level 1:colcon.colcon_core.package_identification:_identify(prebuilt) by extensions ['cmake', 'python']
[0.113s] Level 1:colcon.colcon_core.package_identification:_identify(prebuilt) by extension 'cmake'
[0.113s] Level 1:colcon.colcon_core.package_identification:_identify(prebuilt) by extension 'python'
[0.113s] Level 1:colcon.colcon_core.package_identification:_identify(prebuilt) by extensions ['python_setup_py']
[0.113s] Level 1:colcon.colcon_core.package_identification:_identify(prebuilt) by extension 'python_setup_py'
[0.113s] Level 1:colcon.colcon_core.package_identification:_identify(rebuild_logs) by extensions ['ignore', 'ignore_ament_install']
[0.113s] Level 1:colcon.colcon_core.package_identification:_identify(rebuild_logs) by extension 'ignore'
[0.113s] Level 1:colcon.colcon_core.package_identification:_identify(rebuild_logs) by extension 'ignore_ament_install'
[0.113s] Level 1:colcon.colcon_core.package_identification:_identify(rebuild_logs) by extensions ['colcon_pkg']
[0.113s] Level 1:colcon.colcon_core.package_identification:_identify(rebuild_logs) by extension 'colcon_pkg'
[0.113s] Level 1:colcon.colcon_core.package_identification:_identify(rebuild_logs) by extensions ['colcon_meta']
[0.113s] Level 1:colcon.colcon_core.package_identification:_identify(rebuild_logs) by extension 'colcon_meta'
[0.113s] Level 1:colcon.colcon_core.package_identification:_identify(rebuild_logs) by extensions ['ros']
[0.113s] Level 1:colcon.colcon_core.package_identification:_identify(rebuild_logs) by extension 'ros'
[0.113s] Level 1:colcon.colcon_core.package_identification:_identify(rebuild_logs) by extensions ['cmake', 'python']
[0.113s] Level 1:colcon.colcon_core.package_identification:_identify(rebuild_logs) by extension 'cmake'
[0.113s] Level 1:colcon.colcon_core.package_identification:_identify(rebuild_logs) by extension 'python'
[0.113s] Level 1:colcon.colcon_core.package_identification:_identify(rebuild_logs) by extensions ['python_setup_py']
[0.113s] Level 1:colcon.colcon_core.package_identification:_identify(rebuild_logs) by extension 'python_setup_py'
[0.113s] Level 1:colcon.colcon_core.package_identification:_identify(ros_ws) by extensions ['ignore', 'ignore_ament_install']
[0.113s] Level 1:colcon.colcon_core.package_identification:_identify(ros_ws) by extension 'ignore'
[0.113s] Level 1:colcon.colcon_core.package_identification:_identify(ros_ws) by extension 'ignore_ament_install'
[0.113s] Level 1:colcon.colcon_core.package_identification:_identify(ros_ws) by extensions ['colcon_pkg']
[0.113s] Level 1:colcon.colcon_core.package_identification:_identify(ros_ws) by extension 'colcon_pkg'
[0.113s] Level 1:colcon.colcon_core.package_identification:_identify(ros_ws) by extensions ['colcon_meta']
[0.113s] Level 1:colcon.colcon_core.package_identification:_identify(ros_ws) by extension 'colcon_meta'
[0.113s] Level 1:colcon.colcon_core.package_identification:_identify(ros_ws) by extensions ['ros']
[0.113s] Level 1:colcon.colcon_core.package_identification:_identify(ros_ws) by extension 'ros'
[0.113s] Level 1:colcon.colcon_core.package_identification:_identify(ros_ws) by extensions ['cmake', 'python']
[0.113s] Level 1:colcon.colcon_core.package_identification:_identify(ros_ws) by extension 'cmake'
[0.113s] Level 1:colcon.colcon_core.package_identification:_identify(ros_ws) by extension 'python'
[0.113s] Level 1:colcon.colcon_core.package_identification:_identify(ros_ws) by extensions ['python_setup_py']
[0.113s] Level 1:colcon.colcon_core.package_identification:_identify(ros_ws) by extension 'python_setup_py'
[0.113s] Level 1:colcon.colcon_core.package_identification:_identify(ros_ws/src) by extensions ['ignore', 'ignore_ament_install']
[0.113s] Level 1:colcon.colcon_core.package_identification:_identify(ros_ws/src) by extension 'ignore'
[0.113s] Level 1:colcon.colcon_core.package_identification:_identify(ros_ws/src) by extension 'ignore_ament_install'
[0.114s] Level 1:colcon.colcon_core.package_identification:_identify(ros_ws/src) by extensions ['colcon_pkg']
[0.114s] Level 1:colcon.colcon_core.package_identification:_identify(ros_ws/src) by extension 'colcon_pkg'
[0.114s] Level 1:colcon.colcon_core.package_identification:_identify(ros_ws/src) by extensions ['colcon_meta']
[0.114s] Level 1:colcon.colcon_core.package_identification:_identify(ros_ws/src) by extension 'colcon_meta'
[0.114s] Level 1:colcon.colcon_core.package_identification:_identify(ros_ws/src) by extensions ['ros']
[0.114s] Level 1:colcon.colcon_core.package_identification:_identify(ros_ws/src) by extension 'ros'
[0.114s] Level 1:colcon.colcon_core.package_identification:_identify(ros_ws/src) by extensions ['cmake', 'python']
[0.114s] Level 1:colcon.colcon_core.package_identification:_identify(ros_ws/src) by extension 'cmake'
[0.114s] Level 1:colcon.colcon_core.package_identification:_identify(ros_ws/src) by extension 'python'
[0.114s] Level 1:colcon.colcon_core.package_identification:_identify(ros_ws/src) by extensions ['python_setup_py']
[0.114s] Level 1:colcon.colcon_core.package_identification:_identify(ros_ws/src) by extension 'python_setup_py'
[0.114s] Level 1:colcon.colcon_core.package_identification:_identify(ros_ws/src/crazyswarm) by extensions ['ignore', 'ignore_ament_install']
[0.114s] Level 1:colcon.colcon_core.package_identification:_identify(ros_ws/src/crazyswarm) by extension 'ignore'
[0.114s] Level 1:colcon.colcon_core.package_identification:_identify(ros_ws/src/crazyswarm) by extension 'ignore_ament_install'
[0.114s] Level 1:colcon.colcon_core.package_identification:_identify(ros_ws/src/crazyswarm) by extensions ['colcon_pkg']
[0.114s] Level 1:colcon.colcon_core.package_identification:_identify(ros_ws/src/crazyswarm) by extension 'colcon_pkg'
[0.114s] Level 1:colcon.colcon_core.package_identification:_identify(ros_ws/src/crazyswarm) by extensions ['colcon_meta']
[0.114s] Level 1:colcon.colcon_core.package_identification:_identify(ros_ws/src/crazyswarm) by extension 'colcon_meta'
[0.114s] Level 1:colcon.colcon_core.package_identification:_identify(ros_ws/src/crazyswarm) by extensions ['ros']
[0.114s] Level 1:colcon.colcon_core.package_identification:_identify(ros_ws/src/crazyswarm) by extension 'ros'
[0.114s] Level 1:colcon.colcon_core.package_identification:_identify(ros_ws/src/crazyswarm) by extensions ['cmake', 'python']
[0.114s] Level 1:colcon.colcon_core.package_identification:_identify(ros_ws/src/crazyswarm) by extension 'cmake'
[0.114s] Level 1:colcon.colcon_core.package_identification:_identify(ros_ws/src/crazyswarm) by extension 'python'
[0.114s] Level 1:colcon.colcon_core.package_identification:_identify(ros_ws/src/crazyswarm) by extensions ['python_setup_py']
[0.114s] Level 1:colcon.colcon_core.package_identification:_identify(ros_ws/src/crazyswarm) by extension 'python_setup_py'
[0.114s] Level 1:colcon.colcon_core.package_identification:_identify(ros_ws/src/crazyswarm/launch) by extensions ['ignore', 'ignore_ament_install']
[0.114s] Level 1:colcon.colcon_core.package_identification:_identify(ros_ws/src/crazyswarm/launch) by extension 'ignore'
[0.114s] Level 1:colcon.colcon_core.package_identification:_identify(ros_ws/src/crazyswarm/launch) by extension 'ignore_ament_install'
[0.114s] Level 1:colcon.colcon_core.package_identification:_identify(ros_ws/src/crazyswarm/launch) by extensions ['colcon_pkg']
[0.114s] Level 1:colcon.colcon_core.package_identification:_identify(ros_ws/src/crazyswarm/launch) by extension 'colcon_pkg'
[0.114s] Level 1:colcon.colcon_core.package_identification:_identify(ros_ws/src/crazyswarm/launch) by extensions ['colcon_meta']
[0.114s] Level 1:colcon.colcon_core.package_identification:_identify(ros_ws/src/crazyswarm/launch) by extension 'colcon_meta'
[0.114s] Level 1:colcon.colcon_core.package_identification:_identify(ros_ws/src/crazyswarm/launch) by extensions ['ros']
[0.114s] Level 1:colcon.colcon_core.package_identification:_identify(ros_ws/src/crazyswarm/launch) by extension 'ros'
[0.114s] Level 1:colcon.colcon_core.package_identification:_identify(ros_ws/src/crazyswarm/launch) by extensions ['cmake', 'python']
[0.114s] Level 1:colcon.colcon_core.package_identification:_identify(ros_ws/src/crazyswarm/launch) by extension 'cmake'
[0.114s] Level 1:colcon.colcon_core.package_identification:_identify(ros_ws/src/crazyswarm/launch) by extension 'python'
[0.114s] Level 1:colcon.colcon_core.package_identification:_identify(ros_ws/src/crazyswarm/launch) by extensions ['python_setup_py']
[0.114s] Level 1:colcon.colcon_core.package_identification:_identify(ros_ws/src/crazyswarm/launch) by extension 'python_setup_py'
[0.114s] Level 1:colcon.colcon_core.package_identification:_identify(ros_ws/src/crazyswarm/scripts) by extensions ['ignore', 'ignore_ament_install']
[0.115s] Level 1:colcon.colcon_core.package_identification:_identify(ros_ws/src/crazyswarm/scripts) by extension 'ignore'
[0.115s] Level 1:colcon.colcon_core.package_identification:_identify(ros_ws/src/crazyswarm/scripts) by extension 'ignore_ament_install'
[0.115s] Level 1:colcon.colcon_core.package_identification:_identify(ros_ws/src/crazyswarm/scripts) by extensions ['colcon_pkg']
[0.115s] Level 1:colcon.colcon_core.package_identification:_identify(ros_ws/src/crazyswarm/scripts) by extension 'colcon_pkg'
[0.115s] Level 1:colcon.colcon_core.package_identification:_identify(ros_ws/src/crazyswarm/scripts) by extensions ['colcon_meta']
[0.115s] Level 1:colcon.colcon_core.package_identification:_identify(ros_ws/src/crazyswarm/scripts) by extension 'colcon_meta'
[0.115s] Level 1:colcon.colcon_core.package_identification:_identify(ros_ws/src/crazyswarm/scripts) by extensions ['ros']
[0.115s] Level 1:colcon.colcon_core.package_identification:_identify(ros_ws/src/crazyswarm/scripts) by extension 'ros'
[0.115s] Level 1:colcon.colcon_core.package_identification:_identify(ros_ws/src/crazyswarm/scripts) by extensions ['cmake', 'python']
[0.115s] Level 1:colcon.colcon_core.package_identification:_identify(ros_ws/src/crazyswarm/scripts) by extension 'cmake'
[0.115s] Level 1:colcon.colcon_core.package_identification:_identify(ros_ws/src/crazyswarm/scripts) by extension 'python'
[0.115s] Level 1:colcon.colcon_core.package_identification:_identify(ros_ws/src/crazyswarm/scripts) by extensions ['python_setup_py']
[0.115s] Level 1:colcon.colcon_core.package_identification:_identify(ros_ws/src/crazyswarm/scripts) by extension 'python_setup_py'
[0.115s] Level 1:colcon.colcon_core.package_identification:_identify(ros_ws/src/crazyswarm/scripts/crossing2_pps) by extensions ['ignore', 'ignore_ament_install']
[0.115s] Level 1:colcon.colcon_core.package_identification:_identify(ros_ws/src/crazyswarm/scripts/crossing2_pps) by extension 'ignore'
[0.115s] Level 1:colcon.colcon_core.package_identification:_identify(ros_ws/src/crazyswarm/scripts/crossing2_pps) by extension 'ignore_ament_install'
[0.115s] Level 1:colcon.colcon_core.package_identification:_identify(ros_ws/src/crazyswarm/scripts/crossing2_pps) by extensions ['colcon_pkg']
[0.115s] Level 1:colcon.colcon_core.package_identification:_identify(ros_ws/src/crazyswarm/scripts/crossing2_pps) by extension 'colcon_pkg'
[0.115s] Level 1:colcon.colcon_core.package_identification:_identify(ros_ws/src/crazyswarm/scripts/crossing2_pps) by extensions ['colcon_meta']
[0.115s] Level 1:colcon.colcon_core.package_identification:_identify(ros_ws/src/crazyswarm/scripts/crossing2_pps) by extension 'colcon_meta'
[0.115s] Level 1:colcon.colcon_core.package_identification:_identify(ros_ws/src/crazyswarm/scripts/crossing2_pps) by extensions ['ros']
[0.115s] Level 1:colcon.colcon_core.package_identification:_identify(ros_ws/src/crazyswarm/scripts/crossing2_pps) by extension 'ros'
[0.115s] Level 1:colcon.colcon_core.package_identification:_identify(ros_ws/src/crazyswarm/scripts/crossing2_pps) by extensions ['cmake', 'python']
[0.115s] Level 1:colcon.colcon_core.package_identification:_identify(ros_ws/src/crazyswarm/scripts/crossing2_pps) by extension 'cmake'
[0.115s] Level 1:colcon.colcon_core.package_identification:_identify(ros_ws/src/crazyswarm/scripts/crossing2_pps) by extension 'python'
[0.115s] Level 1:colcon.colcon_core.package_identification:_identify(ros_ws/src/crazyswarm/scripts/crossing2_pps) by extensions ['python_setup_py']
[0.115s] Level 1:colcon.colcon_core.package_identification:_identify(ros_ws/src/crazyswarm/scripts/crossing2_pps) by extension 'python_setup_py'
[0.115s] Level 1:colcon.colcon_core.package_identification:_identify(ros_ws/src/crazyswarm/scripts/crossing4_pps) by extensions ['ignore', 'ignore_ament_install']
[0.115s] Level 1:colcon.colcon_core.package_identification:_identify(ros_ws/src/crazyswarm/scripts/crossing4_pps) by extension 'ignore'
[0.115s] Level 1:colcon.colcon_core.package_identification:_identify(ros_ws/src/crazyswarm/scripts/crossing4_pps) by extension 'ignore_ament_install'
[0.115s] Level 1:colcon.colcon_core.package_identification:_identify(ros_ws/src/crazyswarm/scripts/crossing4_pps) by extensions ['colcon_pkg']
[0.115s] Level 1:colcon.colcon_core.package_identification:_identify(ros_ws/src/crazyswarm/scripts/crossing4_pps) by extension 'colcon_pkg'
[0.115s] Level 1:colcon.colcon_core.package_identification:_identify(ros_ws/src/crazyswarm/scripts/crossing4_pps) by extensions ['colcon_meta']
[0.115s] Level 1:colcon.colcon_core.package_identification:_identify(ros_ws/src/crazyswarm/scripts/crossing4_pps) by extension 'colcon_meta'
[0.115s] Level 1:colcon.colcon_core.package_identification:_identify(ros_ws/src/crazyswarm/scripts/crossing4_pps) by extensions ['ros']
[0.115s] Level 1:colcon.colcon_core.package_identification:_identify(ros_ws/src/crazyswarm/scripts/crossing4_pps) by extension 'ros'
[0.115s] Level 1:colcon.colcon_core.package_identification:_identify(ros_ws/src/crazyswarm/scripts/crossing4_pps) by extensions ['cmake', 'python']
[0.115s] Level 1:colcon.colcon_core.package_identification:_identify(ros_ws/src/crazyswarm/scripts/crossing4_pps) by extension 'cmake'
[0.115s] Level 1:colcon.colcon_core.package_identification:_identify(ros_ws/src/crazyswarm/scripts/crossing4_pps) by extension 'python'
[0.115s] Level 1:colcon.colcon_core.package_identification:_identify(ros_ws/src/crazyswarm/scripts/crossing4_pps) by extensions ['python_setup_py']
[0.116s] Level 1:colcon.colcon_core.package_identification:_identify(ros_ws/src/crazyswarm/scripts/crossing4_pps) by extension 'python_setup_py'
[0.116s] Level 1:colcon.colcon_core.package_identification:_identify(ros_ws/src/crazyswarm/scripts/sequence_trajectories) by extensions ['ignore', 'ignore_ament_install']
[0.116s] Level 1:colcon.colcon_core.package_identification:_identify(ros_ws/src/crazyswarm/scripts/sequence_trajectories) by extension 'ignore'
[0.116s] Level 1:colcon.colcon_core.package_identification:_identify(ros_ws/src/crazyswarm/scripts/sequence_trajectories) by extension 'ignore_ament_install'
[0.116s] Level 1:colcon.colcon_core.package_identification:_identify(ros_ws/src/crazyswarm/scripts/sequence_trajectories) by extensions ['colcon_pkg']
[0.116s] Level 1:colcon.colcon_core.package_identification:_identify(ros_ws/src/crazyswarm/scripts/sequence_trajectories) by extension 'colcon_pkg'
[0.116s] Level 1:colcon.colcon_core.package_identification:_identify(ros_ws/src/crazyswarm/scripts/sequence_trajectories) by extensions ['colcon_meta']
[0.116s] Level 1:colcon.colcon_core.package_identification:_identify(ros_ws/src/crazyswarm/scripts/sequence_trajectories) by extension 'colcon_meta'
[0.116s] Level 1:colcon.colcon_core.package_identification:_identify(ros_ws/src/crazyswarm/scripts/sequence_trajectories) by extensions ['ros']
[0.116s] Level 1:colcon.colcon_core.package_identification:_identify(ros_ws/src/crazyswarm/scripts/sequence_trajectories) by extension 'ros'
[0.116s] Level 1:colcon.colcon_core.package_identification:_identify(ros_ws/src/crazyswarm/scripts/sequence_trajectories) by extensions ['cmake', 'python']
[0.116s] Level 1:colcon.colcon_core.package_identification:_identify(ros_ws/src/crazyswarm/scripts/sequence_trajectories) by extension 'cmake'
[0.116s] Level 1:colcon.colcon_core.package_identification:_identify(ros_ws/src/crazyswarm/scripts/sequence_trajectories) by extension 'python'
[0.116s] Level 1:colcon.colcon_core.package_identification:_identify(ros_ws/src/crazyswarm/scripts/sequence_trajectories) by extensions ['python_setup_py']
[0.116s] Level 1:colcon.colcon_core.package_identification:_identify(ros_ws/src/crazyswarm/scripts/sequence_trajectories) by extension 'python_setup_py'
[0.116s] Level 1:colcon.colcon_core.package_identification:_identify(ros_ws/src/crazyswarm/scripts/sequence_trajectories/1) by extensions ['ignore', 'ignore_ament_install']
[0.116s] Level 1:colcon.colcon_core.package_identification:_identify(ros_ws/src/crazyswarm/scripts/sequence_trajectories/1) by extension 'ignore'
[0.116s] Level 1:colcon.colcon_core.package_identification:_identify(ros_ws/src/crazyswarm/scripts/sequence_trajectories/1) by extension 'ignore_ament_install'
[0.116s] Level 1:colcon.colcon_core.package_identification:_identify(ros_ws/src/crazyswarm/scripts/sequence_trajectories/1) by extensions ['colcon_pkg']
[0.116s] Level 1:colcon.colcon_core.package_identification:_identify(ros_ws/src/crazyswarm/scripts/sequence_trajectories/1) by extension 'colcon_pkg'
[0.116s] Level 1:colcon.colcon_core.package_identification:_identify(ros_ws/src/crazyswarm/scripts/sequence_trajectories/1) by extensions ['colcon_meta']
[0.116s] Level 1:colcon.colcon_core.package_identification:_identify(ros_ws/src/crazyswarm/scripts/sequence_trajectories/1) by extension 'colcon_meta'
[0.116s] Level 1:colcon.colcon_core.package_identification:_identify(ros_ws/src/crazyswarm/scripts/sequence_trajectories/1) by extensions ['ros']
[0.116s] Level 1:colcon.colcon_core.package_identification:_identify(ros_ws/src/crazyswarm/scripts/sequence_trajectories/1) by extension 'ros'
[0.116s] Level 1:colcon.colcon_core.package_identification:_identify(ros_ws/src/crazyswarm/scripts/sequence_trajectories/1) by extensions ['cmake', 'python']
[0.116s] Level 1:colcon.colcon_core.package_identification:_identify(ros_ws/src/crazyswarm/scripts/sequence_trajectories/1) by extension 'cmake'
[0.116s] Level 1:colcon.colcon_core.package_identification:_identify(ros_ws/src/crazyswarm/scripts/sequence_trajectories/1) by extension 'python'
[0.116s] Level 1:colcon.colcon_core.package_identification:_identify(ros_ws/src/crazyswarm/scripts/sequence_trajectories/1) by extensions ['python_setup_py']
[0.116s] Level 1:colcon.colcon_core.package_identification:_identify(ros_ws/src/crazyswarm/scripts/sequence_trajectories/1) by extension 'python_setup_py'
[0.116s] Level 1:colcon.colcon_core.package_identification:_identify(ros_ws/src/crazyswarm/scripts/sequence_trajectories/2) by extensions ['ignore', 'ignore_ament_install']
[0.116s] Level 1:colcon.colcon_core.package_identification:_identify(ros_ws/src/crazyswarm/scripts/sequence_trajectories/2) by extension 'ignore'
[0.116s] Level 1:colcon.colcon_core.package_identification:_identify(ros_ws/src/crazyswarm/scripts/sequence_trajectories/2) by extension 'ignore_ament_install'
[0.116s] Level 1:colcon.colcon_core.package_identification:_identify(ros_ws/src/crazyswarm/scripts/sequence_trajectories/2) by extensions ['colcon_pkg']
[0.116s] Level 1:colcon.colcon_core.package_identification:_identify(ros_ws/src/crazyswarm/scripts/sequence_trajectories/2) by extension 'colcon_pkg'
[0.116s] Level 1:colcon.colcon_core.package_identification:_identify(ros_ws/src/crazyswarm/scripts/sequence_trajectories/2) by extensions ['colcon_meta']
[0.116s] Level 1:colcon.colcon_core.package_identification:_identify(ros_ws/src/crazyswarm/scripts/sequence_trajectories/2) by extension 'colcon_meta'
[0.117s] Level 1:colcon.colcon_core.package_identification:_identify(ros_ws/src/crazyswarm/scripts/sequence_trajectories/2) by extensions ['ros']
[0.117s] Level 1:colcon.colcon_core.package_identification:_identify(ros_ws/src/crazyswarm/scripts/sequence_trajectories/2) by extension 'ros'
[0.117s] Level 1:colcon.colcon_core.package_identification:_identify(ros_ws/src/crazyswarm/scripts/sequence_trajectories/2) by extensions ['cmake', 'python']
[0.117s] Level 1:colcon.colcon_core.package_identification:_identify(ros_ws/src/crazyswarm/scripts/sequence_trajectories/2) by extension 'cmake'
[0.117s] Level 1:colcon.colcon_core.package_identification:_identify(ros_ws/src/crazyswarm/scripts/sequence_trajectories/2) by extension 'python'
[0.117s] Level 1:colcon.colcon_core.package_identification:_identify(ros_ws/src/crazyswarm/scripts/sequence_trajectories/2) by extensions ['python_setup_py']
[0.117s] Level 1:colcon.colcon_core.package_identification:_identify(ros_ws/src/crazyswarm/scripts/sequence_trajectories/2) by extension 'python_setup_py'
[0.117s] Level 1:colcon.colcon_core.package_identification:_identify(ros_ws/src/crazyswarm/scripts/sequence_trajectories/3) by extensions ['ignore', 'ignore_ament_install']
[0.117s] Level 1:colcon.colcon_core.package_identification:_identify(ros_ws/src/crazyswarm/scripts/sequence_trajectories/3) by extension 'ignore'
[0.117s] Level 1:colcon.colcon_core.package_identification:_identify(ros_ws/src/crazyswarm/scripts/sequence_trajectories/3) by extension 'ignore_ament_install'
[0.117s] Level 1:colcon.colcon_core.package_identification:_identify(ros_ws/src/crazyswarm/scripts/sequence_trajectories/3) by extensions ['colcon_pkg']
[0.117s] Level 1:colcon.colcon_core.package_identification:_identify(ros_ws/src/crazyswarm/scripts/sequence_trajectories/3) by extension 'colcon_pkg'
[0.117s] Level 1:colcon.colcon_core.package_identification:_identify(ros_ws/src/crazyswarm/scripts/sequence_trajectories/3) by extensions ['colcon_meta']
[0.117s] Level 1:colcon.colcon_core.package_identification:_identify(ros_ws/src/crazyswarm/scripts/sequence_trajectories/3) by extension 'colcon_meta'
[0.117s] Level 1:colcon.colcon_core.package_identification:_identify(ros_ws/src/crazyswarm/scripts/sequence_trajectories/3) by extensions ['ros']
[0.117s] Level 1:colcon.colcon_core.package_identification:_identify(ros_ws/src/crazyswarm/scripts/sequence_trajectories/3) by extension 'ros'
[0.117s] Level 1:colcon.colcon_core.package_identification:_identify(ros_ws/src/crazyswarm/scripts/sequence_trajectories/3) by extensions ['cmake', 'python']
[0.117s] Level 1:colcon.colcon_core.package_identification:_identify(ros_ws/src/crazyswarm/scripts/sequence_trajectories/3) by extension 'cmake'
[0.117s] Level 1:colcon.colcon_core.package_identification:_identify(ros_ws/src/crazyswarm/scripts/sequence_trajectories/3) by extension 'python'
[0.117s] Level 1:colcon.colcon_core.package_identification:_identify(ros_ws/src/crazyswarm/scripts/sequence_trajectories/3) by extensions ['python_setup_py']
[0.117s] Level 1:colcon.colcon_core.package_identification:_identify(ros_ws/src/crazyswarm/scripts/sequence_trajectories/3) by extension 'python_setup_py'
[0.117s] Level 1:colcon.colcon_core.package_identification:_identify(ros_ws/src/crazyswarm/scripts/sequence_trajectories/4) by extensions ['ignore', 'ignore_ament_install']
[0.117s] Level 1:colcon.colcon_core.package_identification:_identify(ros_ws/src/crazyswarm/scripts/sequence_trajectories/4) by extension 'ignore'
[0.117s] Level 1:colcon.colcon_core.package_identification:_identify(ros_ws/src/crazyswarm/scripts/sequence_trajectories/4) by extension 'ignore_ament_install'
[0.117s] Level 1:colcon.colcon_core.package_identification:_identify(ros_ws/src/crazyswarm/scripts/sequence_trajectories/4) by extensions ['colcon_pkg']
[0.117s] Level 1:colcon.colcon_core.package_identification:_identify(ros_ws/src/crazyswarm/scripts/sequence_trajectories/4) by extension 'colcon_pkg'
[0.117s] Level 1:colcon.colcon_core.package_identification:_identify(ros_ws/src/crazyswarm/scripts/sequence_trajectories/4) by extensions ['colcon_meta']
[0.117s] Level 1:colcon.colcon_core.package_identification:_identify(ros_ws/src/crazyswarm/scripts/sequence_trajectories/4) by extension 'colcon_meta'
[0.117s] Level 1:colcon.colcon_core.package_identification:_identify(ros_ws/src/crazyswarm/scripts/sequence_trajectories/4) by extensions ['ros']
[0.117s] Level 1:colcon.colcon_core.package_identification:_identify(ros_ws/src/crazyswarm/scripts/sequence_trajectories/4) by extension 'ros'
[0.117s] Level 1:colcon.colcon_core.package_identification:_identify(ros_ws/src/crazyswarm/scripts/sequence_trajectories/4) by extensions ['cmake', 'python']
[0.117s] Level 1:colcon.colcon_core.package_identification:_identify(ros_ws/src/crazyswarm/scripts/sequence_trajectories/4) by extension 'cmake'
[0.117s] Level 1:colcon.colcon_core.package_identification:_identify(ros_ws/src/crazyswarm/scripts/sequence_trajectories/4) by extension 'python'
[0.117s] Level 1:colcon.colcon_core.package_identification:_identify(ros_ws/src/crazyswarm/scripts/sequence_trajectories/4) by extensions ['python_setup_py']
[0.117s] Level 1:colcon.colcon_core.package_identification:_identify(ros_ws/src/crazyswarm/scripts/sequence_trajectories/4) by extension 'python_setup_py'
[0.117s] Level 1:colcon.colcon_core.package_identification:_identify(ros_ws/src/crazyswarm/scripts/sequence_trajectories/5) by extensions ['ignore', 'ignore_ament_install']
[0.117s] Level 1:colcon.colcon_core.package_identification:_identify(ros_ws/src/crazyswarm/scripts/sequence_trajectories/5) by extension 'ignore'
[0.118s] Level 1:colcon.colcon_core.package_identification:_identify(ros_ws/src/crazyswarm/scripts/sequence_trajectories/5) by extension 'ignore_ament_install'
[0.118s] Level 1:colcon.colcon_core.package_identification:_identify(ros_ws/src/crazyswarm/scripts/sequence_trajectories/5) by extensions ['colcon_pkg']
[0.118s] Level 1:colcon.colcon_core.package_identification:_identify(ros_ws/src/crazyswarm/scripts/sequence_trajectories/5) by extension 'colcon_pkg'
[0.118s] Level 1:colcon.colcon_core.package_identification:_identify(ros_ws/src/crazyswarm/scripts/sequence_trajectories/5) by extensions ['colcon_meta']
[0.118s] Level 1:colcon.colcon_core.package_identification:_identify(ros_ws/src/crazyswarm/scripts/sequence_trajectories/5) by extension 'colcon_meta'
[0.118s] Level 1:colcon.colcon_core.package_identification:_identify(ros_ws/src/crazyswarm/scripts/sequence_trajectories/5) by extensions ['ros']
[0.118s] Level 1:colcon.colcon_core.package_identification:_identify(ros_ws/src/crazyswarm/scripts/sequence_trajectories/5) by extension 'ros'
[0.118s] Level 1:colcon.colcon_core.package_identification:_identify(ros_ws/src/crazyswarm/scripts/sequence_trajectories/5) by extensions ['cmake', 'python']
[0.118s] Level 1:colcon.colcon_core.package_identification:_identify(ros_ws/src/crazyswarm/scripts/sequence_trajectories/5) by extension 'cmake'
[0.118s] Level 1:colcon.colcon_core.package_identification:_identify(ros_ws/src/crazyswarm/scripts/sequence_trajectories/5) by extension 'python'
[0.118s] Level 1:colcon.colcon_core.package_identification:_identify(ros_ws/src/crazyswarm/scripts/sequence_trajectories/5) by extensions ['python_setup_py']
[0.118s] Level 1:colcon.colcon_core.package_identification:_identify(ros_ws/src/crazyswarm/scripts/sequence_trajectories/5) by extension 'python_setup_py'
[0.118s] Level 1:colcon.colcon_core.package_identification:_identify(ros_ws/src/crazyswarm/scripts/sequence_trajectories/6) by extensions ['ignore', 'ignore_ament_install']
[0.118s] Level 1:colcon.colcon_core.package_identification:_identify(ros_ws/src/crazyswarm/scripts/sequence_trajectories/6) by extension 'ignore'
[0.118s] Level 1:colcon.colcon_core.package_identification:_identify(ros_ws/src/crazyswarm/scripts/sequence_trajectories/6) by extension 'ignore_ament_install'
[0.118s] Level 1:colcon.colcon_core.package_identification:_identify(ros_ws/src/crazyswarm/scripts/sequence_trajectories/6) by extensions ['colcon_pkg']
[0.118s] Level 1:colcon.colcon_core.package_identification:_identify(ros_ws/src/crazyswarm/scripts/sequence_trajectories/6) by extension 'colcon_pkg'
[0.118s] Level 1:colcon.colcon_core.package_identification:_identify(ros_ws/src/crazyswarm/scripts/sequence_trajectories/6) by extensions ['colcon_meta']
[0.118s] Level 1:colcon.colcon_core.package_identification:_identify(ros_ws/src/crazyswarm/scripts/sequence_trajectories/6) by extension 'colcon_meta'
[0.118s] Level 1:colcon.colcon_core.package_identification:_identify(ros_ws/src/crazyswarm/scripts/sequence_trajectories/6) by extensions ['ros']
[0.118s] Level 1:colcon.colcon_core.package_identification:_identify(ros_ws/src/crazyswarm/scripts/sequence_trajectories/6) by extension 'ros'
[0.118s] Level 1:colcon.colcon_core.package_identification:_identify(ros_ws/src/crazyswarm/scripts/sequence_trajectories/6) by extensions ['cmake', 'python']
[0.118s] Level 1:colcon.colcon_core.package_identification:_identify(ros_ws/src/crazyswarm/scripts/sequence_trajectories/6) by extension 'cmake'
[0.118s] Level 1:colcon.colcon_core.package_identification:_identify(ros_ws/src/crazyswarm/scripts/sequence_trajectories/6) by extension 'python'
[0.118s] Level 1:colcon.colcon_core.package_identification:_identify(ros_ws/src/crazyswarm/scripts/sequence_trajectories/6) by extensions ['python_setup_py']
[0.118s] Level 1:colcon.colcon_core.package_identification:_identify(ros_ws/src/crazyswarm/scripts/sequence_trajectories/6) by extension 'python_setup_py'
[0.118s] Level 1:colcon.colcon_core.package_identification:_identify(ros_ws/src/crazyswarm/scripts/sequence_trajectories/7) by extensions ['ignore', 'ignore_ament_install']
[0.118s] Level 1:colcon.colcon_core.package_identification:_identify(ros_ws/src/crazyswarm/scripts/sequence_trajectories/7) by extension 'ignore'
[0.118s] Level 1:colcon.colcon_core.package_identification:_identify(ros_ws/src/crazyswarm/scripts/sequence_trajectories/7) by extension 'ignore_ament_install'
[0.118s] Level 1:colcon.colcon_core.package_identification:_identify(ros_ws/src/crazyswarm/scripts/sequence_trajectories/7) by extensions ['colcon_pkg']
[0.118s] Level 1:colcon.colcon_core.package_identification:_identify(ros_ws/src/crazyswarm/scripts/sequence_trajectories/7) by extension 'colcon_pkg'
[0.118s] Level 1:colcon.colcon_core.package_identification:_identify(ros_ws/src/crazyswarm/scripts/sequence_trajectories/7) by extensions ['colcon_meta']
[0.118s] Level 1:colcon.colcon_core.package_identification:_identify(ros_ws/src/crazyswarm/scripts/sequence_trajectories/7) by extension 'colcon_meta'
[0.118s] Level 1:colcon.colcon_core.package_identification:_identify(ros_ws/src/crazyswarm/scripts/sequence_trajectories/7) by extensions ['ros']
[0.118s] Level 1:colcon.colcon_core.package_identification:_identify(ros_ws/src/crazyswarm/scripts/sequence_trajectories/7) by extension 'ros'
[0.118s] Level 1:colcon.colcon_core.package_identification:_identify(ros_ws/src/crazyswarm/scripts/sequence_trajectories/7) by extensions ['cmake', 'python']
[0.118s] Level 1:colcon.colcon_core.package_identification:_identify(ros_ws/src/crazyswarm/scripts/sequence_trajectories/7) by extension 'cmake'
[0.118s] Level 1:colcon.colcon_core.package_identification:_identify(ros_ws/src/crazyswarm/scripts/sequence_trajectories/7) by extension 'python'
[0.118s] Level 1:colcon.colcon_core.package_identification:_identify(ros_ws/src/crazyswarm/scripts/sequence_trajectories/7) by extensions ['python_setup_py']
[0.118s] Level 1:colcon.colcon_core.package_identification:_identify(ros_ws/src/crazyswarm/scripts/sequence_trajectories/7) by extension 'python_setup_py'
[0.119s] Level 1:colcon.colcon_core.package_identification:_identify(ros_ws/src/crazyswarm/scripts/swap6v_pps) by extensions ['ignore', 'ignore_ament_install']
[0.119s] Level 1:colcon.colcon_core.package_identification:_identify(ros_ws/src/crazyswarm/scripts/swap6v_pps) by extension 'ignore'
[0.119s] Level 1:colcon.colcon_core.package_identification:_identify(ros_ws/src/crazyswarm/scripts/swap6v_pps) by extension 'ignore_ament_install'
[0.119s] Level 1:colcon.colcon_core.package_identification:_identify(ros_ws/src/crazyswarm/scripts/swap6v_pps) by extensions ['colcon_pkg']
[0.119s] Level 1:colcon.colcon_core.package_identification:_identify(ros_ws/src/crazyswarm/scripts/swap6v_pps) by extension 'colcon_pkg'
[0.119s] Level 1:colcon.colcon_core.package_identification:_identify(ros_ws/src/crazyswarm/scripts/swap6v_pps) by extensions ['colcon_meta']
[0.119s] Level 1:colcon.colcon_core.package_identification:_identify(ros_ws/src/crazyswarm/scripts/swap6v_pps) by extension 'colcon_meta'
[0.119s] Level 1:colcon.colcon_core.package_identification:_identify(ros_ws/src/crazyswarm/scripts/swap6v_pps) by extensions ['ros']
[0.119s] Level 1:colcon.colcon_core.package_identification:_identify(ros_ws/src/crazyswarm/scripts/swap6v_pps) by extension 'ros'
[0.119s] Level 1:colcon.colcon_core.package_identification:_identify(ros_ws/src/crazyswarm/scripts/swap6v_pps) by extensions ['cmake', 'python']
[0.119s] Level 1:colcon.colcon_core.package_identification:_identify(ros_ws/src/crazyswarm/scripts/swap6v_pps) by extension 'cmake'
[0.119s] Level 1:colcon.colcon_core.package_identification:_identify(ros_ws/src/crazyswarm/scripts/swap6v_pps) by extension 'python'
[0.119s] Level 1:colcon.colcon_core.package_identification:_identify(ros_ws/src/crazyswarm/scripts/swap6v_pps) by extensions ['python_setup_py']
[0.119s] Level 1:colcon.colcon_core.package_identification:_identify(ros_ws/src/crazyswarm/scripts/swap6v_pps) by extension 'python_setup_py'
[0.119s] Level 1:colcon.colcon_core.package_identification:_identify(systemtests) by extensions ['ignore', 'ignore_ament_install']
[0.119s] Level 1:colcon.colcon_core.package_identification:_identify(systemtests) by extension 'ignore'
[0.119s] Level 1:colcon.colcon_core.package_identification:_identify(systemtests) by extension 'ignore_ament_install'
[0.119s] Level 1:colcon.colcon_core.package_identification:_identify(systemtests) by extensions ['colcon_pkg']
[0.119s] Level 1:colcon.colcon_core.package_identification:_identify(systemtests) by extension 'colcon_pkg'
[0.119s] Level 1:colcon.colcon_core.package_identification:_identify(systemtests) by extensions ['colcon_meta']
[0.119s] Level 1:colcon.colcon_core.package_identification:_identify(systemtests) by extension 'colcon_meta'
[0.119s] Level 1:colcon.colcon_core.package_identification:_identify(systemtests) by extensions ['ros']
[0.119s] Level 1:colcon.colcon_core.package_identification:_identify(systemtests) by extension 'ros'
[0.119s] Level 1:colcon.colcon_core.package_identification:_identify(systemtests) by extensions ['cmake', 'python']
[0.119s] Level 1:colcon.colcon_core.package_identification:_identify(systemtests) by extension 'cmake'
[0.119s] Level 1:colcon.colcon_core.package_identification:_identify(systemtests) by extension 'python'
[0.119s] Level 1:colcon.colcon_core.package_identification:_identify(systemtests) by extensions ['python_setup_py']
[0.119s] Level 1:colcon.colcon_core.package_identification:_identify(systemtests) by extension 'python_setup_py'
[0.119s] Level 1:colcon.colcon_core.package_identification:_identify(systemtests/SDplotting) by extensions ['ignore', 'ignore_ament_install']
[0.119s] Level 1:colcon.colcon_core.package_identification:_identify(systemtests/SDplotting) by extension 'ignore'
[0.119s] Level 1:colcon.colcon_core.package_identification:_identify(systemtests/SDplotting) by extension 'ignore_ament_install'
[0.119s] Level 1:colcon.colcon_core.package_identification:_identify(systemtests/SDplotting) by extensions ['colcon_pkg']
[0.119s] Level 1:colcon.colcon_core.package_identification:_identify(systemtests/SDplotting) by extension 'colcon_pkg'
[0.119s] Level 1:colcon.colcon_core.package_identification:_identify(systemtests/SDplotting) by extensions ['colcon_meta']
[0.119s] Level 1:colcon.colcon_core.package_identification:_identify(systemtests/SDplotting) by extension 'colcon_meta'
[0.119s] Level 1:colcon.colcon_core.package_identification:_identify(systemtests/SDplotting) by extensions ['ros']
[0.119s] Level 1:colcon.colcon_core.package_identification:_identify(systemtests/SDplotting) by extension 'ros'
[0.119s] Level 1:colcon.colcon_core.package_identification:_identify(systemtests/SDplotting) by extensions ['cmake', 'python']
[0.119s] Level 1:colcon.colcon_core.package_identification:_identify(systemtests/SDplotting) by extension 'cmake'
[0.119s] Level 1:colcon.colcon_core.package_identification:_identify(systemtests/SDplotting) by extension 'python'
[0.119s] Level 1:colcon.colcon_core.package_identification:_identify(systemtests/SDplotting) by extensions ['python_setup_py']
[0.120s] Level 1:colcon.colcon_core.package_identification:_identify(systemtests/SDplotting) by extension 'python_setup_py'
[0.120s] Level 1:colcon.colcon_core.package_discovery:discover_packages(recursive) using defaults
[0.120s] Level 1:colcon.colcon_core.package_discovery:discover_packages(ignore) discover
[0.120s] Level 1:colcon.colcon_core.package_discovery:discover_packages(ignore) using defaults
[0.120s] Level 1:colcon.colcon_core.package_discovery:discover_packages(path) discover
[0.120s] Level 1:colcon.colcon_core.package_discovery:discover_packages(path) using defaults
[0.131s] INFO:colcon.colcon_core.package_selection:Skipping package 'crazyflie_sim' in 'crazyflie_sim'
[0.131s] INFO:colcon.colcon_core.package_selection:Skipping package 'crazyflie' in 'crazyflie'
[0.132s] Level 1:colcon.colcon_core.package_discovery:discover_packages(prefix_path) check parameters
[0.132s] Level 1:colcon.colcon_core.package_discovery:discover_packages(prefix_path) discover
[0.132s] Level 1:colcon.colcon_core.package_discovery:discover_packages(prefix_path) using defaults
[0.133s] Level 5:colcon.colcon_core.verb:set package 'crazyflie_interfaces' build argument 'cmake_args' from command line to 'None'
[0.133s] Level 5:colcon.colcon_core.verb:set package 'crazyflie_interfaces' build argument 'cmake_target' from command line to 'None'
[0.133s] Level 5:colcon.colcon_core.verb:set package 'crazyflie_interfaces' build argument 'cmake_target_skip_unavailable' from command line to 'False'
[0.133s] Level 5:colcon.colcon_core.verb:set package 'crazyflie_interfaces' build argument 'cmake_clean_cache' from command line to 'False'
[0.133s] Level 5:colcon.colcon_core.verb:set package 'crazyflie_interfaces' build argument 'cmake_clean_first' from command line to 'False'
[0.133s] Level 5:colcon.colcon_core.verb:set package 'crazyflie_interfaces' build argument 'cmake_force_configure' from command line to 'False'
[0.133s] Level 5:colcon.colcon_core.verb:set package 'crazyflie_interfaces' build argument 'ament_cmake_args' from command line to 'None'
[0.133s] Level 5:colcon.colcon_core.verb:set package 'crazyflie_interfaces' build argument 'catkin_cmake_args' from command line to 'None'
[0.133s] Level 5:colcon.colcon_core.verb:set package 'crazyflie_interfaces' build argument 'catkin_skip_building_tests' from command line to 'False'
[0.133s] DEBUG:colcon.colcon_core.verb:Building package 'crazyflie_interfaces' with the following arguments: {'ament_cmake_args': None, 'build_base': '/home/flyingrobots/georg/ros2_ws/src/crazyswarm2/build/crazyflie_interfaces', 'catkin_cmake_args': None, 'catkin_skip_building_tests': False, 'cmake_args': None, 'cmake_clean_cache': False, 'cmake_clean_first': False, 'cmake_force_configure': False, 'cmake_target': None, 'cmake_target_skip_unavailable': False, 'install_base': '/home/flyingrobots/georg/ros2_ws/src/crazyswarm2/install/crazyflie_interfaces', 'merge_install': False, 'path': '/home/flyingrobots/georg/ros2_ws/src/crazyswarm2/crazyflie_interfaces', 'symlink_install': True, 'test_result_base': None}
[0.133s] Level 5:colcon.colcon_core.verb:set package 'crazyflie_py' build argument 'cmake_args' from command line to 'None'
[0.133s] Level 5:colcon.colcon_core.verb:set package 'crazyflie_py' build argument 'cmake_target' from command line to 'None'
[0.133s] Level 5:colcon.colcon_core.verb:set package 'crazyflie_py' build argument 'cmake_target_skip_unavailable' from command line to 'False'
[0.133s] Level 5:colcon.colcon_core.verb:set package 'crazyflie_py' build argument 'cmake_clean_cache' from command line to 'False'
[0.133s] Level 5:colcon.colcon_core.verb:set package 'crazyflie_py' build argument 'cmake_clean_first' from command line to 'False'
[0.133s] Level 5:colcon.colcon_core.verb:set package 'crazyflie_py' build argument 'cmake_force_configure' from command line to 'False'
[0.133s] Level 5:colcon.colcon_core.verb:set package 'crazyflie_py' build argument 'ament_cmake_args' from command line to 'None'
[0.133s] Level 5:colcon.colcon_core.verb:set package 'crazyflie_py' build argument 'catkin_cmake_args' from command line to 'None'
[0.133s] Level 5:colcon.colcon_core.verb:set package 'crazyflie_py' build argument 'catkin_skip_building_tests' from command line to 'False'
[0.133s] DEBUG:colcon.colcon_core.verb:Building package 'crazyflie_py' with the following arguments: {'ament_cmake_args': None, 'build_base': '/home/flyingrobots/georg/ros2_ws/src/crazyswarm2/build/crazyflie_py', 'catkin_cmake_args': None, 'catkin_skip_building_tests': False, 'cmake_args': None, 'cmake_clean_cache': False, 'cmake_clean_first': False, 'cmake_force_configure': False, 'cmake_target': None, 'cmake_target_skip_unavailable': False, 'install_base': '/home/flyingrobots/georg/ros2_ws/src/crazyswarm2/install/crazyflie_py', 'merge_install': False, 'path': '/home/flyingrobots/georg/ros2_ws/src/crazyswarm2/crazyflie_py', 'symlink_install': True, 'test_result_base': None}
[0.133s] Level 5:colcon.colcon_core.verb:set package 'crazyflie_examples' build argument 'cmake_args' from command line to 'None'
[0.133s] Level 5:colcon.colcon_core.verb:set package 'crazyflie_examples' build argument 'cmake_target' from command line to 'None'
[0.133s] Level 5:colcon.colcon_core.verb:set package 'crazyflie_examples' build argument 'cmake_target_skip_unavailable' from command line to 'False'
[0.133s] Level 5:colcon.colcon_core.verb:set package 'crazyflie_examples' build argument 'cmake_clean_cache' from command line to 'False'
[0.133s] Level 5:colcon.colcon_core.verb:set package 'crazyflie_examples' build argument 'cmake_clean_first' from command line to 'False'
[0.133s] Level 5:colcon.colcon_core.verb:set package 'crazyflie_examples' build argument 'cmake_force_configure' from command line to 'False'
[0.133s] Level 5:colcon.colcon_core.verb:set package 'crazyflie_examples' build argument 'ament_cmake_args' from command line to 'None'
[0.133s] Level 5:colcon.colcon_core.verb:set package 'crazyflie_examples' build argument 'catkin_cmake_args' from command line to 'None'
[0.133s] Level 5:colcon.colcon_core.verb:set package 'crazyflie_examples' build argument 'catkin_skip_building_tests' from command line to 'False'
[0.133s] DEBUG:colcon.colcon_core.verb:Building package 'crazyflie_examples' with the following arguments: {'ament_cmake_args': None, 'build_base': '/home/flyingrobots/georg/ros2_ws/src/crazyswarm2/build/crazyflie_examples', 'catkin_cmake_args': None, 'catkin_skip_building_tests': False, 'cmake_args': None, 'cmake_clean_cache': False, 'cmake_clean_first': False, 'cmake_force_configure': False, 'cmake_target': None, 'cmake_target_skip_unavailable': False, 'install_base': '/home/flyingrobots/georg/ros2_ws/src/crazyswarm2/install/crazyflie_examples', 'merge_install': False, 'path': '/home/flyingrobots/georg/ros2_ws/src/crazyswarm2/crazyflie_examples', 'symlink_install': True, 'test_result_base': None}
[0.133s] INFO:colcon.colcon_core.executor:Executing jobs using 'parallel' executor
[0.134s] DEBUG:colcon.colcon_parallel_executor.executor.parallel:run_until_complete
[0.134s] INFO:colcon.colcon_ros.task.ament_cmake.build:Building ROS package in '/home/flyingrobots/georg/ros2_ws/src/crazyswarm2/crazyflie_interfaces' with build type 'ament_cmake'
[0.134s] INFO:colcon.colcon_cmake.task.cmake.build:Building CMake package in '/home/flyingrobots/georg/ros2_ws/src/crazyswarm2/crazyflie_interfaces'
[0.135s] INFO:colcon.colcon_core.plugin_system:Skipping extension 'colcon_core.shell.bat': Not used on non-Windows systems
[0.135s] INFO:colcon.colcon_core.shell:Skip shell extension 'powershell' for command environment: Not usable outside of PowerShell
[0.135s] DEBUG:colcon.colcon_core.shell:Skip shell extension 'dsv' for command environment
[0.138s] DEBUG:colcon.colcon_core.event_handler.log_command:Invoking command in '/home/flyingrobots/georg/ros2_ws/src/crazyswarm2/build/crazyflie_interfaces': DEBUGINFOD_URLS=https://debuginfod.ubuntu.com /usr/bin/cmake /home/flyingrobots/georg/ros2_ws/src/crazyswarm2/crazyflie_interfaces -DAMENT_CMAKE_SYMLINK_INSTALL=1 -DCMAKE_INSTALL_PREFIX=/home/flyingrobots/georg/ros2_ws/src/crazyswarm2/install/crazyflie_interfaces
[0.523s] DEBUG:colcon.colcon_core.event_handler.log_command:Invoked command in '/home/flyingrobots/georg/ros2_ws/src/crazyswarm2/build/crazyflie_interfaces' returned '1': DEBUGINFOD_URLS=https://debuginfod.ubuntu.com /usr/bin/cmake /home/flyingrobots/georg/ros2_ws/src/crazyswarm2/crazyflie_interfaces -DAMENT_CMAKE_SYMLINK_INSTALL=1 -DCMAKE_INSTALL_PREFIX=/home/flyingrobots/georg/ros2_ws/src/crazyswarm2/install/crazyflie_interfaces
[0.534s] Level 1:colcon.colcon_core.environment:create_environment_scripts_only(crazyflie_interfaces)
[0.535s] Level 1:colcon.colcon_core.environment:checking '/home/flyingrobots/georg/ros2_ws/src/crazyswarm2/install/crazyflie_interfaces' for CMake module files
[0.536s] Level 1:colcon.colcon_core.environment:checking '/home/flyingrobots/georg/ros2_ws/src/crazyswarm2/install/crazyflie_interfaces' for CMake config files
[0.536s] Level 1:colcon.colcon_core.environment:checking '/home/flyingrobots/georg/ros2_ws/src/crazyswarm2/install/crazyflie_interfaces/bin'
[0.536s] Level 1:colcon.colcon_core.environment:checking '/home/flyingrobots/georg/ros2_ws/src/crazyswarm2/install/crazyflie_interfaces/lib/pkgconfig/crazyflie_interfaces.pc'
[0.537s] Level 1:colcon.colcon_core.environment:checking '/home/flyingrobots/georg/ros2_ws/src/crazyswarm2/install/crazyflie_interfaces/lib/python3.12/site-packages'
[0.537s] Level 1:colcon.colcon_core.environment:checking '/home/flyingrobots/georg/ros2_ws/src/crazyswarm2/install/crazyflie_interfaces/bin'
[0.538s] INFO:colcon.colcon_core.shell:Creating package script '/home/flyingrobots/georg/ros2_ws/src/crazyswarm2/install/crazyflie_interfaces/share/crazyflie_interfaces/package.ps1'
[0.538s] INFO:colcon.colcon_core.shell:Creating package descriptor '/home/flyingrobots/georg/ros2_ws/src/crazyswarm2/install/crazyflie_interfaces/share/crazyflie_interfaces/package.dsv'
[0.539s] INFO:colcon.colcon_core.shell:Creating package script '/home/flyingrobots/georg/ros2_ws/src/crazyswarm2/install/crazyflie_interfaces/share/crazyflie_interfaces/package.sh'
[0.539s] INFO:colcon.colcon_core.shell:Creating package script '/home/flyingrobots/georg/ros2_ws/src/crazyswarm2/install/crazyflie_interfaces/share/crazyflie_interfaces/package.bash'
[0.539s] INFO:colcon.colcon_core.shell:Creating package script '/home/flyingrobots/georg/ros2_ws/src/crazyswarm2/install/crazyflie_interfaces/share/crazyflie_interfaces/package.zsh'
[0.540s] Level 1:colcon.colcon_core.environment:create_file_with_runtime_dependencies(/home/flyingrobots/georg/ros2_ws/src/crazyswarm2/install/crazyflie_interfaces/share/colcon-core/packages/crazyflie_interfaces)
[0.550s] DEBUG:colcon.colcon_parallel_executor.executor.parallel:closing loop
[0.551s] DEBUG:colcon.colcon_parallel_executor.executor.parallel:loop closed
[0.551s] DEBUG:colcon.colcon_parallel_executor.executor.parallel:run_until_complete finished with '1'
[0.551s] DEBUG:colcon.colcon_core.event_reactor:joining thread
[0.560s] INFO:colcon.colcon_core.plugin_system:Skipping extension 'colcon_notification.desktop_notification.terminal_notifier': Not used on non-Darwin systems
[0.560s] INFO:colcon.colcon_core.plugin_system:Skipping extension 'colcon_notification.desktop_notification.win32': Not used on non-Windows systems
[0.560s] INFO:colcon.colcon_notification.desktop_notification:Sending desktop notification using 'notify2'
[0.576s] DEBUG:colcon.colcon_core.event_reactor:joined thread
[0.576s] INFO:colcon.colcon_core.shell:Creating prefix script '/home/flyingrobots/georg/ros2_ws/src/crazyswarm2/install/local_setup.ps1'
[0.577s] INFO:colcon.colcon_core.shell:Creating prefix util module '/home/flyingrobots/georg/ros2_ws/src/crazyswarm2/install/_local_setup_util_ps1.py'
[0.578s] INFO:colcon.colcon_core.shell:Creating prefix chain script '/home/flyingrobots/georg/ros2_ws/src/crazyswarm2/install/setup.ps1'
[0.580s] INFO:colcon.colcon_core.shell:Creating prefix script '/home/flyingrobots/georg/ros2_ws/src/crazyswarm2/install/local_setup.sh'
[0.580s] INFO:colcon.colcon_core.shell:Creating prefix util module '/home/flyingrobots/georg/ros2_ws/src/crazyswarm2/install/_local_setup_util_sh.py'
[0.581s] INFO:colcon.colcon_core.shell:Creating prefix chain script '/home/flyingrobots/georg/ros2_ws/src/crazyswarm2/install/setup.sh'
[0.581s] INFO:colcon.colcon_core.shell:Creating prefix script '/home/flyingrobots/georg/ros2_ws/src/crazyswarm2/install/local_setup.bash'
[0.581s] INFO:colcon.colcon_core.shell:Creating prefix chain script '/home/flyingrobots/georg/ros2_ws/src/crazyswarm2/install/setup.bash'
[0.582s] INFO:colcon.colcon_core.shell:Creating prefix script '/home/flyingrobots/georg/ros2_ws/src/crazyswarm2/install/local_setup.zsh'
[0.582s] INFO:colcon.colcon_core.shell:Creating prefix chain script '/home/flyingrobots/georg/ros2_ws/src/crazyswarm2/install/setup.zsh'
