[0.064s] DEBUG:colcon:Command line arguments: ['/usr/bin/colcon', 'build', '--symlink-install', '--packages-select', 'crazyflie_examples']
[0.064s] DEBUG:colcon:Parsed command line arguments: Namespace(log_base=None, log_level=None, verb_name='build', build_base='build', install_base='install', merge_install=False, symlink_install=True, test_result_base=None, continue_on_error=False, executor='parallel', parallel_workers=24, event_handlers=None, ignore_user_meta=False, metas=['./colcon.meta'], base_paths=['.'], packages_ignore=None, packages_ignore_regex=None, paths=None, packages_up_to=None, packages_up_to_regex=None, packages_above=None, packages_above_and_dependencies=None, packages_above_depth=None, packages_select_by_dep=None, packages_skip_by_dep=None, packages_skip_up_to=None, packages_select_build_failed=False, packages_skip_build_finished=False, packages_select_test_failures=False, packages_skip_test_passed=False, packages_select=['crazyflie_examples'], packages_skip=None, packages_select_regex=None, packages_skip_regex=None, packages_start=None, packages_end=None, allow_overriding=[], cmake_args=None, cmake_target=None, cmake_target_skip_unavailable=False, cmake_clean_cache=False, cmake_clean_first=False, cmake_force_configure=False, ament_cmake_args=None, catkin_cmake_args=None, catkin_skip_building_tests=False, mixin_files=None, mixin=None, verb_parser=<colcon_mixin.mixin.mixin_argument.MixinArgumentDecorator object at 0x788f09c7cb00>, verb_extension=<colcon_core.verb.build.BuildVerb object at 0x788f09dc9070>, main=<bound method BuildVerb.main of <colcon_core.verb.build.BuildVerb object at 0x788f09dc9070>>, mixin_verb=('build',))
[0.088s] Level 1:colcon.colcon_core.package_discovery:discover_packages(colcon_meta) check parameters
[0.088s] Level 1:colcon.colcon_core.package_discovery:discover_packages(recursive) check parameters
[0.088s] Level 1:colcon.colcon_core.package_discovery:discover_packages(ignore) check parameters
[0.088s] Level 1:colcon.colcon_core.package_discovery:discover_packages(path) check parameters
[0.089s] Level 1:colcon.colcon_core.package_discovery:discover_packages(colcon_meta) discover
[0.089s] Level 1:colcon.colcon_core.package_discovery:discover_packages(recursive) discover
[0.089s] INFO:colcon.colcon_core.package_discovery:Crawling recursively for packages in '/home/flyingrobots/georg/ros2_ws/src/crazyswarm2'
[0.089s] Level 1:colcon.colcon_core.package_identification:_identify(.) by extensions ['ignore', 'ignore_ament_install']
[0.089s] Level 1:colcon.colcon_core.package_identification:_identify(.) by extension 'ignore'
[0.089s] Level 1:colcon.colcon_core.package_identification:_identify(.) by extension 'ignore_ament_install'
[0.089s] Level 1:colcon.colcon_core.package_identification:_identify(.) by extensions ['colcon_pkg']
[0.089s] Level 1:colcon.colcon_core.package_identification:_identify(.) by extension 'colcon_pkg'
[0.089s] Level 1:colcon.colcon_core.package_identification:_identify(.) by extensions ['colcon_meta']
[0.089s] Level 1:colcon.colcon_core.package_identification:_identify(.) by extension 'colcon_meta'
[0.089s] Level 1:colcon.colcon_core.package_identification:_identify(.) by extensions ['ros']
[0.089s] Level 1:colcon.colcon_core.package_identification:_identify(.) by extension 'ros'
[0.105s] Level 1:colcon.colcon_core.package_identification:_identify(.) by extensions ['cmake', 'python']
[0.105s] Level 1:colcon.colcon_core.package_identification:_identify(.) by extension 'cmake'
[0.105s] Level 1:colcon.colcon_core.package_identification:_identify(.) by extension 'python'
[0.106s] Level 1:colcon.colcon_core.package_identification:_identify(.) by extensions ['python_setup_py']
[0.106s] Level 1:colcon.colcon_core.package_identification:_identify(.) by extension 'python_setup_py'
[0.106s] Level 1:colcon.colcon_core.package_identification:_identify(build) by extensions ['ignore', 'ignore_ament_install']
[0.106s] Level 1:colcon.colcon_core.package_identification:_identify(build) by extension 'ignore'
[0.106s] Level 1:colcon.colcon_core.package_identification:_identify(build) ignored
[0.106s] Level 1:colcon.colcon_core.package_identification:_identify(crazyflie) by extensions ['ignore', 'ignore_ament_install']
[0.106s] Level 1:colcon.colcon_core.package_identification:_identify(crazyflie) by extension 'ignore'
[0.106s] Level 1:colcon.colcon_core.package_identification:_identify(crazyflie) by extension 'ignore_ament_install'
[0.106s] Level 1:colcon.colcon_core.package_identification:_identify(crazyflie) by extensions ['colcon_pkg']
[0.106s] Level 1:colcon.colcon_core.package_identification:_identify(crazyflie) by extension 'colcon_pkg'
[0.106s] Level 1:colcon.colcon_core.package_identification:_identify(crazyflie) by extensions ['colcon_meta']
[0.106s] Level 1:colcon.colcon_core.package_identification:_identify(crazyflie) by extension 'colcon_meta'
[0.106s] Level 1:colcon.colcon_core.package_identification:_identify(crazyflie) by extensions ['ros']
[0.106s] Level 1:colcon.colcon_core.package_identification:_identify(crazyflie) by extension 'ros'
[0.108s] DEBUG:colcon.colcon_core.package_identification:Package 'crazyflie' with type 'ros.ament_cmake' and name 'crazyflie'
[0.108s] Level 1:colcon.colcon_core.package_identification:_identify(crazyflie_examples) by extensions ['ignore', 'ignore_ament_install']
[0.108s] Level 1:colcon.colcon_core.package_identification:_identify(crazyflie_examples) by extension 'ignore'
[0.108s] Level 1:colcon.colcon_core.package_identification:_identify(crazyflie_examples) by extension 'ignore_ament_install'
[0.108s] Level 1:colcon.colcon_core.package_identification:_identify(crazyflie_examples) by extensions ['colcon_pkg']
[0.108s] Level 1:colcon.colcon_core.package_identification:_identify(crazyflie_examples) by extension 'colcon_pkg'
[0.108s] Level 1:colcon.colcon_core.package_identification:_identify(crazyflie_examples) by extensions ['colcon_meta']
[0.108s] Level 1:colcon.colcon_core.package_identification:_identify(crazyflie_examples) by extension 'colcon_meta'
[0.108s] Level 1:colcon.colcon_core.package_identification:_identify(crazyflie_examples) by extensions ['ros']
[0.108s] Level 1:colcon.colcon_core.package_identification:_identify(crazyflie_examples) by extension 'ros'
[0.108s] DEBUG:colcon.colcon_core.package_identification:Package 'crazyflie_examples' with type 'ros.ament_cmake' and name 'crazyflie_examples'
[0.108s] Level 1:colcon.colcon_core.package_identification:_identify(crazyflie_interfaces) by extensions ['ignore', 'ignore_ament_install']
[0.109s] Level 1:colcon.colcon_core.package_identification:_identify(crazyflie_interfaces) by extension 'ignore'
[0.109s] Level 1:colcon.colcon_core.package_identification:_identify(crazyflie_interfaces) by extension 'ignore_ament_install'
[0.109s] Level 1:colcon.colcon_core.package_identification:_identify(crazyflie_interfaces) by extensions ['colcon_pkg']
[0.109s] Level 1:colcon.colcon_core.package_identification:_identify(crazyflie_interfaces) by extension 'colcon_pkg'
[0.109s] Level 1:colcon.colcon_core.package_identification:_identify(crazyflie_interfaces) by extensions ['colcon_meta']
[0.109s] Level 1:colcon.colcon_core.package_identification:_identify(crazyflie_interfaces) by extension 'colcon_meta'
[0.109s] Level 1:colcon.colcon_core.package_identification:_identify(crazyflie_interfaces) by extensions ['ros']
[0.109s] Level 1:colcon.colcon_core.package_identification:_identify(crazyflie_interfaces) by extension 'ros'
[0.109s] DEBUG:colcon.colcon_core.package_identification:Package 'crazyflie_interfaces' with type 'ros.ament_cmake' and name 'crazyflie_interfaces'
[0.109s] Level 1:colcon.colcon_core.package_identification:_identify(crazyflie_py) by extensions ['ignore', 'ignore_ament_install']
[0.109s] Level 1:colcon.colcon_core.package_identification:_identify(crazyflie_py) by extension 'ignore'
[0.109s] Level 1:colcon.colcon_core.package_identification:_identify(crazyflie_py) by extension 'ignore_ament_install'
[0.109s] Level 1:colcon.colcon_core.package_identification:_identify(crazyflie_py) by extensions ['colcon_pkg']
[0.109s] Level 1:colcon.colcon_core.package_identification:_identify(crazyflie_py) by extension 'colcon_pkg'
[0.109s] Level 1:colcon.colcon_core.package_identification:_identify(crazyflie_py) by extensions ['colcon_meta']
[0.109s] Level 1:colcon.colcon_core.package_identification:_identify(crazyflie_py) by extension 'colcon_meta'
[0.109s] Level 1:colcon.colcon_core.package_identification:_identify(crazyflie_py) by extensions ['ros']
[0.109s] Level 1:colcon.colcon_core.package_identification:_identify(crazyflie_py) by extension 'ros'
[0.110s] DEBUG:colcon.colcon_core.package_identification:Package 'crazyflie_py' with type 'ros.ament_python' and name 'crazyflie_py'
[0.110s] Level 1:colcon.colcon_core.package_identification:_identify(crazyflie_sim) by extensions ['ignore', 'ignore_ament_install']
[0.110s] Level 1:colcon.colcon_core.package_identification:_identify(crazyflie_sim) by extension 'ignore'
[0.110s] Level 1:colcon.colcon_core.package_identification:_identify(crazyflie_sim) by extension 'ignore_ament_install'
[0.110s] Level 1:colcon.colcon_core.package_identification:_identify(crazyflie_sim) by extensions ['colcon_pkg']
[0.110s] Level 1:colcon.colcon_core.package_identification:_identify(crazyflie_sim) by extension 'colcon_pkg'
[0.110s] Level 1:colcon.colcon_core.package_identification:_identify(crazyflie_sim) by extensions ['colcon_meta']
[0.110s] Level 1:colcon.colcon_core.package_identification:_identify(crazyflie_sim) by extension 'colcon_meta'
[0.110s] Level 1:colcon.colcon_core.package_identification:_identify(crazyflie_sim) by extensions ['ros']
[0.110s] Level 1:colcon.colcon_core.package_identification:_identify(crazyflie_sim) by extension 'ros'
[0.110s] DEBUG:colcon.colcon_core.package_identification:Package 'crazyflie_sim' with type 'ros.ament_cmake' and name 'crazyflie_sim'
[0.110s] Level 1:colcon.colcon_core.package_identification:_identify(docs) by extensions ['ignore', 'ignore_ament_install']
[0.110s] Level 1:colcon.colcon_core.package_identification:_identify(docs) by extension 'ignore'
[0.110s] Level 1:colcon.colcon_core.package_identification:_identify(docs) by extension 'ignore_ament_install'
[0.110s] Level 1:colcon.colcon_core.package_identification:_identify(docs) by extensions ['colcon_pkg']
[0.110s] Level 1:colcon.colcon_core.package_identification:_identify(docs) by extension 'colcon_pkg'
[0.110s] Level 1:colcon.colcon_core.package_identification:_identify(docs) by extensions ['colcon_meta']
[0.110s] Level 1:colcon.colcon_core.package_identification:_identify(docs) by extension 'colcon_meta'
[0.111s] Level 1:colcon.colcon_core.package_identification:_identify(docs) by extensions ['ros']
[0.111s] Level 1:colcon.colcon_core.package_identification:_identify(docs) by extension 'ros'
[0.111s] Level 1:colcon.colcon_core.package_identification:_identify(docs) by extensions ['cmake', 'python']
[0.111s] Level 1:colcon.colcon_core.package_identification:_identify(docs) by extension 'cmake'
[0.111s] Level 1:colcon.colcon_core.package_identification:_identify(docs) by extension 'python'
[0.111s] Level 1:colcon.colcon_core.package_identification:_identify(docs) by extensions ['python_setup_py']
[0.111s] Level 1:colcon.colcon_core.package_identification:_identify(docs) by extension 'python_setup_py'
[0.111s] Level 1:colcon.colcon_core.package_identification:_identify(docs/generated) by extensions ['ignore', 'ignore_ament_install']
[0.111s] Level 1:colcon.colcon_core.package_identification:_identify(docs/generated) by extension 'ignore'
[0.111s] Level 1:colcon.colcon_core.package_identification:_identify(docs/generated) by extension 'ignore_ament_install'
[0.111s] Level 1:colcon.colcon_core.package_identification:_identify(docs/generated) by extensions ['colcon_pkg']
[0.111s] Level 1:colcon.colcon_core.package_identification:_identify(docs/generated) by extension 'colcon_pkg'
[0.111s] Level 1:colcon.colcon_core.package_identification:_identify(docs/generated) by extensions ['colcon_meta']
[0.111s] Level 1:colcon.colcon_core.package_identification:_identify(docs/generated) by extension 'colcon_meta'
[0.111s] Level 1:colcon.colcon_core.package_identification:_identify(docs/generated) by extensions ['ros']
[0.111s] Level 1:colcon.colcon_core.package_identification:_identify(docs/generated) by extension 'ros'
[0.111s] Level 1:colcon.colcon_core.package_identification:_identify(docs/generated) by extensions ['cmake', 'python']
[0.111s] Level 1:colcon.colcon_core.package_identification:_identify(docs/generated) by extension 'cmake'
[0.111s] Level 1:colcon.colcon_core.package_identification:_identify(docs/generated) by extension 'python'
[0.111s] Level 1:colcon.colcon_core.package_identification:_identify(docs/generated) by extensions ['python_setup_py']
[0.111s] Level 1:colcon.colcon_core.package_identification:_identify(docs/generated) by extension 'python_setup_py'
[0.111s] Level 1:colcon.colcon_core.package_identification:_identify(docs/howto) by extensions ['ignore', 'ignore_ament_install']
[0.111s] Level 1:colcon.colcon_core.package_identification:_identify(docs/howto) by extension 'ignore'
[0.111s] Level 1:colcon.colcon_core.package_identification:_identify(docs/howto) by extension 'ignore_ament_install'
[0.111s] Level 1:colcon.colcon_core.package_identification:_identify(docs/howto) by extensions ['colcon_pkg']
[0.111s] Level 1:colcon.colcon_core.package_identification:_identify(docs/howto) by extension 'colcon_pkg'
[0.111s] Level 1:colcon.colcon_core.package_identification:_identify(docs/howto) by extensions ['colcon_meta']
[0.111s] Level 1:colcon.colcon_core.package_identification:_identify(docs/howto) by extension 'colcon_meta'
[0.111s] Level 1:colcon.colcon_core.package_identification:_identify(docs/howto) by extensions ['ros']
[0.111s] Level 1:colcon.colcon_core.package_identification:_identify(docs/howto) by extension 'ros'
[0.111s] Level 1:colcon.colcon_core.package_identification:_identify(docs/howto) by extensions ['cmake', 'python']
[0.111s] Level 1:colcon.colcon_core.package_identification:_identify(docs/howto) by extension 'cmake'
[0.111s] Level 1:colcon.colcon_core.package_identification:_identify(docs/howto) by extension 'python'
[0.111s] Level 1:colcon.colcon_core.package_identification:_identify(docs/howto) by extensions ['python_setup_py']
[0.111s] Level 1:colcon.colcon_core.package_identification:_identify(docs/howto) by extension 'python_setup_py'
[0.111s] Level 1:colcon.colcon_core.package_identification:_identify(docs/images) by extensions ['ignore', 'ignore_ament_install']
[0.111s] Level 1:colcon.colcon_core.package_identification:_identify(docs/images) by extension 'ignore'
[0.111s] Level 1:colcon.colcon_core.package_identification:_identify(docs/images) by extension 'ignore_ament_install'
[0.111s] Level 1:colcon.colcon_core.package_identification:_identify(docs/images) by extensions ['colcon_pkg']
[0.111s] Level 1:colcon.colcon_core.package_identification:_identify(docs/images) by extension 'colcon_pkg'
[0.111s] Level 1:colcon.colcon_core.package_identification:_identify(docs/images) by extensions ['colcon_meta']
[0.111s] Level 1:colcon.colcon_core.package_identification:_identify(docs/images) by extension 'colcon_meta'
[0.112s] Level 1:colcon.colcon_core.package_identification:_identify(docs/images) by extensions ['ros']
[0.112s] Level 1:colcon.colcon_core.package_identification:_identify(docs/images) by extension 'ros'
[0.112s] Level 1:colcon.colcon_core.package_identification:_identify(docs/images) by extensions ['cmake', 'python']
[0.112s] Level 1:colcon.colcon_core.package_identification:_identify(docs/images) by extension 'cmake'
[0.112s] Level 1:colcon.colcon_core.package_identification:_identify(docs/images) by extension 'python'
[0.112s] Level 1:colcon.colcon_core.package_identification:_identify(docs/images) by extensions ['python_setup_py']
[0.112s] Level 1:colcon.colcon_core.package_identification:_identify(docs/images) by extension 'python_setup_py'
[0.112s] Level 1:colcon.colcon_core.package_identification:_identify(docs/tutorials) by extensions ['ignore', 'ignore_ament_install']
[0.112s] Level 1:colcon.colcon_core.package_identification:_identify(docs/tutorials) by extension 'ignore'
[0.112s] Level 1:colcon.colcon_core.package_identification:_identify(docs/tutorials) by extension 'ignore_ament_install'
[0.112s] Level 1:colcon.colcon_core.package_identification:_identify(docs/tutorials) by extensions ['colcon_pkg']
[0.112s] Level 1:colcon.colcon_core.package_identification:_identify(docs/tutorials) by extension 'colcon_pkg'
[0.112s] Level 1:colcon.colcon_core.package_identification:_identify(docs/tutorials) by extensions ['colcon_meta']
[0.112s] Level 1:colcon.colcon_core.package_identification:_identify(docs/tutorials) by extension 'colcon_meta'
[0.112s] Level 1:colcon.colcon_core.package_identification:_identify(docs/tutorials) by extensions ['ros']
[0.112s] Level 1:colcon.colcon_core.package_identification:_identify(docs/tutorials) by extension 'ros'
[0.112s] Level 1:colcon.colcon_core.package_identification:_identify(docs/tutorials) by extensions ['cmake', 'python']
[0.112s] Level 1:colcon.colcon_core.package_identification:_identify(docs/tutorials) by extension 'cmake'
[0.112s] Level 1:colcon.colcon_core.package_identification:_identify(docs/tutorials) by extension 'python'
[0.112s] Level 1:colcon.colcon_core.package_identification:_identify(docs/tutorials) by extensions ['python_setup_py']
[0.112s] Level 1:colcon.colcon_core.package_identification:_identify(docs/tutorials) by extension 'python_setup_py'
[0.112s] Level 1:colcon.colcon_core.package_identification:_identify(docs2) by extensions ['ignore', 'ignore_ament_install']
[0.112s] Level 1:colcon.colcon_core.package_identification:_identify(docs2) by extension 'ignore'
[0.112s] Level 1:colcon.colcon_core.package_identification:_identify(docs2) by extension 'ignore_ament_install'
[0.112s] Level 1:colcon.colcon_core.package_identification:_identify(docs2) by extensions ['colcon_pkg']
[0.112s] Level 1:colcon.colcon_core.package_identification:_identify(docs2) by extension 'colcon_pkg'
[0.112s] Level 1:colcon.colcon_core.package_identification:_identify(docs2) by extensions ['colcon_meta']
[0.112s] Level 1:colcon.colcon_core.package_identification:_identify(docs2) by extension 'colcon_meta'
[0.112s] Level 1:colcon.colcon_core.package_identification:_identify(docs2) by extensions ['ros']
[0.112s] Level 1:colcon.colcon_core.package_identification:_identify(docs2) by extension 'ros'
[0.112s] Level 1:colcon.colcon_core.package_identification:_identify(docs2) by extensions ['cmake', 'python']
[0.112s] Level 1:colcon.colcon_core.package_identification:_identify(docs2) by extension 'cmake'
[0.112s] Level 1:colcon.colcon_core.package_identification:_identify(docs2) by extension 'python'
[0.112s] Level 1:colcon.colcon_core.package_identification:_identify(docs2) by extensions ['python_setup_py']
[0.112s] Level 1:colcon.colcon_core.package_identification:_identify(docs2) by extension 'python_setup_py'
[0.112s] Level 1:colcon.colcon_core.package_identification:_identify(docs2/images) by extensions ['ignore', 'ignore_ament_install']
[0.112s] Level 1:colcon.colcon_core.package_identification:_identify(docs2/images) by extension 'ignore'
[0.112s] Level 1:colcon.colcon_core.package_identification:_identify(docs2/images) by extension 'ignore_ament_install'
[0.112s] Level 1:colcon.colcon_core.package_identification:_identify(docs2/images) by extensions ['colcon_pkg']
[0.112s] Level 1:colcon.colcon_core.package_identification:_identify(docs2/images) by extension 'colcon_pkg'
[0.112s] Level 1:colcon.colcon_core.package_identification:_identify(docs2/images) by extensions ['colcon_meta']
[0.112s] Level 1:colcon.colcon_core.package_identification:_identify(docs2/images) by extension 'colcon_meta'
[0.112s] Level 1:colcon.colcon_core.package_identification:_identify(docs2/images) by extensions ['ros']
[0.113s] Level 1:colcon.colcon_core.package_identification:_identify(docs2/images) by extension 'ros'
[0.113s] Level 1:colcon.colcon_core.package_identification:_identify(docs2/images) by extensions ['cmake', 'python']
[0.113s] Level 1:colcon.colcon_core.package_identification:_identify(docs2/images) by extension 'cmake'
[0.113s] Level 1:colcon.colcon_core.package_identification:_identify(docs2/images) by extension 'python'
[0.113s] Level 1:colcon.colcon_core.package_identification:_identify(docs2/images) by extensions ['python_setup_py']
[0.113s] Level 1:colcon.colcon_core.package_identification:_identify(docs2/images) by extension 'python_setup_py'
[0.113s] Level 1:colcon.colcon_core.package_identification:_identify(install) by extensions ['ignore', 'ignore_ament_install']
[0.113s] Level 1:colcon.colcon_core.package_identification:_identify(install) by extension 'ignore'
[0.113s] Level 1:colcon.colcon_core.package_identification:_identify(install) ignored
[0.113s] Level 1:colcon.colcon_core.package_identification:_identify(log) by extensions ['ignore', 'ignore_ament_install']
[0.113s] Level 1:colcon.colcon_core.package_identification:_identify(log) by extension 'ignore'
[0.113s] Level 1:colcon.colcon_core.package_identification:_identify(log) ignored
[0.113s] Level 1:colcon.colcon_core.package_identification:_identify(prebuilt) by extensions ['ignore', 'ignore_ament_install']
[0.113s] Level 1:colcon.colcon_core.package_identification:_identify(prebuilt) by extension 'ignore'
[0.113s] Level 1:colcon.colcon_core.package_identification:_identify(prebuilt) by extension 'ignore_ament_install'
[0.113s] Level 1:colcon.colcon_core.package_identification:_identify(prebuilt) by extensions ['colcon_pkg']
[0.113s] Level 1:colcon.colcon_core.package_identification:_identify(prebuilt) by extension 'colcon_pkg'
[0.113s] Level 1:colcon.colcon_core.package_identification:_identify(prebuilt) by extensions ['colcon_meta']
[0.113s] Level 1:colcon.colcon_core.package_identification:_identify(prebuilt) by extension 'colcon_meta'
[0.113s] Level 1:colcon.colcon_core.package_identification:_identify(prebuilt) by extensions ['ros']
[0.113s] Level 1:colcon.colcon_core.package_identification:_identify(prebuilt) by extension 'ros'
[0.113s] Level 1:colcon.colcon_core.package_identification:_identify(prebuilt) by extensions ['cmake', 'python']
[0.113s] Level 1:colcon.colcon_core.package_identification:_identify(prebuilt) by extension 'cmake'
[0.113s] Level 1:colcon.colcon_core.package_identification:_identify(prebuilt) by extension 'python'
[0.113s] Level 1:colcon.colcon_core.package_identification:_identify(prebuilt) by extensions ['python_setup_py']
[0.113s] Level 1:colcon.colcon_core.package_identification:_identify(prebuilt) by extension 'python_setup_py'
[0.113s] Level 1:colcon.colcon_core.package_identification:_identify(ros_ws) by extensions ['ignore', 'ignore_ament_install']
[0.113s] Level 1:colcon.colcon_core.package_identification:_identify(ros_ws) by extension 'ignore'
[0.113s] Level 1:colcon.colcon_core.package_identification:_identify(ros_ws) by extension 'ignore_ament_install'
[0.113s] Level 1:colcon.colcon_core.package_identification:_identify(ros_ws) by extensions ['colcon_pkg']
[0.113s] Level 1:colcon.colcon_core.package_identification:_identify(ros_ws) by extension 'colcon_pkg'
[0.113s] Level 1:colcon.colcon_core.package_identification:_identify(ros_ws) by extensions ['colcon_meta']
[0.113s] Level 1:colcon.colcon_core.package_identification:_identify(ros_ws) by extension 'colcon_meta'
[0.113s] Level 1:colcon.colcon_core.package_identification:_identify(ros_ws) by extensions ['ros']
[0.113s] Level 1:colcon.colcon_core.package_identification:_identify(ros_ws) by extension 'ros'
[0.113s] Level 1:colcon.colcon_core.package_identification:_identify(ros_ws) by extensions ['cmake', 'python']
[0.113s] Level 1:colcon.colcon_core.package_identification:_identify(ros_ws) by extension 'cmake'
[0.113s] Level 1:colcon.colcon_core.package_identification:_identify(ros_ws) by extension 'python'
[0.113s] Level 1:colcon.colcon_core.package_identification:_identify(ros_ws) by extensions ['python_setup_py']
[0.113s] Level 1:colcon.colcon_core.package_identification:_identify(ros_ws) by extension 'python_setup_py'
[0.113s] Level 1:colcon.colcon_core.package_identification:_identify(ros_ws/src) by extensions ['ignore', 'ignore_ament_install']
[0.114s] Level 1:colcon.colcon_core.package_identification:_identify(ros_ws/src) by extension 'ignore'
[0.114s] Level 1:colcon.colcon_core.package_identification:_identify(ros_ws/src) by extension 'ignore_ament_install'
[0.114s] Level 1:colcon.colcon_core.package_identification:_identify(ros_ws/src) by extensions ['colcon_pkg']
[0.114s] Level 1:colcon.colcon_core.package_identification:_identify(ros_ws/src) by extension 'colcon_pkg'
[0.114s] Level 1:colcon.colcon_core.package_identification:_identify(ros_ws/src) by extensions ['colcon_meta']
[0.114s] Level 1:colcon.colcon_core.package_identification:_identify(ros_ws/src) by extension 'colcon_meta'
[0.114s] Level 1:colcon.colcon_core.package_identification:_identify(ros_ws/src) by extensions ['ros']
[0.114s] Level 1:colcon.colcon_core.package_identification:_identify(ros_ws/src) by extension 'ros'
[0.114s] Level 1:colcon.colcon_core.package_identification:_identify(ros_ws/src) by extensions ['cmake', 'python']
[0.114s] Level 1:colcon.colcon_core.package_identification:_identify(ros_ws/src) by extension 'cmake'
[0.114s] Level 1:colcon.colcon_core.package_identification:_identify(ros_ws/src) by extension 'python'
[0.114s] Level 1:colcon.colcon_core.package_identification:_identify(ros_ws/src) by extensions ['python_setup_py']
[0.114s] Level 1:colcon.colcon_core.package_identification:_identify(ros_ws/src) by extension 'python_setup_py'
[0.114s] Level 1:colcon.colcon_core.package_identification:_identify(ros_ws/src/crazyswarm) by extensions ['ignore', 'ignore_ament_install']
[0.114s] Level 1:colcon.colcon_core.package_identification:_identify(ros_ws/src/crazyswarm) by extension 'ignore'
[0.114s] Level 1:colcon.colcon_core.package_identification:_identify(ros_ws/src/crazyswarm) by extension 'ignore_ament_install'
[0.114s] Level 1:colcon.colcon_core.package_identification:_identify(ros_ws/src/crazyswarm) by extensions ['colcon_pkg']
[0.114s] Level 1:colcon.colcon_core.package_identification:_identify(ros_ws/src/crazyswarm) by extension 'colcon_pkg'
[0.114s] Level 1:colcon.colcon_core.package_identification:_identify(ros_ws/src/crazyswarm) by extensions ['colcon_meta']
[0.114s] Level 1:colcon.colcon_core.package_identification:_identify(ros_ws/src/crazyswarm) by extension 'colcon_meta'
[0.114s] Level 1:colcon.colcon_core.package_identification:_identify(ros_ws/src/crazyswarm) by extensions ['ros']
[0.114s] Level 1:colcon.colcon_core.package_identification:_identify(ros_ws/src/crazyswarm) by extension 'ros'
[0.114s] Level 1:colcon.colcon_core.package_identification:_identify(ros_ws/src/crazyswarm) by extensions ['cmake', 'python']
[0.114s] Level 1:colcon.colcon_core.package_identification:_identify(ros_ws/src/crazyswarm) by extension 'cmake'
[0.114s] Level 1:colcon.colcon_core.package_identification:_identify(ros_ws/src/crazyswarm) by extension 'python'
[0.114s] Level 1:colcon.colcon_core.package_identification:_identify(ros_ws/src/crazyswarm) by extensions ['python_setup_py']
[0.114s] Level 1:colcon.colcon_core.package_identification:_identify(ros_ws/src/crazyswarm) by extension 'python_setup_py'
[0.114s] Level 1:colcon.colcon_core.package_identification:_identify(ros_ws/src/crazyswarm/launch) by extensions ['ignore', 'ignore_ament_install']
[0.114s] Level 1:colcon.colcon_core.package_identification:_identify(ros_ws/src/crazyswarm/launch) by extension 'ignore'
[0.114s] Level 1:colcon.colcon_core.package_identification:_identify(ros_ws/src/crazyswarm/launch) by extension 'ignore_ament_install'
[0.114s] Level 1:colcon.colcon_core.package_identification:_identify(ros_ws/src/crazyswarm/launch) by extensions ['colcon_pkg']
[0.114s] Level 1:colcon.colcon_core.package_identification:_identify(ros_ws/src/crazyswarm/launch) by extension 'colcon_pkg'
[0.114s] Level 1:colcon.colcon_core.package_identification:_identify(ros_ws/src/crazyswarm/launch) by extensions ['colcon_meta']
[0.114s] Level 1:colcon.colcon_core.package_identification:_identify(ros_ws/src/crazyswarm/launch) by extension 'colcon_meta'
[0.114s] Level 1:colcon.colcon_core.package_identification:_identify(ros_ws/src/crazyswarm/launch) by extensions ['ros']
[0.114s] Level 1:colcon.colcon_core.package_identification:_identify(ros_ws/src/crazyswarm/launch) by extension 'ros'
[0.114s] Level 1:colcon.colcon_core.package_identification:_identify(ros_ws/src/crazyswarm/launch) by extensions ['cmake', 'python']
[0.114s] Level 1:colcon.colcon_core.package_identification:_identify(ros_ws/src/crazyswarm/launch) by extension 'cmake'
[0.114s] Level 1:colcon.colcon_core.package_identification:_identify(ros_ws/src/crazyswarm/launch) by extension 'python'
[0.114s] Level 1:colcon.colcon_core.package_identification:_identify(ros_ws/src/crazyswarm/launch) by extensions ['python_setup_py']
[0.114s] Level 1:colcon.colcon_core.package_identification:_identify(ros_ws/src/crazyswarm/launch) by extension 'python_setup_py'
[0.115s] Level 1:colcon.colcon_core.package_identification:_identify(ros_ws/src/crazyswarm/scripts) by extensions ['ignore', 'ignore_ament_install']
[0.115s] Level 1:colcon.colcon_core.package_identification:_identify(ros_ws/src/crazyswarm/scripts) by extension 'ignore'
[0.115s] Level 1:colcon.colcon_core.package_identification:_identify(ros_ws/src/crazyswarm/scripts) by extension 'ignore_ament_install'
[0.115s] Level 1:colcon.colcon_core.package_identification:_identify(ros_ws/src/crazyswarm/scripts) by extensions ['colcon_pkg']
[0.115s] Level 1:colcon.colcon_core.package_identification:_identify(ros_ws/src/crazyswarm/scripts) by extension 'colcon_pkg'
[0.115s] Level 1:colcon.colcon_core.package_identification:_identify(ros_ws/src/crazyswarm/scripts) by extensions ['colcon_meta']
[0.115s] Level 1:colcon.colcon_core.package_identification:_identify(ros_ws/src/crazyswarm/scripts) by extension 'colcon_meta'
[0.115s] Level 1:colcon.colcon_core.package_identification:_identify(ros_ws/src/crazyswarm/scripts) by extensions ['ros']
[0.115s] Level 1:colcon.colcon_core.package_identification:_identify(ros_ws/src/crazyswarm/scripts) by extension 'ros'
[0.115s] Level 1:colcon.colcon_core.package_identification:_identify(ros_ws/src/crazyswarm/scripts) by extensions ['cmake', 'python']
[0.115s] Level 1:colcon.colcon_core.package_identification:_identify(ros_ws/src/crazyswarm/scripts) by extension 'cmake'
[0.115s] Level 1:colcon.colcon_core.package_identification:_identify(ros_ws/src/crazyswarm/scripts) by extension 'python'
[0.115s] Level 1:colcon.colcon_core.package_identification:_identify(ros_ws/src/crazyswarm/scripts) by extensions ['python_setup_py']
[0.115s] Level 1:colcon.colcon_core.package_identification:_identify(ros_ws/src/crazyswarm/scripts) by extension 'python_setup_py'
[0.115s] Level 1:colcon.colcon_core.package_identification:_identify(ros_ws/src/crazyswarm/scripts/crossing2_pps) by extensions ['ignore', 'ignore_ament_install']
[0.115s] Level 1:colcon.colcon_core.package_identification:_identify(ros_ws/src/crazyswarm/scripts/crossing2_pps) by extension 'ignore'
[0.115s] Level 1:colcon.colcon_core.package_identification:_identify(ros_ws/src/crazyswarm/scripts/crossing2_pps) by extension 'ignore_ament_install'
[0.115s] Level 1:colcon.colcon_core.package_identification:_identify(ros_ws/src/crazyswarm/scripts/crossing2_pps) by extensions ['colcon_pkg']
[0.115s] Level 1:colcon.colcon_core.package_identification:_identify(ros_ws/src/crazyswarm/scripts/crossing2_pps) by extension 'colcon_pkg'
[0.115s] Level 1:colcon.colcon_core.package_identification:_identify(ros_ws/src/crazyswarm/scripts/crossing2_pps) by extensions ['colcon_meta']
[0.115s] Level 1:colcon.colcon_core.package_identification:_identify(ros_ws/src/crazyswarm/scripts/crossing2_pps) by extension 'colcon_meta'
[0.115s] Level 1:colcon.colcon_core.package_identification:_identify(ros_ws/src/crazyswarm/scripts/crossing2_pps) by extensions ['ros']
[0.115s] Level 1:colcon.colcon_core.package_identification:_identify(ros_ws/src/crazyswarm/scripts/crossing2_pps) by extension 'ros'
[0.115s] Level 1:colcon.colcon_core.package_identification:_identify(ros_ws/src/crazyswarm/scripts/crossing2_pps) by extensions ['cmake', 'python']
[0.115s] Level 1:colcon.colcon_core.package_identification:_identify(ros_ws/src/crazyswarm/scripts/crossing2_pps) by extension 'cmake'
[0.115s] Level 1:colcon.colcon_core.package_identification:_identify(ros_ws/src/crazyswarm/scripts/crossing2_pps) by extension 'python'
[0.115s] Level 1:colcon.colcon_core.package_identification:_identify(ros_ws/src/crazyswarm/scripts/crossing2_pps) by extensions ['python_setup_py']
[0.115s] Level 1:colcon.colcon_core.package_identification:_identify(ros_ws/src/crazyswarm/scripts/crossing2_pps) by extension 'python_setup_py'
[0.115s] Level 1:colcon.colcon_core.package_identification:_identify(ros_ws/src/crazyswarm/scripts/crossing4_pps) by extensions ['ignore', 'ignore_ament_install']
[0.115s] Level 1:colcon.colcon_core.package_identification:_identify(ros_ws/src/crazyswarm/scripts/crossing4_pps) by extension 'ignore'
[0.115s] Level 1:colcon.colcon_core.package_identification:_identify(ros_ws/src/crazyswarm/scripts/crossing4_pps) by extension 'ignore_ament_install'
[0.115s] Level 1:colcon.colcon_core.package_identification:_identify(ros_ws/src/crazyswarm/scripts/crossing4_pps) by extensions ['colcon_pkg']
[0.115s] Level 1:colcon.colcon_core.package_identification:_identify(ros_ws/src/crazyswarm/scripts/crossing4_pps) by extension 'colcon_pkg'
[0.115s] Level 1:colcon.colcon_core.package_identification:_identify(ros_ws/src/crazyswarm/scripts/crossing4_pps) by extensions ['colcon_meta']
[0.115s] Level 1:colcon.colcon_core.package_identification:_identify(ros_ws/src/crazyswarm/scripts/crossing4_pps) by extension 'colcon_meta'
[0.115s] Level 1:colcon.colcon_core.package_identification:_identify(ros_ws/src/crazyswarm/scripts/crossing4_pps) by extensions ['ros']
[0.115s] Level 1:colcon.colcon_core.package_identification:_identify(ros_ws/src/crazyswarm/scripts/crossing4_pps) by extension 'ros'
[0.115s] Level 1:colcon.colcon_core.package_identification:_identify(ros_ws/src/crazyswarm/scripts/crossing4_pps) by extensions ['cmake', 'python']
[0.115s] Level 1:colcon.colcon_core.package_identification:_identify(ros_ws/src/crazyswarm/scripts/crossing4_pps) by extension 'cmake'
[0.115s] Level 1:colcon.colcon_core.package_identification:_identify(ros_ws/src/crazyswarm/scripts/crossing4_pps) by extension 'python'
[0.115s] Level 1:colcon.colcon_core.package_identification:_identify(ros_ws/src/crazyswarm/scripts/crossing4_pps) by extensions ['python_setup_py']
[0.116s] Level 1:colcon.colcon_core.package_identification:_identify(ros_ws/src/crazyswarm/scripts/crossing4_pps) by extension 'python_setup_py'
[0.116s] Level 1:colcon.colcon_core.package_identification:_identify(ros_ws/src/crazyswarm/scripts/sequence_trajectories) by extensions ['ignore', 'ignore_ament_install']
[0.116s] Level 1:colcon.colcon_core.package_identification:_identify(ros_ws/src/crazyswarm/scripts/sequence_trajectories) by extension 'ignore'
[0.116s] Level 1:colcon.colcon_core.package_identification:_identify(ros_ws/src/crazyswarm/scripts/sequence_trajectories) by extension 'ignore_ament_install'
[0.116s] Level 1:colcon.colcon_core.package_identification:_identify(ros_ws/src/crazyswarm/scripts/sequence_trajectories) by extensions ['colcon_pkg']
[0.116s] Level 1:colcon.colcon_core.package_identification:_identify(ros_ws/src/crazyswarm/scripts/sequence_trajectories) by extension 'colcon_pkg'
[0.116s] Level 1:colcon.colcon_core.package_identification:_identify(ros_ws/src/crazyswarm/scripts/sequence_trajectories) by extensions ['colcon_meta']
[0.116s] Level 1:colcon.colcon_core.package_identification:_identify(ros_ws/src/crazyswarm/scripts/sequence_trajectories) by extension 'colcon_meta'
[0.116s] Level 1:colcon.colcon_core.package_identification:_identify(ros_ws/src/crazyswarm/scripts/sequence_trajectories) by extensions ['ros']
[0.116s] Level 1:colcon.colcon_core.package_identification:_identify(ros_ws/src/crazyswarm/scripts/sequence_trajectories) by extension 'ros'
[0.116s] Level 1:colcon.colcon_core.package_identification:_identify(ros_ws/src/crazyswarm/scripts/sequence_trajectories) by extensions ['cmake', 'python']
[0.116s] Level 1:colcon.colcon_core.package_identification:_identify(ros_ws/src/crazyswarm/scripts/sequence_trajectories) by extension 'cmake'
[0.116s] Level 1:colcon.colcon_core.package_identification:_identify(ros_ws/src/crazyswarm/scripts/sequence_trajectories) by extension 'python'
[0.116s] Level 1:colcon.colcon_core.package_identification:_identify(ros_ws/src/crazyswarm/scripts/sequence_trajectories) by extensions ['python_setup_py']
[0.116s] Level 1:colcon.colcon_core.package_identification:_identify(ros_ws/src/crazyswarm/scripts/sequence_trajectories) by extension 'python_setup_py'
[0.116s] Level 1:colcon.colcon_core.package_identification:_identify(ros_ws/src/crazyswarm/scripts/sequence_trajectories/1) by extensions ['ignore', 'ignore_ament_install']
[0.116s] Level 1:colcon.colcon_core.package_identification:_identify(ros_ws/src/crazyswarm/scripts/sequence_trajectories/1) by extension 'ignore'
[0.116s] Level 1:colcon.colcon_core.package_identification:_identify(ros_ws/src/crazyswarm/scripts/sequence_trajectories/1) by extension 'ignore_ament_install'
[0.116s] Level 1:colcon.colcon_core.package_identification:_identify(ros_ws/src/crazyswarm/scripts/sequence_trajectories/1) by extensions ['colcon_pkg']
[0.116s] Level 1:colcon.colcon_core.package_identification:_identify(ros_ws/src/crazyswarm/scripts/sequence_trajectories/1) by extension 'colcon_pkg'
[0.116s] Level 1:colcon.colcon_core.package_identification:_identify(ros_ws/src/crazyswarm/scripts/sequence_trajectories/1) by extensions ['colcon_meta']
[0.116s] Level 1:colcon.colcon_core.package_identification:_identify(ros_ws/src/crazyswarm/scripts/sequence_trajectories/1) by extension 'colcon_meta'
[0.116s] Level 1:colcon.colcon_core.package_identification:_identify(ros_ws/src/crazyswarm/scripts/sequence_trajectories/1) by extensions ['ros']
[0.116s] Level 1:colcon.colcon_core.package_identification:_identify(ros_ws/src/crazyswarm/scripts/sequence_trajectories/1) by extension 'ros'
[0.116s] Level 1:colcon.colcon_core.package_identification:_identify(ros_ws/src/crazyswarm/scripts/sequence_trajectories/1) by extensions ['cmake', 'python']
[0.116s] Level 1:colcon.colcon_core.package_identification:_identify(ros_ws/src/crazyswarm/scripts/sequence_trajectories/1) by extension 'cmake'
[0.116s] Level 1:colcon.colcon_core.package_identification:_identify(ros_ws/src/crazyswarm/scripts/sequence_trajectories/1) by extension 'python'
[0.116s] Level 1:colcon.colcon_core.package_identification:_identify(ros_ws/src/crazyswarm/scripts/sequence_trajectories/1) by extensions ['python_setup_py']
[0.116s] Level 1:colcon.colcon_core.package_identification:_identify(ros_ws/src/crazyswarm/scripts/sequence_trajectories/1) by extension 'python_setup_py'
[0.116s] Level 1:colcon.colcon_core.package_identification:_identify(ros_ws/src/crazyswarm/scripts/sequence_trajectories/2) by extensions ['ignore', 'ignore_ament_install']
[0.116s] Level 1:colcon.colcon_core.package_identification:_identify(ros_ws/src/crazyswarm/scripts/sequence_trajectories/2) by extension 'ignore'
[0.116s] Level 1:colcon.colcon_core.package_identification:_identify(ros_ws/src/crazyswarm/scripts/sequence_trajectories/2) by extension 'ignore_ament_install'
[0.116s] Level 1:colcon.colcon_core.package_identification:_identify(ros_ws/src/crazyswarm/scripts/sequence_trajectories/2) by extensions ['colcon_pkg']
[0.116s] Level 1:colcon.colcon_core.package_identification:_identify(ros_ws/src/crazyswarm/scripts/sequence_trajectories/2) by extension 'colcon_pkg'
[0.116s] Level 1:colcon.colcon_core.package_identification:_identify(ros_ws/src/crazyswarm/scripts/sequence_trajectories/2) by extensions ['colcon_meta']
[0.116s] Level 1:colcon.colcon_core.package_identification:_identify(ros_ws/src/crazyswarm/scripts/sequence_trajectories/2) by extension 'colcon_meta'
[0.116s] Level 1:colcon.colcon_core.package_identification:_identify(ros_ws/src/crazyswarm/scripts/sequence_trajectories/2) by extensions ['ros']
[0.116s] Level 1:colcon.colcon_core.package_identification:_identify(ros_ws/src/crazyswarm/scripts/sequence_trajectories/2) by extension 'ros'
[0.117s] Level 1:colcon.colcon_core.package_identification:_identify(ros_ws/src/crazyswarm/scripts/sequence_trajectories/2) by extensions ['cmake', 'python']
[0.117s] Level 1:colcon.colcon_core.package_identification:_identify(ros_ws/src/crazyswarm/scripts/sequence_trajectories/2) by extension 'cmake'
[0.117s] Level 1:colcon.colcon_core.package_identification:_identify(ros_ws/src/crazyswarm/scripts/sequence_trajectories/2) by extension 'python'
[0.117s] Level 1:colcon.colcon_core.package_identification:_identify(ros_ws/src/crazyswarm/scripts/sequence_trajectories/2) by extensions ['python_setup_py']
[0.117s] Level 1:colcon.colcon_core.package_identification:_identify(ros_ws/src/crazyswarm/scripts/sequence_trajectories/2) by extension 'python_setup_py'
[0.117s] Level 1:colcon.colcon_core.package_identification:_identify(ros_ws/src/crazyswarm/scripts/sequence_trajectories/3) by extensions ['ignore', 'ignore_ament_install']
[0.117s] Level 1:colcon.colcon_core.package_identification:_identify(ros_ws/src/crazyswarm/scripts/sequence_trajectories/3) by extension 'ignore'
[0.117s] Level 1:colcon.colcon_core.package_identification:_identify(ros_ws/src/crazyswarm/scripts/sequence_trajectories/3) by extension 'ignore_ament_install'
[0.117s] Level 1:colcon.colcon_core.package_identification:_identify(ros_ws/src/crazyswarm/scripts/sequence_trajectories/3) by extensions ['colcon_pkg']
[0.117s] Level 1:colcon.colcon_core.package_identification:_identify(ros_ws/src/crazyswarm/scripts/sequence_trajectories/3) by extension 'colcon_pkg'
[0.117s] Level 1:colcon.colcon_core.package_identification:_identify(ros_ws/src/crazyswarm/scripts/sequence_trajectories/3) by extensions ['colcon_meta']
[0.117s] Level 1:colcon.colcon_core.package_identification:_identify(ros_ws/src/crazyswarm/scripts/sequence_trajectories/3) by extension 'colcon_meta'
[0.117s] Level 1:colcon.colcon_core.package_identification:_identify(ros_ws/src/crazyswarm/scripts/sequence_trajectories/3) by extensions ['ros']
[0.117s] Level 1:colcon.colcon_core.package_identification:_identify(ros_ws/src/crazyswarm/scripts/sequence_trajectories/3) by extension 'ros'
[0.117s] Level 1:colcon.colcon_core.package_identification:_identify(ros_ws/src/crazyswarm/scripts/sequence_trajectories/3) by extensions ['cmake', 'python']
[0.117s] Level 1:colcon.colcon_core.package_identification:_identify(ros_ws/src/crazyswarm/scripts/sequence_trajectories/3) by extension 'cmake'
[0.117s] Level 1:colcon.colcon_core.package_identification:_identify(ros_ws/src/crazyswarm/scripts/sequence_trajectories/3) by extension 'python'
[0.117s] Level 1:colcon.colcon_core.package_identification:_identify(ros_ws/src/crazyswarm/scripts/sequence_trajectories/3) by extensions ['python_setup_py']
[0.117s] Level 1:colcon.colcon_core.package_identification:_identify(ros_ws/src/crazyswarm/scripts/sequence_trajectories/3) by extension 'python_setup_py'
[0.117s] Level 1:colcon.colcon_core.package_identification:_identify(ros_ws/src/crazyswarm/scripts/sequence_trajectories/4) by extensions ['ignore', 'ignore_ament_install']
[0.117s] Level 1:colcon.colcon_core.package_identification:_identify(ros_ws/src/crazyswarm/scripts/sequence_trajectories/4) by extension 'ignore'
[0.117s] Level 1:colcon.colcon_core.package_identification:_identify(ros_ws/src/crazyswarm/scripts/sequence_trajectories/4) by extension 'ignore_ament_install'
[0.117s] Level 1:colcon.colcon_core.package_identification:_identify(ros_ws/src/crazyswarm/scripts/sequence_trajectories/4) by extensions ['colcon_pkg']
[0.117s] Level 1:colcon.colcon_core.package_identification:_identify(ros_ws/src/crazyswarm/scripts/sequence_trajectories/4) by extension 'colcon_pkg'
[0.117s] Level 1:colcon.colcon_core.package_identification:_identify(ros_ws/src/crazyswarm/scripts/sequence_trajectories/4) by extensions ['colcon_meta']
[0.117s] Level 1:colcon.colcon_core.package_identification:_identify(ros_ws/src/crazyswarm/scripts/sequence_trajectories/4) by extension 'colcon_meta'
[0.117s] Level 1:colcon.colcon_core.package_identification:_identify(ros_ws/src/crazyswarm/scripts/sequence_trajectories/4) by extensions ['ros']
[0.117s] Level 1:colcon.colcon_core.package_identification:_identify(ros_ws/src/crazyswarm/scripts/sequence_trajectories/4) by extension 'ros'
[0.117s] Level 1:colcon.colcon_core.package_identification:_identify(ros_ws/src/crazyswarm/scripts/sequence_trajectories/4) by extensions ['cmake', 'python']
[0.117s] Level 1:colcon.colcon_core.package_identification:_identify(ros_ws/src/crazyswarm/scripts/sequence_trajectories/4) by extension 'cmake'
[0.117s] Level 1:colcon.colcon_core.package_identification:_identify(ros_ws/src/crazyswarm/scripts/sequence_trajectories/4) by extension 'python'
[0.117s] Level 1:colcon.colcon_core.package_identification:_identify(ros_ws/src/crazyswarm/scripts/sequence_trajectories/4) by extensions ['python_setup_py']
[0.117s] Level 1:colcon.colcon_core.package_identification:_identify(ros_ws/src/crazyswarm/scripts/sequence_trajectories/4) by extension 'python_setup_py'
[0.117s] Level 1:colcon.colcon_core.package_identification:_identify(ros_ws/src/crazyswarm/scripts/sequence_trajectories/5) by extensions ['ignore', 'ignore_ament_install']
[0.117s] Level 1:colcon.colcon_core.package_identification:_identify(ros_ws/src/crazyswarm/scripts/sequence_trajectories/5) by extension 'ignore'
[0.117s] Level 1:colcon.colcon_core.package_identification:_identify(ros_ws/src/crazyswarm/scripts/sequence_trajectories/5) by extension 'ignore_ament_install'
[0.117s] Level 1:colcon.colcon_core.package_identification:_identify(ros_ws/src/crazyswarm/scripts/sequence_trajectories/5) by extensions ['colcon_pkg']
[0.117s] Level 1:colcon.colcon_core.package_identification:_identify(ros_ws/src/crazyswarm/scripts/sequence_trajectories/5) by extension 'colcon_pkg'
[0.118s] Level 1:colcon.colcon_core.package_identification:_identify(ros_ws/src/crazyswarm/scripts/sequence_trajectories/5) by extensions ['colcon_meta']
[0.118s] Level 1:colcon.colcon_core.package_identification:_identify(ros_ws/src/crazyswarm/scripts/sequence_trajectories/5) by extension 'colcon_meta'
[0.118s] Level 1:colcon.colcon_core.package_identification:_identify(ros_ws/src/crazyswarm/scripts/sequence_trajectories/5) by extensions ['ros']
[0.118s] Level 1:colcon.colcon_core.package_identification:_identify(ros_ws/src/crazyswarm/scripts/sequence_trajectories/5) by extension 'ros'
[0.118s] Level 1:colcon.colcon_core.package_identification:_identify(ros_ws/src/crazyswarm/scripts/sequence_trajectories/5) by extensions ['cmake', 'python']
[0.118s] Level 1:colcon.colcon_core.package_identification:_identify(ros_ws/src/crazyswarm/scripts/sequence_trajectories/5) by extension 'cmake'
[0.118s] Level 1:colcon.colcon_core.package_identification:_identify(ros_ws/src/crazyswarm/scripts/sequence_trajectories/5) by extension 'python'
[0.118s] Level 1:colcon.colcon_core.package_identification:_identify(ros_ws/src/crazyswarm/scripts/sequence_trajectories/5) by extensions ['python_setup_py']
[0.118s] Level 1:colcon.colcon_core.package_identification:_identify(ros_ws/src/crazyswarm/scripts/sequence_trajectories/5) by extension 'python_setup_py'
[0.118s] Level 1:colcon.colcon_core.package_identification:_identify(ros_ws/src/crazyswarm/scripts/sequence_trajectories/6) by extensions ['ignore', 'ignore_ament_install']
[0.118s] Level 1:colcon.colcon_core.package_identification:_identify(ros_ws/src/crazyswarm/scripts/sequence_trajectories/6) by extension 'ignore'
[0.118s] Level 1:colcon.colcon_core.package_identification:_identify(ros_ws/src/crazyswarm/scripts/sequence_trajectories/6) by extension 'ignore_ament_install'
[0.118s] Level 1:colcon.colcon_core.package_identification:_identify(ros_ws/src/crazyswarm/scripts/sequence_trajectories/6) by extensions ['colcon_pkg']
[0.118s] Level 1:colcon.colcon_core.package_identification:_identify(ros_ws/src/crazyswarm/scripts/sequence_trajectories/6) by extension 'colcon_pkg'
[0.118s] Level 1:colcon.colcon_core.package_identification:_identify(ros_ws/src/crazyswarm/scripts/sequence_trajectories/6) by extensions ['colcon_meta']
[0.118s] Level 1:colcon.colcon_core.package_identification:_identify(ros_ws/src/crazyswarm/scripts/sequence_trajectories/6) by extension 'colcon_meta'
[0.118s] Level 1:colcon.colcon_core.package_identification:_identify(ros_ws/src/crazyswarm/scripts/sequence_trajectories/6) by extensions ['ros']
[0.118s] Level 1:colcon.colcon_core.package_identification:_identify(ros_ws/src/crazyswarm/scripts/sequence_trajectories/6) by extension 'ros'
[0.118s] Level 1:colcon.colcon_core.package_identification:_identify(ros_ws/src/crazyswarm/scripts/sequence_trajectories/6) by extensions ['cmake', 'python']
[0.118s] Level 1:colcon.colcon_core.package_identification:_identify(ros_ws/src/crazyswarm/scripts/sequence_trajectories/6) by extension 'cmake'
[0.118s] Level 1:colcon.colcon_core.package_identification:_identify(ros_ws/src/crazyswarm/scripts/sequence_trajectories/6) by extension 'python'
[0.118s] Level 1:colcon.colcon_core.package_identification:_identify(ros_ws/src/crazyswarm/scripts/sequence_trajectories/6) by extensions ['python_setup_py']
[0.118s] Level 1:colcon.colcon_core.package_identification:_identify(ros_ws/src/crazyswarm/scripts/sequence_trajectories/6) by extension 'python_setup_py'
[0.118s] Level 1:colcon.colcon_core.package_identification:_identify(ros_ws/src/crazyswarm/scripts/sequence_trajectories/7) by extensions ['ignore', 'ignore_ament_install']
[0.118s] Level 1:colcon.colcon_core.package_identification:_identify(ros_ws/src/crazyswarm/scripts/sequence_trajectories/7) by extension 'ignore'
[0.118s] Level 1:colcon.colcon_core.package_identification:_identify(ros_ws/src/crazyswarm/scripts/sequence_trajectories/7) by extension 'ignore_ament_install'
[0.118s] Level 1:colcon.colcon_core.package_identification:_identify(ros_ws/src/crazyswarm/scripts/sequence_trajectories/7) by extensions ['colcon_pkg']
[0.118s] Level 1:colcon.colcon_core.package_identification:_identify(ros_ws/src/crazyswarm/scripts/sequence_trajectories/7) by extension 'colcon_pkg'
[0.118s] Level 1:colcon.colcon_core.package_identification:_identify(ros_ws/src/crazyswarm/scripts/sequence_trajectories/7) by extensions ['colcon_meta']
[0.118s] Level 1:colcon.colcon_core.package_identification:_identify(ros_ws/src/crazyswarm/scripts/sequence_trajectories/7) by extension 'colcon_meta'
[0.118s] Level 1:colcon.colcon_core.package_identification:_identify(ros_ws/src/crazyswarm/scripts/sequence_trajectories/7) by extensions ['ros']
[0.118s] Level 1:colcon.colcon_core.package_identification:_identify(ros_ws/src/crazyswarm/scripts/sequence_trajectories/7) by extension 'ros'
[0.118s] Level 1:colcon.colcon_core.package_identification:_identify(ros_ws/src/crazyswarm/scripts/sequence_trajectories/7) by extensions ['cmake', 'python']
[0.118s] Level 1:colcon.colcon_core.package_identification:_identify(ros_ws/src/crazyswarm/scripts/sequence_trajectories/7) by extension 'cmake'
[0.118s] Level 1:colcon.colcon_core.package_identification:_identify(ros_ws/src/crazyswarm/scripts/sequence_trajectories/7) by extension 'python'
[0.118s] Level 1:colcon.colcon_core.package_identification:_identify(ros_ws/src/crazyswarm/scripts/sequence_trajectories/7) by extensions ['python_setup_py']
[0.118s] Level 1:colcon.colcon_core.package_identification:_identify(ros_ws/src/crazyswarm/scripts/sequence_trajectories/7) by extension 'python_setup_py'
[0.118s] Level 1:colcon.colcon_core.package_identification:_identify(ros_ws/src/crazyswarm/scripts/swap6v_pps) by extensions ['ignore', 'ignore_ament_install']
[0.118s] Level 1:colcon.colcon_core.package_identification:_identify(ros_ws/src/crazyswarm/scripts/swap6v_pps) by extension 'ignore'
[0.118s] Level 1:colcon.colcon_core.package_identification:_identify(ros_ws/src/crazyswarm/scripts/swap6v_pps) by extension 'ignore_ament_install'
[0.119s] Level 1:colcon.colcon_core.package_identification:_identify(ros_ws/src/crazyswarm/scripts/swap6v_pps) by extensions ['colcon_pkg']
[0.119s] Level 1:colcon.colcon_core.package_identification:_identify(ros_ws/src/crazyswarm/scripts/swap6v_pps) by extension 'colcon_pkg'
[0.119s] Level 1:colcon.colcon_core.package_identification:_identify(ros_ws/src/crazyswarm/scripts/swap6v_pps) by extensions ['colcon_meta']
[0.119s] Level 1:colcon.colcon_core.package_identification:_identify(ros_ws/src/crazyswarm/scripts/swap6v_pps) by extension 'colcon_meta'
[0.119s] Level 1:colcon.colcon_core.package_identification:_identify(ros_ws/src/crazyswarm/scripts/swap6v_pps) by extensions ['ros']
[0.119s] Level 1:colcon.colcon_core.package_identification:_identify(ros_ws/src/crazyswarm/scripts/swap6v_pps) by extension 'ros'
[0.119s] Level 1:colcon.colcon_core.package_identification:_identify(ros_ws/src/crazyswarm/scripts/swap6v_pps) by extensions ['cmake', 'python']
[0.119s] Level 1:colcon.colcon_core.package_identification:_identify(ros_ws/src/crazyswarm/scripts/swap6v_pps) by extension 'cmake'
[0.119s] Level 1:colcon.colcon_core.package_identification:_identify(ros_ws/src/crazyswarm/scripts/swap6v_pps) by extension 'python'
[0.119s] Level 1:colcon.colcon_core.package_identification:_identify(ros_ws/src/crazyswarm/scripts/swap6v_pps) by extensions ['python_setup_py']
[0.119s] Level 1:colcon.colcon_core.package_identification:_identify(ros_ws/src/crazyswarm/scripts/swap6v_pps) by extension 'python_setup_py'
[0.119s] Level 1:colcon.colcon_core.package_identification:_identify(systemtests) by extensions ['ignore', 'ignore_ament_install']
[0.119s] Level 1:colcon.colcon_core.package_identification:_identify(systemtests) by extension 'ignore'
[0.119s] Level 1:colcon.colcon_core.package_identification:_identify(systemtests) by extension 'ignore_ament_install'
[0.119s] Level 1:colcon.colcon_core.package_identification:_identify(systemtests) by extensions ['colcon_pkg']
[0.119s] Level 1:colcon.colcon_core.package_identification:_identify(systemtests) by extension 'colcon_pkg'
[0.119s] Level 1:colcon.colcon_core.package_identification:_identify(systemtests) by extensions ['colcon_meta']
[0.119s] Level 1:colcon.colcon_core.package_identification:_identify(systemtests) by extension 'colcon_meta'
[0.119s] Level 1:colcon.colcon_core.package_identification:_identify(systemtests) by extensions ['ros']
[0.119s] Level 1:colcon.colcon_core.package_identification:_identify(systemtests) by extension 'ros'
[0.119s] Level 1:colcon.colcon_core.package_identification:_identify(systemtests) by extensions ['cmake', 'python']
[0.119s] Level 1:colcon.colcon_core.package_identification:_identify(systemtests) by extension 'cmake'
[0.119s] Level 1:colcon.colcon_core.package_identification:_identify(systemtests) by extension 'python'
[0.119s] Level 1:colcon.colcon_core.package_identification:_identify(systemtests) by extensions ['python_setup_py']
[0.119s] Level 1:colcon.colcon_core.package_identification:_identify(systemtests) by extension 'python_setup_py'
[0.119s] Level 1:colcon.colcon_core.package_identification:_identify(systemtests/SDplotting) by extensions ['ignore', 'ignore_ament_install']
[0.119s] Level 1:colcon.colcon_core.package_identification:_identify(systemtests/SDplotting) by extension 'ignore'
[0.119s] Level 1:colcon.colcon_core.package_identification:_identify(systemtests/SDplotting) by extension 'ignore_ament_install'
[0.119s] Level 1:colcon.colcon_core.package_identification:_identify(systemtests/SDplotting) by extensions ['colcon_pkg']
[0.119s] Level 1:colcon.colcon_core.package_identification:_identify(systemtests/SDplotting) by extension 'colcon_pkg'
[0.119s] Level 1:colcon.colcon_core.package_identification:_identify(systemtests/SDplotting) by extensions ['colcon_meta']
[0.119s] Level 1:colcon.colcon_core.package_identification:_identify(systemtests/SDplotting) by extension 'colcon_meta'
[0.119s] Level 1:colcon.colcon_core.package_identification:_identify(systemtests/SDplotting) by extensions ['ros']
[0.119s] Level 1:colcon.colcon_core.package_identification:_identify(systemtests/SDplotting) by extension 'ros'
[0.119s] Level 1:colcon.colcon_core.package_identification:_identify(systemtests/SDplotting) by extensions ['cmake', 'python']
[0.119s] Level 1:colcon.colcon_core.package_identification:_identify(systemtests/SDplotting) by extension 'cmake'
[0.119s] Level 1:colcon.colcon_core.package_identification:_identify(systemtests/SDplotting) by extension 'python'
[0.119s] Level 1:colcon.colcon_core.package_identification:_identify(systemtests/SDplotting) by extensions ['python_setup_py']
[0.119s] Level 1:colcon.colcon_core.package_identification:_identify(systemtests/SDplotting) by extension 'python_setup_py'
[0.119s] Level 1:colcon.colcon_core.package_discovery:discover_packages(recursive) using defaults
[0.119s] Level 1:colcon.colcon_core.package_discovery:discover_packages(ignore) discover
[0.119s] Level 1:colcon.colcon_core.package_discovery:discover_packages(ignore) using defaults
[0.119s] Level 1:colcon.colcon_core.package_discovery:discover_packages(path) discover
[0.119s] Level 1:colcon.colcon_core.package_discovery:discover_packages(path) using defaults
[0.131s] INFO:colcon.colcon_core.package_selection:Skipping not selected package 'crazyflie_interfaces' in 'crazyflie_interfaces'
[0.131s] INFO:colcon.colcon_core.package_selection:Skipping not selected package 'crazyflie' in 'crazyflie'
[0.131s] INFO:colcon.colcon_core.package_selection:Skipping not selected package 'crazyflie_py' in 'crazyflie_py'
[0.131s] INFO:colcon.colcon_core.package_selection:Skipping not selected package 'crazyflie_sim' in 'crazyflie_sim'
[0.132s] Level 1:colcon.colcon_core.package_discovery:discover_packages(prefix_path) check parameters
[0.132s] Level 1:colcon.colcon_core.package_discovery:discover_packages(prefix_path) discover
[0.133s] DEBUG:colcon.colcon_installed_package_information.package_discovery:Found 1 installed packages in /home/flyingrobots/georg/ros2_ws/src/crazyswarm2/install
[0.133s] DEBUG:colcon.colcon_installed_package_information.package_discovery:Found 0 installed packages in /home/flyingrobots/georg/flying_robot_course/Controls/install
[0.133s] DEBUG:colcon.colcon_installed_package_information.package_discovery:Found 0 installed packages in /home/flyingrobots/georg/crazyflie-firmware/install
[0.133s] DEBUG:colcon.colcon_installed_package_information.package_discovery:Found 7 installed packages in /home/flyingrobots/georg/ros2_ws/install
[0.134s] DEBUG:colcon.colcon_installed_package_information.package_discovery:Found 299 installed packages in /opt/ros/jazzy
[0.135s] Level 1:colcon.colcon_core.package_discovery:discover_packages(prefix_path) using defaults
[0.158s] Level 5:colcon.colcon_core.verb:set package 'crazyflie_examples' build argument 'cmake_args' from command line to 'None'
[0.158s] Level 5:colcon.colcon_core.verb:set package 'crazyflie_examples' build argument 'cmake_target' from command line to 'None'
[0.158s] Level 5:colcon.colcon_core.verb:set package 'crazyflie_examples' build argument 'cmake_target_skip_unavailable' from command line to 'False'
[0.158s] Level 5:colcon.colcon_core.verb:set package 'crazyflie_examples' build argument 'cmake_clean_cache' from command line to 'False'
[0.158s] Level 5:colcon.colcon_core.verb:set package 'crazyflie_examples' build argument 'cmake_clean_first' from command line to 'False'
[0.158s] Level 5:colcon.colcon_core.verb:set package 'crazyflie_examples' build argument 'cmake_force_configure' from command line to 'False'
[0.158s] Level 5:colcon.colcon_core.verb:set package 'crazyflie_examples' build argument 'ament_cmake_args' from command line to 'None'
[0.158s] Level 5:colcon.colcon_core.verb:set package 'crazyflie_examples' build argument 'catkin_cmake_args' from command line to 'None'
[0.158s] Level 5:colcon.colcon_core.verb:set package 'crazyflie_examples' build argument 'catkin_skip_building_tests' from command line to 'False'
[0.158s] DEBUG:colcon.colcon_core.verb:Building package 'crazyflie_examples' with the following arguments: {'ament_cmake_args': None, 'build_base': '/home/flyingrobots/georg/ros2_ws/src/crazyswarm2/build/crazyflie_examples', 'catkin_cmake_args': None, 'catkin_skip_building_tests': False, 'cmake_args': None, 'cmake_clean_cache': False, 'cmake_clean_first': False, 'cmake_force_configure': False, 'cmake_target': None, 'cmake_target_skip_unavailable': False, 'install_base': '/home/flyingrobots/georg/ros2_ws/src/crazyswarm2/install/crazyflie_examples', 'merge_install': False, 'path': '/home/flyingrobots/georg/ros2_ws/src/crazyswarm2/crazyflie_examples', 'symlink_install': True, 'test_result_base': None}
[0.158s] INFO:colcon.colcon_core.executor:Executing jobs using 'parallel' executor
[0.158s] DEBUG:colcon.colcon_parallel_executor.executor.parallel:run_until_complete
[0.159s] INFO:colcon.colcon_ros.task.ament_cmake.build:Building ROS package in '/home/flyingrobots/georg/ros2_ws/src/crazyswarm2/crazyflie_examples' with build type 'ament_cmake'
[0.159s] INFO:colcon.colcon_cmake.task.cmake.build:Building CMake package in '/home/flyingrobots/georg/ros2_ws/src/crazyswarm2/crazyflie_examples'
[0.160s] INFO:colcon.colcon_core.plugin_system:Skipping extension 'colcon_core.shell.bat': Not used on non-Windows systems
[0.160s] INFO:colcon.colcon_core.shell:Skip shell extension 'powershell' for command environment: Not usable outside of PowerShell
[0.160s] DEBUG:colcon.colcon_core.shell:Skip shell extension 'dsv' for command environment
[0.162s] WARNING:colcon.colcon_core.shell:The following packages are in the workspace but haven't been built:
- crazyflie_interfaces
- crazyflie_py
They are being used from the following locations instead:
- /home/flyingrobots/georg/ros2_ws/install/crazyflie_interfaces
- /home/flyingrobots/georg/ros2_ws/install/crazyflie_py
To suppress this warning ignore these packages in the workspace:
--packages-ignore crazyflie_interfaces crazyflie_py
[0.167s] DEBUG:colcon.colcon_core.event_handler.log_command:Invoking command in '/home/flyingrobots/georg/ros2_ws/src/crazyswarm2/build/crazyflie_examples': CMAKE_PREFIX_PATH=${CMAKE_PREFIX_PATH}:/opt/ros/jazzy:/home/flyingrobots/georg/ros2_ws/install/crazyflie_py DEBUGINFOD_URLS=https://debuginfod.ubuntu.com PS1=(venv) \[\e]0;\u@\h: \w\a\]${debian_chroot:+($debian_chroot)}\[\033[01;32m\]\u@\h\[\033[00m\]:\[\033[01;34m\]\w\[\033[00m\]\$ VIRTUAL_ENV_PROMPT=(venv) /usr/bin/cmake --build /home/flyingrobots/georg/ros2_ws/src/crazyswarm2/build/crazyflie_examples -- -j24 -l24
[0.233s] DEBUG:colcon.colcon_core.event_handler.log_command:Invoked command in '/home/flyingrobots/georg/ros2_ws/src/crazyswarm2/build/crazyflie_examples' returned '2': CMAKE_PREFIX_PATH=${CMAKE_PREFIX_PATH}:/opt/ros/jazzy:/home/flyingrobots/georg/ros2_ws/install/crazyflie_py DEBUGINFOD_URLS=https://debuginfod.ubuntu.com PS1=(venv) \[\e]0;\u@\h: \w\a\]${debian_chroot:+($debian_chroot)}\[\033[01;32m\]\u@\h\[\033[00m\]:\[\033[01;34m\]\w\[\033[00m\]\$ VIRTUAL_ENV_PROMPT=(venv) /usr/bin/cmake --build /home/flyingrobots/georg/ros2_ws/src/crazyswarm2/build/crazyflie_examples -- -j24 -l24
[0.233s] Level 1:colcon.colcon_core.environment:create_environment_scripts_only(crazyflie_examples)
[0.237s] Level 1:colcon.colcon_core.environment:checking '/home/flyingrobots/georg/ros2_ws/src/crazyswarm2/install/crazyflie_examples' for CMake module files
[0.238s] Level 1:colcon.colcon_core.environment:checking '/home/flyingrobots/georg/ros2_ws/src/crazyswarm2/install/crazyflie_examples' for CMake config files
[0.238s] Level 1:colcon.colcon_core.shell:create_environment_hook('crazyflie_examples', 'cmake_prefix_path')
[0.238s] INFO:colcon.colcon_core.shell:Creating environment hook '/home/flyingrobots/georg/ros2_ws/src/crazyswarm2/install/crazyflie_examples/share/crazyflie_examples/hook/cmake_prefix_path.ps1'
[0.239s] INFO:colcon.colcon_core.shell:Creating environment descriptor '/home/flyingrobots/georg/ros2_ws/src/crazyswarm2/install/crazyflie_examples/share/crazyflie_examples/hook/cmake_prefix_path.dsv'
[0.240s] INFO:colcon.colcon_core.shell:Creating environment hook '/home/flyingrobots/georg/ros2_ws/src/crazyswarm2/install/crazyflie_examples/share/crazyflie_examples/hook/cmake_prefix_path.sh'
[0.241s] Level 1:colcon.colcon_core.environment:checking '/home/flyingrobots/georg/ros2_ws/src/crazyswarm2/install/crazyflie_examples/lib'
[0.241s] Level 1:colcon.colcon_core.environment:checking '/home/flyingrobots/georg/ros2_ws/src/crazyswarm2/install/crazyflie_examples/bin'
[0.241s] Level 1:colcon.colcon_core.environment:checking '/home/flyingrobots/georg/ros2_ws/src/crazyswarm2/install/crazyflie_examples/lib/pkgconfig/crazyflie_examples.pc'
[0.242s] Level 1:colcon.colcon_core.environment:checking '/home/flyingrobots/georg/ros2_ws/src/crazyswarm2/install/crazyflie_examples/lib/python3.12/site-packages'
[0.242s] Level 1:colcon.colcon_core.shell:create_environment_hook('crazyflie_examples', 'pythonpath')
[0.242s] INFO:colcon.colcon_core.shell:Creating environment hook '/home/flyingrobots/georg/ros2_ws/src/crazyswarm2/install/crazyflie_examples/share/crazyflie_examples/hook/pythonpath.ps1'
[0.243s] INFO:colcon.colcon_core.shell:Creating environment descriptor '/home/flyingrobots/georg/ros2_ws/src/crazyswarm2/install/crazyflie_examples/share/crazyflie_examples/hook/pythonpath.dsv'
[0.243s] INFO:colcon.colcon_core.shell:Creating environment hook '/home/flyingrobots/georg/ros2_ws/src/crazyswarm2/install/crazyflie_examples/share/crazyflie_examples/hook/pythonpath.sh'
[0.244s] Level 1:colcon.colcon_core.environment:checking '/home/flyingrobots/georg/ros2_ws/src/crazyswarm2/install/crazyflie_examples/bin'
[0.244s] INFO:colcon.colcon_core.shell:Creating package script '/home/flyingrobots/georg/ros2_ws/src/crazyswarm2/install/crazyflie_examples/share/crazyflie_examples/package.ps1'
[0.245s] INFO:colcon.colcon_core.shell:Creating package descriptor '/home/flyingrobots/georg/ros2_ws/src/crazyswarm2/install/crazyflie_examples/share/crazyflie_examples/package.dsv'
[0.246s] INFO:colcon.colcon_core.shell:Creating package script '/home/flyingrobots/georg/ros2_ws/src/crazyswarm2/install/crazyflie_examples/share/crazyflie_examples/package.sh'
[0.247s] INFO:colcon.colcon_core.shell:Creating package script '/home/flyingrobots/georg/ros2_ws/src/crazyswarm2/install/crazyflie_examples/share/crazyflie_examples/package.bash'
[0.247s] INFO:colcon.colcon_core.shell:Creating package script '/home/flyingrobots/georg/ros2_ws/src/crazyswarm2/install/crazyflie_examples/share/crazyflie_examples/package.zsh'
[0.248s] Level 1:colcon.colcon_core.environment:create_file_with_runtime_dependencies(/home/flyingrobots/georg/ros2_ws/src/crazyswarm2/install/crazyflie_examples/share/colcon-core/packages/crazyflie_examples)
[0.258s] DEBUG:colcon.colcon_parallel_executor.executor.parallel:closing loop
[0.259s] DEBUG:colcon.colcon_parallel_executor.executor.parallel:loop closed
[0.259s] DEBUG:colcon.colcon_parallel_executor.executor.parallel:run_until_complete finished with '2'
[0.259s] DEBUG:colcon.colcon_core.event_reactor:joining thread
[0.268s] INFO:colcon.colcon_core.plugin_system:Skipping extension 'colcon_notification.desktop_notification.terminal_notifier': Not used on non-Darwin systems
[0.268s] INFO:colcon.colcon_core.plugin_system:Skipping extension 'colcon_notification.desktop_notification.win32': Not used on non-Windows systems
[0.268s] INFO:colcon.colcon_notification.desktop_notification:Sending desktop notification using 'notify2'
[0.286s] DEBUG:colcon.colcon_core.event_reactor:joined thread
[0.286s] INFO:colcon.colcon_core.shell:Creating prefix script '/home/flyingrobots/georg/ros2_ws/src/crazyswarm2/install/local_setup.ps1'
[0.288s] INFO:colcon.colcon_core.shell:Creating prefix util module '/home/flyingrobots/georg/ros2_ws/src/crazyswarm2/install/_local_setup_util_ps1.py'
[0.289s] INFO:colcon.colcon_core.shell:Creating prefix chain script '/home/flyingrobots/georg/ros2_ws/src/crazyswarm2/install/setup.ps1'
[0.290s] INFO:colcon.colcon_core.shell:Creating prefix script '/home/flyingrobots/georg/ros2_ws/src/crazyswarm2/install/local_setup.sh'
[0.291s] INFO:colcon.colcon_core.shell:Creating prefix util module '/home/flyingrobots/georg/ros2_ws/src/crazyswarm2/install/_local_setup_util_sh.py'
[0.291s] INFO:colcon.colcon_core.shell:Creating prefix chain script '/home/flyingrobots/georg/ros2_ws/src/crazyswarm2/install/setup.sh'
[0.293s] INFO:colcon.colcon_core.shell:Creating prefix script '/home/flyingrobots/georg/ros2_ws/src/crazyswarm2/install/local_setup.bash'
[0.293s] INFO:colcon.colcon_core.shell:Creating prefix chain script '/home/flyingrobots/georg/ros2_ws/src/crazyswarm2/install/setup.bash'
[0.294s] INFO:colcon.colcon_core.shell:Creating prefix script '/home/flyingrobots/georg/ros2_ws/src/crazyswarm2/install/local_setup.zsh'
[0.294s] INFO:colcon.colcon_core.shell:Creating prefix chain script '/home/flyingrobots/georg/ros2_ws/src/crazyswarm2/install/setup.zsh'
