[0.522s] Invoking command in '/home/flyingrobots/georg/ros2_ws/src/crazyswarm2/build/crazyflie_py': AMENT_PREFIX_PATH=/home/flyingrobots/georg/ros2_ws/src/crazyswarm2/install/crazyflie_interfaces:${AMENT_PREFIX_PATH} CMAKE_PREFIX_PATH=/home/flyingrobots/georg/ros2_ws/src/crazyswarm2/install/crazyflie_interfaces:${CMAKE_PREFIX_PATH} DEBUGINFOD_URLS=https://debuginfod.ubuntu.com LD_LIBRARY_PATH=/home/flyingrobots/georg/ros2_ws/src/crazyswarm2/install/crazyflie_interfaces/lib:${LD_LIBRARY_PATH} PS1=(venv) PYTHONPATH=/home/flyingrobots/georg/ros2_ws/src/crazyswarm2/build/crazyflie_py/prefix_override:/usr/lib/python3/dist-packages/colcon_core/task/python/colcon_distutils_commands:/home/flyingrobots/georg/ros2_ws/src/crazyswarm2/install/crazyflie_py/lib/python3.12/site-packages:/home/flyingrobots/georg/ros2_ws/src/crazyswarm2/install/crazyflie_interfaces/lib/python3.12/site-packages:${PYTHONPATH} VIRTUAL_ENV_PROMPT=(venv) /usr/bin/python3 -W ignore:setup.py install is deprecated -W ignore:easy_install command is deprecated setup.py develop --editable --build-directory /home/flyingrobots/georg/ros2_ws/src/crazyswarm2/build/crazyflie_py/build --no-deps symlink_data
[0.711s] running develop
[0.850s] running egg_info
[0.850s] creating crazyflie_py.egg-info
[0.860s] writing crazyflie_py.egg-info/PKG-INFO
[0.860s] writing dependency_links to crazyflie_py.egg-info/dependency_links.txt
[0.861s] writing requirements to crazyflie_py.egg-info/requires.txt
[0.861s] writing top-level names to crazyflie_py.egg-info/top_level.txt
[0.861s] writing manifest file 'crazyflie_py.egg-info/SOURCES.txt'
[0.916s] reading manifest file 'crazyflie_py.egg-info/SOURCES.txt'
[0.917s] writing manifest file 'crazyflie_py.egg-info/SOURCES.txt'
[0.938s] running build_ext
[0.938s] Creating /home/flyingrobots/georg/ros2_ws/src/crazyswarm2/install/crazyflie_py/lib/python3.12/site-packages/crazyflie-py.egg-link (link to .)
[0.939s] 
[0.939s] Installed /home/flyingrobots/georg/ros2_ws/src/crazyswarm2/build/crazyflie_py
[0.939s] running symlink_data
[0.939s] creating /home/flyingrobots/georg/ros2_ws/src/crazyswarm2/install/crazyflie_py/share/ament_index
[0.939s] creating /home/flyingrobots/georg/ros2_ws/src/crazyswarm2/install/crazyflie_py/share/ament_index/resource_index
[0.939s] creating /home/flyingrobots/georg/ros2_ws/src/crazyswarm2/install/crazyflie_py/share/ament_index/resource_index/packages
[0.939s] symbolically linking /home/flyingrobots/georg/ros2_ws/src/crazyswarm2/build/crazyflie_py/resource/crazyflie_py -> /home/flyingrobots/georg/ros2_ws/src/crazyswarm2/install/crazyflie_py/share/ament_index/resource_index/packages
[0.939s] symbolically linking /home/flyingrobots/georg/ros2_ws/src/crazyswarm2/build/crazyflie_py/package.xml -> /home/flyingrobots/georg/ros2_ws/src/crazyswarm2/install/crazyflie_py/share/crazyflie_py
[0.961s] Invoked command in '/home/flyingrobots/georg/ros2_ws/src/crazyswarm2/build/crazyflie_py' returned '0': AMENT_PREFIX_PATH=/home/flyingrobots/georg/ros2_ws/src/crazyswarm2/install/crazyflie_interfaces:${AMENT_PREFIX_PATH} CMAKE_PREFIX_PATH=/home/flyingrobots/georg/ros2_ws/src/crazyswarm2/install/crazyflie_interfaces:${CMAKE_PREFIX_PATH} DEBUGINFOD_URLS=https://debuginfod.ubuntu.com LD_LIBRARY_PATH=/home/flyingrobots/georg/ros2_ws/src/crazyswarm2/install/crazyflie_interfaces/lib:${LD_LIBRARY_PATH} PS1=(venv) PYTHONPATH=/home/flyingrobots/georg/ros2_ws/src/crazyswarm2/build/crazyflie_py/prefix_override:/usr/lib/python3/dist-packages/colcon_core/task/python/colcon_distutils_commands:/home/flyingrobots/georg/ros2_ws/src/crazyswarm2/install/crazyflie_py/lib/python3.12/site-packages:/home/flyingrobots/georg/ros2_ws/src/crazyswarm2/install/crazyflie_interfaces/lib/python3.12/site-packages:${PYTHONPATH} VIRTUAL_ENV_PROMPT=(venv) /usr/bin/python3 -W ignore:setup.py install is deprecated -W ignore:easy_install command is deprecated setup.py develop --editable --build-directory /home/flyingrobots/georg/ros2_ws/src/crazyswarm2/build/crazyflie_py/build --no-deps symlink_data
