[  0%] Built target crazyflie_interfaces__rosidl_generator_type_description
[  0%] Built target ament_cmake_python_symlink_crazyflie_interfaces
[  0%] Built target crazyflie_interfaces__cpp
[ 28%] Built target crazyflie_interfaces__rosidl_generator_c
[ 38%] Built target crazyflie_interfaces__rosidl_typesupport_c
[ 48%] Built target crazyflie_interfaces__rosidl_typesupport_introspection_c
[ 58%] Built target crazyflie_interfaces__rosidl_typesupport_introspection_cpp
[ 78%] Built target crazyflie_interfaces__rosidl_typesupport_fastrtps_c
[ 78%] Built target crazyflie_interfaces__rosidl_typesupport_cpp
[ 87%] Built target crazyflie_interfaces__rosidl_typesupport_fastrtps_cpp
[ 87%] Built target crazyflie_interfaces
[ 87%] Built target crazyflie_interfaces__py
[ 97%] Built target crazyflie_interfaces__rosidl_generator_py
running egg_info
[100%] Built target crazyflie_interfaces_s__rosidl_typesupport_c
[100%] Built target crazyflie_interfaces_s__rosidl_typesupport_introspection_c
[100%] Built target crazyflie_interfaces_s__rosidl_typesupport_fastrtps_c
writing crazyflie_interfaces.egg-info/PKG-INFO
writing dependency_links to crazyflie_interfaces.egg-info/dependency_links.txt
writing top-level names to crazyflie_interfaces.egg-info/top_level.txt
reading manifest file 'crazyflie_interfaces.egg-info/SOURCES.txt'
writing manifest file 'crazyflie_interfaces.egg-info/SOURCES.txt'
[100%] Built target ament_cmake_python_build_crazyflie_interfaces_egg
-- Install configuration: ""
-- Execute custom install script
-- Up-to-date symlink: /home/flyingrobots/georg/ros2_ws/src/crazyswarm2/install/crazyflie_interfaces/share/ament_index/resource_index/rosidl_interfaces/crazyflie_interfaces
-- Up-to-date symlink: /home/flyingrobots/georg/ros2_ws/src/crazyswarm2/install/crazyflie_interfaces/share/crazyflie_interfaces/msg/ConnectionStatistics.json
-- Up-to-date symlink: /home/flyingrobots/georg/ros2_ws/src/crazyswarm2/install/crazyflie_interfaces/share/crazyflie_interfaces/msg/ConnectionStatisticsArray.json
-- Up-to-date symlink: /home/flyingrobots/georg/ros2_ws/src/crazyswarm2/install/crazyflie_interfaces/share/crazyflie_interfaces/msg/FullState.json
-- Up-to-date symlink: /home/flyingrobots/georg/ros2_ws/src/crazyswarm2/install/crazyflie_interfaces/share/crazyflie_interfaces/msg/LogDataGeneric.json
-- Up-to-date symlink: /home/flyingrobots/georg/ros2_ws/src/crazyswarm2/install/crazyflie_interfaces/share/crazyflie_interfaces/msg/Hover.json
-- Up-to-date symlink: /home/flyingrobots/georg/ros2_ws/src/crazyswarm2/install/crazyflie_interfaces/share/crazyflie_interfaces/msg/LogBlock.json
-- Up-to-date symlink: /home/flyingrobots/georg/ros2_ws/src/crazyswarm2/install/crazyflie_interfaces/share/crazyflie_interfaces/msg/Position.json
-- Up-to-date symlink: /home/flyingrobots/georg/ros2_ws/src/crazyswarm2/install/crazyflie_interfaces/share/crazyflie_interfaces/msg/Status.json
-- Up-to-date symlink: /home/flyingrobots/georg/ros2_ws/src/crazyswarm2/install/crazyflie_interfaces/share/crazyflie_interfaces/msg/TrajectoryPolynomialPiece.json
-- Up-to-date symlink: /home/flyingrobots/georg/ros2_ws/src/crazyswarm2/install/crazyflie_interfaces/share/crazyflie_interfaces/msg/VelocityWorld.json
-- Up-to-date symlink: /home/flyingrobots/georg/ros2_ws/src/crazyswarm2/install/crazyflie_interfaces/share/crazyflie_interfaces/srv/GoTo.json
-- Up-to-date symlink: /home/flyingrobots/georg/ros2_ws/src/crazyswarm2/install/crazyflie_interfaces/share/crazyflie_interfaces/srv/Land.json
-- Up-to-date symlink: /home/flyingrobots/georg/ros2_ws/src/crazyswarm2/install/crazyflie_interfaces/share/crazyflie_interfaces/srv/NotifySetpointsStop.json
-- Up-to-date symlink: /home/flyingrobots/georg/ros2_ws/src/crazyswarm2/install/crazyflie_interfaces/share/crazyflie_interfaces/srv/SetGroupMask.json
-- Up-to-date symlink: /home/flyingrobots/georg/ros2_ws/src/crazyswarm2/install/crazyflie_interfaces/share/crazyflie_interfaces/srv/StartTrajectory.json
-- Up-to-date symlink: /home/flyingrobots/georg/ros2_ws/src/crazyswarm2/install/crazyflie_interfaces/share/crazyflie_interfaces/srv/Stop.json
-- Up-to-date symlink: /home/flyingrobots/georg/ros2_ws/src/crazyswarm2/install/crazyflie_interfaces/share/crazyflie_interfaces/srv/Takeoff.json
-- Up-to-date symlink: /home/flyingrobots/georg/ros2_ws/src/crazyswarm2/install/crazyflie_interfaces/share/crazyflie_interfaces/srv/UpdateParams.json
-- Up-to-date symlink: /home/flyingrobots/georg/ros2_ws/src/crazyswarm2/install/crazyflie_interfaces/share/crazyflie_interfaces/srv/UploadTrajectory.json
-- Up-to-date symlink: /home/flyingrobots/georg/ros2_ws/src/crazyswarm2/install/crazyflie_interfaces/share/crazyflie_interfaces/srv/RemoveLogging.json
-- Up-to-date symlink: /home/flyingrobots/georg/ros2_ws/src/crazyswarm2/install/crazyflie_interfaces/share/crazyflie_interfaces/srv/AddLogging.json
-- Up-to-date symlink: /home/flyingrobots/georg/ros2_ws/src/crazyswarm2/install/crazyflie_interfaces/share/crazyflie_interfaces/srv/Arm.json
-- Up-to-date symlink: /home/flyingrobots/georg/ros2_ws/src/crazyswarm2/install/crazyflie_interfaces/include/crazyflie_interfaces/crazyflie_interfaces/msg/connection_statistics.h
-- Up-to-date symlink: /home/flyingrobots/georg/ros2_ws/src/crazyswarm2/install/crazyflie_interfaces/include/crazyflie_interfaces/crazyflie_interfaces/msg/connection_statistics_array.h
-- Up-to-date symlink: /home/flyingrobots/georg/ros2_ws/src/crazyswarm2/install/crazyflie_interfaces/include/crazyflie_interfaces/crazyflie_interfaces/msg/detail/connection_statistics__functions.h
-- Up-to-date symlink: /home/flyingrobots/georg/ros2_ws/src/crazyswarm2/install/crazyflie_interfaces/include/crazyflie_interfaces/crazyflie_interfaces/msg/detail/connection_statistics__struct.h
-- Up-to-date symlink: /home/flyingrobots/georg/ros2_ws/src/crazyswarm2/install/crazyflie_interfaces/include/crazyflie_interfaces/crazyflie_interfaces/msg/detail/connection_statistics__type_support.h
-- Up-to-date symlink: /home/flyingrobots/georg/ros2_ws/src/crazyswarm2/install/crazyflie_interfaces/include/crazyflie_interfaces/crazyflie_interfaces/msg/detail/connection_statistics_array__functions.h
-- Up-to-date symlink: /home/flyingrobots/georg/ros2_ws/src/crazyswarm2/install/crazyflie_interfaces/include/crazyflie_interfaces/crazyflie_interfaces/msg/detail/connection_statistics_array__struct.h
-- Up-to-date symlink: /home/flyingrobots/georg/ros2_ws/src/crazyswarm2/install/crazyflie_interfaces/include/crazyflie_interfaces/crazyflie_interfaces/msg/detail/connection_statistics_array__type_support.h
-- Up-to-date symlink: /home/flyingrobots/georg/ros2_ws/src/crazyswarm2/install/crazyflie_interfaces/include/crazyflie_interfaces/crazyflie_interfaces/msg/detail/full_state__functions.h
-- Up-to-date symlink: /home/flyingrobots/georg/ros2_ws/src/crazyswarm2/install/crazyflie_interfaces/include/crazyflie_interfaces/crazyflie_interfaces/msg/detail/full_state__struct.h
-- Up-to-date symlink: /home/flyingrobots/georg/ros2_ws/src/crazyswarm2/install/crazyflie_interfaces/include/crazyflie_interfaces/crazyflie_interfaces/msg/detail/full_state__type_support.h
-- Up-to-date symlink: /home/flyingrobots/georg/ros2_ws/src/crazyswarm2/install/crazyflie_interfaces/include/crazyflie_interfaces/crazyflie_interfaces/msg/detail/hover__functions.h
-- Up-to-date symlink: /home/flyingrobots/georg/ros2_ws/src/crazyswarm2/install/crazyflie_interfaces/include/crazyflie_interfaces/crazyflie_interfaces/msg/detail/hover__struct.h
-- Up-to-date symlink: /home/flyingrobots/georg/ros2_ws/src/crazyswarm2/install/crazyflie_interfaces/include/crazyflie_interfaces/crazyflie_interfaces/msg/detail/hover__type_support.h
-- Up-to-date symlink: /home/flyingrobots/georg/ros2_ws/src/crazyswarm2/install/crazyflie_interfaces/include/crazyflie_interfaces/crazyflie_interfaces/msg/detail/log_block__functions.h
-- Up-to-date symlink: /home/flyingrobots/georg/ros2_ws/src/crazyswarm2/install/crazyflie_interfaces/include/crazyflie_interfaces/crazyflie_interfaces/msg/detail/log_block__struct.h
-- Up-to-date symlink: /home/flyingrobots/georg/ros2_ws/src/crazyswarm2/install/crazyflie_interfaces/include/crazyflie_interfaces/crazyflie_interfaces/msg/detail/log_block__type_support.h
-- Up-to-date symlink: /home/flyingrobots/georg/ros2_ws/src/crazyswarm2/install/crazyflie_interfaces/include/crazyflie_interfaces/crazyflie_interfaces/msg/detail/log_data_generic__functions.h
-- Up-to-date symlink: /home/flyingrobots/georg/ros2_ws/src/crazyswarm2/install/crazyflie_interfaces/include/crazyflie_interfaces/crazyflie_interfaces/msg/detail/log_data_generic__struct.h
-- Up-to-date symlink: /home/flyingrobots/georg/ros2_ws/src/crazyswarm2/install/crazyflie_interfaces/include/crazyflie_interfaces/crazyflie_interfaces/msg/detail/log_data_generic__type_support.h
-- Up-to-date symlink: /home/flyingrobots/georg/ros2_ws/src/crazyswarm2/install/crazyflie_interfaces/include/crazyflie_interfaces/crazyflie_interfaces/msg/detail/position__functions.h
-- Up-to-date symlink: /home/flyingrobots/georg/ros2_ws/src/crazyswarm2/install/crazyflie_interfaces/include/crazyflie_interfaces/crazyflie_interfaces/msg/detail/position__struct.h
-- Up-to-date symlink: /home/flyingrobots/georg/ros2_ws/src/crazyswarm2/install/crazyflie_interfaces/include/crazyflie_interfaces/crazyflie_interfaces/msg/detail/position__type_support.h
-- Up-to-date symlink: /home/flyingrobots/georg/ros2_ws/src/crazyswarm2/install/crazyflie_interfaces/include/crazyflie_interfaces/crazyflie_interfaces/msg/detail/status__functions.h
-- Up-to-date symlink: /home/flyingrobots/georg/ros2_ws/src/crazyswarm2/install/crazyflie_interfaces/include/crazyflie_interfaces/crazyflie_interfaces/msg/detail/status__struct.h
-- Up-to-date symlink: /home/flyingrobots/georg/ros2_ws/src/crazyswarm2/install/crazyflie_interfaces/include/crazyflie_interfaces/crazyflie_interfaces/msg/detail/status__type_support.h
-- Up-to-date symlink: /home/flyingrobots/georg/ros2_ws/src/crazyswarm2/install/crazyflie_interfaces/include/crazyflie_interfaces/crazyflie_interfaces/msg/detail/trajectory_polynomial_piece__functions.h
-- Up-to-date symlink: /home/flyingrobots/georg/ros2_ws/src/crazyswarm2/install/crazyflie_interfaces/include/crazyflie_interfaces/crazyflie_interfaces/msg/detail/trajectory_polynomial_piece__struct.h
-- Up-to-date symlink: /home/flyingrobots/georg/ros2_ws/src/crazyswarm2/install/crazyflie_interfaces/include/crazyflie_interfaces/crazyflie_interfaces/msg/detail/trajectory_polynomial_piece__type_support.h
-- Up-to-date symlink: /home/flyingrobots/georg/ros2_ws/src/crazyswarm2/install/crazyflie_interfaces/include/crazyflie_interfaces/crazyflie_interfaces/msg/detail/velocity_world__functions.h
-- Up-to-date symlink: /home/flyingrobots/georg/ros2_ws/src/crazyswarm2/install/crazyflie_interfaces/include/crazyflie_interfaces/crazyflie_interfaces/msg/detail/velocity_world__struct.h
-- Up-to-date symlink: /home/flyingrobots/georg/ros2_ws/src/crazyswarm2/install/crazyflie_interfaces/include/crazyflie_interfaces/crazyflie_interfaces/msg/detail/velocity_world__type_support.h
-- Up-to-date symlink: /home/flyingrobots/georg/ros2_ws/src/crazyswarm2/install/crazyflie_interfaces/include/crazyflie_interfaces/crazyflie_interfaces/msg/full_state.h
-- Up-to-date symlink: /home/flyingrobots/georg/ros2_ws/src/crazyswarm2/install/crazyflie_interfaces/include/crazyflie_interfaces/crazyflie_interfaces/msg/hover.h
-- Up-to-date symlink: /home/flyingrobots/georg/ros2_ws/src/crazyswarm2/install/crazyflie_interfaces/include/crazyflie_interfaces/crazyflie_interfaces/msg/log_block.h
-- Up-to-date symlink: /home/flyingrobots/georg/ros2_ws/src/crazyswarm2/install/crazyflie_interfaces/include/crazyflie_interfaces/crazyflie_interfaces/msg/log_data_generic.h
-- Up-to-date symlink: /home/flyingrobots/georg/ros2_ws/src/crazyswarm2/install/crazyflie_interfaces/include/crazyflie_interfaces/crazyflie_interfaces/msg/position.h
-- Up-to-date symlink: /home/flyingrobots/georg/ros2_ws/src/crazyswarm2/install/crazyflie_interfaces/include/crazyflie_interfaces/crazyflie_interfaces/msg/rosidl_generator_c__visibility_control.h
-- Up-to-date symlink: /home/flyingrobots/georg/ros2_ws/src/crazyswarm2/install/crazyflie_interfaces/include/crazyflie_interfaces/crazyflie_interfaces/msg/status.h
-- Up-to-date symlink: /home/flyingrobots/georg/ros2_ws/src/crazyswarm2/install/crazyflie_interfaces/include/crazyflie_interfaces/crazyflie_interfaces/msg/trajectory_polynomial_piece.h
-- Up-to-date symlink: /home/flyingrobots/georg/ros2_ws/src/crazyswarm2/install/crazyflie_interfaces/include/crazyflie_interfaces/crazyflie_interfaces/msg/velocity_world.h
-- Up-to-date symlink: /home/flyingrobots/georg/ros2_ws/src/crazyswarm2/install/crazyflie_interfaces/include/crazyflie_interfaces/crazyflie_interfaces/srv/add_logging.h
-- Up-to-date symlink: /home/flyingrobots/georg/ros2_ws/src/crazyswarm2/install/crazyflie_interfaces/include/crazyflie_interfaces/crazyflie_interfaces/srv/arm.h
-- Up-to-date symlink: /home/flyingrobots/georg/ros2_ws/src/crazyswarm2/install/crazyflie_interfaces/include/crazyflie_interfaces/crazyflie_interfaces/srv/detail/add_logging__functions.h
-- Up-to-date symlink: /home/flyingrobots/georg/ros2_ws/src/crazyswarm2/install/crazyflie_interfaces/include/crazyflie_interfaces/crazyflie_interfaces/srv/detail/add_logging__struct.h
-- Up-to-date symlink: /home/flyingrobots/georg/ros2_ws/src/crazyswarm2/install/crazyflie_interfaces/include/crazyflie_interfaces/crazyflie_interfaces/srv/detail/add_logging__type_support.h
-- Up-to-date symlink: /home/flyingrobots/georg/ros2_ws/src/crazyswarm2/install/crazyflie_interfaces/include/crazyflie_interfaces/crazyflie_interfaces/srv/detail/arm__functions.h
-- Up-to-date symlink: /home/flyingrobots/georg/ros2_ws/src/crazyswarm2/install/crazyflie_interfaces/include/crazyflie_interfaces/crazyflie_interfaces/srv/detail/arm__struct.h
-- Up-to-date symlink: /home/flyingrobots/georg/ros2_ws/src/crazyswarm2/install/crazyflie_interfaces/include/crazyflie_interfaces/crazyflie_interfaces/srv/detail/arm__type_support.h
-- Up-to-date symlink: /home/flyingrobots/georg/ros2_ws/src/crazyswarm2/install/crazyflie_interfaces/include/crazyflie_interfaces/crazyflie_interfaces/srv/detail/go_to__functions.h
-- Up-to-date symlink: /home/flyingrobots/georg/ros2_ws/src/crazyswarm2/install/crazyflie_interfaces/include/crazyflie_interfaces/crazyflie_interfaces/srv/detail/go_to__struct.h
-- Up-to-date symlink: /home/flyingrobots/georg/ros2_ws/src/crazyswarm2/install/crazyflie_interfaces/include/crazyflie_interfaces/crazyflie_interfaces/srv/detail/go_to__type_support.h
-- Up-to-date symlink: /home/flyingrobots/georg/ros2_ws/src/crazyswarm2/install/crazyflie_interfaces/include/crazyflie_interfaces/crazyflie_interfaces/srv/detail/land__functions.h
-- Up-to-date symlink: /home/flyingrobots/georg/ros2_ws/src/crazyswarm2/install/crazyflie_interfaces/include/crazyflie_interfaces/crazyflie_interfaces/srv/detail/land__struct.h
-- Up-to-date symlink: /home/flyingrobots/georg/ros2_ws/src/crazyswarm2/install/crazyflie_interfaces/include/crazyflie_interfaces/crazyflie_interfaces/srv/detail/land__type_support.h
-- Up-to-date symlink: /home/flyingrobots/georg/ros2_ws/src/crazyswarm2/install/crazyflie_interfaces/include/crazyflie_interfaces/crazyflie_interfaces/srv/detail/notify_setpoints_stop__functions.h
-- Up-to-date symlink: /home/flyingrobots/georg/ros2_ws/src/crazyswarm2/install/crazyflie_interfaces/include/crazyflie_interfaces/crazyflie_interfaces/srv/detail/notify_setpoints_stop__struct.h
-- Up-to-date symlink: /home/flyingrobots/georg/ros2_ws/src/crazyswarm2/install/crazyflie_interfaces/include/crazyflie_interfaces/crazyflie_interfaces/srv/detail/notify_setpoints_stop__type_support.h
-- Up-to-date symlink: /home/flyingrobots/georg/ros2_ws/src/crazyswarm2/install/crazyflie_interfaces/include/crazyflie_interfaces/crazyflie_interfaces/srv/detail/remove_logging__functions.h
-- Up-to-date symlink: /home/flyingrobots/georg/ros2_ws/src/crazyswarm2/install/crazyflie_interfaces/include/crazyflie_interfaces/crazyflie_interfaces/srv/detail/remove_logging__struct.h
-- Up-to-date symlink: /home/flyingrobots/georg/ros2_ws/src/crazyswarm2/install/crazyflie_interfaces/include/crazyflie_interfaces/crazyflie_interfaces/srv/detail/remove_logging__type_support.h
-- Up-to-date symlink: /home/flyingrobots/georg/ros2_ws/src/crazyswarm2/install/crazyflie_interfaces/include/crazyflie_interfaces/crazyflie_interfaces/srv/detail/set_group_mask__functions.h
-- Up-to-date symlink: /home/flyingrobots/georg/ros2_ws/src/crazyswarm2/install/crazyflie_interfaces/include/crazyflie_interfaces/crazyflie_interfaces/srv/detail/set_group_mask__struct.h
-- Up-to-date symlink: /home/flyingrobots/georg/ros2_ws/src/crazyswarm2/install/crazyflie_interfaces/include/crazyflie_interfaces/crazyflie_interfaces/srv/detail/set_group_mask__type_support.h
-- Up-to-date symlink: /home/flyingrobots/georg/ros2_ws/src/crazyswarm2/install/crazyflie_interfaces/include/crazyflie_interfaces/crazyflie_interfaces/srv/detail/start_trajectory__functions.h
-- Up-to-date symlink: /home/flyingrobots/georg/ros2_ws/src/crazyswarm2/install/crazyflie_interfaces/include/crazyflie_interfaces/crazyflie_interfaces/srv/detail/start_trajectory__struct.h
-- Up-to-date symlink: /home/flyingrobots/georg/ros2_ws/src/crazyswarm2/install/crazyflie_interfaces/include/crazyflie_interfaces/crazyflie_interfaces/srv/detail/start_trajectory__type_support.h
-- Up-to-date symlink: /home/flyingrobots/georg/ros2_ws/src/crazyswarm2/install/crazyflie_interfaces/include/crazyflie_interfaces/crazyflie_interfaces/srv/detail/stop__functions.h
-- Up-to-date symlink: /home/flyingrobots/georg/ros2_ws/src/crazyswarm2/install/crazyflie_interfaces/include/crazyflie_interfaces/crazyflie_interfaces/srv/detail/stop__struct.h
-- Up-to-date symlink: /home/flyingrobots/georg/ros2_ws/src/crazyswarm2/install/crazyflie_interfaces/include/crazyflie_interfaces/crazyflie_interfaces/srv/detail/stop__type_support.h
-- Up-to-date symlink: /home/flyingrobots/georg/ros2_ws/src/crazyswarm2/install/crazyflie_interfaces/include/crazyflie_interfaces/crazyflie_interfaces/srv/detail/takeoff__functions.h
-- Up-to-date symlink: /home/flyingrobots/georg/ros2_ws/src/crazyswarm2/install/crazyflie_interfaces/include/crazyflie_interfaces/crazyflie_interfaces/srv/detail/takeoff__struct.h
-- Up-to-date symlink: /home/flyingrobots/georg/ros2_ws/src/crazyswarm2/install/crazyflie_interfaces/include/crazyflie_interfaces/crazyflie_interfaces/srv/detail/takeoff__type_support.h
-- Up-to-date symlink: /home/flyingrobots/georg/ros2_ws/src/crazyswarm2/install/crazyflie_interfaces/include/crazyflie_interfaces/crazyflie_interfaces/srv/detail/update_params__functions.h
-- Up-to-date symlink: /home/flyingrobots/georg/ros2_ws/src/crazyswarm2/install/crazyflie_interfaces/include/crazyflie_interfaces/crazyflie_interfaces/srv/detail/update_params__struct.h
-- Up-to-date symlink: /home/flyingrobots/georg/ros2_ws/src/crazyswarm2/install/crazyflie_interfaces/include/crazyflie_interfaces/crazyflie_interfaces/srv/detail/update_params__type_support.h
-- Up-to-date symlink: /home/flyingrobots/georg/ros2_ws/src/crazyswarm2/install/crazyflie_interfaces/include/crazyflie_interfaces/crazyflie_interfaces/srv/detail/upload_trajectory__functions.h
-- Up-to-date symlink: /home/flyingrobots/georg/ros2_ws/src/crazyswarm2/install/crazyflie_interfaces/include/crazyflie_interfaces/crazyflie_interfaces/srv/detail/upload_trajectory__struct.h
-- Up-to-date symlink: /home/flyingrobots/georg/ros2_ws/src/crazyswarm2/install/crazyflie_interfaces/include/crazyflie_interfaces/crazyflie_interfaces/srv/detail/upload_trajectory__type_support.h
-- Up-to-date symlink: /home/flyingrobots/georg/ros2_ws/src/crazyswarm2/install/crazyflie_interfaces/include/crazyflie_interfaces/crazyflie_interfaces/srv/go_to.h
-- Up-to-date symlink: /home/flyingrobots/georg/ros2_ws/src/crazyswarm2/install/crazyflie_interfaces/include/crazyflie_interfaces/crazyflie_interfaces/srv/land.h
-- Up-to-date symlink: /home/flyingrobots/georg/ros2_ws/src/crazyswarm2/install/crazyflie_interfaces/include/crazyflie_interfaces/crazyflie_interfaces/srv/notify_setpoints_stop.h
-- Up-to-date symlink: /home/flyingrobots/georg/ros2_ws/src/crazyswarm2/install/crazyflie_interfaces/include/crazyflie_interfaces/crazyflie_interfaces/srv/remove_logging.h
-- Up-to-date symlink: /home/flyingrobots/georg/ros2_ws/src/crazyswarm2/install/crazyflie_interfaces/include/crazyflie_interfaces/crazyflie_interfaces/srv/set_group_mask.h
-- Up-to-date symlink: /home/flyingrobots/georg/ros2_ws/src/crazyswarm2/install/crazyflie_interfaces/include/crazyflie_interfaces/crazyflie_interfaces/srv/start_trajectory.h
-- Up-to-date symlink: /home/flyingrobots/georg/ros2_ws/src/crazyswarm2/install/crazyflie_interfaces/include/crazyflie_interfaces/crazyflie_interfaces/srv/stop.h
-- Up-to-date symlink: /home/flyingrobots/georg/ros2_ws/src/crazyswarm2/install/crazyflie_interfaces/include/crazyflie_interfaces/crazyflie_interfaces/srv/takeoff.h
-- Up-to-date symlink: /home/flyingrobots/georg/ros2_ws/src/crazyswarm2/install/crazyflie_interfaces/include/crazyflie_interfaces/crazyflie_interfaces/srv/update_params.h
-- Up-to-date symlink: /home/flyingrobots/georg/ros2_ws/src/crazyswarm2/install/crazyflie_interfaces/include/crazyflie_interfaces/crazyflie_interfaces/srv/upload_trajectory.h
-- Up-to-date symlink: /home/flyingrobots/georg/ros2_ws/src/crazyswarm2/install/crazyflie_interfaces/share/crazyflie_interfaces/environment/library_path.sh
-- Up-to-date symlink: /home/flyingrobots/georg/ros2_ws/src/crazyswarm2/install/crazyflie_interfaces/share/crazyflie_interfaces/environment/library_path.dsv
-- Up-to-date symlink: /home/flyingrobots/georg/ros2_ws/src/crazyswarm2/install/crazyflie_interfaces/include/crazyflie_interfaces/crazyflie_interfaces/msg/detail/connection_statistics__rosidl_typesupport_fastrtps_c.h
-- Up-to-date symlink: /home/flyingrobots/georg/ros2_ws/src/crazyswarm2/install/crazyflie_interfaces/include/crazyflie_interfaces/crazyflie_interfaces/msg/detail/connection_statistics_array__rosidl_typesupport_fastrtps_c.h
-- Up-to-date symlink: /home/flyingrobots/georg/ros2_ws/src/crazyswarm2/install/crazyflie_interfaces/include/crazyflie_interfaces/crazyflie_interfaces/msg/detail/full_state__rosidl_typesupport_fastrtps_c.h
-- Up-to-date symlink: /home/flyingrobots/georg/ros2_ws/src/crazyswarm2/install/crazyflie_interfaces/include/crazyflie_interfaces/crazyflie_interfaces/msg/detail/hover__rosidl_typesupport_fastrtps_c.h
-- Up-to-date symlink: /home/flyingrobots/georg/ros2_ws/src/crazyswarm2/install/crazyflie_interfaces/include/crazyflie_interfaces/crazyflie_interfaces/msg/detail/log_block__rosidl_typesupport_fastrtps_c.h
-- Up-to-date symlink: /home/flyingrobots/georg/ros2_ws/src/crazyswarm2/install/crazyflie_interfaces/include/crazyflie_interfaces/crazyflie_interfaces/msg/detail/log_data_generic__rosidl_typesupport_fastrtps_c.h
-- Up-to-date symlink: /home/flyingrobots/georg/ros2_ws/src/crazyswarm2/install/crazyflie_interfaces/include/crazyflie_interfaces/crazyflie_interfaces/msg/detail/position__rosidl_typesupport_fastrtps_c.h
-- Up-to-date symlink: /home/flyingrobots/georg/ros2_ws/src/crazyswarm2/install/crazyflie_interfaces/include/crazyflie_interfaces/crazyflie_interfaces/msg/detail/status__rosidl_typesupport_fastrtps_c.h
-- Up-to-date symlink: /home/flyingrobots/georg/ros2_ws/src/crazyswarm2/install/crazyflie_interfaces/include/crazyflie_interfaces/crazyflie_interfaces/msg/detail/trajectory_polynomial_piece__rosidl_typesupport_fastrtps_c.h
-- Up-to-date symlink: /home/flyingrobots/georg/ros2_ws/src/crazyswarm2/install/crazyflie_interfaces/include/crazyflie_interfaces/crazyflie_interfaces/msg/detail/velocity_world__rosidl_typesupport_fastrtps_c.h
-- Up-to-date symlink: /home/flyingrobots/georg/ros2_ws/src/crazyswarm2/install/crazyflie_interfaces/include/crazyflie_interfaces/crazyflie_interfaces/msg/rosidl_typesupport_fastrtps_c__visibility_control.h
-- Up-to-date symlink: /home/flyingrobots/georg/ros2_ws/src/crazyswarm2/install/crazyflie_interfaces/include/crazyflie_interfaces/crazyflie_interfaces/srv/detail/add_logging__rosidl_typesupport_fastrtps_c.h
-- Up-to-date symlink: /home/flyingrobots/georg/ros2_ws/src/crazyswarm2/install/crazyflie_interfaces/include/crazyflie_interfaces/crazyflie_interfaces/srv/detail/arm__rosidl_typesupport_fastrtps_c.h
-- Up-to-date symlink: /home/flyingrobots/georg/ros2_ws/src/crazyswarm2/install/crazyflie_interfaces/include/crazyflie_interfaces/crazyflie_interfaces/srv/detail/go_to__rosidl_typesupport_fastrtps_c.h
-- Up-to-date symlink: /home/flyingrobots/georg/ros2_ws/src/crazyswarm2/install/crazyflie_interfaces/include/crazyflie_interfaces/crazyflie_interfaces/srv/detail/land__rosidl_typesupport_fastrtps_c.h
-- Up-to-date symlink: /home/flyingrobots/georg/ros2_ws/src/crazyswarm2/install/crazyflie_interfaces/include/crazyflie_interfaces/crazyflie_interfaces/srv/detail/notify_setpoints_stop__rosidl_typesupport_fastrtps_c.h
-- Up-to-date symlink: /home/flyingrobots/georg/ros2_ws/src/crazyswarm2/install/crazyflie_interfaces/include/crazyflie_interfaces/crazyflie_interfaces/srv/detail/remove_logging__rosidl_typesupport_fastrtps_c.h
-- Up-to-date symlink: /home/flyingrobots/georg/ros2_ws/src/crazyswarm2/install/crazyflie_interfaces/include/crazyflie_interfaces/crazyflie_interfaces/srv/detail/set_group_mask__rosidl_typesupport_fastrtps_c.h
-- Up-to-date symlink: /home/flyingrobots/georg/ros2_ws/src/crazyswarm2/install/crazyflie_interfaces/include/crazyflie_interfaces/crazyflie_interfaces/srv/detail/start_trajectory__rosidl_typesupport_fastrtps_c.h
-- Up-to-date symlink: /home/flyingrobots/georg/ros2_ws/src/crazyswarm2/install/crazyflie_interfaces/include/crazyflie_interfaces/crazyflie_interfaces/srv/detail/stop__rosidl_typesupport_fastrtps_c.h
-- Up-to-date symlink: /home/flyingrobots/georg/ros2_ws/src/crazyswarm2/install/crazyflie_interfaces/include/crazyflie_interfaces/crazyflie_interfaces/srv/detail/takeoff__rosidl_typesupport_fastrtps_c.h
-- Up-to-date symlink: /home/flyingrobots/georg/ros2_ws/src/crazyswarm2/install/crazyflie_interfaces/include/crazyflie_interfaces/crazyflie_interfaces/srv/detail/update_params__rosidl_typesupport_fastrtps_c.h
-- Up-to-date symlink: /home/flyingrobots/georg/ros2_ws/src/crazyswarm2/install/crazyflie_interfaces/include/crazyflie_interfaces/crazyflie_interfaces/srv/detail/upload_trajectory__rosidl_typesupport_fastrtps_c.h
-- Up-to-date symlink: /home/flyingrobots/georg/ros2_ws/src/crazyswarm2/install/crazyflie_interfaces/include/crazyflie_interfaces/crazyflie_interfaces/msg/connection_statistics.hpp
-- Up-to-date symlink: /home/flyingrobots/georg/ros2_ws/src/crazyswarm2/install/crazyflie_interfaces/include/crazyflie_interfaces/crazyflie_interfaces/msg/connection_statistics_array.hpp
-- Up-to-date symlink: /home/flyingrobots/georg/ros2_ws/src/crazyswarm2/install/crazyflie_interfaces/include/crazyflie_interfaces/crazyflie_interfaces/msg/detail/connection_statistics__builder.hpp
-- Up-to-date symlink: /home/flyingrobots/georg/ros2_ws/src/crazyswarm2/install/crazyflie_interfaces/include/crazyflie_interfaces/crazyflie_interfaces/msg/detail/connection_statistics__struct.hpp
-- Up-to-date symlink: /home/flyingrobots/georg/ros2_ws/src/crazyswarm2/install/crazyflie_interfaces/include/crazyflie_interfaces/crazyflie_interfaces/msg/detail/connection_statistics__traits.hpp
-- Up-to-date symlink: /home/flyingrobots/georg/ros2_ws/src/crazyswarm2/install/crazyflie_interfaces/include/crazyflie_interfaces/crazyflie_interfaces/msg/detail/connection_statistics__type_support.hpp
-- Up-to-date symlink: /home/flyingrobots/georg/ros2_ws/src/crazyswarm2/install/crazyflie_interfaces/include/crazyflie_interfaces/crazyflie_interfaces/msg/detail/connection_statistics_array__builder.hpp
-- Up-to-date symlink: /home/flyingrobots/georg/ros2_ws/src/crazyswarm2/install/crazyflie_interfaces/include/crazyflie_interfaces/crazyflie_interfaces/msg/detail/connection_statistics_array__struct.hpp
-- Up-to-date symlink: /home/flyingrobots/georg/ros2_ws/src/crazyswarm2/install/crazyflie_interfaces/include/crazyflie_interfaces/crazyflie_interfaces/msg/detail/connection_statistics_array__traits.hpp
-- Up-to-date symlink: /home/flyingrobots/georg/ros2_ws/src/crazyswarm2/install/crazyflie_interfaces/include/crazyflie_interfaces/crazyflie_interfaces/msg/detail/connection_statistics_array__type_support.hpp
-- Up-to-date symlink: /home/flyingrobots/georg/ros2_ws/src/crazyswarm2/install/crazyflie_interfaces/include/crazyflie_interfaces/crazyflie_interfaces/msg/detail/full_state__builder.hpp
-- Up-to-date symlink: /home/flyingrobots/georg/ros2_ws/src/crazyswarm2/install/crazyflie_interfaces/include/crazyflie_interfaces/crazyflie_interfaces/msg/detail/full_state__struct.hpp
-- Up-to-date symlink: /home/flyingrobots/georg/ros2_ws/src/crazyswarm2/install/crazyflie_interfaces/include/crazyflie_interfaces/crazyflie_interfaces/msg/detail/full_state__traits.hpp
-- Up-to-date symlink: /home/flyingrobots/georg/ros2_ws/src/crazyswarm2/install/crazyflie_interfaces/include/crazyflie_interfaces/crazyflie_interfaces/msg/detail/full_state__type_support.hpp
-- Up-to-date symlink: /home/flyingrobots/georg/ros2_ws/src/crazyswarm2/install/crazyflie_interfaces/include/crazyflie_interfaces/crazyflie_interfaces/msg/detail/hover__builder.hpp
-- Up-to-date symlink: /home/flyingrobots/georg/ros2_ws/src/crazyswarm2/install/crazyflie_interfaces/include/crazyflie_interfaces/crazyflie_interfaces/msg/detail/hover__struct.hpp
-- Up-to-date symlink: /home/flyingrobots/georg/ros2_ws/src/crazyswarm2/install/crazyflie_interfaces/include/crazyflie_interfaces/crazyflie_interfaces/msg/detail/hover__traits.hpp
-- Up-to-date symlink: /home/flyingrobots/georg/ros2_ws/src/crazyswarm2/install/crazyflie_interfaces/include/crazyflie_interfaces/crazyflie_interfaces/msg/detail/hover__type_support.hpp
-- Up-to-date symlink: /home/flyingrobots/georg/ros2_ws/src/crazyswarm2/install/crazyflie_interfaces/include/crazyflie_interfaces/crazyflie_interfaces/msg/detail/log_block__builder.hpp
-- Up-to-date symlink: /home/flyingrobots/georg/ros2_ws/src/crazyswarm2/install/crazyflie_interfaces/include/crazyflie_interfaces/crazyflie_interfaces/msg/detail/log_block__struct.hpp
-- Up-to-date symlink: /home/flyingrobots/georg/ros2_ws/src/crazyswarm2/install/crazyflie_interfaces/include/crazyflie_interfaces/crazyflie_interfaces/msg/detail/log_block__traits.hpp
-- Up-to-date symlink: /home/flyingrobots/georg/ros2_ws/src/crazyswarm2/install/crazyflie_interfaces/include/crazyflie_interfaces/crazyflie_interfaces/msg/detail/log_block__type_support.hpp
-- Up-to-date symlink: /home/flyingrobots/georg/ros2_ws/src/crazyswarm2/install/crazyflie_interfaces/include/crazyflie_interfaces/crazyflie_interfaces/msg/detail/log_data_generic__builder.hpp
-- Up-to-date symlink: /home/flyingrobots/georg/ros2_ws/src/crazyswarm2/install/crazyflie_interfaces/include/crazyflie_interfaces/crazyflie_interfaces/msg/detail/log_data_generic__struct.hpp
-- Up-to-date symlink: /home/flyingrobots/georg/ros2_ws/src/crazyswarm2/install/crazyflie_interfaces/include/crazyflie_interfaces/crazyflie_interfaces/msg/detail/log_data_generic__traits.hpp
-- Up-to-date symlink: /home/flyingrobots/georg/ros2_ws/src/crazyswarm2/install/crazyflie_interfaces/include/crazyflie_interfaces/crazyflie_interfaces/msg/detail/log_data_generic__type_support.hpp
-- Up-to-date symlink: /home/flyingrobots/georg/ros2_ws/src/crazyswarm2/install/crazyflie_interfaces/include/crazyflie_interfaces/crazyflie_interfaces/msg/detail/position__builder.hpp
-- Up-to-date symlink: /home/flyingrobots/georg/ros2_ws/src/crazyswarm2/install/crazyflie_interfaces/include/crazyflie_interfaces/crazyflie_interfaces/msg/detail/position__struct.hpp
-- Up-to-date symlink: /home/flyingrobots/georg/ros2_ws/src/crazyswarm2/install/crazyflie_interfaces/include/crazyflie_interfaces/crazyflie_interfaces/msg/detail/position__traits.hpp
-- Up-to-date symlink: /home/flyingrobots/georg/ros2_ws/src/crazyswarm2/install/crazyflie_interfaces/include/crazyflie_interfaces/crazyflie_interfaces/msg/detail/position__type_support.hpp
-- Up-to-date symlink: /home/flyingrobots/georg/ros2_ws/src/crazyswarm2/install/crazyflie_interfaces/include/crazyflie_interfaces/crazyflie_interfaces/msg/detail/status__builder.hpp
-- Up-to-date symlink: /home/flyingrobots/georg/ros2_ws/src/crazyswarm2/install/crazyflie_interfaces/include/crazyflie_interfaces/crazyflie_interfaces/msg/detail/status__struct.hpp
-- Up-to-date symlink: /home/flyingrobots/georg/ros2_ws/src/crazyswarm2/install/crazyflie_interfaces/include/crazyflie_interfaces/crazyflie_interfaces/msg/detail/status__traits.hpp
-- Up-to-date symlink: /home/flyingrobots/georg/ros2_ws/src/crazyswarm2/install/crazyflie_interfaces/include/crazyflie_interfaces/crazyflie_interfaces/msg/detail/status__type_support.hpp
-- Up-to-date symlink: /home/flyingrobots/georg/ros2_ws/src/crazyswarm2/install/crazyflie_interfaces/include/crazyflie_interfaces/crazyflie_interfaces/msg/detail/trajectory_polynomial_piece__builder.hpp
-- Up-to-date symlink: /home/flyingrobots/georg/ros2_ws/src/crazyswarm2/install/crazyflie_interfaces/include/crazyflie_interfaces/crazyflie_interfaces/msg/detail/trajectory_polynomial_piece__struct.hpp
-- Up-to-date symlink: /home/flyingrobots/georg/ros2_ws/src/crazyswarm2/install/crazyflie_interfaces/include/crazyflie_interfaces/crazyflie_interfaces/msg/detail/trajectory_polynomial_piece__traits.hpp
-- Up-to-date symlink: /home/flyingrobots/georg/ros2_ws/src/crazyswarm2/install/crazyflie_interfaces/include/crazyflie_interfaces/crazyflie_interfaces/msg/detail/trajectory_polynomial_piece__type_support.hpp
-- Up-to-date symlink: /home/flyingrobots/georg/ros2_ws/src/crazyswarm2/install/crazyflie_interfaces/include/crazyflie_interfaces/crazyflie_interfaces/msg/detail/velocity_world__builder.hpp
-- Up-to-date symlink: /home/flyingrobots/georg/ros2_ws/src/crazyswarm2/install/crazyflie_interfaces/include/crazyflie_interfaces/crazyflie_interfaces/msg/detail/velocity_world__struct.hpp
-- Up-to-date symlink: /home/flyingrobots/georg/ros2_ws/src/crazyswarm2/install/crazyflie_interfaces/include/crazyflie_interfaces/crazyflie_interfaces/msg/detail/velocity_world__traits.hpp
-- Up-to-date symlink: /home/flyingrobots/georg/ros2_ws/src/crazyswarm2/install/crazyflie_interfaces/include/crazyflie_interfaces/crazyflie_interfaces/msg/detail/velocity_world__type_support.hpp
-- Up-to-date symlink: /home/flyingrobots/georg/ros2_ws/src/crazyswarm2/install/crazyflie_interfaces/include/crazyflie_interfaces/crazyflie_interfaces/msg/full_state.hpp
-- Up-to-date symlink: /home/flyingrobots/georg/ros2_ws/src/crazyswarm2/install/crazyflie_interfaces/include/crazyflie_interfaces/crazyflie_interfaces/msg/hover.hpp
-- Up-to-date symlink: /home/flyingrobots/georg/ros2_ws/src/crazyswarm2/install/crazyflie_interfaces/include/crazyflie_interfaces/crazyflie_interfaces/msg/log_block.hpp
-- Up-to-date symlink: /home/flyingrobots/georg/ros2_ws/src/crazyswarm2/install/crazyflie_interfaces/include/crazyflie_interfaces/crazyflie_interfaces/msg/log_data_generic.hpp
-- Up-to-date symlink: /home/flyingrobots/georg/ros2_ws/src/crazyswarm2/install/crazyflie_interfaces/include/crazyflie_interfaces/crazyflie_interfaces/msg/position.hpp
-- Up-to-date symlink: /home/flyingrobots/georg/ros2_ws/src/crazyswarm2/install/crazyflie_interfaces/include/crazyflie_interfaces/crazyflie_interfaces/msg/rosidl_generator_cpp__visibility_control.hpp
-- Up-to-date symlink: /home/flyingrobots/georg/ros2_ws/src/crazyswarm2/install/crazyflie_interfaces/include/crazyflie_interfaces/crazyflie_interfaces/msg/status.hpp
-- Up-to-date symlink: /home/flyingrobots/georg/ros2_ws/src/crazyswarm2/install/crazyflie_interfaces/include/crazyflie_interfaces/crazyflie_interfaces/msg/trajectory_polynomial_piece.hpp
-- Up-to-date symlink: /home/flyingrobots/georg/ros2_ws/src/crazyswarm2/install/crazyflie_interfaces/include/crazyflie_interfaces/crazyflie_interfaces/msg/velocity_world.hpp
-- Up-to-date symlink: /home/flyingrobots/georg/ros2_ws/src/crazyswarm2/install/crazyflie_interfaces/include/crazyflie_interfaces/crazyflie_interfaces/srv/add_logging.hpp
-- Up-to-date symlink: /home/flyingrobots/georg/ros2_ws/src/crazyswarm2/install/crazyflie_interfaces/include/crazyflie_interfaces/crazyflie_interfaces/srv/arm.hpp
-- Up-to-date symlink: /home/flyingrobots/georg/ros2_ws/src/crazyswarm2/install/crazyflie_interfaces/include/crazyflie_interfaces/crazyflie_interfaces/srv/detail/add_logging__builder.hpp
-- Up-to-date symlink: /home/flyingrobots/georg/ros2_ws/src/crazyswarm2/install/crazyflie_interfaces/include/crazyflie_interfaces/crazyflie_interfaces/srv/detail/add_logging__struct.hpp
-- Up-to-date symlink: /home/flyingrobots/georg/ros2_ws/src/crazyswarm2/install/crazyflie_interfaces/include/crazyflie_interfaces/crazyflie_interfaces/srv/detail/add_logging__traits.hpp
-- Up-to-date symlink: /home/flyingrobots/georg/ros2_ws/src/crazyswarm2/install/crazyflie_interfaces/include/crazyflie_interfaces/crazyflie_interfaces/srv/detail/add_logging__type_support.hpp
-- Up-to-date symlink: /home/flyingrobots/georg/ros2_ws/src/crazyswarm2/install/crazyflie_interfaces/include/crazyflie_interfaces/crazyflie_interfaces/srv/detail/arm__builder.hpp
-- Up-to-date symlink: /home/flyingrobots/georg/ros2_ws/src/crazyswarm2/install/crazyflie_interfaces/include/crazyflie_interfaces/crazyflie_interfaces/srv/detail/arm__struct.hpp
-- Up-to-date symlink: /home/flyingrobots/georg/ros2_ws/src/crazyswarm2/install/crazyflie_interfaces/include/crazyflie_interfaces/crazyflie_interfaces/srv/detail/arm__traits.hpp
-- Up-to-date symlink: /home/flyingrobots/georg/ros2_ws/src/crazyswarm2/install/crazyflie_interfaces/include/crazyflie_interfaces/crazyflie_interfaces/srv/detail/arm__type_support.hpp
-- Up-to-date symlink: /home/flyingrobots/georg/ros2_ws/src/crazyswarm2/install/crazyflie_interfaces/include/crazyflie_interfaces/crazyflie_interfaces/srv/detail/go_to__builder.hpp
-- Up-to-date symlink: /home/flyingrobots/georg/ros2_ws/src/crazyswarm2/install/crazyflie_interfaces/include/crazyflie_interfaces/crazyflie_interfaces/srv/detail/go_to__struct.hpp
-- Up-to-date symlink: /home/flyingrobots/georg/ros2_ws/src/crazyswarm2/install/crazyflie_interfaces/include/crazyflie_interfaces/crazyflie_interfaces/srv/detail/go_to__traits.hpp
-- Up-to-date symlink: /home/flyingrobots/georg/ros2_ws/src/crazyswarm2/install/crazyflie_interfaces/include/crazyflie_interfaces/crazyflie_interfaces/srv/detail/go_to__type_support.hpp
-- Up-to-date symlink: /home/flyingrobots/georg/ros2_ws/src/crazyswarm2/install/crazyflie_interfaces/include/crazyflie_interfaces/crazyflie_interfaces/srv/detail/land__builder.hpp
-- Up-to-date symlink: /home/flyingrobots/georg/ros2_ws/src/crazyswarm2/install/crazyflie_interfaces/include/crazyflie_interfaces/crazyflie_interfaces/srv/detail/land__struct.hpp
-- Up-to-date symlink: /home/flyingrobots/georg/ros2_ws/src/crazyswarm2/install/crazyflie_interfaces/include/crazyflie_interfaces/crazyflie_interfaces/srv/detail/land__traits.hpp
-- Up-to-date symlink: /home/flyingrobots/georg/ros2_ws/src/crazyswarm2/install/crazyflie_interfaces/include/crazyflie_interfaces/crazyflie_interfaces/srv/detail/land__type_support.hpp
-- Up-to-date symlink: /home/flyingrobots/georg/ros2_ws/src/crazyswarm2/install/crazyflie_interfaces/include/crazyflie_interfaces/crazyflie_interfaces/srv/detail/notify_setpoints_stop__builder.hpp
-- Up-to-date symlink: /home/flyingrobots/georg/ros2_ws/src/crazyswarm2/install/crazyflie_interfaces/include/crazyflie_interfaces/crazyflie_interfaces/srv/detail/notify_setpoints_stop__struct.hpp
-- Up-to-date symlink: /home/flyingrobots/georg/ros2_ws/src/crazyswarm2/install/crazyflie_interfaces/include/crazyflie_interfaces/crazyflie_interfaces/srv/detail/notify_setpoints_stop__traits.hpp
-- Up-to-date symlink: /home/flyingrobots/georg/ros2_ws/src/crazyswarm2/install/crazyflie_interfaces/include/crazyflie_interfaces/crazyflie_interfaces/srv/detail/notify_setpoints_stop__type_support.hpp
-- Up-to-date symlink: /home/flyingrobots/georg/ros2_ws/src/crazyswarm2/install/crazyflie_interfaces/include/crazyflie_interfaces/crazyflie_interfaces/srv/detail/remove_logging__builder.hpp
-- Up-to-date symlink: /home/flyingrobots/georg/ros2_ws/src/crazyswarm2/install/crazyflie_interfaces/include/crazyflie_interfaces/crazyflie_interfaces/srv/detail/remove_logging__struct.hpp
-- Up-to-date symlink: /home/flyingrobots/georg/ros2_ws/src/crazyswarm2/install/crazyflie_interfaces/include/crazyflie_interfaces/crazyflie_interfaces/srv/detail/remove_logging__traits.hpp
-- Up-to-date symlink: /home/flyingrobots/georg/ros2_ws/src/crazyswarm2/install/crazyflie_interfaces/include/crazyflie_interfaces/crazyflie_interfaces/srv/detail/remove_logging__type_support.hpp
-- Up-to-date symlink: /home/flyingrobots/georg/ros2_ws/src/crazyswarm2/install/crazyflie_interfaces/include/crazyflie_interfaces/crazyflie_interfaces/srv/detail/set_group_mask__builder.hpp
-- Up-to-date symlink: /home/flyingrobots/georg/ros2_ws/src/crazyswarm2/install/crazyflie_interfaces/include/crazyflie_interfaces/crazyflie_interfaces/srv/detail/set_group_mask__struct.hpp
-- Up-to-date symlink: /home/flyingrobots/georg/ros2_ws/src/crazyswarm2/install/crazyflie_interfaces/include/crazyflie_interfaces/crazyflie_interfaces/srv/detail/set_group_mask__traits.hpp
-- Up-to-date symlink: /home/flyingrobots/georg/ros2_ws/src/crazyswarm2/install/crazyflie_interfaces/include/crazyflie_interfaces/crazyflie_interfaces/srv/detail/set_group_mask__type_support.hpp
-- Up-to-date symlink: /home/flyingrobots/georg/ros2_ws/src/crazyswarm2/install/crazyflie_interfaces/include/crazyflie_interfaces/crazyflie_interfaces/srv/detail/start_trajectory__builder.hpp
-- Up-to-date symlink: /home/flyingrobots/georg/ros2_ws/src/crazyswarm2/install/crazyflie_interfaces/include/crazyflie_interfaces/crazyflie_interfaces/srv/detail/start_trajectory__struct.hpp
-- Up-to-date symlink: /home/flyingrobots/georg/ros2_ws/src/crazyswarm2/install/crazyflie_interfaces/include/crazyflie_interfaces/crazyflie_interfaces/srv/detail/start_trajectory__traits.hpp
-- Up-to-date symlink: /home/flyingrobots/georg/ros2_ws/src/crazyswarm2/install/crazyflie_interfaces/include/crazyflie_interfaces/crazyflie_interfaces/srv/detail/start_trajectory__type_support.hpp
-- Up-to-date symlink: /home/flyingrobots/georg/ros2_ws/src/crazyswarm2/install/crazyflie_interfaces/include/crazyflie_interfaces/crazyflie_interfaces/srv/detail/stop__builder.hpp
-- Up-to-date symlink: /home/flyingrobots/georg/ros2_ws/src/crazyswarm2/install/crazyflie_interfaces/include/crazyflie_interfaces/crazyflie_interfaces/srv/detail/stop__struct.hpp
-- Up-to-date symlink: /home/flyingrobots/georg/ros2_ws/src/crazyswarm2/install/crazyflie_interfaces/include/crazyflie_interfaces/crazyflie_interfaces/srv/detail/stop__traits.hpp
-- Up-to-date symlink: /home/flyingrobots/georg/ros2_ws/src/crazyswarm2/install/crazyflie_interfaces/include/crazyflie_interfaces/crazyflie_interfaces/srv/detail/stop__type_support.hpp
-- Up-to-date symlink: /home/flyingrobots/georg/ros2_ws/src/crazyswarm2/install/crazyflie_interfaces/include/crazyflie_interfaces/crazyflie_interfaces/srv/detail/takeoff__builder.hpp
-- Up-to-date symlink: /home/flyingrobots/georg/ros2_ws/src/crazyswarm2/install/crazyflie_interfaces/include/crazyflie_interfaces/crazyflie_interfaces/srv/detail/takeoff__struct.hpp
-- Up-to-date symlink: /home/flyingrobots/georg/ros2_ws/src/crazyswarm2/install/crazyflie_interfaces/include/crazyflie_interfaces/crazyflie_interfaces/srv/detail/takeoff__traits.hpp
-- Up-to-date symlink: /home/flyingrobots/georg/ros2_ws/src/crazyswarm2/install/crazyflie_interfaces/include/crazyflie_interfaces/crazyflie_interfaces/srv/detail/takeoff__type_support.hpp
-- Up-to-date symlink: /home/flyingrobots/georg/ros2_ws/src/crazyswarm2/install/crazyflie_interfaces/include/crazyflie_interfaces/crazyflie_interfaces/srv/detail/update_params__builder.hpp
-- Up-to-date symlink: /home/flyingrobots/georg/ros2_ws/src/crazyswarm2/install/crazyflie_interfaces/include/crazyflie_interfaces/crazyflie_interfaces/srv/detail/update_params__struct.hpp
-- Up-to-date symlink: /home/flyingrobots/georg/ros2_ws/src/crazyswarm2/install/crazyflie_interfaces/include/crazyflie_interfaces/crazyflie_interfaces/srv/detail/update_params__traits.hpp
-- Up-to-date symlink: /home/flyingrobots/georg/ros2_ws/src/crazyswarm2/install/crazyflie_interfaces/include/crazyflie_interfaces/crazyflie_interfaces/srv/detail/update_params__type_support.hpp
-- Up-to-date symlink: /home/flyingrobots/georg/ros2_ws/src/crazyswarm2/install/crazyflie_interfaces/include/crazyflie_interfaces/crazyflie_interfaces/srv/detail/upload_trajectory__builder.hpp
-- Up-to-date symlink: /home/flyingrobots/georg/ros2_ws/src/crazyswarm2/install/crazyflie_interfaces/include/crazyflie_interfaces/crazyflie_interfaces/srv/detail/upload_trajectory__struct.hpp
-- Up-to-date symlink: /home/flyingrobots/georg/ros2_ws/src/crazyswarm2/install/crazyflie_interfaces/include/crazyflie_interfaces/crazyflie_interfaces/srv/detail/upload_trajectory__traits.hpp
-- Up-to-date symlink: /home/flyingrobots/georg/ros2_ws/src/crazyswarm2/install/crazyflie_interfaces/include/crazyflie_interfaces/crazyflie_interfaces/srv/detail/upload_trajectory__type_support.hpp
-- Up-to-date symlink: /home/flyingrobots/georg/ros2_ws/src/crazyswarm2/install/crazyflie_interfaces/include/crazyflie_interfaces/crazyflie_interfaces/srv/go_to.hpp
-- Up-to-date symlink: /home/flyingrobots/georg/ros2_ws/src/crazyswarm2/install/crazyflie_interfaces/include/crazyflie_interfaces/crazyflie_interfaces/srv/land.hpp
-- Up-to-date symlink: /home/flyingrobots/georg/ros2_ws/src/crazyswarm2/install/crazyflie_interfaces/include/crazyflie_interfaces/crazyflie_interfaces/srv/notify_setpoints_stop.hpp
-- Up-to-date symlink: /home/flyingrobots/georg/ros2_ws/src/crazyswarm2/install/crazyflie_interfaces/include/crazyflie_interfaces/crazyflie_interfaces/srv/remove_logging.hpp
-- Up-to-date symlink: /home/flyingrobots/georg/ros2_ws/src/crazyswarm2/install/crazyflie_interfaces/include/crazyflie_interfaces/crazyflie_interfaces/srv/set_group_mask.hpp
-- Up-to-date symlink: /home/flyingrobots/georg/ros2_ws/src/crazyswarm2/install/crazyflie_interfaces/include/crazyflie_interfaces/crazyflie_interfaces/srv/start_trajectory.hpp
-- Up-to-date symlink: /home/flyingrobots/georg/ros2_ws/src/crazyswarm2/install/crazyflie_interfaces/include/crazyflie_interfaces/crazyflie_interfaces/srv/stop.hpp
-- Up-to-date symlink: /home/flyingrobots/georg/ros2_ws/src/crazyswarm2/install/crazyflie_interfaces/include/crazyflie_interfaces/crazyflie_interfaces/srv/takeoff.hpp
-- Up-to-date symlink: /home/flyingrobots/georg/ros2_ws/src/crazyswarm2/install/crazyflie_interfaces/include/crazyflie_interfaces/crazyflie_interfaces/srv/update_params.hpp
-- Up-to-date symlink: /home/flyingrobots/georg/ros2_ws/src/crazyswarm2/install/crazyflie_interfaces/include/crazyflie_interfaces/crazyflie_interfaces/srv/upload_trajectory.hpp
-- Up-to-date symlink: /home/flyingrobots/georg/ros2_ws/src/crazyswarm2/install/crazyflie_interfaces/include/crazyflie_interfaces/crazyflie_interfaces/msg/detail/connection_statistics__rosidl_typesupport_fastrtps_cpp.hpp
-- Up-to-date symlink: /home/flyingrobots/georg/ros2_ws/src/crazyswarm2/install/crazyflie_interfaces/include/crazyflie_interfaces/crazyflie_interfaces/msg/detail/connection_statistics_array__rosidl_typesupport_fastrtps_cpp.hpp
-- Up-to-date symlink: /home/flyingrobots/georg/ros2_ws/src/crazyswarm2/install/crazyflie_interfaces/include/crazyflie_interfaces/crazyflie_interfaces/msg/detail/full_state__rosidl_typesupport_fastrtps_cpp.hpp
-- Up-to-date symlink: /home/flyingrobots/georg/ros2_ws/src/crazyswarm2/install/crazyflie_interfaces/include/crazyflie_interfaces/crazyflie_interfaces/msg/detail/hover__rosidl_typesupport_fastrtps_cpp.hpp
-- Up-to-date symlink: /home/flyingrobots/georg/ros2_ws/src/crazyswarm2/install/crazyflie_interfaces/include/crazyflie_interfaces/crazyflie_interfaces/msg/detail/log_block__rosidl_typesupport_fastrtps_cpp.hpp
-- Up-to-date symlink: /home/flyingrobots/georg/ros2_ws/src/crazyswarm2/install/crazyflie_interfaces/include/crazyflie_interfaces/crazyflie_interfaces/msg/detail/log_data_generic__rosidl_typesupport_fastrtps_cpp.hpp
-- Up-to-date symlink: /home/flyingrobots/georg/ros2_ws/src/crazyswarm2/install/crazyflie_interfaces/include/crazyflie_interfaces/crazyflie_interfaces/msg/detail/position__rosidl_typesupport_fastrtps_cpp.hpp
-- Up-to-date symlink: /home/flyingrobots/georg/ros2_ws/src/crazyswarm2/install/crazyflie_interfaces/include/crazyflie_interfaces/crazyflie_interfaces/msg/detail/status__rosidl_typesupport_fastrtps_cpp.hpp
-- Up-to-date symlink: /home/flyingrobots/georg/ros2_ws/src/crazyswarm2/install/crazyflie_interfaces/include/crazyflie_interfaces/crazyflie_interfaces/msg/detail/trajectory_polynomial_piece__rosidl_typesupport_fastrtps_cpp.hpp
-- Up-to-date symlink: /home/flyingrobots/georg/ros2_ws/src/crazyswarm2/install/crazyflie_interfaces/include/crazyflie_interfaces/crazyflie_interfaces/msg/detail/velocity_world__rosidl_typesupport_fastrtps_cpp.hpp
-- Up-to-date symlink: /home/flyingrobots/georg/ros2_ws/src/crazyswarm2/install/crazyflie_interfaces/include/crazyflie_interfaces/crazyflie_interfaces/msg/rosidl_typesupport_fastrtps_cpp__visibility_control.h
-- Up-to-date symlink: /home/flyingrobots/georg/ros2_ws/src/crazyswarm2/install/crazyflie_interfaces/include/crazyflie_interfaces/crazyflie_interfaces/srv/detail/add_logging__rosidl_typesupport_fastrtps_cpp.hpp
-- Up-to-date symlink: /home/flyingrobots/georg/ros2_ws/src/crazyswarm2/install/crazyflie_interfaces/include/crazyflie_interfaces/crazyflie_interfaces/srv/detail/arm__rosidl_typesupport_fastrtps_cpp.hpp
-- Up-to-date symlink: /home/flyingrobots/georg/ros2_ws/src/crazyswarm2/install/crazyflie_interfaces/include/crazyflie_interfaces/crazyflie_interfaces/srv/detail/go_to__rosidl_typesupport_fastrtps_cpp.hpp
-- Up-to-date symlink: /home/flyingrobots/georg/ros2_ws/src/crazyswarm2/install/crazyflie_interfaces/include/crazyflie_interfaces/crazyflie_interfaces/srv/detail/land__rosidl_typesupport_fastrtps_cpp.hpp
-- Up-to-date symlink: /home/flyingrobots/georg/ros2_ws/src/crazyswarm2/install/crazyflie_interfaces/include/crazyflie_interfaces/crazyflie_interfaces/srv/detail/notify_setpoints_stop__rosidl_typesupport_fastrtps_cpp.hpp
-- Up-to-date symlink: /home/flyingrobots/georg/ros2_ws/src/crazyswarm2/install/crazyflie_interfaces/include/crazyflie_interfaces/crazyflie_interfaces/srv/detail/remove_logging__rosidl_typesupport_fastrtps_cpp.hpp
-- Up-to-date symlink: /home/flyingrobots/georg/ros2_ws/src/crazyswarm2/install/crazyflie_interfaces/include/crazyflie_interfaces/crazyflie_interfaces/srv/detail/set_group_mask__rosidl_typesupport_fastrtps_cpp.hpp
-- Up-to-date symlink: /home/flyingrobots/georg/ros2_ws/src/crazyswarm2/install/crazyflie_interfaces/include/crazyflie_interfaces/crazyflie_interfaces/srv/detail/start_trajectory__rosidl_typesupport_fastrtps_cpp.hpp
-- Up-to-date symlink: /home/flyingrobots/georg/ros2_ws/src/crazyswarm2/install/crazyflie_interfaces/include/crazyflie_interfaces/crazyflie_interfaces/srv/detail/stop__rosidl_typesupport_fastrtps_cpp.hpp
-- Up-to-date symlink: /home/flyingrobots/georg/ros2_ws/src/crazyswarm2/install/crazyflie_interfaces/include/crazyflie_interfaces/crazyflie_interfaces/srv/detail/takeoff__rosidl_typesupport_fastrtps_cpp.hpp
-- Up-to-date symlink: /home/flyingrobots/georg/ros2_ws/src/crazyswarm2/install/crazyflie_interfaces/include/crazyflie_interfaces/crazyflie_interfaces/srv/detail/update_params__rosidl_typesupport_fastrtps_cpp.hpp
-- Up-to-date symlink: /home/flyingrobots/georg/ros2_ws/src/crazyswarm2/install/crazyflie_interfaces/include/crazyflie_interfaces/crazyflie_interfaces/srv/detail/upload_trajectory__rosidl_typesupport_fastrtps_cpp.hpp
-- Up-to-date symlink: /home/flyingrobots/georg/ros2_ws/src/crazyswarm2/install/crazyflie_interfaces/include/crazyflie_interfaces/crazyflie_interfaces/msg/detail/connection_statistics__rosidl_typesupport_introspection_c.h
-- Up-to-date symlink: /home/flyingrobots/georg/ros2_ws/src/crazyswarm2/install/crazyflie_interfaces/include/crazyflie_interfaces/crazyflie_interfaces/msg/detail/connection_statistics_array__rosidl_typesupport_introspection_c.h
-- Up-to-date symlink: /home/flyingrobots/georg/ros2_ws/src/crazyswarm2/install/crazyflie_interfaces/include/crazyflie_interfaces/crazyflie_interfaces/msg/detail/full_state__rosidl_typesupport_introspection_c.h
-- Up-to-date symlink: /home/flyingrobots/georg/ros2_ws/src/crazyswarm2/install/crazyflie_interfaces/include/crazyflie_interfaces/crazyflie_interfaces/msg/detail/hover__rosidl_typesupport_introspection_c.h
-- Up-to-date symlink: /home/flyingrobots/georg/ros2_ws/src/crazyswarm2/install/crazyflie_interfaces/include/crazyflie_interfaces/crazyflie_interfaces/msg/detail/log_block__rosidl_typesupport_introspection_c.h
-- Up-to-date symlink: /home/flyingrobots/georg/ros2_ws/src/crazyswarm2/install/crazyflie_interfaces/include/crazyflie_interfaces/crazyflie_interfaces/msg/detail/log_data_generic__rosidl_typesupport_introspection_c.h
-- Up-to-date symlink: /home/flyingrobots/georg/ros2_ws/src/crazyswarm2/install/crazyflie_interfaces/include/crazyflie_interfaces/crazyflie_interfaces/msg/detail/position__rosidl_typesupport_introspection_c.h
-- Up-to-date symlink: /home/flyingrobots/georg/ros2_ws/src/crazyswarm2/install/crazyflie_interfaces/include/crazyflie_interfaces/crazyflie_interfaces/msg/detail/status__rosidl_typesupport_introspection_c.h
-- Up-to-date symlink: /home/flyingrobots/georg/ros2_ws/src/crazyswarm2/install/crazyflie_interfaces/include/crazyflie_interfaces/crazyflie_interfaces/msg/detail/trajectory_polynomial_piece__rosidl_typesupport_introspection_c.h
-- Up-to-date symlink: /home/flyingrobots/georg/ros2_ws/src/crazyswarm2/install/crazyflie_interfaces/include/crazyflie_interfaces/crazyflie_interfaces/msg/detail/velocity_world__rosidl_typesupport_introspection_c.h
-- Up-to-date symlink: /home/flyingrobots/georg/ros2_ws/src/crazyswarm2/install/crazyflie_interfaces/include/crazyflie_interfaces/crazyflie_interfaces/msg/rosidl_typesupport_introspection_c__visibility_control.h
-- Up-to-date symlink: /home/flyingrobots/georg/ros2_ws/src/crazyswarm2/install/crazyflie_interfaces/include/crazyflie_interfaces/crazyflie_interfaces/srv/detail/add_logging__rosidl_typesupport_introspection_c.h
-- Up-to-date symlink: /home/flyingrobots/georg/ros2_ws/src/crazyswarm2/install/crazyflie_interfaces/include/crazyflie_interfaces/crazyflie_interfaces/srv/detail/arm__rosidl_typesupport_introspection_c.h
-- Up-to-date symlink: /home/flyingrobots/georg/ros2_ws/src/crazyswarm2/install/crazyflie_interfaces/include/crazyflie_interfaces/crazyflie_interfaces/srv/detail/go_to__rosidl_typesupport_introspection_c.h
-- Up-to-date symlink: /home/flyingrobots/georg/ros2_ws/src/crazyswarm2/install/crazyflie_interfaces/include/crazyflie_interfaces/crazyflie_interfaces/srv/detail/land__rosidl_typesupport_introspection_c.h
-- Up-to-date symlink: /home/flyingrobots/georg/ros2_ws/src/crazyswarm2/install/crazyflie_interfaces/include/crazyflie_interfaces/crazyflie_interfaces/srv/detail/notify_setpoints_stop__rosidl_typesupport_introspection_c.h
-- Up-to-date symlink: /home/flyingrobots/georg/ros2_ws/src/crazyswarm2/install/crazyflie_interfaces/include/crazyflie_interfaces/crazyflie_interfaces/srv/detail/remove_logging__rosidl_typesupport_introspection_c.h
-- Up-to-date symlink: /home/flyingrobots/georg/ros2_ws/src/crazyswarm2/install/crazyflie_interfaces/include/crazyflie_interfaces/crazyflie_interfaces/srv/detail/set_group_mask__rosidl_typesupport_introspection_c.h
-- Up-to-date symlink: /home/flyingrobots/georg/ros2_ws/src/crazyswarm2/install/crazyflie_interfaces/include/crazyflie_interfaces/crazyflie_interfaces/srv/detail/start_trajectory__rosidl_typesupport_introspection_c.h
-- Up-to-date symlink: /home/flyingrobots/georg/ros2_ws/src/crazyswarm2/install/crazyflie_interfaces/include/crazyflie_interfaces/crazyflie_interfaces/srv/detail/stop__rosidl_typesupport_introspection_c.h
-- Up-to-date symlink: /home/flyingrobots/georg/ros2_ws/src/crazyswarm2/install/crazyflie_interfaces/include/crazyflie_interfaces/crazyflie_interfaces/srv/detail/takeoff__rosidl_typesupport_introspection_c.h
-- Up-to-date symlink: /home/flyingrobots/georg/ros2_ws/src/crazyswarm2/install/crazyflie_interfaces/include/crazyflie_interfaces/crazyflie_interfaces/srv/detail/update_params__rosidl_typesupport_introspection_c.h
-- Up-to-date symlink: /home/flyingrobots/georg/ros2_ws/src/crazyswarm2/install/crazyflie_interfaces/include/crazyflie_interfaces/crazyflie_interfaces/srv/detail/upload_trajectory__rosidl_typesupport_introspection_c.h
-- Up-to-date symlink: /home/flyingrobots/georg/ros2_ws/src/crazyswarm2/install/crazyflie_interfaces/include/crazyflie_interfaces/crazyflie_interfaces/msg/detail/connection_statistics__rosidl_typesupport_introspection_cpp.hpp
-- Up-to-date symlink: /home/flyingrobots/georg/ros2_ws/src/crazyswarm2/install/crazyflie_interfaces/include/crazyflie_interfaces/crazyflie_interfaces/msg/detail/connection_statistics_array__rosidl_typesupport_introspection_cpp.hpp
-- Up-to-date symlink: /home/flyingrobots/georg/ros2_ws/src/crazyswarm2/install/crazyflie_interfaces/include/crazyflie_interfaces/crazyflie_interfaces/msg/detail/full_state__rosidl_typesupport_introspection_cpp.hpp
-- Up-to-date symlink: /home/flyingrobots/georg/ros2_ws/src/crazyswarm2/install/crazyflie_interfaces/include/crazyflie_interfaces/crazyflie_interfaces/msg/detail/hover__rosidl_typesupport_introspection_cpp.hpp
-- Up-to-date symlink: /home/flyingrobots/georg/ros2_ws/src/crazyswarm2/install/crazyflie_interfaces/include/crazyflie_interfaces/crazyflie_interfaces/msg/detail/log_block__rosidl_typesupport_introspection_cpp.hpp
-- Up-to-date symlink: /home/flyingrobots/georg/ros2_ws/src/crazyswarm2/install/crazyflie_interfaces/include/crazyflie_interfaces/crazyflie_interfaces/msg/detail/log_data_generic__rosidl_typesupport_introspection_cpp.hpp
-- Up-to-date symlink: /home/flyingrobots/georg/ros2_ws/src/crazyswarm2/install/crazyflie_interfaces/include/crazyflie_interfaces/crazyflie_interfaces/msg/detail/position__rosidl_typesupport_introspection_cpp.hpp
-- Up-to-date symlink: /home/flyingrobots/georg/ros2_ws/src/crazyswarm2/install/crazyflie_interfaces/include/crazyflie_interfaces/crazyflie_interfaces/msg/detail/status__rosidl_typesupport_introspection_cpp.hpp
-- Up-to-date symlink: /home/flyingrobots/georg/ros2_ws/src/crazyswarm2/install/crazyflie_interfaces/include/crazyflie_interfaces/crazyflie_interfaces/msg/detail/trajectory_polynomial_piece__rosidl_typesupport_introspection_cpp.hpp
-- Up-to-date symlink: /home/flyingrobots/georg/ros2_ws/src/crazyswarm2/install/crazyflie_interfaces/include/crazyflie_interfaces/crazyflie_interfaces/msg/detail/velocity_world__rosidl_typesupport_introspection_cpp.hpp
-- Up-to-date symlink: /home/flyingrobots/georg/ros2_ws/src/crazyswarm2/install/crazyflie_interfaces/include/crazyflie_interfaces/crazyflie_interfaces/srv/detail/add_logging__rosidl_typesupport_introspection_cpp.hpp
-- Up-to-date symlink: /home/flyingrobots/georg/ros2_ws/src/crazyswarm2/install/crazyflie_interfaces/include/crazyflie_interfaces/crazyflie_interfaces/srv/detail/arm__rosidl_typesupport_introspection_cpp.hpp
-- Up-to-date symlink: /home/flyingrobots/georg/ros2_ws/src/crazyswarm2/install/crazyflie_interfaces/include/crazyflie_interfaces/crazyflie_interfaces/srv/detail/go_to__rosidl_typesupport_introspection_cpp.hpp
-- Up-to-date symlink: /home/flyingrobots/georg/ros2_ws/src/crazyswarm2/install/crazyflie_interfaces/include/crazyflie_interfaces/crazyflie_interfaces/srv/detail/land__rosidl_typesupport_introspection_cpp.hpp
-- Up-to-date symlink: /home/flyingrobots/georg/ros2_ws/src/crazyswarm2/install/crazyflie_interfaces/include/crazyflie_interfaces/crazyflie_interfaces/srv/detail/notify_setpoints_stop__rosidl_typesupport_introspection_cpp.hpp
-- Up-to-date symlink: /home/flyingrobots/georg/ros2_ws/src/crazyswarm2/install/crazyflie_interfaces/include/crazyflie_interfaces/crazyflie_interfaces/srv/detail/remove_logging__rosidl_typesupport_introspection_cpp.hpp
-- Up-to-date symlink: /home/flyingrobots/georg/ros2_ws/src/crazyswarm2/install/crazyflie_interfaces/include/crazyflie_interfaces/crazyflie_interfaces/srv/detail/set_group_mask__rosidl_typesupport_introspection_cpp.hpp
-- Up-to-date symlink: /home/flyingrobots/georg/ros2_ws/src/crazyswarm2/install/crazyflie_interfaces/include/crazyflie_interfaces/crazyflie_interfaces/srv/detail/start_trajectory__rosidl_typesupport_introspection_cpp.hpp
-- Up-to-date symlink: /home/flyingrobots/georg/ros2_ws/src/crazyswarm2/install/crazyflie_interfaces/include/crazyflie_interfaces/crazyflie_interfaces/srv/detail/stop__rosidl_typesupport_introspection_cpp.hpp
-- Up-to-date symlink: /home/flyingrobots/georg/ros2_ws/src/crazyswarm2/install/crazyflie_interfaces/include/crazyflie_interfaces/crazyflie_interfaces/srv/detail/takeoff__rosidl_typesupport_introspection_cpp.hpp
-- Up-to-date symlink: /home/flyingrobots/georg/ros2_ws/src/crazyswarm2/install/crazyflie_interfaces/include/crazyflie_interfaces/crazyflie_interfaces/srv/detail/update_params__rosidl_typesupport_introspection_cpp.hpp
-- Up-to-date symlink: /home/flyingrobots/georg/ros2_ws/src/crazyswarm2/install/crazyflie_interfaces/include/crazyflie_interfaces/crazyflie_interfaces/srv/detail/upload_trajectory__rosidl_typesupport_introspection_cpp.hpp
-- Up-to-date symlink: /home/flyingrobots/georg/ros2_ws/src/crazyswarm2/install/crazyflie_interfaces/share/crazyflie_interfaces/environment/pythonpath.sh
-- Up-to-date symlink: /home/flyingrobots/georg/ros2_ws/src/crazyswarm2/install/crazyflie_interfaces/share/crazyflie_interfaces/environment/pythonpath.dsv
-- Up-to-date symlink: /home/flyingrobots/georg/ros2_ws/src/crazyswarm2/install/crazyflie_interfaces/lib/python3.12/site-packages/crazyflie_interfaces-1.0.3-py3.12.egg-info/PKG-INFO
-- Up-to-date symlink: /home/flyingrobots/georg/ros2_ws/src/crazyswarm2/install/crazyflie_interfaces/lib/python3.12/site-packages/crazyflie_interfaces-1.0.3-py3.12.egg-info/SOURCES.txt
-- Up-to-date symlink: /home/flyingrobots/georg/ros2_ws/src/crazyswarm2/install/crazyflie_interfaces/lib/python3.12/site-packages/crazyflie_interfaces-1.0.3-py3.12.egg-info/dependency_links.txt
-- Up-to-date symlink: /home/flyingrobots/georg/ros2_ws/src/crazyswarm2/install/crazyflie_interfaces/lib/python3.12/site-packages/crazyflie_interfaces-1.0.3-py3.12.egg-info/top_level.txt
-- Up-to-date symlink: /home/flyingrobots/georg/ros2_ws/src/crazyswarm2/install/crazyflie_interfaces/lib/python3.12/site-packages/crazyflie_interfaces/__init__.py
-- Up-to-date symlink: /home/flyingrobots/georg/ros2_ws/src/crazyswarm2/install/crazyflie_interfaces/lib/python3.12/site-packages/crazyflie_interfaces/_crazyflie_interfaces_s.ep.rosidl_typesupport_c.c
-- Up-to-date symlink: /home/flyingrobots/georg/ros2_ws/src/crazyswarm2/install/crazyflie_interfaces/lib/python3.12/site-packages/crazyflie_interfaces/_crazyflie_interfaces_s.ep.rosidl_typesupport_fastrtps_c.c
-- Up-to-date symlink: /home/flyingrobots/georg/ros2_ws/src/crazyswarm2/install/crazyflie_interfaces/lib/python3.12/site-packages/crazyflie_interfaces/_crazyflie_interfaces_s.ep.rosidl_typesupport_introspection_c.c
-- Up-to-date symlink: /home/flyingrobots/georg/ros2_ws/src/crazyswarm2/install/crazyflie_interfaces/lib/python3.12/site-packages/crazyflie_interfaces/crazyflie_interfaces_s__rosidl_typesupport_c.so
-- Up-to-date symlink: /home/flyingrobots/georg/ros2_ws/src/crazyswarm2/install/crazyflie_interfaces/lib/python3.12/site-packages/crazyflie_interfaces/crazyflie_interfaces_s__rosidl_typesupport_fastrtps_c.so
-- Up-to-date symlink: /home/flyingrobots/georg/ros2_ws/src/crazyswarm2/install/crazyflie_interfaces/lib/python3.12/site-packages/crazyflie_interfaces/crazyflie_interfaces_s__rosidl_typesupport_introspection_c.so
-- Up-to-date symlink: /home/flyingrobots/georg/ros2_ws/src/crazyswarm2/install/crazyflie_interfaces/lib/python3.12/site-packages/crazyflie_interfaces/msg/__init__.py
-- Up-to-date symlink: /home/flyingrobots/georg/ros2_ws/src/crazyswarm2/install/crazyflie_interfaces/lib/python3.12/site-packages/crazyflie_interfaces/msg/_connection_statistics.py
-- Up-to-date symlink: /home/flyingrobots/georg/ros2_ws/src/crazyswarm2/install/crazyflie_interfaces/lib/python3.12/site-packages/crazyflie_interfaces/msg/_connection_statistics_array.py
-- Up-to-date symlink: /home/flyingrobots/georg/ros2_ws/src/crazyswarm2/install/crazyflie_interfaces/lib/python3.12/site-packages/crazyflie_interfaces/msg/_connection_statistics_array_s.c
-- Up-to-date symlink: /home/flyingrobots/georg/ros2_ws/src/crazyswarm2/install/crazyflie_interfaces/lib/python3.12/site-packages/crazyflie_interfaces/msg/_connection_statistics_s.c
-- Up-to-date symlink: /home/flyingrobots/georg/ros2_ws/src/crazyswarm2/install/crazyflie_interfaces/lib/python3.12/site-packages/crazyflie_interfaces/msg/_full_state.py
-- Up-to-date symlink: /home/flyingrobots/georg/ros2_ws/src/crazyswarm2/install/crazyflie_interfaces/lib/python3.12/site-packages/crazyflie_interfaces/msg/_full_state_s.c
-- Up-to-date symlink: /home/flyingrobots/georg/ros2_ws/src/crazyswarm2/install/crazyflie_interfaces/lib/python3.12/site-packages/crazyflie_interfaces/msg/_hover.py
-- Up-to-date symlink: /home/flyingrobots/georg/ros2_ws/src/crazyswarm2/install/crazyflie_interfaces/lib/python3.12/site-packages/crazyflie_interfaces/msg/_hover_s.c
-- Up-to-date symlink: /home/flyingrobots/georg/ros2_ws/src/crazyswarm2/install/crazyflie_interfaces/lib/python3.12/site-packages/crazyflie_interfaces/msg/_log_block.py
-- Up-to-date symlink: /home/flyingrobots/georg/ros2_ws/src/crazyswarm2/install/crazyflie_interfaces/lib/python3.12/site-packages/crazyflie_interfaces/msg/_log_block_s.c
-- Up-to-date symlink: /home/flyingrobots/georg/ros2_ws/src/crazyswarm2/install/crazyflie_interfaces/lib/python3.12/site-packages/crazyflie_interfaces/msg/_log_data_generic.py
-- Up-to-date symlink: /home/flyingrobots/georg/ros2_ws/src/crazyswarm2/install/crazyflie_interfaces/lib/python3.12/site-packages/crazyflie_interfaces/msg/_log_data_generic_s.c
-- Up-to-date symlink: /home/flyingrobots/georg/ros2_ws/src/crazyswarm2/install/crazyflie_interfaces/lib/python3.12/site-packages/crazyflie_interfaces/msg/_position.py
-- Up-to-date symlink: /home/flyingrobots/georg/ros2_ws/src/crazyswarm2/install/crazyflie_interfaces/lib/python3.12/site-packages/crazyflie_interfaces/msg/_position_s.c
-- Up-to-date symlink: /home/flyingrobots/georg/ros2_ws/src/crazyswarm2/install/crazyflie_interfaces/lib/python3.12/site-packages/crazyflie_interfaces/msg/_status.py
-- Up-to-date symlink: /home/flyingrobots/georg/ros2_ws/src/crazyswarm2/install/crazyflie_interfaces/lib/python3.12/site-packages/crazyflie_interfaces/msg/_status_s.c
-- Up-to-date symlink: /home/flyingrobots/georg/ros2_ws/src/crazyswarm2/install/crazyflie_interfaces/lib/python3.12/site-packages/crazyflie_interfaces/msg/_trajectory_polynomial_piece.py
-- Up-to-date symlink: /home/flyingrobots/georg/ros2_ws/src/crazyswarm2/install/crazyflie_interfaces/lib/python3.12/site-packages/crazyflie_interfaces/msg/_trajectory_polynomial_piece_s.c
-- Up-to-date symlink: /home/flyingrobots/georg/ros2_ws/src/crazyswarm2/install/crazyflie_interfaces/lib/python3.12/site-packages/crazyflie_interfaces/msg/_velocity_world.py
-- Up-to-date symlink: /home/flyingrobots/georg/ros2_ws/src/crazyswarm2/install/crazyflie_interfaces/lib/python3.12/site-packages/crazyflie_interfaces/msg/_velocity_world_s.c
-- Up-to-date symlink: /home/flyingrobots/georg/ros2_ws/src/crazyswarm2/install/crazyflie_interfaces/lib/python3.12/site-packages/crazyflie_interfaces/srv/__init__.py
-- Up-to-date symlink: /home/flyingrobots/georg/ros2_ws/src/crazyswarm2/install/crazyflie_interfaces/lib/python3.12/site-packages/crazyflie_interfaces/srv/_add_logging.py
-- Up-to-date symlink: /home/flyingrobots/georg/ros2_ws/src/crazyswarm2/install/crazyflie_interfaces/lib/python3.12/site-packages/crazyflie_interfaces/srv/_add_logging_s.c
-- Up-to-date symlink: /home/flyingrobots/georg/ros2_ws/src/crazyswarm2/install/crazyflie_interfaces/lib/python3.12/site-packages/crazyflie_interfaces/srv/_arm.py
-- Up-to-date symlink: /home/flyingrobots/georg/ros2_ws/src/crazyswarm2/install/crazyflie_interfaces/lib/python3.12/site-packages/crazyflie_interfaces/srv/_arm_s.c
-- Up-to-date symlink: /home/flyingrobots/georg/ros2_ws/src/crazyswarm2/install/crazyflie_interfaces/lib/python3.12/site-packages/crazyflie_interfaces/srv/_go_to.py
-- Up-to-date symlink: /home/flyingrobots/georg/ros2_ws/src/crazyswarm2/install/crazyflie_interfaces/lib/python3.12/site-packages/crazyflie_interfaces/srv/_go_to_s.c
-- Up-to-date symlink: /home/flyingrobots/georg/ros2_ws/src/crazyswarm2/install/crazyflie_interfaces/lib/python3.12/site-packages/crazyflie_interfaces/srv/_land.py
-- Up-to-date symlink: /home/flyingrobots/georg/ros2_ws/src/crazyswarm2/install/crazyflie_interfaces/lib/python3.12/site-packages/crazyflie_interfaces/srv/_land_s.c
-- Up-to-date symlink: /home/flyingrobots/georg/ros2_ws/src/crazyswarm2/install/crazyflie_interfaces/lib/python3.12/site-packages/crazyflie_interfaces/srv/_notify_setpoints_stop.py
-- Up-to-date symlink: /home/flyingrobots/georg/ros2_ws/src/crazyswarm2/install/crazyflie_interfaces/lib/python3.12/site-packages/crazyflie_interfaces/srv/_notify_setpoints_stop_s.c
-- Up-to-date symlink: /home/flyingrobots/georg/ros2_ws/src/crazyswarm2/install/crazyflie_interfaces/lib/python3.12/site-packages/crazyflie_interfaces/srv/_remove_logging.py
-- Up-to-date symlink: /home/flyingrobots/georg/ros2_ws/src/crazyswarm2/install/crazyflie_interfaces/lib/python3.12/site-packages/crazyflie_interfaces/srv/_remove_logging_s.c
-- Up-to-date symlink: /home/flyingrobots/georg/ros2_ws/src/crazyswarm2/install/crazyflie_interfaces/lib/python3.12/site-packages/crazyflie_interfaces/srv/_set_group_mask.py
-- Up-to-date symlink: /home/flyingrobots/georg/ros2_ws/src/crazyswarm2/install/crazyflie_interfaces/lib/python3.12/site-packages/crazyflie_interfaces/srv/_set_group_mask_s.c
-- Up-to-date symlink: /home/flyingrobots/georg/ros2_ws/src/crazyswarm2/install/crazyflie_interfaces/lib/python3.12/site-packages/crazyflie_interfaces/srv/_start_trajectory.py
-- Up-to-date symlink: /home/flyingrobots/georg/ros2_ws/src/crazyswarm2/install/crazyflie_interfaces/lib/python3.12/site-packages/crazyflie_interfaces/srv/_start_trajectory_s.c
-- Up-to-date symlink: /home/flyingrobots/georg/ros2_ws/src/crazyswarm2/install/crazyflie_interfaces/lib/python3.12/site-packages/crazyflie_interfaces/srv/_stop.py
-- Up-to-date symlink: /home/flyingrobots/georg/ros2_ws/src/crazyswarm2/install/crazyflie_interfaces/lib/python3.12/site-packages/crazyflie_interfaces/srv/_stop_s.c
-- Up-to-date symlink: /home/flyingrobots/georg/ros2_ws/src/crazyswarm2/install/crazyflie_interfaces/lib/python3.12/site-packages/crazyflie_interfaces/srv/_takeoff.py
-- Up-to-date symlink: /home/flyingrobots/georg/ros2_ws/src/crazyswarm2/install/crazyflie_interfaces/lib/python3.12/site-packages/crazyflie_interfaces/srv/_takeoff_s.c
-- Up-to-date symlink: /home/flyingrobots/georg/ros2_ws/src/crazyswarm2/install/crazyflie_interfaces/lib/python3.12/site-packages/crazyflie_interfaces/srv/_update_params.py
-- Up-to-date symlink: /home/flyingrobots/georg/ros2_ws/src/crazyswarm2/install/crazyflie_interfaces/lib/python3.12/site-packages/crazyflie_interfaces/srv/_update_params_s.c
-- Up-to-date symlink: /home/flyingrobots/georg/ros2_ws/src/crazyswarm2/install/crazyflie_interfaces/lib/python3.12/site-packages/crazyflie_interfaces/srv/_upload_trajectory.py
-- Up-to-date symlink: /home/flyingrobots/georg/ros2_ws/src/crazyswarm2/install/crazyflie_interfaces/lib/python3.12/site-packages/crazyflie_interfaces/srv/_upload_trajectory_s.c
-- Up-to-date symlink: /home/flyingrobots/georg/ros2_ws/src/crazyswarm2/install/crazyflie_interfaces/lib/python3.12/site-packages/crazyflie_interfaces/crazyflie_interfaces_s__rosidl_typesupport_fastrtps_c.so
-- Up-to-date symlink: /home/flyingrobots/georg/ros2_ws/src/crazyswarm2/install/crazyflie_interfaces/lib/python3.12/site-packages/crazyflie_interfaces/crazyflie_interfaces_s__rosidl_typesupport_introspection_c.so
-- Up-to-date symlink: /home/flyingrobots/georg/ros2_ws/src/crazyswarm2/install/crazyflie_interfaces/lib/python3.12/site-packages/crazyflie_interfaces/crazyflie_interfaces_s__rosidl_typesupport_c.so
-- Up-to-date symlink: /home/flyingrobots/georg/ros2_ws/src/crazyswarm2/install/crazyflie_interfaces/share/crazyflie_interfaces/msg/ConnectionStatistics.idl
-- Up-to-date symlink: /home/flyingrobots/georg/ros2_ws/src/crazyswarm2/install/crazyflie_interfaces/share/crazyflie_interfaces/msg/ConnectionStatisticsArray.idl
-- Up-to-date symlink: /home/flyingrobots/georg/ros2_ws/src/crazyswarm2/install/crazyflie_interfaces/share/crazyflie_interfaces/msg/FullState.idl
-- Up-to-date symlink: /home/flyingrobots/georg/ros2_ws/src/crazyswarm2/install/crazyflie_interfaces/share/crazyflie_interfaces/msg/LogDataGeneric.idl
-- Up-to-date symlink: /home/flyingrobots/georg/ros2_ws/src/crazyswarm2/install/crazyflie_interfaces/share/crazyflie_interfaces/msg/Hover.idl
-- Up-to-date symlink: /home/flyingrobots/georg/ros2_ws/src/crazyswarm2/install/crazyflie_interfaces/share/crazyflie_interfaces/msg/LogBlock.idl
-- Up-to-date symlink: /home/flyingrobots/georg/ros2_ws/src/crazyswarm2/install/crazyflie_interfaces/share/crazyflie_interfaces/msg/Position.idl
-- Up-to-date symlink: /home/flyingrobots/georg/ros2_ws/src/crazyswarm2/install/crazyflie_interfaces/share/crazyflie_interfaces/msg/Status.idl
-- Up-to-date symlink: /home/flyingrobots/georg/ros2_ws/src/crazyswarm2/install/crazyflie_interfaces/share/crazyflie_interfaces/msg/TrajectoryPolynomialPiece.idl
-- Up-to-date symlink: /home/flyingrobots/georg/ros2_ws/src/crazyswarm2/install/crazyflie_interfaces/share/crazyflie_interfaces/msg/VelocityWorld.idl
-- Up-to-date symlink: /home/flyingrobots/georg/ros2_ws/src/crazyswarm2/install/crazyflie_interfaces/share/crazyflie_interfaces/srv/GoTo.idl
-- Up-to-date symlink: /home/flyingrobots/georg/ros2_ws/src/crazyswarm2/install/crazyflie_interfaces/share/crazyflie_interfaces/srv/Land.idl
-- Up-to-date symlink: /home/flyingrobots/georg/ros2_ws/src/crazyswarm2/install/crazyflie_interfaces/share/crazyflie_interfaces/srv/NotifySetpointsStop.idl
-- Up-to-date symlink: /home/flyingrobots/georg/ros2_ws/src/crazyswarm2/install/crazyflie_interfaces/share/crazyflie_interfaces/srv/SetGroupMask.idl
-- Up-to-date symlink: /home/flyingrobots/georg/ros2_ws/src/crazyswarm2/install/crazyflie_interfaces/share/crazyflie_interfaces/srv/StartTrajectory.idl
-- Up-to-date symlink: /home/flyingrobots/georg/ros2_ws/src/crazyswarm2/install/crazyflie_interfaces/share/crazyflie_interfaces/srv/Stop.idl
-- Up-to-date symlink: /home/flyingrobots/georg/ros2_ws/src/crazyswarm2/install/crazyflie_interfaces/share/crazyflie_interfaces/srv/Takeoff.idl
-- Up-to-date symlink: /home/flyingrobots/georg/ros2_ws/src/crazyswarm2/install/crazyflie_interfaces/share/crazyflie_interfaces/srv/UpdateParams.idl
-- Up-to-date symlink: /home/flyingrobots/georg/ros2_ws/src/crazyswarm2/install/crazyflie_interfaces/share/crazyflie_interfaces/srv/UploadTrajectory.idl
-- Up-to-date symlink: /home/flyingrobots/georg/ros2_ws/src/crazyswarm2/install/crazyflie_interfaces/share/crazyflie_interfaces/srv/RemoveLogging.idl
-- Up-to-date symlink: /home/flyingrobots/georg/ros2_ws/src/crazyswarm2/install/crazyflie_interfaces/share/crazyflie_interfaces/srv/AddLogging.idl
-- Up-to-date symlink: /home/flyingrobots/georg/ros2_ws/src/crazyswarm2/install/crazyflie_interfaces/share/crazyflie_interfaces/srv/Arm.idl
-- Up-to-date symlink: /home/flyingrobots/georg/ros2_ws/src/crazyswarm2/install/crazyflie_interfaces/share/crazyflie_interfaces/msg/ConnectionStatistics.msg
-- Up-to-date symlink: /home/flyingrobots/georg/ros2_ws/src/crazyswarm2/install/crazyflie_interfaces/share/crazyflie_interfaces/msg/ConnectionStatisticsArray.msg
-- Up-to-date symlink: /home/flyingrobots/georg/ros2_ws/src/crazyswarm2/install/crazyflie_interfaces/share/crazyflie_interfaces/msg/FullState.msg
-- Up-to-date symlink: /home/flyingrobots/georg/ros2_ws/src/crazyswarm2/install/crazyflie_interfaces/share/crazyflie_interfaces/msg/LogDataGeneric.msg
-- Up-to-date symlink: /home/flyingrobots/georg/ros2_ws/src/crazyswarm2/install/crazyflie_interfaces/share/crazyflie_interfaces/msg/Hover.msg
-- Up-to-date symlink: /home/flyingrobots/georg/ros2_ws/src/crazyswarm2/install/crazyflie_interfaces/share/crazyflie_interfaces/msg/LogBlock.msg
-- Up-to-date symlink: /home/flyingrobots/georg/ros2_ws/src/crazyswarm2/install/crazyflie_interfaces/share/crazyflie_interfaces/msg/Position.msg
-- Up-to-date symlink: /home/flyingrobots/georg/ros2_ws/src/crazyswarm2/install/crazyflie_interfaces/share/crazyflie_interfaces/msg/Status.msg
-- Up-to-date symlink: /home/flyingrobots/georg/ros2_ws/src/crazyswarm2/install/crazyflie_interfaces/share/crazyflie_interfaces/msg/TrajectoryPolynomialPiece.msg
-- Up-to-date symlink: /home/flyingrobots/georg/ros2_ws/src/crazyswarm2/install/crazyflie_interfaces/share/crazyflie_interfaces/msg/VelocityWorld.msg
-- Up-to-date symlink: /home/flyingrobots/georg/ros2_ws/src/crazyswarm2/install/crazyflie_interfaces/share/crazyflie_interfaces/srv/GoTo.srv
-- Up-to-date symlink: /home/flyingrobots/georg/ros2_ws/src/crazyswarm2/install/crazyflie_interfaces/share/crazyflie_interfaces/srv/Land.srv
-- Up-to-date symlink: /home/flyingrobots/georg/ros2_ws/src/crazyswarm2/install/crazyflie_interfaces/share/crazyflie_interfaces/srv/NotifySetpointsStop.srv
-- Up-to-date symlink: /home/flyingrobots/georg/ros2_ws/src/crazyswarm2/install/crazyflie_interfaces/share/crazyflie_interfaces/srv/SetGroupMask.srv
-- Up-to-date symlink: /home/flyingrobots/georg/ros2_ws/src/crazyswarm2/install/crazyflie_interfaces/share/crazyflie_interfaces/srv/StartTrajectory.srv
-- Up-to-date symlink: /home/flyingrobots/georg/ros2_ws/src/crazyswarm2/install/crazyflie_interfaces/share/crazyflie_interfaces/srv/Stop.srv
-- Up-to-date symlink: /home/flyingrobots/georg/ros2_ws/src/crazyswarm2/install/crazyflie_interfaces/share/crazyflie_interfaces/srv/Takeoff.srv
-- Up-to-date symlink: /home/flyingrobots/georg/ros2_ws/src/crazyswarm2/install/crazyflie_interfaces/share/crazyflie_interfaces/srv/UpdateParams.srv
-- Up-to-date symlink: /home/flyingrobots/georg/ros2_ws/src/crazyswarm2/install/crazyflie_interfaces/share/crazyflie_interfaces/srv/UploadTrajectory.srv
-- Up-to-date symlink: /home/flyingrobots/georg/ros2_ws/src/crazyswarm2/install/crazyflie_interfaces/share/crazyflie_interfaces/srv/RemoveLogging.srv
-- Up-to-date symlink: /home/flyingrobots/georg/ros2_ws/src/crazyswarm2/install/crazyflie_interfaces/share/crazyflie_interfaces/srv/AddLogging.srv
-- Up-to-date symlink: /home/flyingrobots/georg/ros2_ws/src/crazyswarm2/install/crazyflie_interfaces/share/crazyflie_interfaces/srv/Arm.srv
-- Up-to-date symlink: /home/flyingrobots/georg/ros2_ws/src/crazyswarm2/install/crazyflie_interfaces/share/ament_index/resource_index/package_run_dependencies/crazyflie_interfaces
-- Up-to-date symlink: /home/flyingrobots/georg/ros2_ws/src/crazyswarm2/install/crazyflie_interfaces/share/ament_index/resource_index/parent_prefix_path/crazyflie_interfaces
-- Up-to-date symlink: /home/flyingrobots/georg/ros2_ws/src/crazyswarm2/install/crazyflie_interfaces/share/crazyflie_interfaces/environment/ament_prefix_path.sh
-- Up-to-date symlink: /home/flyingrobots/georg/ros2_ws/src/crazyswarm2/install/crazyflie_interfaces/share/crazyflie_interfaces/environment/ament_prefix_path.dsv
-- Up-to-date symlink: /home/flyingrobots/georg/ros2_ws/src/crazyswarm2/install/crazyflie_interfaces/share/crazyflie_interfaces/environment/path.sh
-- Up-to-date symlink: /home/flyingrobots/georg/ros2_ws/src/crazyswarm2/install/crazyflie_interfaces/share/crazyflie_interfaces/environment/path.dsv
-- Up-to-date symlink: /home/flyingrobots/georg/ros2_ws/src/crazyswarm2/install/crazyflie_interfaces/share/crazyflie_interfaces/local_setup.bash
-- Up-to-date symlink: /home/flyingrobots/georg/ros2_ws/src/crazyswarm2/install/crazyflie_interfaces/share/crazyflie_interfaces/local_setup.sh
-- Up-to-date symlink: /home/flyingrobots/georg/ros2_ws/src/crazyswarm2/install/crazyflie_interfaces/share/crazyflie_interfaces/local_setup.zsh
-- Up-to-date symlink: /home/flyingrobots/georg/ros2_ws/src/crazyswarm2/install/crazyflie_interfaces/share/crazyflie_interfaces/local_setup.dsv
-- Symlinking: /home/flyingrobots/georg/ros2_ws/src/crazyswarm2/install/crazyflie_interfaces/share/crazyflie_interfaces/package.dsv
-- Up-to-date symlink: /home/flyingrobots/georg/ros2_ws/src/crazyswarm2/install/crazyflie_interfaces/share/ament_index/resource_index/packages/crazyflie_interfaces
-- Up-to-date symlink: /home/flyingrobots/georg/ros2_ws/src/crazyswarm2/install/crazyflie_interfaces/share/crazyflie_interfaces/cmake/rosidl_cmake-extras.cmake
-- Up-to-date symlink: /home/flyingrobots/georg/ros2_ws/src/crazyswarm2/install/crazyflie_interfaces/share/crazyflie_interfaces/cmake/ament_cmake_export_dependencies-extras.cmake
-- Up-to-date symlink: /home/flyingrobots/georg/ros2_ws/src/crazyswarm2/install/crazyflie_interfaces/share/crazyflie_interfaces/cmake/ament_cmake_export_include_directories-extras.cmake
-- Up-to-date symlink: /home/flyingrobots/georg/ros2_ws/src/crazyswarm2/install/crazyflie_interfaces/share/crazyflie_interfaces/cmake/ament_cmake_export_libraries-extras.cmake
-- Up-to-date symlink: /home/flyingrobots/georg/ros2_ws/src/crazyswarm2/install/crazyflie_interfaces/share/crazyflie_interfaces/cmake/ament_cmake_export_targets-extras.cmake
-- Up-to-date symlink: /home/flyingrobots/georg/ros2_ws/src/crazyswarm2/install/crazyflie_interfaces/share/crazyflie_interfaces/cmake/rosidl_cmake_export_typesupport_targets-extras.cmake
-- Up-to-date symlink: /home/flyingrobots/georg/ros2_ws/src/crazyswarm2/install/crazyflie_interfaces/share/crazyflie_interfaces/cmake/rosidl_cmake_export_typesupport_libraries-extras.cmake
-- Up-to-date symlink: /home/flyingrobots/georg/ros2_ws/src/crazyswarm2/install/crazyflie_interfaces/share/crazyflie_interfaces/cmake/crazyflie_interfacesConfig.cmake
-- Up-to-date symlink: /home/flyingrobots/georg/ros2_ws/src/crazyswarm2/install/crazyflie_interfaces/share/crazyflie_interfaces/cmake/crazyflie_interfacesConfig-version.cmake
-- Up-to-date symlink: /home/flyingrobots/georg/ros2_ws/src/crazyswarm2/install/crazyflie_interfaces/share/crazyflie_interfaces/package.xml
-- Up-to-date: /home/flyingrobots/georg/ros2_ws/src/crazyswarm2/install/crazyflie_interfaces/lib/libcrazyflie_interfaces__rosidl_generator_c.so
-- Up-to-date: /home/flyingrobots/georg/ros2_ws/src/crazyswarm2/install/crazyflie_interfaces/lib/libcrazyflie_interfaces__rosidl_typesupport_fastrtps_c.so
-- Up-to-date: /home/flyingrobots/georg/ros2_ws/src/crazyswarm2/install/crazyflie_interfaces/lib/libcrazyflie_interfaces__rosidl_typesupport_fastrtps_cpp.so
-- Up-to-date: /home/flyingrobots/georg/ros2_ws/src/crazyswarm2/install/crazyflie_interfaces/lib/libcrazyflie_interfaces__rosidl_typesupport_introspection_c.so
-- Up-to-date: /home/flyingrobots/georg/ros2_ws/src/crazyswarm2/install/crazyflie_interfaces/lib/libcrazyflie_interfaces__rosidl_typesupport_c.so
-- Up-to-date: /home/flyingrobots/georg/ros2_ws/src/crazyswarm2/install/crazyflie_interfaces/lib/libcrazyflie_interfaces__rosidl_typesupport_introspection_cpp.so
-- Up-to-date: /home/flyingrobots/georg/ros2_ws/src/crazyswarm2/install/crazyflie_interfaces/lib/libcrazyflie_interfaces__rosidl_typesupport_cpp.so
Listing '/home/flyingrobots/georg/ros2_ws/src/crazyswarm2/install/crazyflie_interfaces/lib/python3.12/site-packages/crazyflie_interfaces'...
Listing '/home/flyingrobots/georg/ros2_ws/src/crazyswarm2/install/crazyflie_interfaces/lib/python3.12/site-packages/crazyflie_interfaces/msg'...
Listing '/home/flyingrobots/georg/ros2_ws/src/crazyswarm2/install/crazyflie_interfaces/lib/python3.12/site-packages/crazyflie_interfaces/srv'...
-- Up-to-date: /home/flyingrobots/georg/ros2_ws/src/crazyswarm2/install/crazyflie_interfaces/lib/libcrazyflie_interfaces__rosidl_generator_py.so
-- Up-to-date: /home/flyingrobots/georg/ros2_ws/src/crazyswarm2/install/crazyflie_interfaces/share/crazyflie_interfaces/cmake/export_crazyflie_interfaces__rosidl_generator_cExport.cmake
-- Up-to-date: /home/flyingrobots/georg/ros2_ws/src/crazyswarm2/install/crazyflie_interfaces/share/crazyflie_interfaces/cmake/export_crazyflie_interfaces__rosidl_generator_cExport-noconfig.cmake
-- Up-to-date: /home/flyingrobots/georg/ros2_ws/src/crazyswarm2/install/crazyflie_interfaces/share/crazyflie_interfaces/cmake/export_crazyflie_interfaces__rosidl_typesupport_fastrtps_cExport.cmake
-- Up-to-date: /home/flyingrobots/georg/ros2_ws/src/crazyswarm2/install/crazyflie_interfaces/share/crazyflie_interfaces/cmake/export_crazyflie_interfaces__rosidl_typesupport_fastrtps_cExport-noconfig.cmake
-- Up-to-date: /home/flyingrobots/georg/ros2_ws/src/crazyswarm2/install/crazyflie_interfaces/share/crazyflie_interfaces/cmake/export_crazyflie_interfaces__rosidl_generator_cppExport.cmake
-- Up-to-date: /home/flyingrobots/georg/ros2_ws/src/crazyswarm2/install/crazyflie_interfaces/share/crazyflie_interfaces/cmake/export_crazyflie_interfaces__rosidl_typesupport_fastrtps_cppExport.cmake
-- Up-to-date: /home/flyingrobots/georg/ros2_ws/src/crazyswarm2/install/crazyflie_interfaces/share/crazyflie_interfaces/cmake/export_crazyflie_interfaces__rosidl_typesupport_fastrtps_cppExport-noconfig.cmake
-- Up-to-date: /home/flyingrobots/georg/ros2_ws/src/crazyswarm2/install/crazyflie_interfaces/share/crazyflie_interfaces/cmake/crazyflie_interfaces__rosidl_typesupport_introspection_cExport.cmake
-- Up-to-date: /home/flyingrobots/georg/ros2_ws/src/crazyswarm2/install/crazyflie_interfaces/share/crazyflie_interfaces/cmake/crazyflie_interfaces__rosidl_typesupport_introspection_cExport-noconfig.cmake
-- Up-to-date: /home/flyingrobots/georg/ros2_ws/src/crazyswarm2/install/crazyflie_interfaces/share/crazyflie_interfaces/cmake/crazyflie_interfaces__rosidl_typesupport_cExport.cmake
-- Up-to-date: /home/flyingrobots/georg/ros2_ws/src/crazyswarm2/install/crazyflie_interfaces/share/crazyflie_interfaces/cmake/crazyflie_interfaces__rosidl_typesupport_cExport-noconfig.cmake
-- Up-to-date: /home/flyingrobots/georg/ros2_ws/src/crazyswarm2/install/crazyflie_interfaces/share/crazyflie_interfaces/cmake/crazyflie_interfaces__rosidl_typesupport_introspection_cppExport.cmake
-- Up-to-date: /home/flyingrobots/georg/ros2_ws/src/crazyswarm2/install/crazyflie_interfaces/share/crazyflie_interfaces/cmake/crazyflie_interfaces__rosidl_typesupport_introspection_cppExport-noconfig.cmake
-- Up-to-date: /home/flyingrobots/georg/ros2_ws/src/crazyswarm2/install/crazyflie_interfaces/share/crazyflie_interfaces/cmake/crazyflie_interfaces__rosidl_typesupport_cppExport.cmake
-- Up-to-date: /home/flyingrobots/georg/ros2_ws/src/crazyswarm2/install/crazyflie_interfaces/share/crazyflie_interfaces/cmake/crazyflie_interfaces__rosidl_typesupport_cppExport-noconfig.cmake
-- Up-to-date: /home/flyingrobots/georg/ros2_ws/src/crazyswarm2/install/crazyflie_interfaces/share/crazyflie_interfaces/cmake/export_crazyflie_interfaces__rosidl_generator_pyExport.cmake
-- Up-to-date: /home/flyingrobots/georg/ros2_ws/src/crazyswarm2/install/crazyflie_interfaces/share/crazyflie_interfaces/cmake/export_crazyflie_interfaces__rosidl_generator_pyExport-noconfig.cmake
