[0.005s] Invoking command in '/home/flyingrobots/georg/ros2_ws/src/crazyswarm2/build/crazyflie_interfaces': CMAKE_PREFIX_PATH=${CMAKE_PREFIX_PATH}:/opt/ros/jazzy:/home/flyingrobots/georg/ros2_ws/src/crazyswarm2/install/crazyflie_py DEBUGINFOD_URLS=https://debuginfod.ubuntu.com PS1=(venv) VIRTUAL_ENV_PROMPT=(venv) /usr/bin/cmake --build /home/flyingrobots/georg/ros2_ws/src/crazyswarm2/build/crazyflie_interfaces -- -j24 -l24
[0.054s] [  0%] Built target crazyflie_interfaces__rosidl_generator_type_description
[0.059s] [  0%] Built target ament_cmake_python_symlink_crazyflie_interfaces
[0.083s] [  0%] Built target crazyflie_interfaces__cpp
[0.118s] [ 28%] Built target crazyflie_interfaces__rosidl_generator_c
[0.140s] [ 38%] Built target crazyflie_interfaces__rosidl_typesupport_c
[0.143s] [ 48%] Built target crazyflie_interfaces__rosidl_typesupport_introspection_c
[0.150s] [ 58%] Built target crazyflie_interfaces__rosidl_typesupport_introspection_cpp
[0.154s] [ 78%] Built target crazyflie_interfaces__rosidl_typesupport_fastrtps_c
[0.155s] [ 78%] Built target crazyflie_interfaces__rosidl_typesupport_cpp
[0.160s] [ 87%] Built target crazyflie_interfaces__rosidl_typesupport_fastrtps_cpp
[0.173s] [ 87%] Built target crazyflie_interfaces
[0.187s] [ 87%] Built target crazyflie_interfaces__py
[0.226s] [ 97%] Built target crazyflie_interfaces__rosidl_generator_py
[0.230s] running egg_info
[0.243s] [100%] Built target crazyflie_interfaces_s__rosidl_typesupport_c
[0.243s] [100%] Built target crazyflie_interfaces_s__rosidl_typesupport_introspection_c
[0.243s] [100%] Built target crazyflie_interfaces_s__rosidl_typesupport_fastrtps_c
[0.244s] writing crazyflie_interfaces.egg-info/PKG-INFO
[0.244s] writing dependency_links to crazyflie_interfaces.egg-info/dependency_links.txt
[0.244s] writing top-level names to crazyflie_interfaces.egg-info/top_level.txt
[0.275s] reading manifest file 'crazyflie_interfaces.egg-info/SOURCES.txt'
[0.275s] writing manifest file 'crazyflie_interfaces.egg-info/SOURCES.txt'
[0.298s] [100%] Built target ament_cmake_python_build_crazyflie_interfaces_egg
[0.306s] Invoked command in '/home/flyingrobots/georg/ros2_ws/src/crazyswarm2/build/crazyflie_interfaces' returned '0': CMAKE_PREFIX_PATH=${CMAKE_PREFIX_PATH}:/opt/ros/jazzy:/home/flyingrobots/georg/ros2_ws/src/crazyswarm2/install/crazyflie_py DEBUGINFOD_URLS=https://debuginfod.ubuntu.com PS1=(venv) VIRTUAL_ENV_PROMPT=(venv) /usr/bin/cmake --build /home/flyingrobots/georg/ros2_ws/src/crazyswarm2/build/crazyflie_interfaces -- -j24 -l24
[0.312s] Invoking command in '/home/flyingrobots/georg/ros2_ws/src/crazyswarm2/build/crazyflie_interfaces': CMAKE_PREFIX_PATH=${CMAKE_PREFIX_PATH}:/opt/ros/jazzy:/home/flyingrobots/georg/ros2_ws/src/crazyswarm2/install/crazyflie_py DEBUGINFOD_URLS=https://debuginfod.ubuntu.com PS1=(venv) VIRTUAL_ENV_PROMPT=(venv) /usr/bin/cmake --install /home/flyingrobots/georg/ros2_ws/src/crazyswarm2/build/crazyflie_interfaces
[0.318s] -- Install configuration: ""
[0.318s] -- Execute custom install script
[0.319s] -- Up-to-date symlink: /home/flyingrobots/georg/ros2_ws/src/crazyswarm2/install/crazyflie_interfaces/share/ament_index/resource_index/rosidl_interfaces/crazyflie_interfaces
[0.319s] -- Up-to-date symlink: /home/flyingrobots/georg/ros2_ws/src/crazyswarm2/install/crazyflie_interfaces/share/crazyflie_interfaces/msg/ConnectionStatistics.json
[0.319s] -- Up-to-date symlink: /home/flyingrobots/georg/ros2_ws/src/crazyswarm2/install/crazyflie_interfaces/share/crazyflie_interfaces/msg/ConnectionStatisticsArray.json
[0.319s] -- Up-to-date symlink: /home/flyingrobots/georg/ros2_ws/src/crazyswarm2/install/crazyflie_interfaces/share/crazyflie_interfaces/msg/FullState.json
[0.319s] -- Up-to-date symlink: /home/flyingrobots/georg/ros2_ws/src/crazyswarm2/install/crazyflie_interfaces/share/crazyflie_interfaces/msg/LogDataGeneric.json
[0.319s] -- Up-to-date symlink: /home/flyingrobots/georg/ros2_ws/src/crazyswarm2/install/crazyflie_interfaces/share/crazyflie_interfaces/msg/Hover.json
[0.320s] -- Up-to-date symlink: /home/flyingrobots/georg/ros2_ws/src/crazyswarm2/install/crazyflie_interfaces/share/crazyflie_interfaces/msg/LogBlock.json
[0.320s] -- Up-to-date symlink: /home/flyingrobots/georg/ros2_ws/src/crazyswarm2/install/crazyflie_interfaces/share/crazyflie_interfaces/msg/Position.json
[0.320s] -- Up-to-date symlink: /home/flyingrobots/georg/ros2_ws/src/crazyswarm2/install/crazyflie_interfaces/share/crazyflie_interfaces/msg/Status.json
[0.320s] -- Up-to-date symlink: /home/flyingrobots/georg/ros2_ws/src/crazyswarm2/install/crazyflie_interfaces/share/crazyflie_interfaces/msg/TrajectoryPolynomialPiece.json
[0.320s] -- Up-to-date symlink: /home/flyingrobots/georg/ros2_ws/src/crazyswarm2/install/crazyflie_interfaces/share/crazyflie_interfaces/msg/VelocityWorld.json
[0.320s] -- Up-to-date symlink: /home/flyingrobots/georg/ros2_ws/src/crazyswarm2/install/crazyflie_interfaces/share/crazyflie_interfaces/srv/GoTo.json
[0.321s] -- Up-to-date symlink: /home/flyingrobots/georg/ros2_ws/src/crazyswarm2/install/crazyflie_interfaces/share/crazyflie_interfaces/srv/Land.json
[0.321s] -- Up-to-date symlink: /home/flyingrobots/georg/ros2_ws/src/crazyswarm2/install/crazyflie_interfaces/share/crazyflie_interfaces/srv/NotifySetpointsStop.json
[0.321s] -- Up-to-date symlink: /home/flyingrobots/georg/ros2_ws/src/crazyswarm2/install/crazyflie_interfaces/share/crazyflie_interfaces/srv/SetGroupMask.json
[0.321s] -- Up-to-date symlink: /home/flyingrobots/georg/ros2_ws/src/crazyswarm2/install/crazyflie_interfaces/share/crazyflie_interfaces/srv/StartTrajectory.json
[0.321s] -- Up-to-date symlink: /home/flyingrobots/georg/ros2_ws/src/crazyswarm2/install/crazyflie_interfaces/share/crazyflie_interfaces/srv/Stop.json
[0.321s] -- Up-to-date symlink: /home/flyingrobots/georg/ros2_ws/src/crazyswarm2/install/crazyflie_interfaces/share/crazyflie_interfaces/srv/Takeoff.json
[0.321s] -- Up-to-date symlink: /home/flyingrobots/georg/ros2_ws/src/crazyswarm2/install/crazyflie_interfaces/share/crazyflie_interfaces/srv/UpdateParams.json
[0.321s] -- Up-to-date symlink: /home/flyingrobots/georg/ros2_ws/src/crazyswarm2/install/crazyflie_interfaces/share/crazyflie_interfaces/srv/UploadTrajectory.json
[0.322s] -- Up-to-date symlink: /home/flyingrobots/georg/ros2_ws/src/crazyswarm2/install/crazyflie_interfaces/share/crazyflie_interfaces/srv/RemoveLogging.json
[0.322s] -- Up-to-date symlink: /home/flyingrobots/georg/ros2_ws/src/crazyswarm2/install/crazyflie_interfaces/share/crazyflie_interfaces/srv/AddLogging.json
[0.322s] -- Up-to-date symlink: /home/flyingrobots/georg/ros2_ws/src/crazyswarm2/install/crazyflie_interfaces/share/crazyflie_interfaces/srv/Arm.json
[0.323s] -- Up-to-date symlink: /home/flyingrobots/georg/ros2_ws/src/crazyswarm2/install/crazyflie_interfaces/include/crazyflie_interfaces/crazyflie_interfaces/msg/connection_statistics.h
[0.323s] -- Up-to-date symlink: /home/flyingrobots/georg/ros2_ws/src/crazyswarm2/install/crazyflie_interfaces/include/crazyflie_interfaces/crazyflie_interfaces/msg/connection_statistics_array.h
[0.323s] -- Up-to-date symlink: /home/flyingrobots/georg/ros2_ws/src/crazyswarm2/install/crazyflie_interfaces/include/crazyflie_interfaces/crazyflie_interfaces/msg/detail/connection_statistics__functions.h
[0.323s] -- Up-to-date symlink: /home/flyingrobots/georg/ros2_ws/src/crazyswarm2/install/crazyflie_interfaces/include/crazyflie_interfaces/crazyflie_interfaces/msg/detail/connection_statistics__struct.h
[0.323s] -- Up-to-date symlink: /home/flyingrobots/georg/ros2_ws/src/crazyswarm2/install/crazyflie_interfaces/include/crazyflie_interfaces/crazyflie_interfaces/msg/detail/connection_statistics__type_support.h
[0.323s] -- Up-to-date symlink: /home/flyingrobots/georg/ros2_ws/src/crazyswarm2/install/crazyflie_interfaces/include/crazyflie_interfaces/crazyflie_interfaces/msg/detail/connection_statistics_array__functions.h
[0.324s] -- Up-to-date symlink: /home/flyingrobots/georg/ros2_ws/src/crazyswarm2/install/crazyflie_interfaces/include/crazyflie_interfaces/crazyflie_interfaces/msg/detail/connection_statistics_array__struct.h
[0.324s] -- Up-to-date symlink: /home/flyingrobots/georg/ros2_ws/src/crazyswarm2/install/crazyflie_interfaces/include/crazyflie_interfaces/crazyflie_interfaces/msg/detail/connection_statistics_array__type_support.h
[0.324s] -- Up-to-date symlink: /home/flyingrobots/georg/ros2_ws/src/crazyswarm2/install/crazyflie_interfaces/include/crazyflie_interfaces/crazyflie_interfaces/msg/detail/full_state__functions.h
[0.324s] -- Up-to-date symlink: /home/flyingrobots/georg/ros2_ws/src/crazyswarm2/install/crazyflie_interfaces/include/crazyflie_interfaces/crazyflie_interfaces/msg/detail/full_state__struct.h
[0.324s] -- Up-to-date symlink: /home/flyingrobots/georg/ros2_ws/src/crazyswarm2/install/crazyflie_interfaces/include/crazyflie_interfaces/crazyflie_interfaces/msg/detail/full_state__type_support.h
[0.324s] -- Up-to-date symlink: /home/flyingrobots/georg/ros2_ws/src/crazyswarm2/install/crazyflie_interfaces/include/crazyflie_interfaces/crazyflie_interfaces/msg/detail/hover__functions.h
[0.324s] -- Up-to-date symlink: /home/flyingrobots/georg/ros2_ws/src/crazyswarm2/install/crazyflie_interfaces/include/crazyflie_interfaces/crazyflie_interfaces/msg/detail/hover__struct.h
[0.324s] -- Up-to-date symlink: /home/flyingrobots/georg/ros2_ws/src/crazyswarm2/install/crazyflie_interfaces/include/crazyflie_interfaces/crazyflie_interfaces/msg/detail/hover__type_support.h
[0.324s] -- Up-to-date symlink: /home/flyingrobots/georg/ros2_ws/src/crazyswarm2/install/crazyflie_interfaces/include/crazyflie_interfaces/crazyflie_interfaces/msg/detail/log_block__functions.h
[0.324s] -- Up-to-date symlink: /home/flyingrobots/georg/ros2_ws/src/crazyswarm2/install/crazyflie_interfaces/include/crazyflie_interfaces/crazyflie_interfaces/msg/detail/log_block__struct.h
[0.324s] -- Up-to-date symlink: /home/flyingrobots/georg/ros2_ws/src/crazyswarm2/install/crazyflie_interfaces/include/crazyflie_interfaces/crazyflie_interfaces/msg/detail/log_block__type_support.h
[0.324s] -- Up-to-date symlink: /home/flyingrobots/georg/ros2_ws/src/crazyswarm2/install/crazyflie_interfaces/include/crazyflie_interfaces/crazyflie_interfaces/msg/detail/log_data_generic__functions.h
[0.324s] -- Up-to-date symlink: /home/flyingrobots/georg/ros2_ws/src/crazyswarm2/install/crazyflie_interfaces/include/crazyflie_interfaces/crazyflie_interfaces/msg/detail/log_data_generic__struct.h
[0.324s] -- Up-to-date symlink: /home/flyingrobots/georg/ros2_ws/src/crazyswarm2/install/crazyflie_interfaces/include/crazyflie_interfaces/crazyflie_interfaces/msg/detail/log_data_generic__type_support.h
[0.324s] -- Up-to-date symlink: /home/flyingrobots/georg/ros2_ws/src/crazyswarm2/install/crazyflie_interfaces/include/crazyflie_interfaces/crazyflie_interfaces/msg/detail/position__functions.h
[0.324s] -- Up-to-date symlink: /home/flyingrobots/georg/ros2_ws/src/crazyswarm2/install/crazyflie_interfaces/include/crazyflie_interfaces/crazyflie_interfaces/msg/detail/position__struct.h
[0.324s] -- Up-to-date symlink: /home/flyingrobots/georg/ros2_ws/src/crazyswarm2/install/crazyflie_interfaces/include/crazyflie_interfaces/crazyflie_interfaces/msg/detail/position__type_support.h
[0.324s] -- Up-to-date symlink: /home/flyingrobots/georg/ros2_ws/src/crazyswarm2/install/crazyflie_interfaces/include/crazyflie_interfaces/crazyflie_interfaces/msg/detail/status__functions.h
[0.324s] -- Up-to-date symlink: /home/flyingrobots/georg/ros2_ws/src/crazyswarm2/install/crazyflie_interfaces/include/crazyflie_interfaces/crazyflie_interfaces/msg/detail/status__struct.h
[0.324s] -- Up-to-date symlink: /home/flyingrobots/georg/ros2_ws/src/crazyswarm2/install/crazyflie_interfaces/include/crazyflie_interfaces/crazyflie_interfaces/msg/detail/status__type_support.h
[0.325s] -- Up-to-date symlink: /home/flyingrobots/georg/ros2_ws/src/crazyswarm2/install/crazyflie_interfaces/include/crazyflie_interfaces/crazyflie_interfaces/msg/detail/trajectory_polynomial_piece__functions.h
[0.325s] -- Up-to-date symlink: /home/flyingrobots/georg/ros2_ws/src/crazyswarm2/install/crazyflie_interfaces/include/crazyflie_interfaces/crazyflie_interfaces/msg/detail/trajectory_polynomial_piece__struct.h
[0.325s] -- Up-to-date symlink: /home/flyingrobots/georg/ros2_ws/src/crazyswarm2/install/crazyflie_interfaces/include/crazyflie_interfaces/crazyflie_interfaces/msg/detail/trajectory_polynomial_piece__type_support.h
[0.325s] -- Up-to-date symlink: /home/flyingrobots/georg/ros2_ws/src/crazyswarm2/install/crazyflie_interfaces/include/crazyflie_interfaces/crazyflie_interfaces/msg/detail/velocity_world__functions.h
[0.325s] -- Up-to-date symlink: /home/flyingrobots/georg/ros2_ws/src/crazyswarm2/install/crazyflie_interfaces/include/crazyflie_interfaces/crazyflie_interfaces/msg/detail/velocity_world__struct.h
[0.325s] -- Up-to-date symlink: /home/flyingrobots/georg/ros2_ws/src/crazyswarm2/install/crazyflie_interfaces/include/crazyflie_interfaces/crazyflie_interfaces/msg/detail/velocity_world__type_support.h
[0.325s] -- Up-to-date symlink: /home/flyingrobots/georg/ros2_ws/src/crazyswarm2/install/crazyflie_interfaces/include/crazyflie_interfaces/crazyflie_interfaces/msg/full_state.h
[0.325s] -- Up-to-date symlink: /home/flyingrobots/georg/ros2_ws/src/crazyswarm2/install/crazyflie_interfaces/include/crazyflie_interfaces/crazyflie_interfaces/msg/hover.h
[0.325s] -- Up-to-date symlink: /home/flyingrobots/georg/ros2_ws/src/crazyswarm2/install/crazyflie_interfaces/include/crazyflie_interfaces/crazyflie_interfaces/msg/log_block.h
[0.325s] -- Up-to-date symlink: /home/flyingrobots/georg/ros2_ws/src/crazyswarm2/install/crazyflie_interfaces/include/crazyflie_interfaces/crazyflie_interfaces/msg/log_data_generic.h
[0.325s] -- Up-to-date symlink: /home/flyingrobots/georg/ros2_ws/src/crazyswarm2/install/crazyflie_interfaces/include/crazyflie_interfaces/crazyflie_interfaces/msg/position.h
[0.325s] -- Up-to-date symlink: /home/flyingrobots/georg/ros2_ws/src/crazyswarm2/install/crazyflie_interfaces/include/crazyflie_interfaces/crazyflie_interfaces/msg/rosidl_generator_c__visibility_control.h
[0.325s] -- Up-to-date symlink: /home/flyingrobots/georg/ros2_ws/src/crazyswarm2/install/crazyflie_interfaces/include/crazyflie_interfaces/crazyflie_interfaces/msg/status.h
[0.325s] -- Up-to-date symlink: /home/flyingrobots/georg/ros2_ws/src/crazyswarm2/install/crazyflie_interfaces/include/crazyflie_interfaces/crazyflie_interfaces/msg/trajectory_polynomial_piece.h
[0.325s] -- Up-to-date symlink: /home/flyingrobots/georg/ros2_ws/src/crazyswarm2/install/crazyflie_interfaces/include/crazyflie_interfaces/crazyflie_interfaces/msg/velocity_world.h
[0.325s] -- Up-to-date symlink: /home/flyingrobots/georg/ros2_ws/src/crazyswarm2/install/crazyflie_interfaces/include/crazyflie_interfaces/crazyflie_interfaces/srv/add_logging.h
[0.325s] -- Up-to-date symlink: /home/flyingrobots/georg/ros2_ws/src/crazyswarm2/install/crazyflie_interfaces/include/crazyflie_interfaces/crazyflie_interfaces/srv/arm.h
[0.325s] -- Up-to-date symlink: /home/flyingrobots/georg/ros2_ws/src/crazyswarm2/install/crazyflie_interfaces/include/crazyflie_interfaces/crazyflie_interfaces/srv/detail/add_logging__functions.h
[0.325s] -- Up-to-date symlink: /home/flyingrobots/georg/ros2_ws/src/crazyswarm2/install/crazyflie_interfaces/include/crazyflie_interfaces/crazyflie_interfaces/srv/detail/add_logging__struct.h
[0.325s] -- Up-to-date symlink: /home/flyingrobots/georg/ros2_ws/src/crazyswarm2/install/crazyflie_interfaces/include/crazyflie_interfaces/crazyflie_interfaces/srv/detail/add_logging__type_support.h
[0.325s] -- Up-to-date symlink: /home/flyingrobots/georg/ros2_ws/src/crazyswarm2/install/crazyflie_interfaces/include/crazyflie_interfaces/crazyflie_interfaces/srv/detail/arm__functions.h
[0.326s] -- Up-to-date symlink: /home/flyingrobots/georg/ros2_ws/src/crazyswarm2/install/crazyflie_interfaces/include/crazyflie_interfaces/crazyflie_interfaces/srv/detail/arm__struct.h
[0.326s] -- Up-to-date symlink: /home/flyingrobots/georg/ros2_ws/src/crazyswarm2/install/crazyflie_interfaces/include/crazyflie_interfaces/crazyflie_interfaces/srv/detail/arm__type_support.h
[0.326s] -- Up-to-date symlink: /home/flyingrobots/georg/ros2_ws/src/crazyswarm2/install/crazyflie_interfaces/include/crazyflie_interfaces/crazyflie_interfaces/srv/detail/go_to__functions.h
[0.326s] -- Up-to-date symlink: /home/flyingrobots/georg/ros2_ws/src/crazyswarm2/install/crazyflie_interfaces/include/crazyflie_interfaces/crazyflie_interfaces/srv/detail/go_to__struct.h
[0.326s] -- Up-to-date symlink: /home/flyingrobots/georg/ros2_ws/src/crazyswarm2/install/crazyflie_interfaces/include/crazyflie_interfaces/crazyflie_interfaces/srv/detail/go_to__type_support.h
[0.326s] -- Up-to-date symlink: /home/flyingrobots/georg/ros2_ws/src/crazyswarm2/install/crazyflie_interfaces/include/crazyflie_interfaces/crazyflie_interfaces/srv/detail/land__functions.h
[0.326s] -- Up-to-date symlink: /home/flyingrobots/georg/ros2_ws/src/crazyswarm2/install/crazyflie_interfaces/include/crazyflie_interfaces/crazyflie_interfaces/srv/detail/land__struct.h
[0.326s] -- Up-to-date symlink: /home/flyingrobots/georg/ros2_ws/src/crazyswarm2/install/crazyflie_interfaces/include/crazyflie_interfaces/crazyflie_interfaces/srv/detail/land__type_support.h
[0.326s] -- Up-to-date symlink: /home/flyingrobots/georg/ros2_ws/src/crazyswarm2/install/crazyflie_interfaces/include/crazyflie_interfaces/crazyflie_interfaces/srv/detail/notify_setpoints_stop__functions.h
[0.326s] -- Up-to-date symlink: /home/flyingrobots/georg/ros2_ws/src/crazyswarm2/install/crazyflie_interfaces/include/crazyflie_interfaces/crazyflie_interfaces/srv/detail/notify_setpoints_stop__struct.h
[0.326s] -- Up-to-date symlink: /home/flyingrobots/georg/ros2_ws/src/crazyswarm2/install/crazyflie_interfaces/include/crazyflie_interfaces/crazyflie_interfaces/srv/detail/notify_setpoints_stop__type_support.h
[0.326s] -- Up-to-date symlink: /home/flyingrobots/georg/ros2_ws/src/crazyswarm2/install/crazyflie_interfaces/include/crazyflie_interfaces/crazyflie_interfaces/srv/detail/remove_logging__functions.h
[0.326s] -- Up-to-date symlink: /home/flyingrobots/georg/ros2_ws/src/crazyswarm2/install/crazyflie_interfaces/include/crazyflie_interfaces/crazyflie_interfaces/srv/detail/remove_logging__struct.h
[0.326s] -- Up-to-date symlink: /home/flyingrobots/georg/ros2_ws/src/crazyswarm2/install/crazyflie_interfaces/include/crazyflie_interfaces/crazyflie_interfaces/srv/detail/remove_logging__type_support.h
[0.326s] -- Up-to-date symlink: /home/flyingrobots/georg/ros2_ws/src/crazyswarm2/install/crazyflie_interfaces/include/crazyflie_interfaces/crazyflie_interfaces/srv/detail/set_group_mask__functions.h
[0.326s] -- Up-to-date symlink: /home/flyingrobots/georg/ros2_ws/src/crazyswarm2/install/crazyflie_interfaces/include/crazyflie_interfaces/crazyflie_interfaces/srv/detail/set_group_mask__struct.h
[0.326s] -- Up-to-date symlink: /home/flyingrobots/georg/ros2_ws/src/crazyswarm2/install/crazyflie_interfaces/include/crazyflie_interfaces/crazyflie_interfaces/srv/detail/set_group_mask__type_support.h
[0.326s] -- Up-to-date symlink: /home/flyingrobots/georg/ros2_ws/src/crazyswarm2/install/crazyflie_interfaces/include/crazyflie_interfaces/crazyflie_interfaces/srv/detail/start_trajectory__functions.h
[0.327s] -- Up-to-date symlink: /home/flyingrobots/georg/ros2_ws/src/crazyswarm2/install/crazyflie_interfaces/include/crazyflie_interfaces/crazyflie_interfaces/srv/detail/start_trajectory__struct.h
[0.327s] -- Up-to-date symlink: /home/flyingrobots/georg/ros2_ws/src/crazyswarm2/install/crazyflie_interfaces/include/crazyflie_interfaces/crazyflie_interfaces/srv/detail/start_trajectory__type_support.h
[0.327s] -- Up-to-date symlink: /home/flyingrobots/georg/ros2_ws/src/crazyswarm2/install/crazyflie_interfaces/include/crazyflie_interfaces/crazyflie_interfaces/srv/detail/stop__functions.h
[0.327s] -- Up-to-date symlink: /home/flyingrobots/georg/ros2_ws/src/crazyswarm2/install/crazyflie_interfaces/include/crazyflie_interfaces/crazyflie_interfaces/srv/detail/stop__struct.h
[0.327s] -- Up-to-date symlink: /home/flyingrobots/georg/ros2_ws/src/crazyswarm2/install/crazyflie_interfaces/include/crazyflie_interfaces/crazyflie_interfaces/srv/detail/stop__type_support.h
[0.327s] -- Up-to-date symlink: /home/flyingrobots/georg/ros2_ws/src/crazyswarm2/install/crazyflie_interfaces/include/crazyflie_interfaces/crazyflie_interfaces/srv/detail/takeoff__functions.h
[0.327s] -- Up-to-date symlink: /home/flyingrobots/georg/ros2_ws/src/crazyswarm2/install/crazyflie_interfaces/include/crazyflie_interfaces/crazyflie_interfaces/srv/detail/takeoff__struct.h
[0.327s] -- Up-to-date symlink: /home/flyingrobots/georg/ros2_ws/src/crazyswarm2/install/crazyflie_interfaces/include/crazyflie_interfaces/crazyflie_interfaces/srv/detail/takeoff__type_support.h
[0.327s] -- Up-to-date symlink: /home/flyingrobots/georg/ros2_ws/src/crazyswarm2/install/crazyflie_interfaces/include/crazyflie_interfaces/crazyflie_interfaces/srv/detail/update_params__functions.h
[0.327s] -- Up-to-date symlink: /home/flyingrobots/georg/ros2_ws/src/crazyswarm2/install/crazyflie_interfaces/include/crazyflie_interfaces/crazyflie_interfaces/srv/detail/update_params__struct.h
[0.327s] -- Up-to-date symlink: /home/flyingrobots/georg/ros2_ws/src/crazyswarm2/install/crazyflie_interfaces/include/crazyflie_interfaces/crazyflie_interfaces/srv/detail/update_params__type_support.h
[0.327s] -- Up-to-date symlink: /home/flyingrobots/georg/ros2_ws/src/crazyswarm2/install/crazyflie_interfaces/include/crazyflie_interfaces/crazyflie_interfaces/srv/detail/upload_trajectory__functions.h
[0.327s] -- Up-to-date symlink: /home/flyingrobots/georg/ros2_ws/src/crazyswarm2/install/crazyflie_interfaces/include/crazyflie_interfaces/crazyflie_interfaces/srv/detail/upload_trajectory__struct.h
[0.327s] -- Up-to-date symlink: /home/flyingrobots/georg/ros2_ws/src/crazyswarm2/install/crazyflie_interfaces/include/crazyflie_interfaces/crazyflie_interfaces/srv/detail/upload_trajectory__type_support.h
[0.327s] -- Up-to-date symlink: /home/flyingrobots/georg/ros2_ws/src/crazyswarm2/install/crazyflie_interfaces/include/crazyflie_interfaces/crazyflie_interfaces/srv/go_to.h
[0.327s] -- Up-to-date symlink: /home/flyingrobots/georg/ros2_ws/src/crazyswarm2/install/crazyflie_interfaces/include/crazyflie_interfaces/crazyflie_interfaces/srv/land.h
[0.327s] -- Up-to-date symlink: /home/flyingrobots/georg/ros2_ws/src/crazyswarm2/install/crazyflie_interfaces/include/crazyflie_interfaces/crazyflie_interfaces/srv/notify_setpoints_stop.h
[0.327s] -- Up-to-date symlink: /home/flyingrobots/georg/ros2_ws/src/crazyswarm2/install/crazyflie_interfaces/include/crazyflie_interfaces/crazyflie_interfaces/srv/remove_logging.h
[0.328s] -- Up-to-date symlink: /home/flyingrobots/georg/ros2_ws/src/crazyswarm2/install/crazyflie_interfaces/include/crazyflie_interfaces/crazyflie_interfaces/srv/set_group_mask.h
[0.328s] -- Up-to-date symlink: /home/flyingrobots/georg/ros2_ws/src/crazyswarm2/install/crazyflie_interfaces/include/crazyflie_interfaces/crazyflie_interfaces/srv/start_trajectory.h
[0.328s] -- Up-to-date symlink: /home/flyingrobots/georg/ros2_ws/src/crazyswarm2/install/crazyflie_interfaces/include/crazyflie_interfaces/crazyflie_interfaces/srv/stop.h
[0.328s] -- Up-to-date symlink: /home/flyingrobots/georg/ros2_ws/src/crazyswarm2/install/crazyflie_interfaces/include/crazyflie_interfaces/crazyflie_interfaces/srv/takeoff.h
[0.328s] -- Up-to-date symlink: /home/flyingrobots/georg/ros2_ws/src/crazyswarm2/install/crazyflie_interfaces/include/crazyflie_interfaces/crazyflie_interfaces/srv/update_params.h
[0.328s] -- Up-to-date symlink: /home/flyingrobots/georg/ros2_ws/src/crazyswarm2/install/crazyflie_interfaces/include/crazyflie_interfaces/crazyflie_interfaces/srv/upload_trajectory.h
[0.328s] -- Up-to-date symlink: /home/flyingrobots/georg/ros2_ws/src/crazyswarm2/install/crazyflie_interfaces/share/crazyflie_interfaces/environment/library_path.sh
[0.328s] -- Up-to-date symlink: /home/flyingrobots/georg/ros2_ws/src/crazyswarm2/install/crazyflie_interfaces/share/crazyflie_interfaces/environment/library_path.dsv
[0.328s] -- Up-to-date symlink: /home/flyingrobots/georg/ros2_ws/src/crazyswarm2/install/crazyflie_interfaces/include/crazyflie_interfaces/crazyflie_interfaces/msg/detail/connection_statistics__rosidl_typesupport_fastrtps_c.h
[0.329s] -- Up-to-date symlink: /home/flyingrobots/georg/ros2_ws/src/crazyswarm2/install/crazyflie_interfaces/include/crazyflie_interfaces/crazyflie_interfaces/msg/detail/connection_statistics_array__rosidl_typesupport_fastrtps_c.h
[0.329s] -- Up-to-date symlink: /home/flyingrobots/georg/ros2_ws/src/crazyswarm2/install/crazyflie_interfaces/include/crazyflie_interfaces/crazyflie_interfaces/msg/detail/full_state__rosidl_typesupport_fastrtps_c.h
[0.329s] -- Up-to-date symlink: /home/flyingrobots/georg/ros2_ws/src/crazyswarm2/install/crazyflie_interfaces/include/crazyflie_interfaces/crazyflie_interfaces/msg/detail/hover__rosidl_typesupport_fastrtps_c.h
[0.329s] -- Up-to-date symlink: /home/flyingrobots/georg/ros2_ws/src/crazyswarm2/install/crazyflie_interfaces/include/crazyflie_interfaces/crazyflie_interfaces/msg/detail/log_block__rosidl_typesupport_fastrtps_c.h
[0.329s] -- Up-to-date symlink: /home/flyingrobots/georg/ros2_ws/src/crazyswarm2/install/crazyflie_interfaces/include/crazyflie_interfaces/crazyflie_interfaces/msg/detail/log_data_generic__rosidl_typesupport_fastrtps_c.h
[0.329s] -- Up-to-date symlink: /home/flyingrobots/georg/ros2_ws/src/crazyswarm2/install/crazyflie_interfaces/include/crazyflie_interfaces/crazyflie_interfaces/msg/detail/position__rosidl_typesupport_fastrtps_c.h
[0.329s] -- Up-to-date symlink: /home/flyingrobots/georg/ros2_ws/src/crazyswarm2/install/crazyflie_interfaces/include/crazyflie_interfaces/crazyflie_interfaces/msg/detail/status__rosidl_typesupport_fastrtps_c.h
[0.329s] -- Up-to-date symlink: /home/flyingrobots/georg/ros2_ws/src/crazyswarm2/install/crazyflie_interfaces/include/crazyflie_interfaces/crazyflie_interfaces/msg/detail/trajectory_polynomial_piece__rosidl_typesupport_fastrtps_c.h
[0.329s] -- Up-to-date symlink: /home/flyingrobots/georg/ros2_ws/src/crazyswarm2/install/crazyflie_interfaces/include/crazyflie_interfaces/crazyflie_interfaces/msg/detail/velocity_world__rosidl_typesupport_fastrtps_c.h
[0.329s] -- Up-to-date symlink: /home/flyingrobots/georg/ros2_ws/src/crazyswarm2/install/crazyflie_interfaces/include/crazyflie_interfaces/crazyflie_interfaces/msg/rosidl_typesupport_fastrtps_c__visibility_control.h
[0.329s] -- Up-to-date symlink: /home/flyingrobots/georg/ros2_ws/src/crazyswarm2/install/crazyflie_interfaces/include/crazyflie_interfaces/crazyflie_interfaces/srv/detail/add_logging__rosidl_typesupport_fastrtps_c.h
[0.329s] -- Up-to-date symlink: /home/flyingrobots/georg/ros2_ws/src/crazyswarm2/install/crazyflie_interfaces/include/crazyflie_interfaces/crazyflie_interfaces/srv/detail/arm__rosidl_typesupport_fastrtps_c.h
[0.329s] -- Up-to-date symlink: /home/flyingrobots/georg/ros2_ws/src/crazyswarm2/install/crazyflie_interfaces/include/crazyflie_interfaces/crazyflie_interfaces/srv/detail/go_to__rosidl_typesupport_fastrtps_c.h
[0.329s] -- Up-to-date symlink: /home/flyingrobots/georg/ros2_ws/src/crazyswarm2/install/crazyflie_interfaces/include/crazyflie_interfaces/crazyflie_interfaces/srv/detail/land__rosidl_typesupport_fastrtps_c.h
[0.329s] -- Up-to-date symlink: /home/flyingrobots/georg/ros2_ws/src/crazyswarm2/install/crazyflie_interfaces/include/crazyflie_interfaces/crazyflie_interfaces/srv/detail/notify_setpoints_stop__rosidl_typesupport_fastrtps_c.h
[0.329s] -- Up-to-date symlink: /home/flyingrobots/georg/ros2_ws/src/crazyswarm2/install/crazyflie_interfaces/include/crazyflie_interfaces/crazyflie_interfaces/srv/detail/remove_logging__rosidl_typesupport_fastrtps_c.h
[0.330s] -- Up-to-date symlink: /home/flyingrobots/georg/ros2_ws/src/crazyswarm2/install/crazyflie_interfaces/include/crazyflie_interfaces/crazyflie_interfaces/srv/detail/set_group_mask__rosidl_typesupport_fastrtps_c.h
[0.330s] -- Up-to-date symlink: /home/flyingrobots/georg/ros2_ws/src/crazyswarm2/install/crazyflie_interfaces/include/crazyflie_interfaces/crazyflie_interfaces/srv/detail/start_trajectory__rosidl_typesupport_fastrtps_c.h
[0.330s] -- Up-to-date symlink: /home/flyingrobots/georg/ros2_ws/src/crazyswarm2/install/crazyflie_interfaces/include/crazyflie_interfaces/crazyflie_interfaces/srv/detail/stop__rosidl_typesupport_fastrtps_c.h
[0.330s] -- Up-to-date symlink: /home/flyingrobots/georg/ros2_ws/src/crazyswarm2/install/crazyflie_interfaces/include/crazyflie_interfaces/crazyflie_interfaces/srv/detail/takeoff__rosidl_typesupport_fastrtps_c.h
[0.330s] -- Up-to-date symlink: /home/flyingrobots/georg/ros2_ws/src/crazyswarm2/install/crazyflie_interfaces/include/crazyflie_interfaces/crazyflie_interfaces/srv/detail/update_params__rosidl_typesupport_fastrtps_c.h
[0.330s] -- Up-to-date symlink: /home/flyingrobots/georg/ros2_ws/src/crazyswarm2/install/crazyflie_interfaces/include/crazyflie_interfaces/crazyflie_interfaces/srv/detail/upload_trajectory__rosidl_typesupport_fastrtps_c.h
[0.331s] -- Up-to-date symlink: /home/flyingrobots/georg/ros2_ws/src/crazyswarm2/install/crazyflie_interfaces/include/crazyflie_interfaces/crazyflie_interfaces/msg/connection_statistics.hpp
[0.331s] -- Up-to-date symlink: /home/flyingrobots/georg/ros2_ws/src/crazyswarm2/install/crazyflie_interfaces/include/crazyflie_interfaces/crazyflie_interfaces/msg/connection_statistics_array.hpp
[0.331s] -- Up-to-date symlink: /home/flyingrobots/georg/ros2_ws/src/crazyswarm2/install/crazyflie_interfaces/include/crazyflie_interfaces/crazyflie_interfaces/msg/detail/connection_statistics__builder.hpp
[0.331s] -- Up-to-date symlink: /home/flyingrobots/georg/ros2_ws/src/crazyswarm2/install/crazyflie_interfaces/include/crazyflie_interfaces/crazyflie_interfaces/msg/detail/connection_statistics__struct.hpp
[0.331s] -- Up-to-date symlink: /home/flyingrobots/georg/ros2_ws/src/crazyswarm2/install/crazyflie_interfaces/include/crazyflie_interfaces/crazyflie_interfaces/msg/detail/connection_statistics__traits.hpp
[0.331s] -- Up-to-date symlink: /home/flyingrobots/georg/ros2_ws/src/crazyswarm2/install/crazyflie_interfaces/include/crazyflie_interfaces/crazyflie_interfaces/msg/detail/connection_statistics__type_support.hpp
[0.331s] -- Up-to-date symlink: /home/flyingrobots/georg/ros2_ws/src/crazyswarm2/install/crazyflie_interfaces/include/crazyflie_interfaces/crazyflie_interfaces/msg/detail/connection_statistics_array__builder.hpp
[0.331s] -- Up-to-date symlink: /home/flyingrobots/georg/ros2_ws/src/crazyswarm2/install/crazyflie_interfaces/include/crazyflie_interfaces/crazyflie_interfaces/msg/detail/connection_statistics_array__struct.hpp
[0.331s] -- Up-to-date symlink: /home/flyingrobots/georg/ros2_ws/src/crazyswarm2/install/crazyflie_interfaces/include/crazyflie_interfaces/crazyflie_interfaces/msg/detail/connection_statistics_array__traits.hpp
[0.331s] -- Up-to-date symlink: /home/flyingrobots/georg/ros2_ws/src/crazyswarm2/install/crazyflie_interfaces/include/crazyflie_interfaces/crazyflie_interfaces/msg/detail/connection_statistics_array__type_support.hpp
[0.331s] -- Up-to-date symlink: /home/flyingrobots/georg/ros2_ws/src/crazyswarm2/install/crazyflie_interfaces/include/crazyflie_interfaces/crazyflie_interfaces/msg/detail/full_state__builder.hpp
[0.331s] -- Up-to-date symlink: /home/flyingrobots/georg/ros2_ws/src/crazyswarm2/install/crazyflie_interfaces/include/crazyflie_interfaces/crazyflie_interfaces/msg/detail/full_state__struct.hpp
[0.331s] -- Up-to-date symlink: /home/flyingrobots/georg/ros2_ws/src/crazyswarm2/install/crazyflie_interfaces/include/crazyflie_interfaces/crazyflie_interfaces/msg/detail/full_state__traits.hpp
[0.331s] -- Up-to-date symlink: /home/flyingrobots/georg/ros2_ws/src/crazyswarm2/install/crazyflie_interfaces/include/crazyflie_interfaces/crazyflie_interfaces/msg/detail/full_state__type_support.hpp
[0.331s] -- Up-to-date symlink: /home/flyingrobots/georg/ros2_ws/src/crazyswarm2/install/crazyflie_interfaces/include/crazyflie_interfaces/crazyflie_interfaces/msg/detail/hover__builder.hpp
[0.331s] -- Up-to-date symlink: /home/flyingrobots/georg/ros2_ws/src/crazyswarm2/install/crazyflie_interfaces/include/crazyflie_interfaces/crazyflie_interfaces/msg/detail/hover__struct.hpp
[0.331s] -- Up-to-date symlink: /home/flyingrobots/georg/ros2_ws/src/crazyswarm2/install/crazyflie_interfaces/include/crazyflie_interfaces/crazyflie_interfaces/msg/detail/hover__traits.hpp
[0.331s] -- Up-to-date symlink: /home/flyingrobots/georg/ros2_ws/src/crazyswarm2/install/crazyflie_interfaces/include/crazyflie_interfaces/crazyflie_interfaces/msg/detail/hover__type_support.hpp
[0.332s] -- Up-to-date symlink: /home/flyingrobots/georg/ros2_ws/src/crazyswarm2/install/crazyflie_interfaces/include/crazyflie_interfaces/crazyflie_interfaces/msg/detail/log_block__builder.hpp
[0.332s] -- Up-to-date symlink: /home/flyingrobots/georg/ros2_ws/src/crazyswarm2/install/crazyflie_interfaces/include/crazyflie_interfaces/crazyflie_interfaces/msg/detail/log_block__struct.hpp
[0.332s] -- Up-to-date symlink: /home/flyingrobots/georg/ros2_ws/src/crazyswarm2/install/crazyflie_interfaces/include/crazyflie_interfaces/crazyflie_interfaces/msg/detail/log_block__traits.hpp
[0.332s] -- Up-to-date symlink: /home/flyingrobots/georg/ros2_ws/src/crazyswarm2/install/crazyflie_interfaces/include/crazyflie_interfaces/crazyflie_interfaces/msg/detail/log_block__type_support.hpp
[0.332s] -- Up-to-date symlink: /home/flyingrobots/georg/ros2_ws/src/crazyswarm2/install/crazyflie_interfaces/include/crazyflie_interfaces/crazyflie_interfaces/msg/detail/log_data_generic__builder.hpp
[0.332s] -- Up-to-date symlink: /home/flyingrobots/georg/ros2_ws/src/crazyswarm2/install/crazyflie_interfaces/include/crazyflie_interfaces/crazyflie_interfaces/msg/detail/log_data_generic__struct.hpp
[0.332s] -- Up-to-date symlink: /home/flyingrobots/georg/ros2_ws/src/crazyswarm2/install/crazyflie_interfaces/include/crazyflie_interfaces/crazyflie_interfaces/msg/detail/log_data_generic__traits.hpp
[0.332s] -- Up-to-date symlink: /home/flyingrobots/georg/ros2_ws/src/crazyswarm2/install/crazyflie_interfaces/include/crazyflie_interfaces/crazyflie_interfaces/msg/detail/log_data_generic__type_support.hpp
[0.332s] -- Up-to-date symlink: /home/flyingrobots/georg/ros2_ws/src/crazyswarm2/install/crazyflie_interfaces/include/crazyflie_interfaces/crazyflie_interfaces/msg/detail/position__builder.hpp
[0.332s] -- Up-to-date symlink: /home/flyingrobots/georg/ros2_ws/src/crazyswarm2/install/crazyflie_interfaces/include/crazyflie_interfaces/crazyflie_interfaces/msg/detail/position__struct.hpp
[0.332s] -- Up-to-date symlink: /home/flyingrobots/georg/ros2_ws/src/crazyswarm2/install/crazyflie_interfaces/include/crazyflie_interfaces/crazyflie_interfaces/msg/detail/position__traits.hpp
[0.332s] -- Up-to-date symlink: /home/flyingrobots/georg/ros2_ws/src/crazyswarm2/install/crazyflie_interfaces/include/crazyflie_interfaces/crazyflie_interfaces/msg/detail/position__type_support.hpp
[0.332s] -- Up-to-date symlink: /home/flyingrobots/georg/ros2_ws/src/crazyswarm2/install/crazyflie_interfaces/include/crazyflie_interfaces/crazyflie_interfaces/msg/detail/status__builder.hpp
[0.332s] -- Up-to-date symlink: /home/flyingrobots/georg/ros2_ws/src/crazyswarm2/install/crazyflie_interfaces/include/crazyflie_interfaces/crazyflie_interfaces/msg/detail/status__struct.hpp
[0.332s] -- Up-to-date symlink: /home/flyingrobots/georg/ros2_ws/src/crazyswarm2/install/crazyflie_interfaces/include/crazyflie_interfaces/crazyflie_interfaces/msg/detail/status__traits.hpp
[0.332s] -- Up-to-date symlink: /home/flyingrobots/georg/ros2_ws/src/crazyswarm2/install/crazyflie_interfaces/include/crazyflie_interfaces/crazyflie_interfaces/msg/detail/status__type_support.hpp
[0.332s] -- Up-to-date symlink: /home/flyingrobots/georg/ros2_ws/src/crazyswarm2/install/crazyflie_interfaces/include/crazyflie_interfaces/crazyflie_interfaces/msg/detail/trajectory_polynomial_piece__builder.hpp
[0.332s] -- Up-to-date symlink: /home/flyingrobots/georg/ros2_ws/src/crazyswarm2/install/crazyflie_interfaces/include/crazyflie_interfaces/crazyflie_interfaces/msg/detail/trajectory_polynomial_piece__struct.hpp
[0.332s] -- Up-to-date symlink: /home/flyingrobots/georg/ros2_ws/src/crazyswarm2/install/crazyflie_interfaces/include/crazyflie_interfaces/crazyflie_interfaces/msg/detail/trajectory_polynomial_piece__traits.hpp
[0.333s] -- Up-to-date symlink: /home/flyingrobots/georg/ros2_ws/src/crazyswarm2/install/crazyflie_interfaces/include/crazyflie_interfaces/crazyflie_interfaces/msg/detail/trajectory_polynomial_piece__type_support.hpp
[0.333s] -- Up-to-date symlink: /home/flyingrobots/georg/ros2_ws/src/crazyswarm2/install/crazyflie_interfaces/include/crazyflie_interfaces/crazyflie_interfaces/msg/detail/velocity_world__builder.hpp
[0.333s] -- Up-to-date symlink: /home/flyingrobots/georg/ros2_ws/src/crazyswarm2/install/crazyflie_interfaces/include/crazyflie_interfaces/crazyflie_interfaces/msg/detail/velocity_world__struct.hpp
[0.333s] -- Up-to-date symlink: /home/flyingrobots/georg/ros2_ws/src/crazyswarm2/install/crazyflie_interfaces/include/crazyflie_interfaces/crazyflie_interfaces/msg/detail/velocity_world__traits.hpp
[0.333s] -- Up-to-date symlink: /home/flyingrobots/georg/ros2_ws/src/crazyswarm2/install/crazyflie_interfaces/include/crazyflie_interfaces/crazyflie_interfaces/msg/detail/velocity_world__type_support.hpp
[0.333s] -- Up-to-date symlink: /home/flyingrobots/georg/ros2_ws/src/crazyswarm2/install/crazyflie_interfaces/include/crazyflie_interfaces/crazyflie_interfaces/msg/full_state.hpp
[0.333s] -- Up-to-date symlink: /home/flyingrobots/georg/ros2_ws/src/crazyswarm2/install/crazyflie_interfaces/include/crazyflie_interfaces/crazyflie_interfaces/msg/hover.hpp
[0.333s] -- Up-to-date symlink: /home/flyingrobots/georg/ros2_ws/src/crazyswarm2/install/crazyflie_interfaces/include/crazyflie_interfaces/crazyflie_interfaces/msg/log_block.hpp
[0.333s] -- Up-to-date symlink: /home/flyingrobots/georg/ros2_ws/src/crazyswarm2/install/crazyflie_interfaces/include/crazyflie_interfaces/crazyflie_interfaces/msg/log_data_generic.hpp
[0.333s] -- Up-to-date symlink: /home/flyingrobots/georg/ros2_ws/src/crazyswarm2/install/crazyflie_interfaces/include/crazyflie_interfaces/crazyflie_interfaces/msg/position.hpp
[0.333s] -- Up-to-date symlink: /home/flyingrobots/georg/ros2_ws/src/crazyswarm2/install/crazyflie_interfaces/include/crazyflie_interfaces/crazyflie_interfaces/msg/rosidl_generator_cpp__visibility_control.hpp
[0.333s] -- Up-to-date symlink: /home/flyingrobots/georg/ros2_ws/src/crazyswarm2/install/crazyflie_interfaces/include/crazyflie_interfaces/crazyflie_interfaces/msg/status.hpp
[0.333s] -- Up-to-date symlink: /home/flyingrobots/georg/ros2_ws/src/crazyswarm2/install/crazyflie_interfaces/include/crazyflie_interfaces/crazyflie_interfaces/msg/trajectory_polynomial_piece.hpp
[0.333s] -- Up-to-date symlink: /home/flyingrobots/georg/ros2_ws/src/crazyswarm2/install/crazyflie_interfaces/include/crazyflie_interfaces/crazyflie_interfaces/msg/velocity_world.hpp
[0.333s] -- Up-to-date symlink: /home/flyingrobots/georg/ros2_ws/src/crazyswarm2/install/crazyflie_interfaces/include/crazyflie_interfaces/crazyflie_interfaces/srv/add_logging.hpp
[0.333s] -- Up-to-date symlink: /home/flyingrobots/georg/ros2_ws/src/crazyswarm2/install/crazyflie_interfaces/include/crazyflie_interfaces/crazyflie_interfaces/srv/arm.hpp
[0.333s] -- Up-to-date symlink: /home/flyingrobots/georg/ros2_ws/src/crazyswarm2/install/crazyflie_interfaces/include/crazyflie_interfaces/crazyflie_interfaces/srv/detail/add_logging__builder.hpp
[0.333s] -- Up-to-date symlink: /home/flyingrobots/georg/ros2_ws/src/crazyswarm2/install/crazyflie_interfaces/include/crazyflie_interfaces/crazyflie_interfaces/srv/detail/add_logging__struct.hpp
[0.333s] -- Up-to-date symlink: /home/flyingrobots/georg/ros2_ws/src/crazyswarm2/install/crazyflie_interfaces/include/crazyflie_interfaces/crazyflie_interfaces/srv/detail/add_logging__traits.hpp
[0.334s] -- Up-to-date symlink: /home/flyingrobots/georg/ros2_ws/src/crazyswarm2/install/crazyflie_interfaces/include/crazyflie_interfaces/crazyflie_interfaces/srv/detail/add_logging__type_support.hpp
[0.334s] -- Up-to-date symlink: /home/flyingrobots/georg/ros2_ws/src/crazyswarm2/install/crazyflie_interfaces/include/crazyflie_interfaces/crazyflie_interfaces/srv/detail/arm__builder.hpp
[0.334s] -- Up-to-date symlink: /home/flyingrobots/georg/ros2_ws/src/crazyswarm2/install/crazyflie_interfaces/include/crazyflie_interfaces/crazyflie_interfaces/srv/detail/arm__struct.hpp
[0.334s] -- Up-to-date symlink: /home/flyingrobots/georg/ros2_ws/src/crazyswarm2/install/crazyflie_interfaces/include/crazyflie_interfaces/crazyflie_interfaces/srv/detail/arm__traits.hpp
[0.334s] -- Up-to-date symlink: /home/flyingrobots/georg/ros2_ws/src/crazyswarm2/install/crazyflie_interfaces/include/crazyflie_interfaces/crazyflie_interfaces/srv/detail/arm__type_support.hpp
[0.334s] -- Up-to-date symlink: /home/flyingrobots/georg/ros2_ws/src/crazyswarm2/install/crazyflie_interfaces/include/crazyflie_interfaces/crazyflie_interfaces/srv/detail/go_to__builder.hpp
[0.334s] -- Up-to-date symlink: /home/flyingrobots/georg/ros2_ws/src/crazyswarm2/install/crazyflie_interfaces/include/crazyflie_interfaces/crazyflie_interfaces/srv/detail/go_to__struct.hpp
[0.334s] -- Up-to-date symlink: /home/flyingrobots/georg/ros2_ws/src/crazyswarm2/install/crazyflie_interfaces/include/crazyflie_interfaces/crazyflie_interfaces/srv/detail/go_to__traits.hpp
[0.334s] -- Up-to-date symlink: /home/flyingrobots/georg/ros2_ws/src/crazyswarm2/install/crazyflie_interfaces/include/crazyflie_interfaces/crazyflie_interfaces/srv/detail/go_to__type_support.hpp
[0.334s] -- Up-to-date symlink: /home/flyingrobots/georg/ros2_ws/src/crazyswarm2/install/crazyflie_interfaces/include/crazyflie_interfaces/crazyflie_interfaces/srv/detail/land__builder.hpp
[0.334s] -- Up-to-date symlink: /home/flyingrobots/georg/ros2_ws/src/crazyswarm2/install/crazyflie_interfaces/include/crazyflie_interfaces/crazyflie_interfaces/srv/detail/land__struct.hpp
[0.334s] -- Up-to-date symlink: /home/flyingrobots/georg/ros2_ws/src/crazyswarm2/install/crazyflie_interfaces/include/crazyflie_interfaces/crazyflie_interfaces/srv/detail/land__traits.hpp
[0.334s] -- Up-to-date symlink: /home/flyingrobots/georg/ros2_ws/src/crazyswarm2/install/crazyflie_interfaces/include/crazyflie_interfaces/crazyflie_interfaces/srv/detail/land__type_support.hpp
[0.334s] -- Up-to-date symlink: /home/flyingrobots/georg/ros2_ws/src/crazyswarm2/install/crazyflie_interfaces/include/crazyflie_interfaces/crazyflie_interfaces/srv/detail/notify_setpoints_stop__builder.hpp
[0.334s] -- Up-to-date symlink: /home/flyingrobots/georg/ros2_ws/src/crazyswarm2/install/crazyflie_interfaces/include/crazyflie_interfaces/crazyflie_interfaces/srv/detail/notify_setpoints_stop__struct.hpp
[0.334s] -- Up-to-date symlink: /home/flyingrobots/georg/ros2_ws/src/crazyswarm2/install/crazyflie_interfaces/include/crazyflie_interfaces/crazyflie_interfaces/srv/detail/notify_setpoints_stop__traits.hpp
[0.334s] -- Up-to-date symlink: /home/flyingrobots/georg/ros2_ws/src/crazyswarm2/install/crazyflie_interfaces/include/crazyflie_interfaces/crazyflie_interfaces/srv/detail/notify_setpoints_stop__type_support.hpp
[0.334s] -- Up-to-date symlink: /home/flyingrobots/georg/ros2_ws/src/crazyswarm2/install/crazyflie_interfaces/include/crazyflie_interfaces/crazyflie_interfaces/srv/detail/remove_logging__builder.hpp
[0.335s] -- Up-to-date symlink: /home/flyingrobots/georg/ros2_ws/src/crazyswarm2/install/crazyflie_interfaces/include/crazyflie_interfaces/crazyflie_interfaces/srv/detail/remove_logging__struct.hpp
[0.335s] -- Up-to-date symlink: /home/flyingrobots/georg/ros2_ws/src/crazyswarm2/install/crazyflie_interfaces/include/crazyflie_interfaces/crazyflie_interfaces/srv/detail/remove_logging__traits.hpp
[0.335s] -- Up-to-date symlink: /home/flyingrobots/georg/ros2_ws/src/crazyswarm2/install/crazyflie_interfaces/include/crazyflie_interfaces/crazyflie_interfaces/srv/detail/remove_logging__type_support.hpp
[0.335s] -- Up-to-date symlink: /home/flyingrobots/georg/ros2_ws/src/crazyswarm2/install/crazyflie_interfaces/include/crazyflie_interfaces/crazyflie_interfaces/srv/detail/set_group_mask__builder.hpp
[0.335s] -- Up-to-date symlink: /home/flyingrobots/georg/ros2_ws/src/crazyswarm2/install/crazyflie_interfaces/include/crazyflie_interfaces/crazyflie_interfaces/srv/detail/set_group_mask__struct.hpp
[0.335s] -- Up-to-date symlink: /home/flyingrobots/georg/ros2_ws/src/crazyswarm2/install/crazyflie_interfaces/include/crazyflie_interfaces/crazyflie_interfaces/srv/detail/set_group_mask__traits.hpp
[0.335s] -- Up-to-date symlink: /home/flyingrobots/georg/ros2_ws/src/crazyswarm2/install/crazyflie_interfaces/include/crazyflie_interfaces/crazyflie_interfaces/srv/detail/set_group_mask__type_support.hpp
[0.335s] -- Up-to-date symlink: /home/flyingrobots/georg/ros2_ws/src/crazyswarm2/install/crazyflie_interfaces/include/crazyflie_interfaces/crazyflie_interfaces/srv/detail/start_trajectory__builder.hpp
[0.335s] -- Up-to-date symlink: /home/flyingrobots/georg/ros2_ws/src/crazyswarm2/install/crazyflie_interfaces/include/crazyflie_interfaces/crazyflie_interfaces/srv/detail/start_trajectory__struct.hpp
[0.335s] -- Up-to-date symlink: /home/flyingrobots/georg/ros2_ws/src/crazyswarm2/install/crazyflie_interfaces/include/crazyflie_interfaces/crazyflie_interfaces/srv/detail/start_trajectory__traits.hpp
[0.335s] -- Up-to-date symlink: /home/flyingrobots/georg/ros2_ws/src/crazyswarm2/install/crazyflie_interfaces/include/crazyflie_interfaces/crazyflie_interfaces/srv/detail/start_trajectory__type_support.hpp
[0.335s] -- Up-to-date symlink: /home/flyingrobots/georg/ros2_ws/src/crazyswarm2/install/crazyflie_interfaces/include/crazyflie_interfaces/crazyflie_interfaces/srv/detail/stop__builder.hpp
[0.335s] -- Up-to-date symlink: /home/flyingrobots/georg/ros2_ws/src/crazyswarm2/install/crazyflie_interfaces/include/crazyflie_interfaces/crazyflie_interfaces/srv/detail/stop__struct.hpp
[0.335s] -- Up-to-date symlink: /home/flyingrobots/georg/ros2_ws/src/crazyswarm2/install/crazyflie_interfaces/include/crazyflie_interfaces/crazyflie_interfaces/srv/detail/stop__traits.hpp
[0.335s] -- Up-to-date symlink: /home/flyingrobots/georg/ros2_ws/src/crazyswarm2/install/crazyflie_interfaces/include/crazyflie_interfaces/crazyflie_interfaces/srv/detail/stop__type_support.hpp
[0.335s] -- Up-to-date symlink: /home/flyingrobots/georg/ros2_ws/src/crazyswarm2/install/crazyflie_interfaces/include/crazyflie_interfaces/crazyflie_interfaces/srv/detail/takeoff__builder.hpp
[0.335s] -- Up-to-date symlink: /home/flyingrobots/georg/ros2_ws/src/crazyswarm2/install/crazyflie_interfaces/include/crazyflie_interfaces/crazyflie_interfaces/srv/detail/takeoff__struct.hpp
[0.335s] -- Up-to-date symlink: /home/flyingrobots/georg/ros2_ws/src/crazyswarm2/install/crazyflie_interfaces/include/crazyflie_interfaces/crazyflie_interfaces/srv/detail/takeoff__traits.hpp
[0.335s] -- Up-to-date symlink: /home/flyingrobots/georg/ros2_ws/src/crazyswarm2/install/crazyflie_interfaces/include/crazyflie_interfaces/crazyflie_interfaces/srv/detail/takeoff__type_support.hpp
[0.336s] -- Up-to-date symlink: /home/flyingrobots/georg/ros2_ws/src/crazyswarm2/install/crazyflie_interfaces/include/crazyflie_interfaces/crazyflie_interfaces/srv/detail/update_params__builder.hpp
[0.336s] -- Up-to-date symlink: /home/flyingrobots/georg/ros2_ws/src/crazyswarm2/install/crazyflie_interfaces/include/crazyflie_interfaces/crazyflie_interfaces/srv/detail/update_params__struct.hpp
[0.336s] -- Up-to-date symlink: /home/flyingrobots/georg/ros2_ws/src/crazyswarm2/install/crazyflie_interfaces/include/crazyflie_interfaces/crazyflie_interfaces/srv/detail/update_params__traits.hpp
[0.336s] -- Up-to-date symlink: /home/flyingrobots/georg/ros2_ws/src/crazyswarm2/install/crazyflie_interfaces/include/crazyflie_interfaces/crazyflie_interfaces/srv/detail/update_params__type_support.hpp
[0.336s] -- Up-to-date symlink: /home/flyingrobots/georg/ros2_ws/src/crazyswarm2/install/crazyflie_interfaces/include/crazyflie_interfaces/crazyflie_interfaces/srv/detail/upload_trajectory__builder.hpp
[0.336s] -- Up-to-date symlink: /home/flyingrobots/georg/ros2_ws/src/crazyswarm2/install/crazyflie_interfaces/include/crazyflie_interfaces/crazyflie_interfaces/srv/detail/upload_trajectory__struct.hpp
[0.336s] -- Up-to-date symlink: /home/flyingrobots/georg/ros2_ws/src/crazyswarm2/install/crazyflie_interfaces/include/crazyflie_interfaces/crazyflie_interfaces/srv/detail/upload_trajectory__traits.hpp
[0.336s] -- Up-to-date symlink: /home/flyingrobots/georg/ros2_ws/src/crazyswarm2/install/crazyflie_interfaces/include/crazyflie_interfaces/crazyflie_interfaces/srv/detail/upload_trajectory__type_support.hpp
[0.336s] -- Up-to-date symlink: /home/flyingrobots/georg/ros2_ws/src/crazyswarm2/install/crazyflie_interfaces/include/crazyflie_interfaces/crazyflie_interfaces/srv/go_to.hpp
[0.336s] -- Up-to-date symlink: /home/flyingrobots/georg/ros2_ws/src/crazyswarm2/install/crazyflie_interfaces/include/crazyflie_interfaces/crazyflie_interfaces/srv/land.hpp
[0.336s] -- Up-to-date symlink: /home/flyingrobots/georg/ros2_ws/src/crazyswarm2/install/crazyflie_interfaces/include/crazyflie_interfaces/crazyflie_interfaces/srv/notify_setpoints_stop.hpp
[0.336s] -- Up-to-date symlink: /home/flyingrobots/georg/ros2_ws/src/crazyswarm2/install/crazyflie_interfaces/include/crazyflie_interfaces/crazyflie_interfaces/srv/remove_logging.hpp
[0.336s] -- Up-to-date symlink: /home/flyingrobots/georg/ros2_ws/src/crazyswarm2/install/crazyflie_interfaces/include/crazyflie_interfaces/crazyflie_interfaces/srv/set_group_mask.hpp
[0.336s] -- Up-to-date symlink: /home/flyingrobots/georg/ros2_ws/src/crazyswarm2/install/crazyflie_interfaces/include/crazyflie_interfaces/crazyflie_interfaces/srv/start_trajectory.hpp
[0.336s] -- Up-to-date symlink: /home/flyingrobots/georg/ros2_ws/src/crazyswarm2/install/crazyflie_interfaces/include/crazyflie_interfaces/crazyflie_interfaces/srv/stop.hpp
[0.336s] -- Up-to-date symlink: /home/flyingrobots/georg/ros2_ws/src/crazyswarm2/install/crazyflie_interfaces/include/crazyflie_interfaces/crazyflie_interfaces/srv/takeoff.hpp
[0.336s] -- Up-to-date symlink: /home/flyingrobots/georg/ros2_ws/src/crazyswarm2/install/crazyflie_interfaces/include/crazyflie_interfaces/crazyflie_interfaces/srv/update_params.hpp
[0.336s] -- Up-to-date symlink: /home/flyingrobots/georg/ros2_ws/src/crazyswarm2/install/crazyflie_interfaces/include/crazyflie_interfaces/crazyflie_interfaces/srv/upload_trajectory.hpp
[0.337s] -- Up-to-date symlink: /home/flyingrobots/georg/ros2_ws/src/crazyswarm2/install/crazyflie_interfaces/include/crazyflie_interfaces/crazyflie_interfaces/msg/detail/connection_statistics__rosidl_typesupport_fastrtps_cpp.hpp
[0.337s] -- Up-to-date symlink: /home/flyingrobots/georg/ros2_ws/src/crazyswarm2/install/crazyflie_interfaces/include/crazyflie_interfaces/crazyflie_interfaces/msg/detail/connection_statistics_array__rosidl_typesupport_fastrtps_cpp.hpp
[0.337s] -- Up-to-date symlink: /home/flyingrobots/georg/ros2_ws/src/crazyswarm2/install/crazyflie_interfaces/include/crazyflie_interfaces/crazyflie_interfaces/msg/detail/full_state__rosidl_typesupport_fastrtps_cpp.hpp
[0.337s] -- Up-to-date symlink: /home/flyingrobots/georg/ros2_ws/src/crazyswarm2/install/crazyflie_interfaces/include/crazyflie_interfaces/crazyflie_interfaces/msg/detail/hover__rosidl_typesupport_fastrtps_cpp.hpp
[0.337s] -- Up-to-date symlink: /home/flyingrobots/georg/ros2_ws/src/crazyswarm2/install/crazyflie_interfaces/include/crazyflie_interfaces/crazyflie_interfaces/msg/detail/log_block__rosidl_typesupport_fastrtps_cpp.hpp
[0.337s] -- Up-to-date symlink: /home/flyingrobots/georg/ros2_ws/src/crazyswarm2/install/crazyflie_interfaces/include/crazyflie_interfaces/crazyflie_interfaces/msg/detail/log_data_generic__rosidl_typesupport_fastrtps_cpp.hpp
[0.337s] -- Up-to-date symlink: /home/flyingrobots/georg/ros2_ws/src/crazyswarm2/install/crazyflie_interfaces/include/crazyflie_interfaces/crazyflie_interfaces/msg/detail/position__rosidl_typesupport_fastrtps_cpp.hpp
[0.337s] -- Up-to-date symlink: /home/flyingrobots/georg/ros2_ws/src/crazyswarm2/install/crazyflie_interfaces/include/crazyflie_interfaces/crazyflie_interfaces/msg/detail/status__rosidl_typesupport_fastrtps_cpp.hpp
[0.337s] -- Up-to-date symlink: /home/flyingrobots/georg/ros2_ws/src/crazyswarm2/install/crazyflie_interfaces/include/crazyflie_interfaces/crazyflie_interfaces/msg/detail/trajectory_polynomial_piece__rosidl_typesupport_fastrtps_cpp.hpp
[0.338s] -- Up-to-date symlink: /home/flyingrobots/georg/ros2_ws/src/crazyswarm2/install/crazyflie_interfaces/include/crazyflie_interfaces/crazyflie_interfaces/msg/detail/velocity_world__rosidl_typesupport_fastrtps_cpp.hpp
[0.338s] -- Up-to-date symlink: /home/flyingrobots/georg/ros2_ws/src/crazyswarm2/install/crazyflie_interfaces/include/crazyflie_interfaces/crazyflie_interfaces/msg/rosidl_typesupport_fastrtps_cpp__visibility_control.h
[0.338s] -- Up-to-date symlink: /home/flyingrobots/georg/ros2_ws/src/crazyswarm2/install/crazyflie_interfaces/include/crazyflie_interfaces/crazyflie_interfaces/srv/detail/add_logging__rosidl_typesupport_fastrtps_cpp.hpp
[0.338s] -- Up-to-date symlink: /home/flyingrobots/georg/ros2_ws/src/crazyswarm2/install/crazyflie_interfaces/include/crazyflie_interfaces/crazyflie_interfaces/srv/detail/arm__rosidl_typesupport_fastrtps_cpp.hpp
[0.338s] -- Up-to-date symlink: /home/flyingrobots/georg/ros2_ws/src/crazyswarm2/install/crazyflie_interfaces/include/crazyflie_interfaces/crazyflie_interfaces/srv/detail/go_to__rosidl_typesupport_fastrtps_cpp.hpp
[0.338s] -- Up-to-date symlink: /home/flyingrobots/georg/ros2_ws/src/crazyswarm2/install/crazyflie_interfaces/include/crazyflie_interfaces/crazyflie_interfaces/srv/detail/land__rosidl_typesupport_fastrtps_cpp.hpp
[0.338s] -- Up-to-date symlink: /home/flyingrobots/georg/ros2_ws/src/crazyswarm2/install/crazyflie_interfaces/include/crazyflie_interfaces/crazyflie_interfaces/srv/detail/notify_setpoints_stop__rosidl_typesupport_fastrtps_cpp.hpp
[0.338s] -- Up-to-date symlink: /home/flyingrobots/georg/ros2_ws/src/crazyswarm2/install/crazyflie_interfaces/include/crazyflie_interfaces/crazyflie_interfaces/srv/detail/remove_logging__rosidl_typesupport_fastrtps_cpp.hpp
[0.338s] -- Up-to-date symlink: /home/flyingrobots/georg/ros2_ws/src/crazyswarm2/install/crazyflie_interfaces/include/crazyflie_interfaces/crazyflie_interfaces/srv/detail/set_group_mask__rosidl_typesupport_fastrtps_cpp.hpp
[0.338s] -- Up-to-date symlink: /home/flyingrobots/georg/ros2_ws/src/crazyswarm2/install/crazyflie_interfaces/include/crazyflie_interfaces/crazyflie_interfaces/srv/detail/start_trajectory__rosidl_typesupport_fastrtps_cpp.hpp
[0.338s] -- Up-to-date symlink: /home/flyingrobots/georg/ros2_ws/src/crazyswarm2/install/crazyflie_interfaces/include/crazyflie_interfaces/crazyflie_interfaces/srv/detail/stop__rosidl_typesupport_fastrtps_cpp.hpp
[0.338s] -- Up-to-date symlink: /home/flyingrobots/georg/ros2_ws/src/crazyswarm2/install/crazyflie_interfaces/include/crazyflie_interfaces/crazyflie_interfaces/srv/detail/takeoff__rosidl_typesupport_fastrtps_cpp.hpp
[0.338s] -- Up-to-date symlink: /home/flyingrobots/georg/ros2_ws/src/crazyswarm2/install/crazyflie_interfaces/include/crazyflie_interfaces/crazyflie_interfaces/srv/detail/update_params__rosidl_typesupport_fastrtps_cpp.hpp
[0.338s] -- Up-to-date symlink: /home/flyingrobots/georg/ros2_ws/src/crazyswarm2/install/crazyflie_interfaces/include/crazyflie_interfaces/crazyflie_interfaces/srv/detail/upload_trajectory__rosidl_typesupport_fastrtps_cpp.hpp
[0.339s] -- Up-to-date symlink: /home/flyingrobots/georg/ros2_ws/src/crazyswarm2/install/crazyflie_interfaces/include/crazyflie_interfaces/crazyflie_interfaces/msg/detail/connection_statistics__rosidl_typesupport_introspection_c.h
[0.339s] -- Up-to-date symlink: /home/flyingrobots/georg/ros2_ws/src/crazyswarm2/install/crazyflie_interfaces/include/crazyflie_interfaces/crazyflie_interfaces/msg/detail/connection_statistics_array__rosidl_typesupport_introspection_c.h
[0.339s] -- Up-to-date symlink: /home/flyingrobots/georg/ros2_ws/src/crazyswarm2/install/crazyflie_interfaces/include/crazyflie_interfaces/crazyflie_interfaces/msg/detail/full_state__rosidl_typesupport_introspection_c.h
[0.339s] -- Up-to-date symlink: /home/flyingrobots/georg/ros2_ws/src/crazyswarm2/install/crazyflie_interfaces/include/crazyflie_interfaces/crazyflie_interfaces/msg/detail/hover__rosidl_typesupport_introspection_c.h
[0.339s] -- Up-to-date symlink: /home/flyingrobots/georg/ros2_ws/src/crazyswarm2/install/crazyflie_interfaces/include/crazyflie_interfaces/crazyflie_interfaces/msg/detail/log_block__rosidl_typesupport_introspection_c.h
[0.339s] -- Up-to-date symlink: /home/flyingrobots/georg/ros2_ws/src/crazyswarm2/install/crazyflie_interfaces/include/crazyflie_interfaces/crazyflie_interfaces/msg/detail/log_data_generic__rosidl_typesupport_introspection_c.h
[0.339s] -- Up-to-date symlink: /home/flyingrobots/georg/ros2_ws/src/crazyswarm2/install/crazyflie_interfaces/include/crazyflie_interfaces/crazyflie_interfaces/msg/detail/position__rosidl_typesupport_introspection_c.h
[0.340s] -- Up-to-date symlink: /home/flyingrobots/georg/ros2_ws/src/crazyswarm2/install/crazyflie_interfaces/include/crazyflie_interfaces/crazyflie_interfaces/msg/detail/status__rosidl_typesupport_introspection_c.h
[0.340s] -- Up-to-date symlink: /home/flyingrobots/georg/ros2_ws/src/crazyswarm2/install/crazyflie_interfaces/include/crazyflie_interfaces/crazyflie_interfaces/msg/detail/trajectory_polynomial_piece__rosidl_typesupport_introspection_c.h
[0.340s] -- Up-to-date symlink: /home/flyingrobots/georg/ros2_ws/src/crazyswarm2/install/crazyflie_interfaces/include/crazyflie_interfaces/crazyflie_interfaces/msg/detail/velocity_world__rosidl_typesupport_introspection_c.h
[0.340s] -- Up-to-date symlink: /home/flyingrobots/georg/ros2_ws/src/crazyswarm2/install/crazyflie_interfaces/include/crazyflie_interfaces/crazyflie_interfaces/msg/rosidl_typesupport_introspection_c__visibility_control.h
[0.340s] -- Up-to-date symlink: /home/flyingrobots/georg/ros2_ws/src/crazyswarm2/install/crazyflie_interfaces/include/crazyflie_interfaces/crazyflie_interfaces/srv/detail/add_logging__rosidl_typesupport_introspection_c.h
[0.340s] -- Up-to-date symlink: /home/flyingrobots/georg/ros2_ws/src/crazyswarm2/install/crazyflie_interfaces/include/crazyflie_interfaces/crazyflie_interfaces/srv/detail/arm__rosidl_typesupport_introspection_c.h
[0.340s] -- Up-to-date symlink: /home/flyingrobots/georg/ros2_ws/src/crazyswarm2/install/crazyflie_interfaces/include/crazyflie_interfaces/crazyflie_interfaces/srv/detail/go_to__rosidl_typesupport_introspection_c.h
[0.340s] -- Up-to-date symlink: /home/flyingrobots/georg/ros2_ws/src/crazyswarm2/install/crazyflie_interfaces/include/crazyflie_interfaces/crazyflie_interfaces/srv/detail/land__rosidl_typesupport_introspection_c.h
[0.340s] -- Up-to-date symlink: /home/flyingrobots/georg/ros2_ws/src/crazyswarm2/install/crazyflie_interfaces/include/crazyflie_interfaces/crazyflie_interfaces/srv/detail/notify_setpoints_stop__rosidl_typesupport_introspection_c.h
[0.340s] -- Up-to-date symlink: /home/flyingrobots/georg/ros2_ws/src/crazyswarm2/install/crazyflie_interfaces/include/crazyflie_interfaces/crazyflie_interfaces/srv/detail/remove_logging__rosidl_typesupport_introspection_c.h
[0.341s] -- Up-to-date symlink: /home/flyingrobots/georg/ros2_ws/src/crazyswarm2/install/crazyflie_interfaces/include/crazyflie_interfaces/crazyflie_interfaces/srv/detail/set_group_mask__rosidl_typesupport_introspection_c.h
[0.341s] -- Up-to-date symlink: /home/flyingrobots/georg/ros2_ws/src/crazyswarm2/install/crazyflie_interfaces/include/crazyflie_interfaces/crazyflie_interfaces/srv/detail/start_trajectory__rosidl_typesupport_introspection_c.h
[0.341s] -- Up-to-date symlink: /home/flyingrobots/georg/ros2_ws/src/crazyswarm2/install/crazyflie_interfaces/include/crazyflie_interfaces/crazyflie_interfaces/srv/detail/stop__rosidl_typesupport_introspection_c.h
[0.341s] -- Up-to-date symlink: /home/flyingrobots/georg/ros2_ws/src/crazyswarm2/install/crazyflie_interfaces/include/crazyflie_interfaces/crazyflie_interfaces/srv/detail/takeoff__rosidl_typesupport_introspection_c.h
[0.341s] -- Up-to-date symlink: /home/flyingrobots/georg/ros2_ws/src/crazyswarm2/install/crazyflie_interfaces/include/crazyflie_interfaces/crazyflie_interfaces/srv/detail/update_params__rosidl_typesupport_introspection_c.h
[0.341s] -- Up-to-date symlink: /home/flyingrobots/georg/ros2_ws/src/crazyswarm2/install/crazyflie_interfaces/include/crazyflie_interfaces/crazyflie_interfaces/srv/detail/upload_trajectory__rosidl_typesupport_introspection_c.h
[0.341s] -- Up-to-date symlink: /home/flyingrobots/georg/ros2_ws/src/crazyswarm2/install/crazyflie_interfaces/include/crazyflie_interfaces/crazyflie_interfaces/msg/detail/connection_statistics__rosidl_typesupport_introspection_cpp.hpp
[0.341s] -- Up-to-date symlink: /home/flyingrobots/georg/ros2_ws/src/crazyswarm2/install/crazyflie_interfaces/include/crazyflie_interfaces/crazyflie_interfaces/msg/detail/connection_statistics_array__rosidl_typesupport_introspection_cpp.hpp
[0.341s] -- Up-to-date symlink: /home/flyingrobots/georg/ros2_ws/src/crazyswarm2/install/crazyflie_interfaces/include/crazyflie_interfaces/crazyflie_interfaces/msg/detail/full_state__rosidl_typesupport_introspection_cpp.hpp
[0.341s] -- Up-to-date symlink: /home/flyingrobots/georg/ros2_ws/src/crazyswarm2/install/crazyflie_interfaces/include/crazyflie_interfaces/crazyflie_interfaces/msg/detail/hover__rosidl_typesupport_introspection_cpp.hpp
[0.342s] -- Up-to-date symlink: /home/flyingrobots/georg/ros2_ws/src/crazyswarm2/install/crazyflie_interfaces/include/crazyflie_interfaces/crazyflie_interfaces/msg/detail/log_block__rosidl_typesupport_introspection_cpp.hpp
[0.342s] -- Up-to-date symlink: /home/flyingrobots/georg/ros2_ws/src/crazyswarm2/install/crazyflie_interfaces/include/crazyflie_interfaces/crazyflie_interfaces/msg/detail/log_data_generic__rosidl_typesupport_introspection_cpp.hpp
[0.342s] -- Up-to-date symlink: /home/flyingrobots/georg/ros2_ws/src/crazyswarm2/install/crazyflie_interfaces/include/crazyflie_interfaces/crazyflie_interfaces/msg/detail/position__rosidl_typesupport_introspection_cpp.hpp
[0.342s] -- Up-to-date symlink: /home/flyingrobots/georg/ros2_ws/src/crazyswarm2/install/crazyflie_interfaces/include/crazyflie_interfaces/crazyflie_interfaces/msg/detail/status__rosidl_typesupport_introspection_cpp.hpp
[0.342s] -- Up-to-date symlink: /home/flyingrobots/georg/ros2_ws/src/crazyswarm2/install/crazyflie_interfaces/include/crazyflie_interfaces/crazyflie_interfaces/msg/detail/trajectory_polynomial_piece__rosidl_typesupport_introspection_cpp.hpp
[0.342s] -- Up-to-date symlink: /home/flyingrobots/georg/ros2_ws/src/crazyswarm2/install/crazyflie_interfaces/include/crazyflie_interfaces/crazyflie_interfaces/msg/detail/velocity_world__rosidl_typesupport_introspection_cpp.hpp
[0.342s] -- Up-to-date symlink: /home/flyingrobots/georg/ros2_ws/src/crazyswarm2/install/crazyflie_interfaces/include/crazyflie_interfaces/crazyflie_interfaces/srv/detail/add_logging__rosidl_typesupport_introspection_cpp.hpp
[0.342s] -- Up-to-date symlink: /home/flyingrobots/georg/ros2_ws/src/crazyswarm2/install/crazyflie_interfaces/include/crazyflie_interfaces/crazyflie_interfaces/srv/detail/arm__rosidl_typesupport_introspection_cpp.hpp
[0.342s] -- Up-to-date symlink: /home/flyingrobots/georg/ros2_ws/src/crazyswarm2/install/crazyflie_interfaces/include/crazyflie_interfaces/crazyflie_interfaces/srv/detail/go_to__rosidl_typesupport_introspection_cpp.hpp
[0.342s] -- Up-to-date symlink: /home/flyingrobots/georg/ros2_ws/src/crazyswarm2/install/crazyflie_interfaces/include/crazyflie_interfaces/crazyflie_interfaces/srv/detail/land__rosidl_typesupport_introspection_cpp.hpp
[0.343s] -- Up-to-date symlink: /home/flyingrobots/georg/ros2_ws/src/crazyswarm2/install/crazyflie_interfaces/include/crazyflie_interfaces/crazyflie_interfaces/srv/detail/notify_setpoints_stop__rosidl_typesupport_introspection_cpp.hpp
[0.343s] -- Up-to-date symlink: /home/flyingrobots/georg/ros2_ws/src/crazyswarm2/install/crazyflie_interfaces/include/crazyflie_interfaces/crazyflie_interfaces/srv/detail/remove_logging__rosidl_typesupport_introspection_cpp.hpp
[0.343s] -- Up-to-date symlink: /home/flyingrobots/georg/ros2_ws/src/crazyswarm2/install/crazyflie_interfaces/include/crazyflie_interfaces/crazyflie_interfaces/srv/detail/set_group_mask__rosidl_typesupport_introspection_cpp.hpp
[0.343s] -- Up-to-date symlink: /home/flyingrobots/georg/ros2_ws/src/crazyswarm2/install/crazyflie_interfaces/include/crazyflie_interfaces/crazyflie_interfaces/srv/detail/start_trajectory__rosidl_typesupport_introspection_cpp.hpp
[0.343s] -- Up-to-date symlink: /home/flyingrobots/georg/ros2_ws/src/crazyswarm2/install/crazyflie_interfaces/include/crazyflie_interfaces/crazyflie_interfaces/srv/detail/stop__rosidl_typesupport_introspection_cpp.hpp
[0.343s] -- Up-to-date symlink: /home/flyingrobots/georg/ros2_ws/src/crazyswarm2/install/crazyflie_interfaces/include/crazyflie_interfaces/crazyflie_interfaces/srv/detail/takeoff__rosidl_typesupport_introspection_cpp.hpp
[0.343s] -- Up-to-date symlink: /home/flyingrobots/georg/ros2_ws/src/crazyswarm2/install/crazyflie_interfaces/include/crazyflie_interfaces/crazyflie_interfaces/srv/detail/update_params__rosidl_typesupport_introspection_cpp.hpp
[0.343s] -- Up-to-date symlink: /home/flyingrobots/georg/ros2_ws/src/crazyswarm2/install/crazyflie_interfaces/include/crazyflie_interfaces/crazyflie_interfaces/srv/detail/upload_trajectory__rosidl_typesupport_introspection_cpp.hpp
[0.344s] -- Up-to-date symlink: /home/flyingrobots/georg/ros2_ws/src/crazyswarm2/install/crazyflie_interfaces/share/crazyflie_interfaces/environment/pythonpath.sh
[0.344s] -- Up-to-date symlink: /home/flyingrobots/georg/ros2_ws/src/crazyswarm2/install/crazyflie_interfaces/share/crazyflie_interfaces/environment/pythonpath.dsv
[0.344s] -- Up-to-date symlink: /home/flyingrobots/georg/ros2_ws/src/crazyswarm2/install/crazyflie_interfaces/lib/python3.12/site-packages/crazyflie_interfaces-1.0.3-py3.12.egg-info/PKG-INFO
[0.344s] -- Up-to-date symlink: /home/flyingrobots/georg/ros2_ws/src/crazyswarm2/install/crazyflie_interfaces/lib/python3.12/site-packages/crazyflie_interfaces-1.0.3-py3.12.egg-info/SOURCES.txt
[0.344s] -- Up-to-date symlink: /home/flyingrobots/georg/ros2_ws/src/crazyswarm2/install/crazyflie_interfaces/lib/python3.12/site-packages/crazyflie_interfaces-1.0.3-py3.12.egg-info/dependency_links.txt
[0.344s] -- Up-to-date symlink: /home/flyingrobots/georg/ros2_ws/src/crazyswarm2/install/crazyflie_interfaces/lib/python3.12/site-packages/crazyflie_interfaces-1.0.3-py3.12.egg-info/top_level.txt
[0.344s] -- Up-to-date symlink: /home/flyingrobots/georg/ros2_ws/src/crazyswarm2/install/crazyflie_interfaces/lib/python3.12/site-packages/crazyflie_interfaces/__init__.py
[0.344s] -- Up-to-date symlink: /home/flyingrobots/georg/ros2_ws/src/crazyswarm2/install/crazyflie_interfaces/lib/python3.12/site-packages/crazyflie_interfaces/_crazyflie_interfaces_s.ep.rosidl_typesupport_c.c
[0.344s] -- Up-to-date symlink: /home/flyingrobots/georg/ros2_ws/src/crazyswarm2/install/crazyflie_interfaces/lib/python3.12/site-packages/crazyflie_interfaces/_crazyflie_interfaces_s.ep.rosidl_typesupport_fastrtps_c.c
[0.345s] -- Up-to-date symlink: /home/flyingrobots/georg/ros2_ws/src/crazyswarm2/install/crazyflie_interfaces/lib/python3.12/site-packages/crazyflie_interfaces/_crazyflie_interfaces_s.ep.rosidl_typesupport_introspection_c.c
[0.345s] -- Up-to-date symlink: /home/flyingrobots/georg/ros2_ws/src/crazyswarm2/install/crazyflie_interfaces/lib/python3.12/site-packages/crazyflie_interfaces/crazyflie_interfaces_s__rosidl_typesupport_c.so
[0.345s] -- Up-to-date symlink: /home/flyingrobots/georg/ros2_ws/src/crazyswarm2/install/crazyflie_interfaces/lib/python3.12/site-packages/crazyflie_interfaces/crazyflie_interfaces_s__rosidl_typesupport_fastrtps_c.so
[0.345s] -- Up-to-date symlink: /home/flyingrobots/georg/ros2_ws/src/crazyswarm2/install/crazyflie_interfaces/lib/python3.12/site-packages/crazyflie_interfaces/crazyflie_interfaces_s__rosidl_typesupport_introspection_c.so
[0.345s] -- Up-to-date symlink: /home/flyingrobots/georg/ros2_ws/src/crazyswarm2/install/crazyflie_interfaces/lib/python3.12/site-packages/crazyflie_interfaces/msg/__init__.py
[0.345s] -- Up-to-date symlink: /home/flyingrobots/georg/ros2_ws/src/crazyswarm2/install/crazyflie_interfaces/lib/python3.12/site-packages/crazyflie_interfaces/msg/_connection_statistics.py
[0.345s] -- Up-to-date symlink: /home/flyingrobots/georg/ros2_ws/src/crazyswarm2/install/crazyflie_interfaces/lib/python3.12/site-packages/crazyflie_interfaces/msg/_connection_statistics_array.py
[0.345s] -- Up-to-date symlink: /home/flyingrobots/georg/ros2_ws/src/crazyswarm2/install/crazyflie_interfaces/lib/python3.12/site-packages/crazyflie_interfaces/msg/_connection_statistics_array_s.c
[0.345s] -- Up-to-date symlink: /home/flyingrobots/georg/ros2_ws/src/crazyswarm2/install/crazyflie_interfaces/lib/python3.12/site-packages/crazyflie_interfaces/msg/_connection_statistics_s.c
[0.345s] -- Up-to-date symlink: /home/flyingrobots/georg/ros2_ws/src/crazyswarm2/install/crazyflie_interfaces/lib/python3.12/site-packages/crazyflie_interfaces/msg/_full_state.py
[0.346s] -- Up-to-date symlink: /home/flyingrobots/georg/ros2_ws/src/crazyswarm2/install/crazyflie_interfaces/lib/python3.12/site-packages/crazyflie_interfaces/msg/_full_state_s.c
[0.346s] -- Up-to-date symlink: /home/flyingrobots/georg/ros2_ws/src/crazyswarm2/install/crazyflie_interfaces/lib/python3.12/site-packages/crazyflie_interfaces/msg/_hover.py
[0.346s] -- Up-to-date symlink: /home/flyingrobots/georg/ros2_ws/src/crazyswarm2/install/crazyflie_interfaces/lib/python3.12/site-packages/crazyflie_interfaces/msg/_hover_s.c
[0.346s] -- Up-to-date symlink: /home/flyingrobots/georg/ros2_ws/src/crazyswarm2/install/crazyflie_interfaces/lib/python3.12/site-packages/crazyflie_interfaces/msg/_log_block.py
[0.346s] -- Up-to-date symlink: /home/flyingrobots/georg/ros2_ws/src/crazyswarm2/install/crazyflie_interfaces/lib/python3.12/site-packages/crazyflie_interfaces/msg/_log_block_s.c
[0.346s] -- Up-to-date symlink: /home/flyingrobots/georg/ros2_ws/src/crazyswarm2/install/crazyflie_interfaces/lib/python3.12/site-packages/crazyflie_interfaces/msg/_log_data_generic.py
[0.346s] -- Up-to-date symlink: /home/flyingrobots/georg/ros2_ws/src/crazyswarm2/install/crazyflie_interfaces/lib/python3.12/site-packages/crazyflie_interfaces/msg/_log_data_generic_s.c
[0.346s] -- Up-to-date symlink: /home/flyingrobots/georg/ros2_ws/src/crazyswarm2/install/crazyflie_interfaces/lib/python3.12/site-packages/crazyflie_interfaces/msg/_position.py
[0.346s] -- Up-to-date symlink: /home/flyingrobots/georg/ros2_ws/src/crazyswarm2/install/crazyflie_interfaces/lib/python3.12/site-packages/crazyflie_interfaces/msg/_position_s.c
[0.346s] -- Up-to-date symlink: /home/flyingrobots/georg/ros2_ws/src/crazyswarm2/install/crazyflie_interfaces/lib/python3.12/site-packages/crazyflie_interfaces/msg/_status.py
[0.347s] -- Up-to-date symlink: /home/flyingrobots/georg/ros2_ws/src/crazyswarm2/install/crazyflie_interfaces/lib/python3.12/site-packages/crazyflie_interfaces/msg/_status_s.c
[0.347s] -- Up-to-date symlink: /home/flyingrobots/georg/ros2_ws/src/crazyswarm2/install/crazyflie_interfaces/lib/python3.12/site-packages/crazyflie_interfaces/msg/_trajectory_polynomial_piece.py
[0.347s] -- Up-to-date symlink: /home/flyingrobots/georg/ros2_ws/src/crazyswarm2/install/crazyflie_interfaces/lib/python3.12/site-packages/crazyflie_interfaces/msg/_trajectory_polynomial_piece_s.c
[0.347s] -- Up-to-date symlink: /home/flyingrobots/georg/ros2_ws/src/crazyswarm2/install/crazyflie_interfaces/lib/python3.12/site-packages/crazyflie_interfaces/msg/_velocity_world.py
[0.347s] -- Up-to-date symlink: /home/flyingrobots/georg/ros2_ws/src/crazyswarm2/install/crazyflie_interfaces/lib/python3.12/site-packages/crazyflie_interfaces/msg/_velocity_world_s.c
[0.347s] -- Up-to-date symlink: /home/flyingrobots/georg/ros2_ws/src/crazyswarm2/install/crazyflie_interfaces/lib/python3.12/site-packages/crazyflie_interfaces/srv/__init__.py
[0.347s] -- Up-to-date symlink: /home/flyingrobots/georg/ros2_ws/src/crazyswarm2/install/crazyflie_interfaces/lib/python3.12/site-packages/crazyflie_interfaces/srv/_add_logging.py
[0.347s] -- Up-to-date symlink: /home/flyingrobots/georg/ros2_ws/src/crazyswarm2/install/crazyflie_interfaces/lib/python3.12/site-packages/crazyflie_interfaces/srv/_add_logging_s.c
[0.347s] -- Up-to-date symlink: /home/flyingrobots/georg/ros2_ws/src/crazyswarm2/install/crazyflie_interfaces/lib/python3.12/site-packages/crazyflie_interfaces/srv/_arm.py
[0.347s] -- Up-to-date symlink: /home/flyingrobots/georg/ros2_ws/src/crazyswarm2/install/crazyflie_interfaces/lib/python3.12/site-packages/crazyflie_interfaces/srv/_arm_s.c
[0.348s] -- Up-to-date symlink: /home/flyingrobots/georg/ros2_ws/src/crazyswarm2/install/crazyflie_interfaces/lib/python3.12/site-packages/crazyflie_interfaces/srv/_go_to.py
[0.348s] -- Up-to-date symlink: /home/flyingrobots/georg/ros2_ws/src/crazyswarm2/install/crazyflie_interfaces/lib/python3.12/site-packages/crazyflie_interfaces/srv/_go_to_s.c
[0.348s] -- Up-to-date symlink: /home/flyingrobots/georg/ros2_ws/src/crazyswarm2/install/crazyflie_interfaces/lib/python3.12/site-packages/crazyflie_interfaces/srv/_land.py
[0.348s] -- Up-to-date symlink: /home/flyingrobots/georg/ros2_ws/src/crazyswarm2/install/crazyflie_interfaces/lib/python3.12/site-packages/crazyflie_interfaces/srv/_land_s.c
[0.348s] -- Up-to-date symlink: /home/flyingrobots/georg/ros2_ws/src/crazyswarm2/install/crazyflie_interfaces/lib/python3.12/site-packages/crazyflie_interfaces/srv/_notify_setpoints_stop.py
[0.348s] -- Up-to-date symlink: /home/flyingrobots/georg/ros2_ws/src/crazyswarm2/install/crazyflie_interfaces/lib/python3.12/site-packages/crazyflie_interfaces/srv/_notify_setpoints_stop_s.c
[0.348s] -- Up-to-date symlink: /home/flyingrobots/georg/ros2_ws/src/crazyswarm2/install/crazyflie_interfaces/lib/python3.12/site-packages/crazyflie_interfaces/srv/_remove_logging.py
[0.348s] -- Up-to-date symlink: /home/flyingrobots/georg/ros2_ws/src/crazyswarm2/install/crazyflie_interfaces/lib/python3.12/site-packages/crazyflie_interfaces/srv/_remove_logging_s.c
[0.348s] -- Up-to-date symlink: /home/flyingrobots/georg/ros2_ws/src/crazyswarm2/install/crazyflie_interfaces/lib/python3.12/site-packages/crazyflie_interfaces/srv/_set_group_mask.py
[0.349s] -- Up-to-date symlink: /home/flyingrobots/georg/ros2_ws/src/crazyswarm2/install/crazyflie_interfaces/lib/python3.12/site-packages/crazyflie_interfaces/srv/_set_group_mask_s.c
[0.349s] -- Up-to-date symlink: /home/flyingrobots/georg/ros2_ws/src/crazyswarm2/install/crazyflie_interfaces/lib/python3.12/site-packages/crazyflie_interfaces/srv/_start_trajectory.py
[0.349s] -- Up-to-date symlink: /home/flyingrobots/georg/ros2_ws/src/crazyswarm2/install/crazyflie_interfaces/lib/python3.12/site-packages/crazyflie_interfaces/srv/_start_trajectory_s.c
[0.349s] -- Up-to-date symlink: /home/flyingrobots/georg/ros2_ws/src/crazyswarm2/install/crazyflie_interfaces/lib/python3.12/site-packages/crazyflie_interfaces/srv/_stop.py
[0.349s] -- Up-to-date symlink: /home/flyingrobots/georg/ros2_ws/src/crazyswarm2/install/crazyflie_interfaces/lib/python3.12/site-packages/crazyflie_interfaces/srv/_stop_s.c
[0.349s] -- Up-to-date symlink: /home/flyingrobots/georg/ros2_ws/src/crazyswarm2/install/crazyflie_interfaces/lib/python3.12/site-packages/crazyflie_interfaces/srv/_takeoff.py
[0.349s] -- Up-to-date symlink: /home/flyingrobots/georg/ros2_ws/src/crazyswarm2/install/crazyflie_interfaces/lib/python3.12/site-packages/crazyflie_interfaces/srv/_takeoff_s.c
[0.349s] -- Up-to-date symlink: /home/flyingrobots/georg/ros2_ws/src/crazyswarm2/install/crazyflie_interfaces/lib/python3.12/site-packages/crazyflie_interfaces/srv/_update_params.py
[0.350s] -- Up-to-date symlink: /home/flyingrobots/georg/ros2_ws/src/crazyswarm2/install/crazyflie_interfaces/lib/python3.12/site-packages/crazyflie_interfaces/srv/_update_params_s.c
[0.350s] -- Up-to-date symlink: /home/flyingrobots/georg/ros2_ws/src/crazyswarm2/install/crazyflie_interfaces/lib/python3.12/site-packages/crazyflie_interfaces/srv/_upload_trajectory.py
[0.350s] -- Up-to-date symlink: /home/flyingrobots/georg/ros2_ws/src/crazyswarm2/install/crazyflie_interfaces/lib/python3.12/site-packages/crazyflie_interfaces/srv/_upload_trajectory_s.c
[0.350s] -- Up-to-date symlink: /home/flyingrobots/georg/ros2_ws/src/crazyswarm2/install/crazyflie_interfaces/lib/python3.12/site-packages/crazyflie_interfaces/crazyflie_interfaces_s__rosidl_typesupport_fastrtps_c.so
[0.350s] -- Up-to-date symlink: /home/flyingrobots/georg/ros2_ws/src/crazyswarm2/install/crazyflie_interfaces/lib/python3.12/site-packages/crazyflie_interfaces/crazyflie_interfaces_s__rosidl_typesupport_introspection_c.so
[0.350s] -- Up-to-date symlink: /home/flyingrobots/georg/ros2_ws/src/crazyswarm2/install/crazyflie_interfaces/lib/python3.12/site-packages/crazyflie_interfaces/crazyflie_interfaces_s__rosidl_typesupport_c.so
[0.350s] -- Up-to-date symlink: /home/flyingrobots/georg/ros2_ws/src/crazyswarm2/install/crazyflie_interfaces/share/crazyflie_interfaces/msg/ConnectionStatistics.idl
[0.350s] -- Up-to-date symlink: /home/flyingrobots/georg/ros2_ws/src/crazyswarm2/install/crazyflie_interfaces/share/crazyflie_interfaces/msg/ConnectionStatisticsArray.idl
[0.350s] -- Up-to-date symlink: /home/flyingrobots/georg/ros2_ws/src/crazyswarm2/install/crazyflie_interfaces/share/crazyflie_interfaces/msg/FullState.idl
[0.351s] -- Up-to-date symlink: /home/flyingrobots/georg/ros2_ws/src/crazyswarm2/install/crazyflie_interfaces/share/crazyflie_interfaces/msg/LogDataGeneric.idl
[0.351s] -- Up-to-date symlink: /home/flyingrobots/georg/ros2_ws/src/crazyswarm2/install/crazyflie_interfaces/share/crazyflie_interfaces/msg/Hover.idl
[0.351s] -- Up-to-date symlink: /home/flyingrobots/georg/ros2_ws/src/crazyswarm2/install/crazyflie_interfaces/share/crazyflie_interfaces/msg/LogBlock.idl
[0.351s] -- Up-to-date symlink: /home/flyingrobots/georg/ros2_ws/src/crazyswarm2/install/crazyflie_interfaces/share/crazyflie_interfaces/msg/Position.idl
[0.351s] -- Up-to-date symlink: /home/flyingrobots/georg/ros2_ws/src/crazyswarm2/install/crazyflie_interfaces/share/crazyflie_interfaces/msg/Status.idl
[0.351s] -- Up-to-date symlink: /home/flyingrobots/georg/ros2_ws/src/crazyswarm2/install/crazyflie_interfaces/share/crazyflie_interfaces/msg/TrajectoryPolynomialPiece.idl
[0.351s] -- Up-to-date symlink: /home/flyingrobots/georg/ros2_ws/src/crazyswarm2/install/crazyflie_interfaces/share/crazyflie_interfaces/msg/VelocityWorld.idl
[0.351s] -- Up-to-date symlink: /home/flyingrobots/georg/ros2_ws/src/crazyswarm2/install/crazyflie_interfaces/share/crazyflie_interfaces/srv/GoTo.idl
[0.351s] -- Up-to-date symlink: /home/flyingrobots/georg/ros2_ws/src/crazyswarm2/install/crazyflie_interfaces/share/crazyflie_interfaces/srv/Land.idl
[0.351s] -- Up-to-date symlink: /home/flyingrobots/georg/ros2_ws/src/crazyswarm2/install/crazyflie_interfaces/share/crazyflie_interfaces/srv/NotifySetpointsStop.idl
[0.351s] -- Up-to-date symlink: /home/flyingrobots/georg/ros2_ws/src/crazyswarm2/install/crazyflie_interfaces/share/crazyflie_interfaces/srv/SetGroupMask.idl
[0.351s] -- Up-to-date symlink: /home/flyingrobots/georg/ros2_ws/src/crazyswarm2/install/crazyflie_interfaces/share/crazyflie_interfaces/srv/StartTrajectory.idl
[0.351s] -- Up-to-date symlink: /home/flyingrobots/georg/ros2_ws/src/crazyswarm2/install/crazyflie_interfaces/share/crazyflie_interfaces/srv/Stop.idl
[0.351s] -- Up-to-date symlink: /home/flyingrobots/georg/ros2_ws/src/crazyswarm2/install/crazyflie_interfaces/share/crazyflie_interfaces/srv/Takeoff.idl
[0.351s] -- Up-to-date symlink: /home/flyingrobots/georg/ros2_ws/src/crazyswarm2/install/crazyflie_interfaces/share/crazyflie_interfaces/srv/UpdateParams.idl
[0.351s] -- Up-to-date symlink: /home/flyingrobots/georg/ros2_ws/src/crazyswarm2/install/crazyflie_interfaces/share/crazyflie_interfaces/srv/UploadTrajectory.idl
[0.351s] -- Up-to-date symlink: /home/flyingrobots/georg/ros2_ws/src/crazyswarm2/install/crazyflie_interfaces/share/crazyflie_interfaces/srv/RemoveLogging.idl
[0.352s] -- Up-to-date symlink: /home/flyingrobots/georg/ros2_ws/src/crazyswarm2/install/crazyflie_interfaces/share/crazyflie_interfaces/srv/AddLogging.idl
[0.352s] -- Up-to-date symlink: /home/flyingrobots/georg/ros2_ws/src/crazyswarm2/install/crazyflie_interfaces/share/crazyflie_interfaces/srv/Arm.idl
[0.352s] -- Up-to-date symlink: /home/flyingrobots/georg/ros2_ws/src/crazyswarm2/install/crazyflie_interfaces/share/crazyflie_interfaces/msg/ConnectionStatistics.msg
[0.352s] -- Up-to-date symlink: /home/flyingrobots/georg/ros2_ws/src/crazyswarm2/install/crazyflie_interfaces/share/crazyflie_interfaces/msg/ConnectionStatisticsArray.msg
[0.352s] -- Up-to-date symlink: /home/flyingrobots/georg/ros2_ws/src/crazyswarm2/install/crazyflie_interfaces/share/crazyflie_interfaces/msg/FullState.msg
[0.352s] -- Up-to-date symlink: /home/flyingrobots/georg/ros2_ws/src/crazyswarm2/install/crazyflie_interfaces/share/crazyflie_interfaces/msg/LogDataGeneric.msg
[0.352s] -- Up-to-date symlink: /home/flyingrobots/georg/ros2_ws/src/crazyswarm2/install/crazyflie_interfaces/share/crazyflie_interfaces/msg/Hover.msg
[0.352s] -- Up-to-date symlink: /home/flyingrobots/georg/ros2_ws/src/crazyswarm2/install/crazyflie_interfaces/share/crazyflie_interfaces/msg/LogBlock.msg
[0.352s] -- Up-to-date symlink: /home/flyingrobots/georg/ros2_ws/src/crazyswarm2/install/crazyflie_interfaces/share/crazyflie_interfaces/msg/Position.msg
[0.352s] -- Up-to-date symlink: /home/flyingrobots/georg/ros2_ws/src/crazyswarm2/install/crazyflie_interfaces/share/crazyflie_interfaces/msg/Status.msg
[0.352s] -- Up-to-date symlink: /home/flyingrobots/georg/ros2_ws/src/crazyswarm2/install/crazyflie_interfaces/share/crazyflie_interfaces/msg/TrajectoryPolynomialPiece.msg
[0.352s] -- Up-to-date symlink: /home/flyingrobots/georg/ros2_ws/src/crazyswarm2/install/crazyflie_interfaces/share/crazyflie_interfaces/msg/VelocityWorld.msg
[0.352s] -- Up-to-date symlink: /home/flyingrobots/georg/ros2_ws/src/crazyswarm2/install/crazyflie_interfaces/share/crazyflie_interfaces/srv/GoTo.srv
[0.352s] -- Up-to-date symlink: /home/flyingrobots/georg/ros2_ws/src/crazyswarm2/install/crazyflie_interfaces/share/crazyflie_interfaces/srv/Land.srv
[0.352s] -- Up-to-date symlink: /home/flyingrobots/georg/ros2_ws/src/crazyswarm2/install/crazyflie_interfaces/share/crazyflie_interfaces/srv/NotifySetpointsStop.srv
[0.352s] -- Up-to-date symlink: /home/flyingrobots/georg/ros2_ws/src/crazyswarm2/install/crazyflie_interfaces/share/crazyflie_interfaces/srv/SetGroupMask.srv
[0.352s] -- Up-to-date symlink: /home/flyingrobots/georg/ros2_ws/src/crazyswarm2/install/crazyflie_interfaces/share/crazyflie_interfaces/srv/StartTrajectory.srv
[0.352s] -- Up-to-date symlink: /home/flyingrobots/georg/ros2_ws/src/crazyswarm2/install/crazyflie_interfaces/share/crazyflie_interfaces/srv/Stop.srv
[0.352s] -- Up-to-date symlink: /home/flyingrobots/georg/ros2_ws/src/crazyswarm2/install/crazyflie_interfaces/share/crazyflie_interfaces/srv/Takeoff.srv
[0.352s] -- Up-to-date symlink: /home/flyingrobots/georg/ros2_ws/src/crazyswarm2/install/crazyflie_interfaces/share/crazyflie_interfaces/srv/UpdateParams.srv
[0.352s] -- Up-to-date symlink: /home/flyingrobots/georg/ros2_ws/src/crazyswarm2/install/crazyflie_interfaces/share/crazyflie_interfaces/srv/UploadTrajectory.srv
[0.352s] -- Up-to-date symlink: /home/flyingrobots/georg/ros2_ws/src/crazyswarm2/install/crazyflie_interfaces/share/crazyflie_interfaces/srv/RemoveLogging.srv
[0.352s] -- Up-to-date symlink: /home/flyingrobots/georg/ros2_ws/src/crazyswarm2/install/crazyflie_interfaces/share/crazyflie_interfaces/srv/AddLogging.srv
[0.352s] -- Up-to-date symlink: /home/flyingrobots/georg/ros2_ws/src/crazyswarm2/install/crazyflie_interfaces/share/crazyflie_interfaces/srv/Arm.srv
[0.352s] -- Up-to-date symlink: /home/flyingrobots/georg/ros2_ws/src/crazyswarm2/install/crazyflie_interfaces/share/ament_index/resource_index/package_run_dependencies/crazyflie_interfaces
[0.352s] -- Up-to-date symlink: /home/flyingrobots/georg/ros2_ws/src/crazyswarm2/install/crazyflie_interfaces/share/ament_index/resource_index/parent_prefix_path/crazyflie_interfaces
[0.352s] -- Up-to-date symlink: /home/flyingrobots/georg/ros2_ws/src/crazyswarm2/install/crazyflie_interfaces/share/crazyflie_interfaces/environment/ament_prefix_path.sh
[0.352s] -- Up-to-date symlink: /home/flyingrobots/georg/ros2_ws/src/crazyswarm2/install/crazyflie_interfaces/share/crazyflie_interfaces/environment/ament_prefix_path.dsv
[0.353s] -- Up-to-date symlink: /home/flyingrobots/georg/ros2_ws/src/crazyswarm2/install/crazyflie_interfaces/share/crazyflie_interfaces/environment/path.sh
[0.353s] -- Up-to-date symlink: /home/flyingrobots/georg/ros2_ws/src/crazyswarm2/install/crazyflie_interfaces/share/crazyflie_interfaces/environment/path.dsv
[0.353s] -- Up-to-date symlink: /home/flyingrobots/georg/ros2_ws/src/crazyswarm2/install/crazyflie_interfaces/share/crazyflie_interfaces/local_setup.bash
[0.353s] -- Up-to-date symlink: /home/flyingrobots/georg/ros2_ws/src/crazyswarm2/install/crazyflie_interfaces/share/crazyflie_interfaces/local_setup.sh
[0.353s] -- Up-to-date symlink: /home/flyingrobots/georg/ros2_ws/src/crazyswarm2/install/crazyflie_interfaces/share/crazyflie_interfaces/local_setup.zsh
[0.353s] -- Up-to-date symlink: /home/flyingrobots/georg/ros2_ws/src/crazyswarm2/install/crazyflie_interfaces/share/crazyflie_interfaces/local_setup.dsv
[0.353s] -- Symlinking: /home/flyingrobots/georg/ros2_ws/src/crazyswarm2/install/crazyflie_interfaces/share/crazyflie_interfaces/package.dsv
[0.359s] -- Up-to-date symlink: /home/flyingrobots/georg/ros2_ws/src/crazyswarm2/install/crazyflie_interfaces/share/ament_index/resource_index/packages/crazyflie_interfaces
[0.359s] -- Up-to-date symlink: /home/flyingrobots/georg/ros2_ws/src/crazyswarm2/install/crazyflie_interfaces/share/crazyflie_interfaces/cmake/rosidl_cmake-extras.cmake
[0.359s] -- Up-to-date symlink: /home/flyingrobots/georg/ros2_ws/src/crazyswarm2/install/crazyflie_interfaces/share/crazyflie_interfaces/cmake/ament_cmake_export_dependencies-extras.cmake
[0.359s] -- Up-to-date symlink: /home/flyingrobots/georg/ros2_ws/src/crazyswarm2/install/crazyflie_interfaces/share/crazyflie_interfaces/cmake/ament_cmake_export_include_directories-extras.cmake
[0.359s] -- Up-to-date symlink: /home/flyingrobots/georg/ros2_ws/src/crazyswarm2/install/crazyflie_interfaces/share/crazyflie_interfaces/cmake/ament_cmake_export_libraries-extras.cmake
[0.359s] -- Up-to-date symlink: /home/flyingrobots/georg/ros2_ws/src/crazyswarm2/install/crazyflie_interfaces/share/crazyflie_interfaces/cmake/ament_cmake_export_targets-extras.cmake
[0.359s] -- Up-to-date symlink: /home/flyingrobots/georg/ros2_ws/src/crazyswarm2/install/crazyflie_interfaces/share/crazyflie_interfaces/cmake/rosidl_cmake_export_typesupport_targets-extras.cmake
[0.360s] -- Up-to-date symlink: /home/flyingrobots/georg/ros2_ws/src/crazyswarm2/install/crazyflie_interfaces/share/crazyflie_interfaces/cmake/rosidl_cmake_export_typesupport_libraries-extras.cmake
[0.360s] -- Up-to-date symlink: /home/flyingrobots/georg/ros2_ws/src/crazyswarm2/install/crazyflie_interfaces/share/crazyflie_interfaces/cmake/crazyflie_interfacesConfig.cmake
[0.360s] -- Up-to-date symlink: /home/flyingrobots/georg/ros2_ws/src/crazyswarm2/install/crazyflie_interfaces/share/crazyflie_interfaces/cmake/crazyflie_interfacesConfig-version.cmake
[0.360s] -- Up-to-date symlink: /home/flyingrobots/georg/ros2_ws/src/crazyswarm2/install/crazyflie_interfaces/share/crazyflie_interfaces/package.xml
[0.360s] -- Up-to-date: /home/flyingrobots/georg/ros2_ws/src/crazyswarm2/install/crazyflie_interfaces/lib/libcrazyflie_interfaces__rosidl_generator_c.so
[0.360s] -- Up-to-date: /home/flyingrobots/georg/ros2_ws/src/crazyswarm2/install/crazyflie_interfaces/lib/libcrazyflie_interfaces__rosidl_typesupport_fastrtps_c.so
[0.361s] -- Up-to-date: /home/flyingrobots/georg/ros2_ws/src/crazyswarm2/install/crazyflie_interfaces/lib/libcrazyflie_interfaces__rosidl_typesupport_fastrtps_cpp.so
[0.361s] -- Up-to-date: /home/flyingrobots/georg/ros2_ws/src/crazyswarm2/install/crazyflie_interfaces/lib/libcrazyflie_interfaces__rosidl_typesupport_introspection_c.so
[0.361s] -- Up-to-date: /home/flyingrobots/georg/ros2_ws/src/crazyswarm2/install/crazyflie_interfaces/lib/libcrazyflie_interfaces__rosidl_typesupport_c.so
[0.361s] -- Up-to-date: /home/flyingrobots/georg/ros2_ws/src/crazyswarm2/install/crazyflie_interfaces/lib/libcrazyflie_interfaces__rosidl_typesupport_introspection_cpp.so
[0.361s] -- Up-to-date: /home/flyingrobots/georg/ros2_ws/src/crazyswarm2/install/crazyflie_interfaces/lib/libcrazyflie_interfaces__rosidl_typesupport_cpp.so
[0.393s] Listing '/home/flyingrobots/georg/ros2_ws/src/crazyswarm2/install/crazyflie_interfaces/lib/python3.12/site-packages/crazyflie_interfaces'...
[0.393s] Listing '/home/flyingrobots/georg/ros2_ws/src/crazyswarm2/install/crazyflie_interfaces/lib/python3.12/site-packages/crazyflie_interfaces/msg'...
[0.393s] Listing '/home/flyingrobots/georg/ros2_ws/src/crazyswarm2/install/crazyflie_interfaces/lib/python3.12/site-packages/crazyflie_interfaces/srv'...
[0.397s] -- Up-to-date: /home/flyingrobots/georg/ros2_ws/src/crazyswarm2/install/crazyflie_interfaces/lib/libcrazyflie_interfaces__rosidl_generator_py.so
[0.397s] -- Up-to-date: /home/flyingrobots/georg/ros2_ws/src/crazyswarm2/install/crazyflie_interfaces/share/crazyflie_interfaces/cmake/export_crazyflie_interfaces__rosidl_generator_cExport.cmake
[0.397s] -- Up-to-date: /home/flyingrobots/georg/ros2_ws/src/crazyswarm2/install/crazyflie_interfaces/share/crazyflie_interfaces/cmake/export_crazyflie_interfaces__rosidl_generator_cExport-noconfig.cmake
[0.397s] -- Up-to-date: /home/flyingrobots/georg/ros2_ws/src/crazyswarm2/install/crazyflie_interfaces/share/crazyflie_interfaces/cmake/export_crazyflie_interfaces__rosidl_typesupport_fastrtps_cExport.cmake
[0.397s] -- Up-to-date: /home/flyingrobots/georg/ros2_ws/src/crazyswarm2/install/crazyflie_interfaces/share/crazyflie_interfaces/cmake/export_crazyflie_interfaces__rosidl_typesupport_fastrtps_cExport-noconfig.cmake
[0.398s] -- Up-to-date: /home/flyingrobots/georg/ros2_ws/src/crazyswarm2/install/crazyflie_interfaces/share/crazyflie_interfaces/cmake/export_crazyflie_interfaces__rosidl_generator_cppExport.cmake
[0.398s] -- Up-to-date: /home/flyingrobots/georg/ros2_ws/src/crazyswarm2/install/crazyflie_interfaces/share/crazyflie_interfaces/cmake/export_crazyflie_interfaces__rosidl_typesupport_fastrtps_cppExport.cmake
[0.398s] -- Up-to-date: /home/flyingrobots/georg/ros2_ws/src/crazyswarm2/install/crazyflie_interfaces/share/crazyflie_interfaces/cmake/export_crazyflie_interfaces__rosidl_typesupport_fastrtps_cppExport-noconfig.cmake
[0.398s] -- Up-to-date: /home/flyingrobots/georg/ros2_ws/src/crazyswarm2/install/crazyflie_interfaces/share/crazyflie_interfaces/cmake/crazyflie_interfaces__rosidl_typesupport_introspection_cExport.cmake
[0.398s] -- Up-to-date: /home/flyingrobots/georg/ros2_ws/src/crazyswarm2/install/crazyflie_interfaces/share/crazyflie_interfaces/cmake/crazyflie_interfaces__rosidl_typesupport_introspection_cExport-noconfig.cmake
[0.398s] -- Up-to-date: /home/flyingrobots/georg/ros2_ws/src/crazyswarm2/install/crazyflie_interfaces/share/crazyflie_interfaces/cmake/crazyflie_interfaces__rosidl_typesupport_cExport.cmake
[0.398s] -- Up-to-date: /home/flyingrobots/georg/ros2_ws/src/crazyswarm2/install/crazyflie_interfaces/share/crazyflie_interfaces/cmake/crazyflie_interfaces__rosidl_typesupport_cExport-noconfig.cmake
[0.398s] -- Up-to-date: /home/flyingrobots/georg/ros2_ws/src/crazyswarm2/install/crazyflie_interfaces/share/crazyflie_interfaces/cmake/crazyflie_interfaces__rosidl_typesupport_introspection_cppExport.cmake
[0.398s] -- Up-to-date: /home/flyingrobots/georg/ros2_ws/src/crazyswarm2/install/crazyflie_interfaces/share/crazyflie_interfaces/cmake/crazyflie_interfaces__rosidl_typesupport_introspection_cppExport-noconfig.cmake
[0.398s] -- Up-to-date: /home/flyingrobots/georg/ros2_ws/src/crazyswarm2/install/crazyflie_interfaces/share/crazyflie_interfaces/cmake/crazyflie_interfaces__rosidl_typesupport_cppExport.cmake
[0.398s] -- Up-to-date: /home/flyingrobots/georg/ros2_ws/src/crazyswarm2/install/crazyflie_interfaces/share/crazyflie_interfaces/cmake/crazyflie_interfaces__rosidl_typesupport_cppExport-noconfig.cmake
[0.398s] -- Up-to-date: /home/flyingrobots/georg/ros2_ws/src/crazyswarm2/install/crazyflie_interfaces/share/crazyflie_interfaces/cmake/export_crazyflie_interfaces__rosidl_generator_pyExport.cmake
[0.398s] -- Up-to-date: /home/flyingrobots/georg/ros2_ws/src/crazyswarm2/install/crazyflie_interfaces/share/crazyflie_interfaces/cmake/export_crazyflie_interfaces__rosidl_generator_pyExport-noconfig.cmake
[0.399s] Invoked command in '/home/flyingrobots/georg/ros2_ws/src/crazyswarm2/build/crazyflie_interfaces' returned '0': CMAKE_PREFIX_PATH=${CMAKE_PREFIX_PATH}:/opt/ros/jazzy:/home/flyingrobots/georg/ros2_ws/src/crazyswarm2/install/crazyflie_py DEBUGINFOD_URLS=https://debuginfod.ubuntu.com PS1=(venv) VIRTUAL_ENV_PROMPT=(venv) /usr/bin/cmake --install /home/flyingrobots/georg/ros2_ws/src/crazyswarm2/build/crazyflie_interfaces
