[0.007s] Invoking command in '/home/flyingrobots/georg/ros2_ws/src/crazyswarm2/build/crazyflie_examples': CMAKE_PREFIX_PATH=${CMAKE_PREFIX_PATH}:/home/flyingrobots/georg/ros2_ws/install/crazyflie_py:/opt/ros/jazzy DEBUGINFOD_URLS=https://debuginfod.ubuntu.com PS1=(venv) \[\e]0;\u@\h: \w\a\]${debian_chroot:+($debian_chroot)}\[\033[01;32m\]\u@\h\[\033[00m\]:\[\033[01;34m\]\w\[\033[00m\]\$ VIRTUAL_ENV_PROMPT=(venv) /usr/bin/cmake /home/flyingrobots/georg/ros2_ws/src/crazyswarm2/crazyflie_examples -DCMAKE_INSTALL_PREFIX=/home/flyingrobots/georg/ros2_ws/src/crazyswarm2/install/crazyflie_examples
[0.073s] -- The C compiler identification is GNU 13.3.0
[0.124s] -- The CXX compiler identification is GNU 13.3.0
[0.143s] -- Detecting C compiler ABI info
[0.257s] -- Detecting C compiler ABI info - done
[0.265s] -- Check for working C compiler: /usr/bin/cc - skipped
[0.266s] -- Detecting C compile features
[0.266s] -- Detecting C compile features - done
[0.282s] -- Detecting CXX compiler ABI info
[0.410s] -- Detecting CXX compiler ABI info - done
[0.418s] -- Check for working CXX compiler: /usr/bin/c++ - skipped
[0.418s] -- Detecting CXX compile features
[0.418s] -- Detecting CXX compile features - done
[0.421s] -- Found ament_cmake: 2.5.4 (/opt/ros/jazzy/share/ament_cmake/cmake)
[0.522s] -- Found Python3: /home/flyingrobots/venv/bin/python3 (found version "3.12.3") found components: Interpreter 
[0.671s] -- Found ament_cmake_pytest: 2.5.4 (/opt/ros/jazzy/share/ament_cmake_pytest/cmake)
[0.685s] [33mCMake Warning at /opt/ros/jazzy/share/ament_cmake_pytest/cmake/ament_add_pytest_test.cmake:82 (message):
[0.685s]   The Python module 'pytest' was not found, pytests cannot be run.  On Linux,
[0.685s]   install the 'python3-pytest' package.  On other platforms, install 'pytest'
[0.685s]   using pip.
[0.685s] Call Stack (most recent call first):
[0.685s]   CMakeLists.txt:27 (ament_add_pytest_test)
[0.686s] 
[0.686s] [0m
[0.700s] [33mCMake Warning at /opt/ros/jazzy/share/ament_cmake_pytest/cmake/ament_add_pytest_test.cmake:82 (message):
[0.701s]   The Python module 'pytest' was not found, pytests cannot be run.  On Linux,
[0.701s]   install the 'python3-pytest' package.  On other platforms, install 'pytest'
[0.701s]   using pip.
[0.701s] Call Stack (most recent call first):
[0.701s]   CMakeLists.txt:27 (ament_add_pytest_test)
[0.701s] 
[0.701s] [0m
[0.767s] -- Configuring done (0.8s)
[0.770s] -- Generating done (0.0s)
[0.771s] -- Build files have been written to: /home/flyingrobots/georg/ros2_ws/src/crazyswarm2/build/crazyflie_examples
[0.775s] Invoked command in '/home/flyingrobots/georg/ros2_ws/src/crazyswarm2/build/crazyflie_examples' returned '0': CMAKE_PREFIX_PATH=${CMAKE_PREFIX_PATH}:/home/flyingrobots/georg/ros2_ws/install/crazyflie_py:/opt/ros/jazzy DEBUGINFOD_URLS=https://debuginfod.ubuntu.com PS1=(venv) \[\e]0;\u@\h: \w\a\]${debian_chroot:+($debian_chroot)}\[\033[01;32m\]\u@\h\[\033[00m\]:\[\033[01;34m\]\w\[\033[00m\]\$ VIRTUAL_ENV_PROMPT=(venv) /usr/bin/cmake /home/flyingrobots/georg/ros2_ws/src/crazyswarm2/crazyflie_examples -DCMAKE_INSTALL_PREFIX=/home/flyingrobots/georg/ros2_ws/src/crazyswarm2/install/crazyflie_examples
[0.776s] Invoking command in '/home/flyingrobots/georg/ros2_ws/src/crazyswarm2/build/crazyflie_examples': CMAKE_PREFIX_PATH=${CMAKE_PREFIX_PATH}:/home/flyingrobots/georg/ros2_ws/install/crazyflie_py:/opt/ros/jazzy DEBUGINFOD_URLS=https://debuginfod.ubuntu.com PS1=(venv) \[\e]0;\u@\h: \w\a\]${debian_chroot:+($debian_chroot)}\[\033[01;32m\]\u@\h\[\033[00m\]:\[\033[01;34m\]\w\[\033[00m\]\$ VIRTUAL_ENV_PROMPT=(venv) /usr/bin/cmake --build /home/flyingrobots/georg/ros2_ws/src/crazyswarm2/build/crazyflie_examples -- -j24 -l24
[0.840s] Built target ament_cmake_python_copy_crazyflie_examples_setup
[0.842s] Built target ament_cmake_python_copy_crazyflie_examples
[0.981s] running install_scripts
[0.982s] running egg_info
[0.990s] creating crazyflie_examples.egg-info
[0.990s] writing crazyflie_examples.egg-info/PKG-INFO
[0.990s] writing dependency_links to crazyflie_examples.egg-info/dependency_links.txt
[0.990s] writing entry points to crazyflie_examples.egg-info/entry_points.txt
[0.991s] writing top-level names to crazyflie_examples.egg-info/top_level.txt
[0.991s] writing manifest file 'crazyflie_examples.egg-info/SOURCES.txt'
[0.997s] /home/flyingrobots/venv/lib/python3.12/site-packages/setuptools/_distutils/cmd.py:66: SetuptoolsDeprecationWarning: setup.py install is deprecated.
[0.997s] !!
[0.997s] 
[0.997s]         ********************************************************************************
[0.997s]         Please avoid running ``setup.py`` directly.
[0.997s]         Instead, use pypa/build, pypa/installer or other
[0.997s]         standards-based tools.
[0.997s] 
[0.998s]         See https://blog.ganssle.io/articles/2021/10/setup-py-deprecated.html for details.
[0.998s]         ********************************************************************************
[0.998s] 
[0.998s] !!
[0.998s]   self.initialize_options()
[1.001s] running egg_info
[1.014s] reading manifest file 'crazyflie_examples.egg-info/SOURCES.txt'
[1.015s] writing manifest file 'crazyflie_examples.egg-info/SOURCES.txt'
[1.018s] writing crazyflie_examples.egg-info/PKG-INFO
[1.018s] writing dependency_links to crazyflie_examples.egg-info/dependency_links.txt
[1.018s] writing entry points to crazyflie_examples.egg-info/entry_points.txt
[1.018s] writing top-level names to crazyflie_examples.egg-info/top_level.txt
[1.034s] Built target ament_cmake_python_build_crazyflie_examples_egg
[1.034s] reading manifest file 'crazyflie_examples.egg-info/SOURCES.txt'
[1.035s] writing manifest file 'crazyflie_examples.egg-info/SOURCES.txt'
[1.074s] Installing arming script to scripts
[1.074s] Installing cmd_full_state script to scripts
[1.074s] Installing figure8 script to scripts
[1.074s] Installing flight script to scripts
[1.074s] Installing goto_unicast script to scripts
[1.074s] Installing group_mask script to scripts
[1.074s] Installing hello_world script to scripts
[1.074s] Installing infinite_flight script to scripts
[1.074s] Installing multi_trajectory script to scripts
[1.074s] Installing nice_hover script to scripts
[1.074s] Installing set_param script to scripts
[1.074s] Installing swap script to scripts
[1.094s] Built target ament_cmake_python_build_crazyflie_examples_scripts
[1.101s] Invoked command in '/home/flyingrobots/georg/ros2_ws/src/crazyswarm2/build/crazyflie_examples' returned '0': CMAKE_PREFIX_PATH=${CMAKE_PREFIX_PATH}:/home/flyingrobots/georg/ros2_ws/install/crazyflie_py:/opt/ros/jazzy DEBUGINFOD_URLS=https://debuginfod.ubuntu.com PS1=(venv) \[\e]0;\u@\h: \w\a\]${debian_chroot:+($debian_chroot)}\[\033[01;32m\]\u@\h\[\033[00m\]:\[\033[01;34m\]\w\[\033[00m\]\$ VIRTUAL_ENV_PROMPT=(venv) /usr/bin/cmake --build /home/flyingrobots/georg/ros2_ws/src/crazyswarm2/build/crazyflie_examples -- -j24 -l24
[1.112s] Invoking command in '/home/flyingrobots/georg/ros2_ws/src/crazyswarm2/build/crazyflie_examples': CMAKE_PREFIX_PATH=${CMAKE_PREFIX_PATH}:/home/flyingrobots/georg/ros2_ws/install/crazyflie_py:/opt/ros/jazzy DEBUGINFOD_URLS=https://debuginfod.ubuntu.com PS1=(venv) \[\e]0;\u@\h: \w\a\]${debian_chroot:+($debian_chroot)}\[\033[01;32m\]\u@\h\[\033[00m\]:\[\033[01;34m\]\w\[\033[00m\]\$ VIRTUAL_ENV_PROMPT=(venv) /usr/bin/cmake --install /home/flyingrobots/georg/ros2_ws/src/crazyswarm2/build/crazyflie_examples
[1.124s] -- Install configuration: ""
[1.125s] -- Installing: /home/flyingrobots/georg/ros2_ws/src/crazyswarm2/install/crazyflie_examples/share/crazyflie_examples/environment/pythonpath.sh
[1.125s] -- Installing: /home/flyingrobots/georg/ros2_ws/src/crazyswarm2/install/crazyflie_examples/share/crazyflie_examples/environment/pythonpath.dsv
[1.125s] -- Installing: /home/flyingrobots/georg/ros2_ws/src/crazyswarm2/install/crazyflie_examples/lib/python3.12/site-packages/crazyflie_examples-1.0.3-py3.12.egg-info
[1.125s] -- Installing: /home/flyingrobots/georg/ros2_ws/src/crazyswarm2/install/crazyflie_examples/lib/python3.12/site-packages/crazyflie_examples-1.0.3-py3.12.egg-info/dependency_links.txt
[1.125s] -- Installing: /home/flyingrobots/georg/ros2_ws/src/crazyswarm2/install/crazyflie_examples/lib/python3.12/site-packages/crazyflie_examples-1.0.3-py3.12.egg-info/PKG-INFO
[1.125s] -- Installing: /home/flyingrobots/georg/ros2_ws/src/crazyswarm2/install/crazyflie_examples/lib/python3.12/site-packages/crazyflie_examples-1.0.3-py3.12.egg-info/entry_points.txt
[1.126s] -- Installing: /home/flyingrobots/georg/ros2_ws/src/crazyswarm2/install/crazyflie_examples/lib/python3.12/site-packages/crazyflie_examples-1.0.3-py3.12.egg-info/top_level.txt
[1.126s] -- Installing: /home/flyingrobots/georg/ros2_ws/src/crazyswarm2/install/crazyflie_examples/lib/python3.12/site-packages/crazyflie_examples-1.0.3-py3.12.egg-info/SOURCES.txt
[1.126s] -- Installing: /home/flyingrobots/georg/ros2_ws/src/crazyswarm2/install/crazyflie_examples/lib/crazyflie_examples/
[1.126s] -- Installing: /home/flyingrobots/georg/ros2_ws/src/crazyswarm2/install/crazyflie_examples/lib/crazyflie_examples//set_param
[1.126s] -- Installing: /home/flyingrobots/georg/ros2_ws/src/crazyswarm2/install/crazyflie_examples/lib/crazyflie_examples//flight
[1.126s] -- Installing: /home/flyingrobots/georg/ros2_ws/src/crazyswarm2/install/crazyflie_examples/lib/crazyflie_examples//group_mask
[1.126s] -- Installing: /home/flyingrobots/georg/ros2_ws/src/crazyswarm2/install/crazyflie_examples/lib/crazyflie_examples//infinite_flight
[1.126s] -- Installing: /home/flyingrobots/georg/ros2_ws/src/crazyswarm2/install/crazyflie_examples/lib/crazyflie_examples//cmd_full_state
[1.126s] -- Installing: /home/flyingrobots/georg/ros2_ws/src/crazyswarm2/install/crazyflie_examples/lib/crazyflie_examples//nice_hover
[1.127s] -- Installing: /home/flyingrobots/georg/ros2_ws/src/crazyswarm2/install/crazyflie_examples/lib/crazyflie_examples//goto_unicast
[1.127s] -- Installing: /home/flyingrobots/georg/ros2_ws/src/crazyswarm2/install/crazyflie_examples/lib/crazyflie_examples//hello_world
[1.127s] -- Installing: /home/flyingrobots/georg/ros2_ws/src/crazyswarm2/install/crazyflie_examples/lib/crazyflie_examples//swap
[1.127s] -- Installing: /home/flyingrobots/georg/ros2_ws/src/crazyswarm2/install/crazyflie_examples/lib/crazyflie_examples//arming
[1.127s] -- Installing: /home/flyingrobots/georg/ros2_ws/src/crazyswarm2/install/crazyflie_examples/lib/crazyflie_examples//figure8
[1.127s] -- Installing: /home/flyingrobots/georg/ros2_ws/src/crazyswarm2/install/crazyflie_examples/lib/crazyflie_examples//multi_trajectory
[1.127s] -- Installing: /home/flyingrobots/georg/ros2_ws/src/crazyswarm2/install/crazyflie_examples/lib/python3.12/site-packages/crazyflie_examples
[1.127s] -- Installing: /home/flyingrobots/georg/ros2_ws/src/crazyswarm2/install/crazyflie_examples/lib/python3.12/site-packages/crazyflie_examples/goto_unicast.py
[1.127s] -- Installing: /home/flyingrobots/georg/ros2_ws/src/crazyswarm2/install/crazyflie_examples/lib/python3.12/site-packages/crazyflie_examples/figure8.py
[1.127s] -- Installing: /home/flyingrobots/georg/ros2_ws/src/crazyswarm2/install/crazyflie_examples/lib/python3.12/site-packages/crazyflie_examples/arming.py
[1.128s] -- Installing: /home/flyingrobots/georg/ros2_ws/src/crazyswarm2/install/crazyflie_examples/lib/python3.12/site-packages/crazyflie_examples/group_mask.py
[1.128s] -- Installing: /home/flyingrobots/georg/ros2_ws/src/crazyswarm2/install/crazyflie_examples/lib/python3.12/site-packages/crazyflie_examples/cmd_full_state.py
[1.128s] -- Installing: /home/flyingrobots/georg/ros2_ws/src/crazyswarm2/install/crazyflie_examples/lib/python3.12/site-packages/crazyflie_examples/swap.py
[1.128s] -- Installing: /home/flyingrobots/georg/ros2_ws/src/crazyswarm2/install/crazyflie_examples/lib/python3.12/site-packages/crazyflie_examples/data
[1.128s] -- Installing: /home/flyingrobots/georg/ros2_ws/src/crazyswarm2/install/crazyflie_examples/lib/python3.12/site-packages/crazyflie_examples/data/figure8_mode0.csv
[1.128s] -- Installing: /home/flyingrobots/georg/ros2_ws/src/crazyswarm2/install/crazyflie_examples/lib/python3.12/site-packages/crazyflie_examples/data/figure8.csv
[1.128s] -- Installing: /home/flyingrobots/georg/ros2_ws/src/crazyswarm2/install/crazyflie_examples/lib/python3.12/site-packages/crazyflie_examples/data/multi_trajectory
[1.128s] -- Installing: /home/flyingrobots/georg/ros2_ws/src/crazyswarm2/install/crazyflie_examples/lib/python3.12/site-packages/crazyflie_examples/data/multi_trajectory/traj1.csv
[1.128s] -- Installing: /home/flyingrobots/georg/ros2_ws/src/crazyswarm2/install/crazyflie_examples/lib/python3.12/site-packages/crazyflie_examples/data/multi_trajectory/traj0.csv
[1.128s] -- Installing: /home/flyingrobots/georg/ros2_ws/src/crazyswarm2/install/crazyflie_examples/lib/python3.12/site-packages/crazyflie_examples/infinite_flight.py
[1.128s] -- Installing: /home/flyingrobots/georg/ros2_ws/src/crazyswarm2/install/crazyflie_examples/lib/python3.12/site-packages/crazyflie_examples/hello_world.py
[1.129s] -- Installing: /home/flyingrobots/georg/ros2_ws/src/crazyswarm2/install/crazyflie_examples/lib/python3.12/site-packages/crazyflie_examples/set_param.py
[1.129s] -- Installing: /home/flyingrobots/georg/ros2_ws/src/crazyswarm2/install/crazyflie_examples/lib/python3.12/site-packages/crazyflie_examples/__init__.py
[1.129s] -- Installing: /home/flyingrobots/georg/ros2_ws/src/crazyswarm2/install/crazyflie_examples/lib/python3.12/site-packages/crazyflie_examples/flight.py
[1.129s] -- Installing: /home/flyingrobots/georg/ros2_ws/src/crazyswarm2/install/crazyflie_examples/lib/python3.12/site-packages/crazyflie_examples/multi_trajectory.py
[1.129s] -- Installing: /home/flyingrobots/georg/ros2_ws/src/crazyswarm2/install/crazyflie_examples/lib/python3.12/site-packages/crazyflie_examples/nice_hover.py
[1.171s] Listing '/home/flyingrobots/georg/ros2_ws/src/crazyswarm2/install/crazyflie_examples/lib/python3.12/site-packages/crazyflie_examples'...
[1.171s] Compiling '/home/flyingrobots/georg/ros2_ws/src/crazyswarm2/install/crazyflie_examples/lib/python3.12/site-packages/crazyflie_examples/__init__.py'...
[1.171s] Compiling '/home/flyingrobots/georg/ros2_ws/src/crazyswarm2/install/crazyflie_examples/lib/python3.12/site-packages/crazyflie_examples/arming.py'...
[1.171s] Compiling '/home/flyingrobots/georg/ros2_ws/src/crazyswarm2/install/crazyflie_examples/lib/python3.12/site-packages/crazyflie_examples/cmd_full_state.py'...
[1.171s] Listing '/home/flyingrobots/georg/ros2_ws/src/crazyswarm2/install/crazyflie_examples/lib/python3.12/site-packages/crazyflie_examples/data'...
[1.171s] Listing '/home/flyingrobots/georg/ros2_ws/src/crazyswarm2/install/crazyflie_examples/lib/python3.12/site-packages/crazyflie_examples/data/multi_trajectory'...
[1.171s] Compiling '/home/flyingrobots/georg/ros2_ws/src/crazyswarm2/install/crazyflie_examples/lib/python3.12/site-packages/crazyflie_examples/figure8.py'...
[1.171s] Compiling '/home/flyingrobots/georg/ros2_ws/src/crazyswarm2/install/crazyflie_examples/lib/python3.12/site-packages/crazyflie_examples/flight.py'...
[1.171s] Compiling '/home/flyingrobots/georg/ros2_ws/src/crazyswarm2/install/crazyflie_examples/lib/python3.12/site-packages/crazyflie_examples/goto_unicast.py'...
[1.171s] Compiling '/home/flyingrobots/georg/ros2_ws/src/crazyswarm2/install/crazyflie_examples/lib/python3.12/site-packages/crazyflie_examples/group_mask.py'...
[1.171s] Compiling '/home/flyingrobots/georg/ros2_ws/src/crazyswarm2/install/crazyflie_examples/lib/python3.12/site-packages/crazyflie_examples/hello_world.py'...
[1.171s] Compiling '/home/flyingrobots/georg/ros2_ws/src/crazyswarm2/install/crazyflie_examples/lib/python3.12/site-packages/crazyflie_examples/infinite_flight.py'...
[1.171s] Compiling '/home/flyingrobots/georg/ros2_ws/src/crazyswarm2/install/crazyflie_examples/lib/python3.12/site-packages/crazyflie_examples/multi_trajectory.py'...
[1.171s] Compiling '/home/flyingrobots/georg/ros2_ws/src/crazyswarm2/install/crazyflie_examples/lib/python3.12/site-packages/crazyflie_examples/nice_hover.py'...
[1.171s] Compiling '/home/flyingrobots/georg/ros2_ws/src/crazyswarm2/install/crazyflie_examples/lib/python3.12/site-packages/crazyflie_examples/set_param.py'...
[1.171s] Compiling '/home/flyingrobots/georg/ros2_ws/src/crazyswarm2/install/crazyflie_examples/lib/python3.12/site-packages/crazyflie_examples/swap.py'...
[1.175s] -- Installing: /home/flyingrobots/georg/ros2_ws/src/crazyswarm2/install/crazyflie_examples/share/crazyflie_examples//config
[1.175s] -- Installing: /home/flyingrobots/georg/ros2_ws/src/crazyswarm2/install/crazyflie_examples/share/crazyflie_examples//config/slam_params.yaml
[1.175s] -- Installing: /home/flyingrobots/georg/ros2_ws/src/crazyswarm2/install/crazyflie_examples/share/crazyflie_examples//config/nav2_params.yaml
[1.175s] -- Installing: /home/flyingrobots/georg/ros2_ws/src/crazyswarm2/install/crazyflie_examples/share/crazyflie_examples//config/nav2_view.rviz
[1.175s] -- Installing: /home/flyingrobots/georg/ros2_ws/src/crazyswarm2/install/crazyflie_examples/share/crazyflie_examples//data
[1.175s] -- Installing: /home/flyingrobots/georg/ros2_ws/src/crazyswarm2/install/crazyflie_examples/share/crazyflie_examples//data/map.pgm
[1.175s] -- Installing: /home/flyingrobots/georg/ros2_ws/src/crazyswarm2/install/crazyflie_examples/share/crazyflie_examples//data/map.data
[1.175s] -- Installing: /home/flyingrobots/georg/ros2_ws/src/crazyswarm2/install/crazyflie_examples/share/crazyflie_examples//data/map.yaml
[1.175s] -- Installing: /home/flyingrobots/georg/ros2_ws/src/crazyswarm2/install/crazyflie_examples/share/crazyflie_examples//data/map.posegraph
[1.176s] -- Installing: /home/flyingrobots/georg/ros2_ws/src/crazyswarm2/install/crazyflie_examples/share/crazyflie_examples//launch
[1.176s] -- Installing: /home/flyingrobots/georg/ros2_ws/src/crazyswarm2/install/crazyflie_examples/share/crazyflie_examples//launch/launch.py
[1.176s] -- Installing: /home/flyingrobots/georg/ros2_ws/src/crazyswarm2/install/crazyflie_examples/share/crazyflie_examples//launch/keyboard_velmux_launch.py
[1.176s] -- Installing: /home/flyingrobots/georg/ros2_ws/src/crazyswarm2/install/crazyflie_examples/share/crazyflie_examples//launch/multiranger_nav2_launch.py
[1.176s] -- Installing: /home/flyingrobots/georg/ros2_ws/src/crazyswarm2/install/crazyflie_examples/share/crazyflie_examples//launch/multiranger_simple_mapper_launch.py
[1.176s] -- Installing: /home/flyingrobots/georg/ros2_ws/src/crazyswarm2/install/crazyflie_examples/share/crazyflie_examples//launch/multiranger_mapping_launch.py
[1.176s] -- Installing: /home/flyingrobots/georg/ros2_ws/src/crazyswarm2/install/crazyflie_examples/share/ament_index/resource_index/package_run_dependencies/crazyflie_examples
[1.176s] -- Installing: /home/flyingrobots/georg/ros2_ws/src/crazyswarm2/install/crazyflie_examples/share/ament_index/resource_index/parent_prefix_path/crazyflie_examples
[1.176s] -- Installing: /home/flyingrobots/georg/ros2_ws/src/crazyswarm2/install/crazyflie_examples/share/crazyflie_examples/environment/ament_prefix_path.sh
[1.176s] -- Installing: /home/flyingrobots/georg/ros2_ws/src/crazyswarm2/install/crazyflie_examples/share/crazyflie_examples/environment/ament_prefix_path.dsv
[1.185s] -- Installing: /home/flyingrobots/georg/ros2_ws/src/crazyswarm2/install/crazyflie_examples/share/crazyflie_examples/environment/path.sh
[1.185s] -- Installing: /home/flyingrobots/georg/ros2_ws/src/crazyswarm2/install/crazyflie_examples/share/crazyflie_examples/environment/path.dsv
[1.185s] -- Installing: /home/flyingrobots/georg/ros2_ws/src/crazyswarm2/install/crazyflie_examples/share/crazyflie_examples/local_setup.bash
[1.185s] -- Installing: /home/flyingrobots/georg/ros2_ws/src/crazyswarm2/install/crazyflie_examples/share/crazyflie_examples/local_setup.sh
[1.185s] -- Installing: /home/flyingrobots/georg/ros2_ws/src/crazyswarm2/install/crazyflie_examples/share/crazyflie_examples/local_setup.zsh
[1.185s] -- Installing: /home/flyingrobots/georg/ros2_ws/src/crazyswarm2/install/crazyflie_examples/share/crazyflie_examples/local_setup.dsv
[1.185s] -- Installing: /home/flyingrobots/georg/ros2_ws/src/crazyswarm2/install/crazyflie_examples/share/crazyflie_examples/package.dsv
[1.185s] -- Installing: /home/flyingrobots/georg/ros2_ws/src/crazyswarm2/install/crazyflie_examples/share/ament_index/resource_index/packages/crazyflie_examples
[1.185s] -- Installing: /home/flyingrobots/georg/ros2_ws/src/crazyswarm2/install/crazyflie_examples/share/crazyflie_examples/cmake/crazyflie_examplesConfig.cmake
[1.185s] -- Installing: /home/flyingrobots/georg/ros2_ws/src/crazyswarm2/install/crazyflie_examples/share/crazyflie_examples/cmake/crazyflie_examplesConfig-version.cmake
[1.185s] -- Installing: /home/flyingrobots/georg/ros2_ws/src/crazyswarm2/install/crazyflie_examples/share/crazyflie_examples/package.xml
[1.187s] Invoked command in '/home/flyingrobots/georg/ros2_ws/src/crazyswarm2/build/crazyflie_examples' returned '0': CMAKE_PREFIX_PATH=${CMAKE_PREFIX_PATH}:/home/flyingrobots/georg/ros2_ws/install/crazyflie_py:/opt/ros/jazzy DEBUGINFOD_URLS=https://debuginfod.ubuntu.com PS1=(venv) \[\e]0;\u@\h: \w\a\]${debian_chroot:+($debian_chroot)}\[\033[01;32m\]\u@\h\[\033[00m\]:\[\033[01;34m\]\w\[\033[00m\]\$ VIRTUAL_ENV_PROMPT=(venv) /usr/bin/cmake --install /home/flyingrobots/georg/ros2_ws/src/crazyswarm2/build/crazyflie_examples
